2018-01-04 14:29:08 [main] DEBUG o.s.t.annotation.ProfileValueUtils - Retrieved @ProfileValueSourceConfiguration [null] for test class [com.stackroute.activitystream.commander.CircleTest]
2018-01-04 14:29:08 [main] DEBUG o.s.t.annotation.ProfileValueUtils - Retrieved ProfileValueSource type [class org.springframework.test.annotation.SystemProfileValueSource] for class [com.stackroute.activitystream.commander.CircleTest]
2018-01-04 14:29:08 [main] DEBUG o.s.t.c.c.DefaultCacheAwareContextLoaderDelegate - Retrieved ApplicationContext from cache with key [[WebMergedContextConfiguration@1859ffda testClass = CircleTest, locations = '{}', classes = '{class com.stackroute.activitystream.config.ApplicationContextConfig, class com.stackroute.activitystream.config.PersistenceJPAConfig}', contextInitializerClasses = '[]', activeProfiles = '{}', propertySourceLocations = '{}', propertySourceProperties = '{}', contextCustomizers = set[[empty]], resourceBasePath = 'src/main/webapp', contextLoader = 'org.springframework.test.context.web.WebDelegatingSmartContextLoader', parent = [null]]]
2018-01-04 14:29:08 [main] DEBUG o.springframework.test.context.cache - Spring test ApplicationContext cache statistics: [DefaultContextCache@672a1c62 size = 1, maxSize = 32, parentContextCount = 0, hitCount = 138, missCount = 1]
2018-01-04 14:29:08 [main] DEBUG o.s.t.c.w.ServletTestExecutionListener - Setting up MockHttpServletRequest, MockHttpServletResponse, ServletWebRequest, and RequestContextHolder for test context [DefaultTestContext@1c61eda5 testClass = CircleTest, testInstance = com.stackroute.activitystream.commander.CircleTest@59838256, testMethod = [null], testException = [null], mergedContextConfiguration = [WebMergedContextConfiguration@1859ffda testClass = CircleTest, locations = '{}', classes = '{class com.stackroute.activitystream.config.ApplicationContextConfig, class com.stackroute.activitystream.config.PersistenceJPAConfig}', contextInitializerClasses = '[]', activeProfiles = '{}', propertySourceLocations = '{}', propertySourceProperties = '{}', contextCustomizers = set[[empty]], resourceBasePath = 'src/main/webapp', contextLoader = 'org.springframework.test.context.web.WebDelegatingSmartContextLoader', parent = [null]]].
2018-01-04 14:29:08 [main] DEBUG o.s.t.c.s.DependencyInjectionTestExecutionListener - Performing dependency injection for test context [[DefaultTestContext@1c61eda5 testClass = CircleTest, testInstance = com.stackroute.activitystream.commander.CircleTest@59838256, testMethod = [null], testException = [null], mergedContextConfiguration = [WebMergedContextConfiguration@1859ffda testClass = CircleTest, locations = '{}', classes = '{class com.stackroute.activitystream.config.ApplicationContextConfig, class com.stackroute.activitystream.config.PersistenceJPAConfig}', contextInitializerClasses = '[]', activeProfiles = '{}', propertySourceLocations = '{}', propertySourceProperties = '{}', contextCustomizers = set[[empty]], resourceBasePath = 'src/main/webapp', contextLoader = 'org.springframework.test.context.web.WebDelegatingSmartContextLoader', parent = [null]]]].
2018-01-04 14:29:08 [main] DEBUG o.s.t.c.c.DefaultCacheAwareContextLoaderDelegate - Retrieved ApplicationContext from cache with key [[WebMergedContextConfiguration@1859ffda testClass = CircleTest, locations = '{}', classes = '{class com.stackroute.activitystream.config.ApplicationContextConfig, class com.stackroute.activitystream.config.PersistenceJPAConfig}', contextInitializerClasses = '[]', activeProfiles = '{}', propertySourceLocations = '{}', propertySourceProperties = '{}', contextCustomizers = set[[empty]], resourceBasePath = 'src/main/webapp', contextLoader = 'org.springframework.test.context.web.WebDelegatingSmartContextLoader', parent = [null]]]
2018-01-04 14:29:08 [main] DEBUG o.springframework.test.context.cache - Spring test ApplicationContext cache statistics: [DefaultContextCache@672a1c62 size = 1, maxSize = 32, parentContextCount = 0, hitCount = 139, missCount = 1]
2018-01-04 14:29:08 [main] DEBUG o.s.b.f.annotation.InjectionMetadata - Processing injected element of bean 'com.stackroute.activitystream.commander.CircleTest': AutowiredFieldElement for private com.stackroute.activitystream.service.UserService com.stackroute.activitystream.commander.CircleTest.userService
2018-01-04 14:29:08 [main] DEBUG o.s.b.f.s.DefaultListableBeanFactory - Returning cached instance of singleton bean 'userServiceImpl'
2018-01-04 14:29:08 [main] DEBUG o.s.b.f.a.AutowiredAnnotationBeanPostProcessor - Autowiring by type from bean name 'com.stackroute.activitystream.commander.CircleTest' to bean named 'userServiceImpl'
2018-01-04 14:29:08 [main] DEBUG o.s.b.f.annotation.InjectionMetadata - Processing injected element of bean 'com.stackroute.activitystream.commander.CircleTest': AutowiredFieldElement for private com.stackroute.activitystream.service.CircleService com.stackroute.activitystream.commander.CircleTest.circleService
2018-01-04 14:29:08 [main] DEBUG o.s.b.f.s.DefaultListableBeanFactory - Returning cached instance of singleton bean 'circleServiceImpl'
2018-01-04 14:29:08 [main] DEBUG o.s.b.f.a.AutowiredAnnotationBeanPostProcessor - Autowiring by type from bean name 'com.stackroute.activitystream.commander.CircleTest' to bean named 'circleServiceImpl'
2018-01-04 14:29:08 [main] DEBUG o.s.b.f.annotation.InjectionMetadata - Processing injected element of bean 'com.stackroute.activitystream.commander.CircleTest': AutowiredFieldElement for private com.stackroute.activitystream.model.Circle com.stackroute.activitystream.commander.CircleTest.circle
2018-01-04 14:29:08 [main] DEBUG o.s.b.f.s.DefaultListableBeanFactory - Returning cached instance of singleton bean 'circle'
2018-01-04 14:29:08 [main] DEBUG o.s.b.f.a.AutowiredAnnotationBeanPostProcessor - Autowiring by type from bean name 'com.stackroute.activitystream.commander.CircleTest' to bean named 'circle'
2018-01-04 14:29:08 [main] DEBUG o.s.b.f.s.DefaultListableBeanFactory - Returning cached instance of singleton bean 'org.springframework.transaction.config.internalTransactionAdvisor'
2018-01-04 14:29:08 [main] DEBUG o.s.b.f.s.DefaultListableBeanFactory - Returning cached instance of singleton bean 'org.springframework.transaction.config.internalTransactionAdvisor'
2018-01-04 14:29:08 [main] DEBUG o.s.t.a.AnnotationTransactionAttributeSource - Adding transactional method 'com.stackroute.activitystream.commander.CircleTest.setup' with attribute: PROPAGATION_REQUIRED,ISOLATION_DEFAULT
2018-01-04 14:29:08 [main] DEBUG o.s.a.a.a.AnnotationAwareAspectJAutoProxyCreator - Creating implicit proxy for bean 'com.stackroute.activitystream.commander.CircleTest' with 0 common interceptors and 1 specific interceptors
2018-01-04 14:29:08 [main] DEBUG o.s.aop.framework.CglibAopProxy - Creating CGLIB proxy: target source is SingletonTargetSource for target object [com.stackroute.activitystream.commander.CircleTest@59838256]
2018-01-04 14:29:08 [main] DEBUG o.s.aop.framework.CglibAopProxy - Unable to apply any optimizations to advised method: public void com.stackroute.activitystream.commander.CircleTest.setup()
2018-01-04 14:29:08 [main] DEBUG o.s.t.a.AnnotationTransactionAttributeSource - Adding transactional method 'com.stackroute.activitystream.commander.CircleTest.teardown' with attribute: PROPAGATION_REQUIRED,ISOLATION_DEFAULT
2018-01-04 14:29:08 [main] DEBUG o.s.aop.framework.CglibAopProxy - Unable to apply any optimizations to advised method: public void com.stackroute.activitystream.commander.CircleTest.teardown()
2018-01-04 14:29:08 [main] DEBUG o.s.t.a.AnnotationTransactionAttributeSource - Adding transactional method 'com.stackroute.activitystream.commander.CircleTest.testCreateCircle' with attribute: PROPAGATION_REQUIRED,ISOLATION_DEFAULT
2018-01-04 14:29:08 [main] DEBUG o.s.aop.framework.CglibAopProxy - Unable to apply any optimizations to advised method: public void com.stackroute.activitystream.commander.CircleTest.testCreateCircle()
2018-01-04 14:29:08 [main] DEBUG o.s.t.a.AnnotationTransactionAttributeSource - Adding transactional method 'com.stackroute.activitystream.commander.CircleTest.testGetAllCirclesWithSearchStringFailure' with attribute: PROPAGATION_REQUIRED,ISOLATION_DEFAULT
2018-01-04 14:29:08 [main] DEBUG o.s.aop.framework.CglibAopProxy - Unable to apply any optimizations to advised method: public void com.stackroute.activitystream.commander.CircleTest.testGetAllCirclesWithSearchStringFailure()
2018-01-04 14:29:08 [main] DEBUG o.s.t.a.AnnotationTransactionAttributeSource - Adding transactional method 'com.stackroute.activitystream.commander.CircleTest.testCreateCircleInvalidCreatorFailure' with attribute: PROPAGATION_REQUIRED,ISOLATION_DEFAULT
2018-01-04 14:29:08 [main] DEBUG o.s.aop.framework.CglibAopProxy - Unable to apply any optimizations to advised method: public void com.stackroute.activitystream.commander.CircleTest.testCreateCircleInvalidCreatorFailure()
2018-01-04 14:29:08 [main] DEBUG o.s.t.a.AnnotationTransactionAttributeSource - Adding transactional method 'com.stackroute.activitystream.commander.CircleTest.testGetAllCirclesWithSearchString' with attribute: PROPAGATION_REQUIRED,ISOLATION_DEFAULT
2018-01-04 14:29:08 [main] DEBUG o.s.aop.framework.CglibAopProxy - Unable to apply any optimizations to advised method: public void com.stackroute.activitystream.commander.CircleTest.testGetAllCirclesWithSearchString()
2018-01-04 14:29:08 [main] DEBUG o.s.t.a.AnnotationTransactionAttributeSource - Adding transactional method 'com.stackroute.activitystream.commander.CircleTest.testGetAllCircles' with attribute: PROPAGATION_REQUIRED,ISOLATION_DEFAULT
2018-01-04 14:29:08 [main] DEBUG o.s.aop.framework.CglibAopProxy - Unable to apply any optimizations to advised method: public void com.stackroute.activitystream.commander.CircleTest.testGetAllCircles()
2018-01-04 14:29:08 [main] DEBUG o.s.t.a.AnnotationTransactionAttributeSource - Adding transactional method 'com.stackroute.activitystream.commander.CircleTest.testCreateCircleDuplicateFailure' with attribute: PROPAGATION_REQUIRED,ISOLATION_DEFAULT
2018-01-04 14:29:08 [main] DEBUG o.s.aop.framework.CglibAopProxy - Unable to apply any optimizations to advised method: public void com.stackroute.activitystream.commander.CircleTest.testCreateCircleDuplicateFailure()
2018-01-04 14:29:08 [main] DEBUG o.s.aop.framework.CglibAopProxy - Found 'equals' method: public boolean java.lang.Object.equals(java.lang.Object)
2018-01-04 14:29:08 [main] DEBUG o.s.aop.framework.CglibAopProxy - Unable to apply any optimizations to advised method: public java.lang.String java.lang.Object.toString()
2018-01-04 14:29:08 [main] DEBUG o.s.aop.framework.CglibAopProxy - Found 'hashCode' method: public native int java.lang.Object.hashCode()
2018-01-04 14:29:08 [main] DEBUG o.s.aop.framework.CglibAopProxy - Unable to apply any optimizations to advised method: protected native java.lang.Object java.lang.Object.clone() throws java.lang.CloneNotSupportedException
2018-01-04 14:29:08 [main] DEBUG o.s.aop.framework.CglibAopProxy - Method is declared on Advised interface: public abstract int org.springframework.aop.framework.Advised.indexOf(org.springframework.aop.Advisor)
2018-01-04 14:29:08 [main] DEBUG o.s.aop.framework.CglibAopProxy - Method is declared on Advised interface: public abstract int org.springframework.aop.framework.Advised.indexOf(org.aopalliance.aop.Advice)
2018-01-04 14:29:08 [main] DEBUG o.s.aop.framework.CglibAopProxy - Method is declared on Advised interface: public abstract boolean org.springframework.aop.framework.Advised.isFrozen()
2018-01-04 14:29:08 [main] DEBUG o.s.aop.framework.CglibAopProxy - Method is declared on Advised interface: public abstract void org.springframework.aop.framework.Advised.setTargetSource(org.springframework.aop.TargetSource)
2018-01-04 14:29:08 [main] DEBUG o.s.aop.framework.CglibAopProxy - Method is declared on Advised interface: public abstract void org.springframework.aop.framework.Advised.addAdvisor(org.springframework.aop.Advisor) throws org.springframework.aop.framework.AopConfigException
2018-01-04 14:29:08 [main] DEBUG o.s.aop.framework.CglibAopProxy - Method is declared on Advised interface: public abstract void org.springframework.aop.framework.Advised.addAdvisor(int,org.springframework.aop.Advisor) throws org.springframework.aop.framework.AopConfigException
2018-01-04 14:29:08 [main] DEBUG o.s.aop.framework.CglibAopProxy - Method is declared on Advised interface: public abstract boolean org.springframework.aop.framework.Advised.isExposeProxy()
