2018-01-04 14:12:04 [main] DEBUG o.s.orm.jpa.JpaTransactionManager - Participating in existing transaction
2018-01-04 14:12:04 [main] INFO  c.s.a.aspect.LoggingAspect - ============@After==========
2018-01-04 14:12:04 [main] DEBUG c.s.a.aspect.LoggingAspect - Method Name : save
2018-01-04 14:12:04 [main] DEBUG c.s.a.aspect.LoggingAspect - Method arguments : [com.stackroute.activitystream.model.User@1da4b3f9]
2018-01-04 14:12:04 [main] DEBUG c.s.a.aspect.LoggingAspect - *********************************
2018-01-04 14:12:04 [main] DEBUG c.s.a.aspect.LoggingAspect - ============@AfterReturning==========
2018-01-04 14:12:04 [main] DEBUG c.s.a.aspect.LoggingAspect - Method Name : save
2018-01-04 14:12:04 [main] DEBUG c.s.a.aspect.LoggingAspect - Method arguments : [com.stackroute.activitystream.model.User@1da4b3f9]
2018-01-04 14:12:04 [main] DEBUG c.s.a.aspect.LoggingAspect - *********************************
2018-01-04 14:12:04 [main] INFO  c.s.a.aspect.LoggingAspect - ============@Before==========
2018-01-04 14:12:04 [main] DEBUG c.s.a.aspect.LoggingAspect - Method Name : save
2018-01-04 14:12:04 [main] DEBUG c.s.a.aspect.LoggingAspect - *********************************
2018-01-04 14:12:04 [main] DEBUG o.s.orm.jpa.JpaTransactionManager - Found thread-bound EntityManager [SessionImpl(PersistenceContext[entityKeys=[EntityKey[com.stackroute.activitystream.model.User#john]],collectionKeys=[]];ActionQueue[insertions=ExecutableList{size=1} updates=ExecutableList{size=0} deletions=ExecutableList{size=0} orphanRemovals=ExecutableList{size=0} collectionCreations=ExecutableList{size=0} collectionRemovals=ExecutableList{size=0} collectionUpdates=ExecutableList{size=0} collectionQueuedOps=ExecutableList{size=0} unresolvedInsertDependencies=null])] for JPA transaction
2018-01-04 14:12:04 [main] DEBUG o.s.orm.jpa.JpaTransactionManager - Participating in existing transaction
2018-01-04 14:12:04 [main] INFO  c.s.a.aspect.LoggingAspect - ============@After==========
2018-01-04 14:12:04 [main] DEBUG c.s.a.aspect.LoggingAspect - Method Name : save
2018-01-04 14:12:04 [main] DEBUG c.s.a.aspect.LoggingAspect - Method arguments : [com.stackroute.activitystream.model.User@46e190ed]
2018-01-04 14:12:04 [main] DEBUG c.s.a.aspect.LoggingAspect - *********************************
2018-01-04 14:12:04 [main] DEBUG c.s.a.aspect.LoggingAspect - ============@AfterReturning==========
2018-01-04 14:12:04 [main] DEBUG c.s.a.aspect.LoggingAspect - Method Name : save
2018-01-04 14:12:04 [main] DEBUG c.s.a.aspect.LoggingAspect - Method arguments : [com.stackroute.activitystream.model.User@46e190ed]
2018-01-04 14:12:04 [main] DEBUG c.s.a.aspect.LoggingAspect - *********************************
2018-01-04 14:12:04 [main] INFO  c.s.a.aspect.LoggingAspect - ============@Before==========
2018-01-04 14:12:04 [main] DEBUG c.s.a.aspect.LoggingAspect - Method Name : validate
2018-01-04 14:12:04 [main] DEBUG c.s.a.aspect.LoggingAspect - *********************************
2018-01-04 14:12:04 [main] INFO  c.s.a.aspect.LoggingAspect - ============@After==========
2018-01-04 14:12:04 [main] DEBUG c.s.a.aspect.LoggingAspect - Method Name : validate
2018-01-04 14:12:04 [main] DEBUG c.s.a.aspect.LoggingAspect - Method arguments : [john, password]
2018-01-04 14:12:04 [main] DEBUG c.s.a.aspect.LoggingAspect - *********************************
2018-01-04 14:12:04 [main] DEBUG c.s.a.aspect.LoggingAspect - ============@AfterReturning==========
2018-01-04 14:12:04 [main] DEBUG c.s.a.aspect.LoggingAspect - Method Name : validate
2018-01-04 14:12:04 [main] DEBUG c.s.a.aspect.LoggingAspect - Method arguments : [john, password]
2018-01-04 14:12:04 [main] DEBUG c.s.a.aspect.LoggingAspect - *********************************
2018-01-04 14:12:04 [main] DEBUG o.s.orm.jpa.JpaTransactionManager - Initiating transaction rollback
2018-01-04 14:12:04 [main] DEBUG o.s.orm.jpa.JpaTransactionManager - Rolling back JPA transaction on EntityManager [SessionImpl(PersistenceContext[entityKeys=[EntityKey[com.stackroute.activitystream.model.User#will], EntityKey[com.stackroute.activitystream.model.User#john]],collectionKeys=[]];ActionQueue[insertions=ExecutableList{size=0} updates=ExecutableList{size=0} deletions=ExecutableList{size=0} orphanRemovals=ExecutableList{size=0} collectionCreations=ExecutableList{size=0} collectionRemovals=ExecutableList{size=0} collectionUpdates=ExecutableList{size=0} collectionQueuedOps=ExecutableList{size=0} unresolvedInsertDependencies=null])]
2018-01-04 14:12:04 [main] DEBUG o.s.orm.jpa.JpaTransactionManager - Closing JPA EntityManager [SessionImpl(PersistenceContext[entityKeys=[],collectionKeys=[]];ActionQueue[insertions=ExecutableList{size=0} updates=ExecutableList{size=0} deletions=ExecutableList{size=0} orphanRemovals=ExecutableList{size=0} collectionCreations=ExecutableList{size=0} collectionRemovals=ExecutableList{size=0} collectionUpdates=ExecutableList{size=0} collectionQueuedOps=ExecutableList{size=0} unresolvedInsertDependencies=null])] after transaction
2018-01-04 14:12:04 [main] DEBUG o.s.o.jpa.EntityManagerFactoryUtils - Closing JPA EntityManager
2018-01-04 14:12:04 [main] INFO  o.s.t.c.t.TransactionContext - Rolled back transaction for test context [DefaultTestContext@fe87ddd testClass = UserAuthTest, testInstance = com.stackroute.activitystream.commander.UserAuthTest@7c281eb8, testMethod = testUserAuthentication@UserAuthTest, testException = [null], mergedContextConfiguration = [WebMergedContextConfiguration@4eea94a4 testClass = UserAuthTest, locations = '{}', classes = '{class com.stackroute.activitystream.config.ApplicationContextConfig, class com.stackroute.activitystream.config.PersistenceJPAConfig}', contextInitializerClasses = '[]', activeProfiles = '{}', propertySourceLocations = '{}', propertySourceProperties = '{}', contextCustomizers = set[[empty]], resourceBasePath = 'src/main/webapp', contextLoader = 'org.springframework.test.context.web.WebDelegatingSmartContextLoader', parent = [null]]].
2018-01-04 14:12:04 [main] DEBUG o.s.t.c.s.AbstractDirtiesContextTestExecutionListener - After test method: context [DefaultTestContext@fe87ddd testClass = UserAuthTest, testInstance = com.stackroute.activitystream.commander.UserAuthTest@7c281eb8, testMethod = testUserAuthentication@UserAuthTest, testException = [null], mergedContextConfiguration = [WebMergedContextConfiguration@4eea94a4 testClass = UserAuthTest, locations = '{}', classes = '{class com.stackroute.activitystream.config.ApplicationContextConfig, class com.stackroute.activitystream.config.PersistenceJPAConfig}', contextInitializerClasses = '[]', activeProfiles = '{}', propertySourceLocations = '{}', propertySourceProperties = '{}', contextCustomizers = set[[empty]], resourceBasePath = 'src/main/webapp', contextLoader = 'org.springframework.test.context.web.WebDelegatingSmartContextLoader', parent = [null]]], class annotated with @DirtiesContext [false] with mode [null], method annotated with @DirtiesContext [false] with mode [null].
2018-01-04 14:12:04 [main] DEBUG o.s.t.c.w.ServletTestExecutionListener - Resetting RequestContextHolder for test context [DefaultTestContext@fe87ddd testClass = UserAuthTest, testInstance = com.stackroute.activitystream.commander.UserAuthTest@7c281eb8, testMethod = testUserAuthentication@UserAuthTest, testException = [null], mergedContextConfiguration = [WebMergedContextConfiguration@4eea94a4 testClass = UserAuthTest, locations = '{}', classes = '{class com.stackroute.activitystream.config.ApplicationContextConfig, class com.stackroute.activitystream.config.PersistenceJPAConfig}', contextInitializerClasses = '[]', activeProfiles = '{}', propertySourceLocations = '{}', propertySourceProperties = '{}', contextCustomizers = set[[empty]], resourceBasePath = 'src/main/webapp', contextLoader = 'org.springframework.test.context.web.WebDelegatingSmartContextLoader', parent = [null]]].
2018-01-04 14:12:04 [main] DEBUG o.s.t.annotation.ProfileValueUtils - Retrieved @ProfileValueSourceConfiguration [null] for test class [com.stackroute.activitystream.commander.UserAuthTest]
2018-01-04 14:12:04 [main] DEBUG o.s.t.annotation.ProfileValueUtils - Retrieved ProfileValueSource type [class org.springframework.test.annotation.SystemProfileValueSource] for class [com.stackroute.activitystream.commander.UserAuthTest]
2018-01-04 14:12:04 [main] DEBUG o.s.t.c.c.DefaultCacheAwareContextLoaderDelegate - Retrieved ApplicationContext from cache with key [[WebMergedContextConfiguration@4eea94a4 testClass = UserAuthTest, locations = '{}', classes = '{class com.stackroute.activitystream.config.ApplicationContextConfig, class com.stackroute.activitystream.config.PersistenceJPAConfig}', contextInitializerClasses = '[]', activeProfiles = '{}', propertySourceLocations = '{}', propertySourceProperties = '{}', contextCustomizers = set[[empty]], resourceBasePath = 'src/main/webapp', contextLoader = 'org.springframework.test.context.web.WebDelegatingSmartContextLoader', parent = [null]]]
2018-01-04 14:12:04 [main] DEBUG o.springframework.test.context.cache - Spring test ApplicationContext cache statistics: [DefaultContextCache@1386313f size = 1, maxSize = 32, parentContextCount = 0, hitCount = 45, missCount = 1]
2018-01-04 14:12:04 [main] DEBUG o.s.t.c.w.ServletTestExecutionListener - Setting up MockHttpServletRequest, MockHttpServletResponse, ServletWebRequest, and RequestContextHolder for test context [DefaultTestContext@fe87ddd testClass = UserAuthTest, testInstance = com.stackroute.activitystream.commander.UserAuthTest@75023c53, testMethod = [null], testException = [null], mergedContextConfiguration = [WebMergedContextConfiguration@4eea94a4 testClass = UserAuthTest, locations = '{}', classes = '{class com.stackroute.activitystream.config.ApplicationContextConfig, class com.stackroute.activitystream.config.PersistenceJPAConfig}', contextInitializerClasses = '[]', activeProfiles = '{}', propertySourceLocations = '{}', propertySourceProperties = '{}', contextCustomizers = set[[empty]], resourceBasePath = 'src/main/webapp', contextLoader = 'org.springframework.test.context.web.WebDelegatingSmartContextLoader', parent = [null]]].
2018-01-04 14:12:04 [main] DEBUG o.s.t.c.s.DependencyInjectionTestExecutionListener - Performing dependency injection for test context [[DefaultTestContext@fe87ddd testClass = UserAuthTest, testInstance = com.stackroute.activitystream.commander.UserAuthTest@75023c53, testMethod = [null], testException = [null], mergedContextConfiguration = [WebMergedContextConfiguration@4eea94a4 testClass = UserAuthTest, locations = '{}', classes = '{class com.stackroute.activitystream.config.ApplicationContextConfig, class com.stackroute.activitystream.config.PersistenceJPAConfig}', contextInitializerClasses = '[]', activeProfiles = '{}', propertySourceLocations = '{}', propertySourceProperties = '{}', contextCustomizers = set[[empty]], resourceBasePath = 'src/main/webapp', contextLoader = 'org.springframework.test.context.web.WebDelegatingSmartContextLoader', parent = [null]]]].
2018-01-04 14:12:04 [main] DEBUG o.s.t.c.c.DefaultCacheAwareContextLoaderDelegate - Retrieved ApplicationContext from cache with key [[WebMergedContextConfiguration@4eea94a4 testClass = UserAuthTest, locations = '{}', classes = '{class com.stackroute.activitystream.config.ApplicationContextConfig, class com.stackroute.activitystream.config.PersistenceJPAConfig}', contextInitializerClasses = '[]', activeProfiles = '{}', propertySourceLocations = '{}', propertySourceProperties = '{}', contextCustomizers = set[[empty]], resourceBasePath = 'src/main/webapp', contextLoader = 'org.springframework.test.context.web.WebDelegatingSmartContextLoader', parent = [null]]]
2018-01-04 14:12:04 [main] DEBUG o.springframework.test.context.cache - Spring test ApplicationContext cache statistics: [DefaultContextCache@1386313f size = 1, maxSize = 32, parentContextCount = 0, hitCount = 46, missCount = 1]
