2018-01-04 14:12:06 [main] DEBUG o.springframework.test.context.cache - Spring test ApplicationContext cache statistics: [DefaultContextCache@1386313f size = 1, maxSize = 32, parentContextCount = 0, hitCount = 110, missCount = 1]
2018-01-04 14:12:06 [main] DEBUG o.s.b.f.s.DefaultListableBeanFactory - Returning cached instance of singleton bean 'transactionManager'
2018-01-04 14:12:06 [main] DEBUG o.s.t.c.t.TransactionalTestExecutionListener - No method-level @Rollback override: using default rollback [true] for test context [DefaultTestContext@51e3d37e testClass = MessageTest, testInstance = com.stackroute.activitystream.test.MessageTest@9accff0, testMethod = testSendMessageToInvalidReceiverFailure@MessageTest, testException = [null], mergedContextConfiguration = [WebMergedContextConfiguration@3a479fda testClass = MessageTest, locations = '{}', classes = '{class com.stackroute.activitystream.config.ApplicationContextConfig, class com.stackroute.activitystream.config.PersistenceJPAConfig}', contextInitializerClasses = '[]', activeProfiles = '{}', propertySourceLocations = '{}', propertySourceProperties = '{}', contextCustomizers = set[[empty]], resourceBasePath = 'src/main/webapp', contextLoader = 'org.springframework.test.context.web.WebDelegatingSmartContextLoader', parent = [null]]].
2018-01-04 14:12:06 [main] DEBUG o.s.orm.jpa.JpaTransactionManager - Creating new transaction with name [com.stackroute.activitystream.test.MessageTest.testSendMessageToInvalidReceiverFailure]: PROPAGATION_REQUIRED,ISOLATION_DEFAULT
2018-01-04 14:12:06 [main] DEBUG o.s.orm.jpa.JpaTransactionManager - Opened new EntityManager [SessionImpl(PersistenceContext[entityKeys=[],collectionKeys=[]];ActionQueue[insertions=ExecutableList{size=0} updates=ExecutableList{size=0} deletions=ExecutableList{size=0} orphanRemovals=ExecutableList{size=0} collectionCreations=ExecutableList{size=0} collectionRemovals=ExecutableList{size=0} collectionUpdates=ExecutableList{size=0} collectionQueuedOps=ExecutableList{size=0} unresolvedInsertDependencies=null])] for JPA transaction
2018-01-04 14:12:06 [main] DEBUG o.s.j.d.DriverManagerDataSource - Creating new JDBC DriverManager Connection to [jdbc:mysql://localhost:3306/activitystream_step5]
2018-01-04 14:12:06 [main] DEBUG o.s.orm.jpa.JpaTransactionManager - Exposing JPA transaction as JDBC transaction [org.springframework.orm.jpa.vendor.HibernateJpaDialect$HibernateConnectionHandle@1fd7a37]
2018-01-04 14:12:06 [main] INFO  o.s.t.c.t.TransactionContext - Began transaction (1) for test context [DefaultTestContext@51e3d37e testClass = MessageTest, testInstance = com.stackroute.activitystream.test.MessageTest@9accff0, testMethod = testSendMessageToInvalidReceiverFailure@MessageTest, testException = [null], mergedContextConfiguration = [WebMergedContextConfiguration@3a479fda testClass = MessageTest, locations = '{}', classes = '{class com.stackroute.activitystream.config.ApplicationContextConfig, class com.stackroute.activitystream.config.PersistenceJPAConfig}', contextInitializerClasses = '[]', activeProfiles = '{}', propertySourceLocations = '{}', propertySourceProperties = '{}', contextCustomizers = set[[empty]], resourceBasePath = 'src/main/webapp', contextLoader = 'org.springframework.test.context.web.WebDelegatingSmartContextLoader', parent = [null]]]; transaction manager [org.springframework.orm.jpa.JpaTransactionManager@1f1e58ca]; rollback [true]
2018-01-04 14:12:06 [main] INFO  c.s.a.aspect.LoggingAspect - ============@Before==========
2018-01-04 14:12:06 [main] DEBUG c.s.a.aspect.LoggingAspect - Method Name : get
2018-01-04 14:12:06 [main] DEBUG c.s.a.aspect.LoggingAspect - *********************************
2018-01-04 14:12:06 [main] DEBUG o.s.orm.jpa.JpaTransactionManager - Found thread-bound EntityManager [SessionImpl(PersistenceContext[entityKeys=[],collectionKeys=[]];ActionQueue[insertions=ExecutableList{size=0} updates=ExecutableList{size=0} deletions=ExecutableList{size=0} orphanRemovals=ExecutableList{size=0} collectionCreations=ExecutableList{size=0} collectionRemovals=ExecutableList{size=0} collectionUpdates=ExecutableList{size=0} collectionQueuedOps=ExecutableList{size=0} unresolvedInsertDependencies=null])] for JPA transaction
2018-01-04 14:12:06 [main] DEBUG o.s.orm.jpa.JpaTransactionManager - Participating in existing transaction
2018-01-04 14:12:06 [main] INFO  c.s.a.aspect.LoggingAspect - ============@After==========
2018-01-04 14:12:06 [main] DEBUG c.s.a.aspect.LoggingAspect - Method Name : get
2018-01-04 14:12:06 [main] DEBUG c.s.a.aspect.LoggingAspect - Method arguments : [john]
2018-01-04 14:12:06 [main] DEBUG c.s.a.aspect.LoggingAspect - *********************************
2018-01-04 14:12:06 [main] DEBUG c.s.a.aspect.LoggingAspect - ============@AfterReturning==========
2018-01-04 14:12:06 [main] DEBUG c.s.a.aspect.LoggingAspect - Method Name : get
2018-01-04 14:12:06 [main] DEBUG c.s.a.aspect.LoggingAspect - Method arguments : [john]
2018-01-04 14:12:06 [main] DEBUG c.s.a.aspect.LoggingAspect - *********************************
2018-01-04 14:12:06 [main] INFO  c.s.a.aspect.LoggingAspect - ============@Before==========
2018-01-04 14:12:06 [main] DEBUG c.s.a.aspect.LoggingAspect - Method Name : get
2018-01-04 14:12:06 [main] DEBUG c.s.a.aspect.LoggingAspect - *********************************
2018-01-04 14:12:06 [main] DEBUG o.s.orm.jpa.JpaTransactionManager - Found thread-bound EntityManager [SessionImpl(PersistenceContext[entityKeys=[],collectionKeys=[]];ActionQueue[insertions=ExecutableList{size=0} updates=ExecutableList{size=0} deletions=ExecutableList{size=0} orphanRemovals=ExecutableList{size=0} collectionCreations=ExecutableList{size=0} collectionRemovals=ExecutableList{size=0} collectionUpdates=ExecutableList{size=0} collectionQueuedOps=ExecutableList{size=0} unresolvedInsertDependencies=null])] for JPA transaction
2018-01-04 14:12:06 [main] DEBUG o.s.orm.jpa.JpaTransactionManager - Participating in existing transaction
2018-01-04 14:12:06 [main] INFO  c.s.a.aspect.LoggingAspect - ============@After==========
2018-01-04 14:12:06 [main] DEBUG c.s.a.aspect.LoggingAspect - Method Name : get
2018-01-04 14:12:06 [main] DEBUG c.s.a.aspect.LoggingAspect - Method arguments : [will]
2018-01-04 14:12:06 [main] DEBUG c.s.a.aspect.LoggingAspect - *********************************
2018-01-04 14:12:06 [main] DEBUG c.s.a.aspect.LoggingAspect - ============@AfterReturning==========
2018-01-04 14:12:06 [main] DEBUG c.s.a.aspect.LoggingAspect - Method Name : get
2018-01-04 14:12:06 [main] DEBUG c.s.a.aspect.LoggingAspect - Method arguments : [will]
2018-01-04 14:12:06 [main] DEBUG c.s.a.aspect.LoggingAspect - *********************************
2018-01-04 14:12:06 [main] INFO  c.s.a.aspect.LoggingAspect - ============@Before==========
2018-01-04 14:12:06 [main] DEBUG c.s.a.aspect.LoggingAspect - Method Name : get
2018-01-04 14:12:06 [main] DEBUG c.s.a.aspect.LoggingAspect - *********************************
2018-01-04 14:12:06 [main] DEBUG o.s.orm.jpa.JpaTransactionManager - Found thread-bound EntityManager [SessionImpl(PersistenceContext[entityKeys=[],collectionKeys=[]];ActionQueue[insertions=ExecutableList{size=0} updates=ExecutableList{size=0} deletions=ExecutableList{size=0} orphanRemovals=ExecutableList{size=0} collectionCreations=ExecutableList{size=0} collectionRemovals=ExecutableList{size=0} collectionUpdates=ExecutableList{size=0} collectionQueuedOps=ExecutableList{size=0} unresolvedInsertDependencies=null])] for JPA transaction
2018-01-04 14:12:06 [main] DEBUG o.s.orm.jpa.JpaTransactionManager - Participating in existing transaction
2018-01-04 14:12:06 [main] INFO  c.s.a.aspect.LoggingAspect - ============@After==========
2018-01-04 14:12:06 [main] DEBUG c.s.a.aspect.LoggingAspect - Method Name : get
2018-01-04 14:12:06 [main] DEBUG c.s.a.aspect.LoggingAspect - Method arguments : [Java]
2018-01-04 14:12:06 [main] DEBUG c.s.a.aspect.LoggingAspect - *********************************
2018-01-04 14:12:06 [main] DEBUG c.s.a.aspect.LoggingAspect - ============@AfterReturning==========
2018-01-04 14:12:06 [main] DEBUG c.s.a.aspect.LoggingAspect - Method Name : get
2018-01-04 14:12:06 [main] DEBUG c.s.a.aspect.LoggingAspect - Method arguments : [Java]
2018-01-04 14:12:06 [main] DEBUG c.s.a.aspect.LoggingAspect - *********************************
2018-01-04 14:12:06 [main] INFO  c.s.a.aspect.LoggingAspect - ============@Before==========
2018-01-04 14:12:06 [main] DEBUG c.s.a.aspect.LoggingAspect - Method Name : get
2018-01-04 14:12:06 [main] DEBUG c.s.a.aspect.LoggingAspect - *********************************
2018-01-04 14:12:06 [main] DEBUG o.s.orm.jpa.JpaTransactionManager - Found thread-bound EntityManager [SessionImpl(PersistenceContext[entityKeys=[EntityKey[com.stackroute.activitystream.model.Circle#Java]],collectionKeys=[]];ActionQueue[insertions=ExecutableList{size=0} updates=ExecutableList{size=0} deletions=ExecutableList{size=0} orphanRemovals=ExecutableList{size=0} collectionCreations=ExecutableList{size=0} collectionRemovals=ExecutableList{size=0} collectionUpdates=ExecutableList{size=0} collectionQueuedOps=ExecutableList{size=0} unresolvedInsertDependencies=null])] for JPA transaction
2018-01-04 14:12:06 [main] DEBUG o.s.orm.jpa.JpaTransactionManager - Participating in existing transaction
2018-01-04 14:12:06 [main] INFO  c.s.a.aspect.LoggingAspect - ============@After==========
2018-01-04 14:12:06 [main] DEBUG c.s.a.aspect.LoggingAspect - Method Name : get
2018-01-04 14:12:06 [main] DEBUG c.s.a.aspect.LoggingAspect - Method arguments : [Java]
2018-01-04 14:12:06 [main] DEBUG c.s.a.aspect.LoggingAspect - *********************************
2018-01-04 14:12:06 [main] DEBUG c.s.a.aspect.LoggingAspect - ============@AfterReturning==========
2018-01-04 14:12:06 [main] DEBUG c.s.a.aspect.LoggingAspect - Method Name : get
2018-01-04 14:12:06 [main] DEBUG c.s.a.aspect.LoggingAspect - Method arguments : [Java]
2018-01-04 14:12:06 [main] DEBUG c.s.a.aspect.LoggingAspect - *********************************
2018-01-04 14:12:06 [main] INFO  c.s.a.aspect.LoggingAspect - ============@Before==========
2018-01-04 14:12:06 [main] DEBUG c.s.a.aspect.LoggingAspect - Method Name : delete
2018-01-04 14:12:06 [main] DEBUG c.s.a.aspect.LoggingAspect - *********************************
2018-01-04 14:12:06 [main] DEBUG o.s.orm.jpa.JpaTransactionManager - Found thread-bound EntityManager [SessionImpl(PersistenceContext[entityKeys=[EntityKey[com.stackroute.activitystream.model.Circle#Java]],collectionKeys=[]];ActionQueue[insertions=ExecutableList{size=0} updates=ExecutableList{size=0} deletions=ExecutableList{size=0} orphanRemovals=ExecutableList{size=0} collectionCreations=ExecutableList{size=0} collectionRemovals=ExecutableList{size=0} collectionUpdates=ExecutableList{size=0} collectionQueuedOps=ExecutableList{size=0} unresolvedInsertDependencies=null])] for JPA transaction
