2018-01-04 14:29:01 [main] DEBUG o.s.a.a.a.ReflectiveAspectJAdvisorFactory - Found AspectJ method: public void com.stackroute.activitystream.aspect.LoggingAspect.logAfterValidateUser(org.aspectj.lang.JoinPoint)
2018-01-04 14:29:01 [main] DEBUG o.s.a.a.a.ReflectiveAspectJAdvisorFactory - Found AspectJ method: public void com.stackroute.activitystream.aspect.LoggingAspect.logAfterReturningAddUser(org.aspectj.lang.JoinPoint,java.lang.Object)
2018-01-04 14:29:01 [main] DEBUG o.s.a.a.a.ReflectiveAspectJAdvisorFactory - Found AspectJ method: public void com.stackroute.activitystream.aspect.LoggingAspect.logAfterReturningCreateCircle(org.aspectj.lang.JoinPoint,java.lang.Object)
2018-01-04 14:29:01 [main] DEBUG o.s.a.a.a.ReflectiveAspectJAdvisorFactory - Found AspectJ method: public void com.stackroute.activitystream.aspect.LoggingAspect.logAfterReturningDelete(org.aspectj.lang.JoinPoint,java.lang.Object)
2018-01-04 14:29:01 [main] DEBUG o.s.a.a.a.ReflectiveAspectJAdvisorFactory - Found AspectJ method: public void com.stackroute.activitystream.aspect.LoggingAspect.logAfterReturningDeleteUser(org.aspectj.lang.JoinPoint,java.lang.Object)
2018-01-04 14:29:01 [main] DEBUG o.s.a.a.a.ReflectiveAspectJAdvisorFactory - Found AspectJ method: public void com.stackroute.activitystream.aspect.LoggingAspect.logAfterReturningExists(org.aspectj.lang.JoinPoint,java.lang.Object)
2018-01-04 14:29:01 [main] DEBUG o.s.a.a.a.ReflectiveAspectJAdvisorFactory - Found AspectJ method: public void com.stackroute.activitystream.aspect.LoggingAspect.logAfterReturningGet(org.aspectj.lang.JoinPoint,java.lang.Object)
2018-01-04 14:29:01 [main] DEBUG o.s.a.a.a.ReflectiveAspectJAdvisorFactory - Found AspectJ method: public void com.stackroute.activitystream.aspect.LoggingAspect.logAfterReturningGetAllCircles(org.aspectj.lang.JoinPoint,java.lang.Object)
2018-01-04 14:29:01 [main] DEBUG o.s.a.a.a.ReflectiveAspectJAdvisorFactory - Found AspectJ method: public void com.stackroute.activitystream.aspect.LoggingAspect.logAfterReturningGetCircle(org.aspectj.lang.JoinPoint,java.lang.Object)
2018-01-04 14:29:01 [main] DEBUG o.s.a.a.a.ReflectiveAspectJAdvisorFactory - Found AspectJ method: public void com.stackroute.activitystream.aspect.LoggingAspect.logAfterReturningGetMessagesFromCircle(org.aspectj.lang.JoinPoint,java.lang.Object)
2018-01-04 14:29:01 [main] DEBUG o.s.a.a.a.ReflectiveAspectJAdvisorFactory - Found AspectJ method: public void com.stackroute.activitystream.aspect.LoggingAspect.logAfterReturningGetMessagesFromUser(org.aspectj.lang.JoinPoint,java.lang.Object)
2018-01-04 14:29:01 [main] DEBUG o.s.a.a.a.ReflectiveAspectJAdvisorFactory - Found AspectJ method: public void com.stackroute.activitystream.aspect.LoggingAspect.logAfterReturningGetMyCircles(org.aspectj.lang.JoinPoint,java.lang.Object)
2018-01-04 14:29:01 [main] DEBUG o.s.a.a.a.ReflectiveAspectJAdvisorFactory - Found AspectJ method: public void com.stackroute.activitystream.aspect.LoggingAspect.logAfterReturningGetUser(org.aspectj.lang.JoinPoint,java.lang.Object)
2018-01-04 14:29:01 [main] DEBUG o.s.a.a.a.ReflectiveAspectJAdvisorFactory - Found AspectJ method: public void com.stackroute.activitystream.aspect.LoggingAspect.logAfterReturningListAllUsers(org.aspectj.lang.JoinPoint,java.lang.Object)
2018-01-04 14:29:01 [main] DEBUG o.s.a.a.a.ReflectiveAspectJAdvisorFactory - Found AspectJ method: public void com.stackroute.activitystream.aspect.LoggingAspect.logAfterReturningListTags(org.aspectj.lang.JoinPoint,java.lang.Object)
2018-01-04 14:29:01 [main] DEBUG o.s.a.a.a.ReflectiveAspectJAdvisorFactory - Found AspectJ method: public void com.stackroute.activitystream.aspect.LoggingAspect.logAfterReturningRemoveUser(org.aspectj.lang.JoinPoint,java.lang.Object)
2018-01-04 14:29:01 [main] DEBUG o.s.a.a.a.ReflectiveAspectJAdvisorFactory - Found AspectJ method: public void com.stackroute.activitystream.aspect.LoggingAspect.logAfterReturningSaveUser(org.aspectj.lang.JoinPoint,java.lang.Object)
2018-01-04 14:29:01 [main] DEBUG o.s.a.a.a.ReflectiveAspectJAdvisorFactory - Found AspectJ method: public void com.stackroute.activitystream.aspect.LoggingAspect.logAfterReturningSendMessageToCircle(org.aspectj.lang.JoinPoint,java.lang.Object)
2018-01-04 14:29:01 [main] DEBUG o.s.a.a.a.ReflectiveAspectJAdvisorFactory - Found AspectJ method: public void com.stackroute.activitystream.aspect.LoggingAspect.logAfterReturningSendMessageToUser(org.aspectj.lang.JoinPoint,java.lang.Object)
2018-01-04 14:29:01 [main] DEBUG o.s.a.a.a.ReflectiveAspectJAdvisorFactory - Found AspectJ method: public void com.stackroute.activitystream.aspect.LoggingAspect.logAfterReturningShowMessagesWithTag(org.aspectj.lang.JoinPoint,java.lang.Object)
2018-01-04 14:29:01 [main] DEBUG o.s.a.a.a.ReflectiveAspectJAdvisorFactory - Found AspectJ method: public void com.stackroute.activitystream.aspect.LoggingAspect.logAfterReturningSubscribeUserToTag(org.aspectj.lang.JoinPoint,java.lang.Object)
2018-01-04 14:29:01 [main] DEBUG o.s.a.a.a.ReflectiveAspectJAdvisorFactory - Found AspectJ method: public void com.stackroute.activitystream.aspect.LoggingAspect.logAfterReturningUnsubscribeUserToTag(org.aspectj.lang.JoinPoint,java.lang.Object)
2018-01-04 14:29:01 [main] DEBUG o.s.a.a.a.ReflectiveAspectJAdvisorFactory - Found AspectJ method: public void com.stackroute.activitystream.aspect.LoggingAspect.logAfterReturningUpdateUser(org.aspectj.lang.JoinPoint,java.lang.Object)
2018-01-04 14:29:01 [main] DEBUG o.s.a.a.a.ReflectiveAspectJAdvisorFactory - Found AspectJ method: public void com.stackroute.activitystream.aspect.LoggingAspect.logAfterReturningValidateUser(org.aspectj.lang.JoinPoint,java.lang.Object)
2018-01-04 14:29:01 [main] DEBUG o.s.a.a.a.ReflectiveAspectJAdvisorFactory - Found AspectJ method: public void com.stackroute.activitystream.aspect.LoggingAspect.logAfterReturninglistMyTags(org.aspectj.lang.JoinPoint,java.lang.Object)
2018-01-04 14:29:01 [main] DEBUG o.s.a.a.a.ReflectiveAspectJAdvisorFactory - Found AspectJ method: public void com.stackroute.activitystream.aspect.LoggingAspect.logAfterThrowingAddUser(org.aspectj.lang.JoinPoint,java.lang.Throwable)
2018-01-04 14:29:01 [main] DEBUG o.s.a.a.a.ReflectiveAspectJAdvisorFactory - Found AspectJ method: public void com.stackroute.activitystream.aspect.LoggingAspect.logAfterThrowingCreateCircle(org.aspectj.lang.JoinPoint,java.lang.Throwable)
2018-01-04 14:29:01 [main] DEBUG o.s.a.a.a.ReflectiveAspectJAdvisorFactory - Found AspectJ method: public void com.stackroute.activitystream.aspect.LoggingAspect.logAfterThrowingDelete(org.aspectj.lang.JoinPoint,java.lang.Throwable)
2018-01-04 14:29:01 [main] DEBUG o.s.a.a.a.ReflectiveAspectJAdvisorFactory - Found AspectJ method: public void com.stackroute.activitystream.aspect.LoggingAspect.logAfterThrowingDeleteUser(org.aspectj.lang.JoinPoint,java.lang.Throwable)
2018-01-04 14:29:01 [main] DEBUG o.s.a.a.a.ReflectiveAspectJAdvisorFactory - Found AspectJ method: public void com.stackroute.activitystream.aspect.LoggingAspect.logAfterThrowingExists(org.aspectj.lang.JoinPoint,java.lang.Throwable)
2018-01-04 14:29:01 [main] DEBUG o.s.a.a.a.ReflectiveAspectJAdvisorFactory - Found AspectJ method: public void com.stackroute.activitystream.aspect.LoggingAspect.logAfterThrowingGet(org.aspectj.lang.JoinPoint,java.lang.Throwable)
2018-01-04 14:29:01 [main] DEBUG o.s.a.a.a.ReflectiveAspectJAdvisorFactory - Found AspectJ method: public void com.stackroute.activitystream.aspect.LoggingAspect.logAfterThrowingGetAllCircles(org.aspectj.lang.JoinPoint,java.lang.Throwable)
2018-01-04 14:29:01 [main] DEBUG o.s.a.a.a.ReflectiveAspectJAdvisorFactory - Found AspectJ method: public void com.stackroute.activitystream.aspect.LoggingAspect.logAfterThrowingGetCircle(org.aspectj.lang.JoinPoint,java.lang.Throwable)
2018-01-04 14:29:01 [main] DEBUG o.s.a.a.a.ReflectiveAspectJAdvisorFactory - Found AspectJ method: public void com.stackroute.activitystream.aspect.LoggingAspect.logAfterThrowingGetMessagesFromCircle(org.aspectj.lang.JoinPoint,java.lang.Throwable)
2018-01-04 14:29:01 [main] DEBUG o.s.a.a.a.ReflectiveAspectJAdvisorFactory - Found AspectJ method: public void com.stackroute.activitystream.aspect.LoggingAspect.logAfterThrowingGetMessagesFromUser(org.aspectj.lang.JoinPoint,java.lang.Throwable)
2018-01-04 14:29:01 [main] DEBUG o.s.a.a.a.ReflectiveAspectJAdvisorFactory - Found AspectJ method: public void com.stackroute.activitystream.aspect.LoggingAspect.logAfterThrowingGetMyCircles(org.aspectj.lang.JoinPoint,java.lang.Throwable)
2018-01-04 14:29:01 [main] DEBUG o.s.a.a.a.ReflectiveAspectJAdvisorFactory - Found AspectJ method: public void com.stackroute.activitystream.aspect.LoggingAspect.logAfterThrowingGetUser(org.aspectj.lang.JoinPoint,java.lang.Throwable)
2018-01-04 14:29:01 [main] DEBUG o.s.a.a.a.ReflectiveAspectJAdvisorFactory - Found AspectJ method: public void com.stackroute.activitystream.aspect.LoggingAspect.logAfterThrowingListAllUsers(org.aspectj.lang.JoinPoint,java.lang.Throwable)
2018-01-04 14:29:01 [main] DEBUG o.s.a.a.a.ReflectiveAspectJAdvisorFactory - Found AspectJ method: public void com.stackroute.activitystream.aspect.LoggingAspect.logAfterThrowingListMyTags(org.aspectj.lang.JoinPoint,java.lang.Throwable)
2018-01-04 14:29:01 [main] DEBUG o.s.a.a.a.ReflectiveAspectJAdvisorFactory - Found AspectJ method: public void com.stackroute.activitystream.aspect.LoggingAspect.logAfterThrowingListTags(org.aspectj.lang.JoinPoint,java.lang.Throwable)
2018-01-04 14:29:01 [main] DEBUG o.s.a.a.a.ReflectiveAspectJAdvisorFactory - Found AspectJ method: public void com.stackroute.activitystream.aspect.LoggingAspect.logAfterThrowingRemoveUser(org.aspectj.lang.JoinPoint,java.lang.Throwable)
2018-01-04 14:29:01 [main] DEBUG o.s.a.a.a.ReflectiveAspectJAdvisorFactory - Found AspectJ method: public void com.stackroute.activitystream.aspect.LoggingAspect.logAfterThrowingSaveUser(org.aspectj.lang.JoinPoint,java.lang.Throwable)
2018-01-04 14:29:01 [main] DEBUG o.s.a.a.a.ReflectiveAspectJAdvisorFactory - Found AspectJ method: public void com.stackroute.activitystream.aspect.LoggingAspect.logAfterThrowingSendMessageToCircle(org.aspectj.lang.JoinPoint,java.lang.Throwable)
2018-01-04 14:29:01 [main] DEBUG o.s.a.a.a.ReflectiveAspectJAdvisorFactory - Found AspectJ method: public void com.stackroute.activitystream.aspect.LoggingAspect.logAfterThrowingSendMessageToUser(org.aspectj.lang.JoinPoint,java.lang.Throwable)
2018-01-04 14:29:01 [main] DEBUG o.s.a.a.a.ReflectiveAspectJAdvisorFactory - Found AspectJ method: public void com.stackroute.activitystream.aspect.LoggingAspect.logAfterThrowingShowMessagesWithTag(org.aspectj.lang.JoinPoint,java.lang.Throwable)
2018-01-04 14:29:01 [main] DEBUG o.s.a.a.a.ReflectiveAspectJAdvisorFactory - Found AspectJ method: public void com.stackroute.activitystream.aspect.LoggingAspect.logAfterThrowingSubscribeUserToTag(org.aspectj.lang.JoinPoint,java.lang.Throwable)
2018-01-04 14:29:01 [main] DEBUG o.s.a.a.a.ReflectiveAspectJAdvisorFactory - Found AspectJ method: public void com.stackroute.activitystream.aspect.LoggingAspect.logAfterThrowingUnsubscribeUserToTag(org.aspectj.lang.JoinPoint,java.lang.Throwable)
2018-01-04 14:29:01 [main] DEBUG o.s.a.a.a.ReflectiveAspectJAdvisorFactory - Found AspectJ method: public void com.stackroute.activitystream.aspect.LoggingAspect.logAfterThrowingUpdateUser(org.aspectj.lang.JoinPoint,java.lang.Throwable)
