2018-01-04 14:12:07 [main] DEBUG c.s.a.aspect.LoggingAspect - Method Name : save
2018-01-04 14:12:07 [main] DEBUG c.s.a.aspect.LoggingAspect - *********************************
2018-01-04 14:12:07 [main] DEBUG o.s.orm.jpa.JpaTransactionManager - Found thread-bound EntityManager [SessionImpl(PersistenceContext[entityKeys=[EntityKey[com.stackroute.activitystream.model.User#will]],collectionKeys=[]];ActionQueue[insertions=ExecutableList{size=0} updates=ExecutableList{size=0} deletions=ExecutableList{size=1} orphanRemovals=ExecutableList{size=0} collectionCreations=ExecutableList{size=0} collectionRemovals=ExecutableList{size=0} collectionUpdates=ExecutableList{size=0} collectionQueuedOps=ExecutableList{size=0} unresolvedInsertDependencies=null])] for JPA transaction
2018-01-04 14:12:07 [main] DEBUG o.s.orm.jpa.JpaTransactionManager - Participating in existing transaction
2018-01-04 14:12:07 [main] INFO  c.s.a.aspect.LoggingAspect - ============@After==========
2018-01-04 14:12:07 [main] DEBUG c.s.a.aspect.LoggingAspect - Method Name : save
2018-01-04 14:12:07 [main] DEBUG c.s.a.aspect.LoggingAspect - Method arguments : [com.stackroute.activitystream.model.User@681c0ae6]
2018-01-04 14:12:07 [main] DEBUG c.s.a.aspect.LoggingAspect - *********************************
2018-01-04 14:12:07 [main] DEBUG c.s.a.aspect.LoggingAspect - ============@AfterReturning==========
2018-01-04 14:12:07 [main] DEBUG c.s.a.aspect.LoggingAspect - Method Name : save
2018-01-04 14:12:07 [main] DEBUG c.s.a.aspect.LoggingAspect - Method arguments : [com.stackroute.activitystream.model.User@681c0ae6]
2018-01-04 14:12:07 [main] DEBUG c.s.a.aspect.LoggingAspect - *********************************
2018-01-04 14:12:07 [main] INFO  c.s.a.aspect.LoggingAspect - ============@Before==========
2018-01-04 14:12:07 [main] DEBUG c.s.a.aspect.LoggingAspect - Method Name : save
2018-01-04 14:12:07 [main] DEBUG c.s.a.aspect.LoggingAspect - *********************************
2018-01-04 14:12:07 [main] DEBUG o.s.orm.jpa.JpaTransactionManager - Found thread-bound EntityManager [SessionImpl(PersistenceContext[entityKeys=[EntityKey[com.stackroute.activitystream.model.User#will], EntityKey[com.stackroute.activitystream.model.User#john]],collectionKeys=[]];ActionQueue[insertions=ExecutableList{size=1} updates=ExecutableList{size=0} deletions=ExecutableList{size=1} orphanRemovals=ExecutableList{size=0} collectionCreations=ExecutableList{size=0} collectionRemovals=ExecutableList{size=0} collectionUpdates=ExecutableList{size=0} collectionQueuedOps=ExecutableList{size=0} unresolvedInsertDependencies=null])] for JPA transaction
2018-01-04 14:12:07 [main] DEBUG o.s.orm.jpa.JpaTransactionManager - Participating in existing transaction
2018-01-04 14:12:07 [main] INFO  c.s.a.aspect.LoggingAspect - ============@After==========
2018-01-04 14:12:07 [main] DEBUG c.s.a.aspect.LoggingAspect - Method Name : save
2018-01-04 14:12:07 [main] DEBUG c.s.a.aspect.LoggingAspect - Method arguments : [com.stackroute.activitystream.model.User@681c0ae6]
2018-01-04 14:12:07 [main] DEBUG c.s.a.aspect.LoggingAspect - *********************************
2018-01-04 14:12:07 [main] DEBUG c.s.a.aspect.LoggingAspect - ============@AfterReturning==========
2018-01-04 14:12:07 [main] DEBUG c.s.a.aspect.LoggingAspect - Method Name : save
2018-01-04 14:12:07 [main] DEBUG c.s.a.aspect.LoggingAspect - Method arguments : [com.stackroute.activitystream.model.User@681c0ae6]
2018-01-04 14:12:07 [main] DEBUG c.s.a.aspect.LoggingAspect - *********************************
2018-01-04 14:12:07 [main] INFO  c.s.a.aspect.LoggingAspect - ============@Before==========
2018-01-04 14:12:07 [main] DEBUG c.s.a.aspect.LoggingAspect - Method Name : save
2018-01-04 14:12:07 [main] DEBUG c.s.a.aspect.LoggingAspect - *********************************
2018-01-04 14:12:07 [main] DEBUG o.s.orm.jpa.JpaTransactionManager - Found thread-bound EntityManager [SessionImpl(PersistenceContext[entityKeys=[EntityKey[com.stackroute.activitystream.model.User#will], EntityKey[com.stackroute.activitystream.model.User#john]],collectionKeys=[]];ActionQueue[insertions=ExecutableList{size=1} updates=ExecutableList{size=0} deletions=ExecutableList{size=1} orphanRemovals=ExecutableList{size=0} collectionCreations=ExecutableList{size=0} collectionRemovals=ExecutableList{size=0} collectionUpdates=ExecutableList{size=0} collectionQueuedOps=ExecutableList{size=0} unresolvedInsertDependencies=null])] for JPA transaction
2018-01-04 14:12:07 [main] DEBUG o.s.orm.jpa.JpaTransactionManager - Participating in existing transaction
2018-01-04 14:12:07 [main] INFO  c.s.a.aspect.LoggingAspect - ============@After==========
2018-01-04 14:12:07 [main] DEBUG c.s.a.aspect.LoggingAspect - Method Name : save
2018-01-04 14:12:07 [main] DEBUG c.s.a.aspect.LoggingAspect - Method arguments : [com.stackroute.activitystream.model.User@41b1f51e]
2018-01-04 14:12:07 [main] DEBUG c.s.a.aspect.LoggingAspect - *********************************
2018-01-04 14:12:07 [main] DEBUG c.s.a.aspect.LoggingAspect - ============@AfterReturning==========
2018-01-04 14:12:07 [main] DEBUG c.s.a.aspect.LoggingAspect - Method Name : save
2018-01-04 14:12:07 [main] DEBUG c.s.a.aspect.LoggingAspect - Method arguments : [com.stackroute.activitystream.model.User@41b1f51e]
2018-01-04 14:12:07 [main] DEBUG c.s.a.aspect.LoggingAspect - *********************************
2018-01-04 14:12:07 [main] INFO  c.s.a.aspect.LoggingAspect - ============@Before==========
2018-01-04 14:12:07 [main] DEBUG c.s.a.aspect.LoggingAspect - Method Name : get
2018-01-04 14:12:07 [main] DEBUG c.s.a.aspect.LoggingAspect - *********************************
2018-01-04 14:12:07 [main] DEBUG o.s.orm.jpa.JpaTransactionManager - Found thread-bound EntityManager [SessionImpl(PersistenceContext[entityKeys=[EntityKey[com.stackroute.activitystream.model.User#will], EntityKey[com.stackroute.activitystream.model.User#john], EntityKey[com.stackroute.activitystream.model.User#chris]],collectionKeys=[]];ActionQueue[insertions=ExecutableList{size=2} updates=ExecutableList{size=0} deletions=ExecutableList{size=1} orphanRemovals=ExecutableList{size=0} collectionCreations=ExecutableList{size=0} collectionRemovals=ExecutableList{size=0} collectionUpdates=ExecutableList{size=0} collectionQueuedOps=ExecutableList{size=0} unresolvedInsertDependencies=null])] for JPA transaction
2018-01-04 14:12:07 [main] DEBUG o.s.orm.jpa.JpaTransactionManager - Participating in existing transaction
2018-01-04 14:12:07 [main] INFO  c.s.a.aspect.LoggingAspect - ============@After==========
2018-01-04 14:12:07 [main] DEBUG c.s.a.aspect.LoggingAspect - Method Name : get
2018-01-04 14:12:07 [main] DEBUG c.s.a.aspect.LoggingAspect - Method arguments : [chris]
2018-01-04 14:12:07 [main] DEBUG c.s.a.aspect.LoggingAspect - *********************************
2018-01-04 14:12:07 [main] DEBUG c.s.a.aspect.LoggingAspect - ============@AfterReturning==========
2018-01-04 14:12:07 [main] DEBUG c.s.a.aspect.LoggingAspect - Method Name : get
2018-01-04 14:12:07 [main] DEBUG c.s.a.aspect.LoggingAspect - Method arguments : [chris]
2018-01-04 14:12:07 [main] DEBUG c.s.a.aspect.LoggingAspect - *********************************
2018-01-04 14:12:07 [main] INFO  c.s.a.aspect.LoggingAspect - ============@Before==========
2018-01-04 14:12:07 [main] DEBUG c.s.a.aspect.LoggingAspect - Method Name : delete
2018-01-04 14:12:07 [main] DEBUG c.s.a.aspect.LoggingAspect - *********************************
2018-01-04 14:12:07 [main] DEBUG o.s.orm.jpa.JpaTransactionManager - Found thread-bound EntityManager [SessionImpl(PersistenceContext[entityKeys=[EntityKey[com.stackroute.activitystream.model.User#will], EntityKey[com.stackroute.activitystream.model.User#john], EntityKey[com.stackroute.activitystream.model.User#chris]],collectionKeys=[]];ActionQueue[insertions=ExecutableList{size=2} updates=ExecutableList{size=0} deletions=ExecutableList{size=1} orphanRemovals=ExecutableList{size=0} collectionCreations=ExecutableList{size=0} collectionRemovals=ExecutableList{size=0} collectionUpdates=ExecutableList{size=0} collectionQueuedOps=ExecutableList{size=0} unresolvedInsertDependencies=null])] for JPA transaction
2018-01-04 14:12:07 [main] DEBUG o.s.orm.jpa.JpaTransactionManager - Participating in existing transaction
2018-01-04 14:12:07 [main] DEBUG o.s.orm.jpa.JpaTransactionManager - Found thread-bound EntityManager [SessionImpl(PersistenceContext[entityKeys=[EntityKey[com.stackroute.activitystream.model.User#will], EntityKey[com.stackroute.activitystream.model.User#john], EntityKey[com.stackroute.activitystream.model.User#chris]],collectionKeys=[]];ActionQueue[insertions=ExecutableList{size=2} updates=ExecutableList{size=0} deletions=ExecutableList{size=2} orphanRemovals=ExecutableList{size=0} collectionCreations=ExecutableList{size=0} collectionRemovals=ExecutableList{size=0} collectionUpdates=ExecutableList{size=0} collectionQueuedOps=ExecutableList{size=0} unresolvedInsertDependencies=null])] for JPA transaction
2018-01-04 14:12:07 [main] DEBUG o.s.orm.jpa.JpaTransactionManager - Participating in existing transaction
2018-01-04 14:12:07 [main] INFO  c.s.a.aspect.LoggingAspect - ============@After==========
2018-01-04 14:12:07 [main] DEBUG c.s.a.aspect.LoggingAspect - Method Name : delete
2018-01-04 14:12:07 [main] DEBUG c.s.a.aspect.LoggingAspect - Method arguments : [com.stackroute.activitystream.model.User@41b1f51e]
2018-01-04 14:12:07 [main] DEBUG c.s.a.aspect.LoggingAspect - *********************************
2018-01-04 14:12:07 [main] DEBUG c.s.a.aspect.LoggingAspect - ============@AfterReturning==========
2018-01-04 14:12:07 [main] DEBUG c.s.a.aspect.LoggingAspect - Method Name : delete
2018-01-04 14:12:07 [main] DEBUG c.s.a.aspect.LoggingAspect - Method arguments : [com.stackroute.activitystream.model.User@41b1f51e]
2018-01-04 14:12:07 [main] DEBUG c.s.a.aspect.LoggingAspect - *********************************
2018-01-04 14:12:07 [main] INFO  c.s.a.aspect.LoggingAspect - ============@Before==========
2018-01-04 14:12:07 [main] DEBUG c.s.a.aspect.LoggingAspect - Method Name : get
2018-01-04 14:12:07 [main] DEBUG c.s.a.aspect.LoggingAspect - *********************************
2018-01-04 14:12:07 [main] DEBUG o.s.orm.jpa.JpaTransactionManager - Found thread-bound EntityManager [SessionImpl(PersistenceContext[entityKeys=[EntityKey[com.stackroute.activitystream.model.User#will], EntityKey[com.stackroute.activitystream.model.User#john], EntityKey[com.stackroute.activitystream.model.User#chris]],collectionKeys=[]];ActionQueue[insertions=ExecutableList{size=2} updates=ExecutableList{size=0} deletions=ExecutableList{size=2} orphanRemovals=ExecutableList{size=0} collectionCreations=ExecutableList{size=0} collectionRemovals=ExecutableList{size=0} collectionUpdates=ExecutableList{size=0} collectionQueuedOps=ExecutableList{size=0} unresolvedInsertDependencies=null])] for JPA transaction
2018-01-04 14:12:07 [main] DEBUG o.s.orm.jpa.JpaTransactionManager - Participating in existing transaction
2018-01-04 14:12:07 [main] INFO  c.s.a.aspect.LoggingAspect - ============@After==========
2018-01-04 14:12:07 [main] DEBUG c.s.a.aspect.LoggingAspect - Method Name : get
2018-01-04 14:12:07 [main] DEBUG c.s.a.aspect.LoggingAspect - Method arguments : [john]
2018-01-04 14:12:07 [main] DEBUG c.s.a.aspect.LoggingAspect - *********************************
2018-01-04 14:12:07 [main] DEBUG c.s.a.aspect.LoggingAspect - ============@AfterReturning==========
2018-01-04 14:12:07 [main] DEBUG c.s.a.aspect.LoggingAspect - Method Name : get
2018-01-04 14:12:07 [main] DEBUG c.s.a.aspect.LoggingAspect - Method arguments : [john]
2018-01-04 14:12:07 [main] DEBUG c.s.a.aspect.LoggingAspect - *********************************
2018-01-04 14:12:07 [main] INFO  c.s.a.aspect.LoggingAspect - ============@Before==========
