2018-01-04 14:29:04 [main] DEBUG o.s.b.f.s.DefaultListableBeanFactory - Invoking afterPropertiesSet() on bean with name 'messageRepository'
2018-01-04 14:29:04 [main] DEBUG o.s.o.j.SharedEntityManagerCreator$SharedEntityManagerInvocationHandler - Creating new EntityManager for shared EntityManager invocation
2018-01-04 14:29:04 [main] DEBUG o.s.o.jpa.EntityManagerFactoryUtils - Closing JPA EntityManager
2018-01-04 14:29:04 [main] DEBUG o.s.o.j.SharedEntityManagerCreator$SharedEntityManagerInvocationHandler - Creating new EntityManager for shared EntityManager invocation
2018-01-04 14:29:04 [main] DEBUG o.s.o.jpa.EntityManagerFactoryUtils - Closing JPA EntityManager
2018-01-04 14:29:04 [main] DEBUG o.s.aop.framework.JdkDynamicAopProxy - Creating JDK dynamic proxy: target source is org.springframework.data.jpa.repository.support.CrudMethodMetadataPostProcessor$ThreadBoundTargetSource@77f68df
2018-01-04 14:29:04 [main] DEBUG o.s.o.j.SharedEntityManagerCreator$SharedEntityManagerInvocationHandler - Creating new EntityManager for shared EntityManager invocation
2018-01-04 14:29:04 [main] DEBUG o.s.o.jpa.EntityManagerFactoryUtils - Closing JPA EntityManager
2018-01-04 14:29:04 [main] DEBUG o.s.d.j.r.query.JpaQueryFactory - Looking up query for method listAllTags
2018-01-04 14:29:04 [main] DEBUG o.s.d.j.r.query.JpaQueryFactory - Looking up query for method getMessagesFromUser
2018-01-04 14:29:04 [main] DEBUG o.s.d.j.r.query.JpaQueryFactory - Looking up query for method showMessagesWithTag
2018-01-04 14:29:04 [main] DEBUG o.s.d.j.r.query.JpaQueryFactory - Looking up query for method getMessagesFromCircle
2018-01-04 14:29:04 [main] DEBUG o.s.d.j.r.query.JpaQueryFactory - Looking up query for method listMyTags
2018-01-04 14:29:04 [main] DEBUG o.s.d.j.r.query.JpaQueryFactory - Looking up query for method getUserTag
2018-01-04 14:29:04 [main] DEBUG o.s.aop.framework.JdkDynamicAopProxy - Creating JDK dynamic proxy: target source is SingletonTargetSource for target object [org.springframework.data.jpa.repository.support.SimpleJpaRepository@ef60710]
2018-01-04 14:29:04 [main] DEBUG o.s.b.f.s.DefaultListableBeanFactory - Returning cached instance of singleton bean 'org.springframework.transaction.config.internalTransactionAdvisor'
2018-01-04 14:29:04 [main] DEBUG o.s.b.f.s.DefaultListableBeanFactory - Returning cached instance of singleton bean 'org.springframework.transaction.config.internalTransactionAdvisor'
2018-01-04 14:29:04 [main] DEBUG o.s.b.f.s.DefaultListableBeanFactory - Finished creating instance of bean 'messageRepository'
2018-01-04 14:29:04 [main] DEBUG o.s.b.f.s.DefaultListableBeanFactory - Returning cached instance of singleton bean 'org.springframework.transaction.config.internalTransactionAdvisor'
2018-01-04 14:29:04 [main] DEBUG o.s.b.f.s.DefaultListableBeanFactory - Returning cached instance of singleton bean 'org.springframework.transaction.config.internalTransactionAdvisor'
2018-01-04 14:29:04 [main] DEBUG o.s.b.f.a.AutowiredAnnotationBeanPostProcessor - Autowiring by type from bean name 'messageServiceImpl' to bean named 'messageRepository'
2018-01-04 14:29:04 [main] DEBUG o.s.b.f.annotation.InjectionMetadata - Processing injected element of bean 'messageServiceImpl': AutowiredFieldElement for private com.stackroute.activitystream.model.UserTag com.stackroute.activitystream.serviceimpl.MessageServiceImpl.userTag
2018-01-04 14:29:04 [main] DEBUG o.s.b.f.s.DefaultListableBeanFactory - Returning cached instance of singleton bean 'userTag'
2018-01-04 14:29:04 [main] DEBUG o.s.b.f.a.AutowiredAnnotationBeanPostProcessor - Autowiring by type from bean name 'messageServiceImpl' to bean named 'userTag'
2018-01-04 14:29:04 [main] DEBUG o.s.b.f.s.DefaultListableBeanFactory - Returning cached instance of singleton bean 'org.springframework.transaction.config.internalTransactionAdvisor'
2018-01-04 14:29:04 [main] DEBUG o.s.b.f.s.DefaultListableBeanFactory - Returning cached instance of singleton bean 'org.springframework.transaction.config.internalTransactionAdvisor'
2018-01-04 14:29:04 [main] DEBUG o.s.a.a.a.AnnotationAwareAspectJAutoProxyCreator - Creating implicit proxy for bean 'messageServiceImpl' with 0 common interceptors and 37 specific interceptors
2018-01-04 14:29:04 [main] DEBUG o.s.aop.framework.JdkDynamicAopProxy - Creating JDK dynamic proxy: target source is SingletonTargetSource for target object [com.stackroute.activitystream.serviceimpl.MessageServiceImpl@5e1fc42f]
2018-01-04 14:29:04 [main] DEBUG o.s.b.f.s.DefaultListableBeanFactory - Finished creating instance of bean 'messageServiceImpl'
2018-01-04 14:29:04 [main] DEBUG o.s.b.f.s.DefaultListableBeanFactory - Creating shared instance of singleton bean 'userCircleServiceImpl'
2018-01-04 14:29:04 [main] DEBUG o.s.b.f.s.DefaultListableBeanFactory - Creating instance of bean 'userCircleServiceImpl'
2018-01-04 14:29:04 [main] DEBUG o.s.b.f.s.DefaultListableBeanFactory - Returning cached instance of singleton bean 'org.springframework.transaction.config.internalTransactionAdvisor'
2018-01-04 14:29:04 [main] DEBUG o.s.b.f.annotation.InjectionMetadata - Registered injected element on class [com.stackroute.activitystream.serviceimpl.UserCircleServiceImpl]: AutowiredFieldElement for private com.stackroute.activitystream.repository.UserRepository com.stackroute.activitystream.serviceimpl.UserCircleServiceImpl.userRepository
2018-01-04 14:29:04 [main] DEBUG o.s.b.f.annotation.InjectionMetadata - Registered injected element on class [com.stackroute.activitystream.serviceimpl.UserCircleServiceImpl]: AutowiredFieldElement for private com.stackroute.activitystream.repository.CircleRepository com.stackroute.activitystream.serviceimpl.UserCircleServiceImpl.circleRepository
2018-01-04 14:29:04 [main] DEBUG o.s.b.f.annotation.InjectionMetadata - Registered injected element on class [com.stackroute.activitystream.serviceimpl.UserCircleServiceImpl]: AutowiredFieldElement for private com.stackroute.activitystream.repository.UserCircleRepository com.stackroute.activitystream.serviceimpl.UserCircleServiceImpl.userCircleRepository
2018-01-04 14:29:04 [main] DEBUG o.s.b.f.s.DefaultListableBeanFactory - Eagerly caching bean 'userCircleServiceImpl' to allow for resolving potential circular references
2018-01-04 14:29:04 [main] DEBUG o.s.b.f.annotation.InjectionMetadata - Processing injected element of bean 'userCircleServiceImpl': AutowiredFieldElement for private com.stackroute.activitystream.repository.UserRepository com.stackroute.activitystream.serviceimpl.UserCircleServiceImpl.userRepository
2018-01-04 14:29:04 [main] DEBUG o.s.b.f.s.DefaultListableBeanFactory - Returning cached instance of singleton bean 'userRepository'
2018-01-04 14:29:04 [main] DEBUG o.s.b.f.a.AutowiredAnnotationBeanPostProcessor - Autowiring by type from bean name 'userCircleServiceImpl' to bean named 'userRepository'
2018-01-04 14:29:04 [main] DEBUG o.s.b.f.annotation.InjectionMetadata - Processing injected element of bean 'userCircleServiceImpl': AutowiredFieldElement for private com.stackroute.activitystream.repository.CircleRepository com.stackroute.activitystream.serviceimpl.UserCircleServiceImpl.circleRepository
2018-01-04 14:29:04 [main] DEBUG o.s.b.f.s.DefaultListableBeanFactory - Returning cached instance of singleton bean 'circleRepository'
2018-01-04 14:29:04 [main] DEBUG o.s.b.f.a.AutowiredAnnotationBeanPostProcessor - Autowiring by type from bean name 'userCircleServiceImpl' to bean named 'circleRepository'
2018-01-04 14:29:04 [main] DEBUG o.s.b.f.annotation.InjectionMetadata - Processing injected element of bean 'userCircleServiceImpl': AutowiredFieldElement for private com.stackroute.activitystream.repository.UserCircleRepository com.stackroute.activitystream.serviceimpl.UserCircleServiceImpl.userCircleRepository
2018-01-04 14:29:04 [main] DEBUG o.s.b.f.s.DefaultListableBeanFactory - Returning cached instance of singleton bean 'userCircleRepository'
2018-01-04 14:29:04 [main] DEBUG o.s.b.f.a.AutowiredAnnotationBeanPostProcessor - Autowiring by type from bean name 'userCircleServiceImpl' to bean named 'userCircleRepository'
2018-01-04 14:29:04 [main] DEBUG o.s.b.f.s.DefaultListableBeanFactory - Returning cached instance of singleton bean 'org.springframework.transaction.config.internalTransactionAdvisor'
2018-01-04 14:29:04 [main] DEBUG o.s.b.f.s.DefaultListableBeanFactory - Returning cached instance of singleton bean 'org.springframework.transaction.config.internalTransactionAdvisor'
2018-01-04 14:29:04 [main] DEBUG o.s.a.a.a.AnnotationAwareAspectJAutoProxyCreator - Creating implicit proxy for bean 'userCircleServiceImpl' with 0 common interceptors and 17 specific interceptors
2018-01-04 14:29:04 [main] DEBUG o.s.aop.framework.JdkDynamicAopProxy - Creating JDK dynamic proxy: target source is SingletonTargetSource for target object [com.stackroute.activitystream.serviceimpl.UserCircleServiceImpl@169268a7]
2018-01-04 14:29:04 [main] DEBUG o.s.b.f.s.DefaultListableBeanFactory - Finished creating instance of bean 'userCircleServiceImpl'
2018-01-04 14:29:04 [main] DEBUG o.s.b.f.s.DefaultListableBeanFactory - Creating shared instance of singleton bean 'userServiceImpl'
2018-01-04 14:29:04 [main] DEBUG o.s.b.f.s.DefaultListableBeanFactory - Creating instance of bean 'userServiceImpl'
2018-01-04 14:29:04 [main] DEBUG o.s.b.f.s.DefaultListableBeanFactory - Returning cached instance of singleton bean 'org.springframework.transaction.config.internalTransactionAdvisor'
2018-01-04 14:29:04 [main] DEBUG o.s.b.f.annotation.InjectionMetadata - Registered injected element on class [com.stackroute.activitystream.serviceimpl.UserServiceImpl]: AutowiredFieldElement for private com.stackroute.activitystream.repository.UserRepository com.stackroute.activitystream.serviceimpl.UserServiceImpl.userRepository
2018-01-04 14:29:04 [main] DEBUG o.s.b.f.s.DefaultListableBeanFactory - Eagerly caching bean 'userServiceImpl' to allow for resolving potential circular references
2018-01-04 14:29:04 [main] DEBUG o.s.b.f.annotation.InjectionMetadata - Processing injected element of bean 'userServiceImpl': AutowiredFieldElement for private com.stackroute.activitystream.repository.UserRepository com.stackroute.activitystream.serviceimpl.UserServiceImpl.userRepository
2018-01-04 14:29:04 [main] DEBUG o.s.b.f.s.DefaultListableBeanFactory - Returning cached instance of singleton bean 'userRepository'
2018-01-04 14:29:04 [main] DEBUG o.s.b.f.a.AutowiredAnnotationBeanPostProcessor - Autowiring by type from bean name 'userServiceImpl' to bean named 'userRepository'
2018-01-04 14:29:04 [main] DEBUG o.s.b.f.s.DefaultListableBeanFactory - Returning cached instance of singleton bean 'org.springframework.transaction.config.internalTransactionAdvisor'
2018-01-04 14:29:04 [main] DEBUG o.s.b.f.s.DefaultListableBeanFactory - Returning cached instance of singleton bean 'org.springframework.transaction.config.internalTransactionAdvisor'
2018-01-04 14:29:04 [main] DEBUG o.s.a.a.a.AnnotationAwareAspectJAutoProxyCreator - Creating implicit proxy for bean 'userServiceImpl' with 0 common interceptors and 29 specific interceptors
2018-01-04 14:29:04 [main] DEBUG o.s.aop.framework.JdkDynamicAopProxy - Creating JDK dynamic proxy: target source is SingletonTargetSource for target object [com.stackroute.activitystream.serviceimpl.UserServiceImpl@7c601d50]
2018-01-04 14:29:04 [main] DEBUG o.s.b.f.s.DefaultListableBeanFactory - Finished creating instance of bean 'userServiceImpl'
2018-01-04 14:29:04 [main] DEBUG o.s.b.f.s.DefaultListableBeanFactory - Returning cached instance of singleton bean 'org.springframework.transaction.annotation.ProxyTransactionManagementConfiguration'
