2018-01-04 13:55:47 [main] INFO  o.s.t.c.t.TransactionContext - Began transaction (1) for test context [DefaultTestContext@4ecd00b5 testClass = MessageTest, testInstance = com.stackroute.activitystream.commander.MessageTest@726934e2, testMethod = testSendMessageToInvalidSenderFailure@MessageTest, testException = [null], mergedContextConfiguration = [WebMergedContextConfiguration@10947c4e testClass = MessageTest, locations = '{}', classes = '{class com.stackroute.activitystream.config.ApplicationContextConfig, class com.stackroute.activitystream.config.PersistenceJPAConfig}', contextInitializerClasses = '[]', activeProfiles = '{}', propertySourceLocations = '{}', propertySourceProperties = '{}', contextCustomizers = set[[empty]], resourceBasePath = 'src/main/webapp', contextLoader = 'org.springframework.test.context.web.WebDelegatingSmartContextLoader', parent = [null]]]; transaction manager [org.springframework.orm.jpa.JpaTransactionManager@24d61e4]; rollback [true]
2018-01-04 13:55:47 [main] INFO  c.s.a.aspect.LoggingAspect - ============@Before==========
2018-01-04 13:55:47 [main] DEBUG c.s.a.aspect.LoggingAspect - Method Name : get
2018-01-04 13:55:47 [main] DEBUG c.s.a.aspect.LoggingAspect - *********************************
2018-01-04 13:55:47 [main] DEBUG o.s.orm.jpa.JpaTransactionManager - Found thread-bound EntityManager [SessionImpl(PersistenceContext[entityKeys=[],collectionKeys=[]];ActionQueue[insertions=ExecutableList{size=0} updates=ExecutableList{size=0} deletions=ExecutableList{size=0} orphanRemovals=ExecutableList{size=0} collectionCreations=ExecutableList{size=0} collectionRemovals=ExecutableList{size=0} collectionUpdates=ExecutableList{size=0} collectionQueuedOps=ExecutableList{size=0} unresolvedInsertDependencies=null])] for JPA transaction
2018-01-04 13:55:47 [main] DEBUG o.s.orm.jpa.JpaTransactionManager - Participating in existing transaction
2018-01-04 13:55:47 [main] INFO  c.s.a.aspect.LoggingAspect - ============@After==========
2018-01-04 13:55:47 [main] DEBUG c.s.a.aspect.LoggingAspect - Method Name : get
2018-01-04 13:55:47 [main] DEBUG c.s.a.aspect.LoggingAspect - Method arguments : [john]
2018-01-04 13:55:47 [main] DEBUG c.s.a.aspect.LoggingAspect - *********************************
2018-01-04 13:55:47 [main] DEBUG c.s.a.aspect.LoggingAspect - ============@AfterReturning==========
2018-01-04 13:55:47 [main] DEBUG c.s.a.aspect.LoggingAspect - Method Name : get
2018-01-04 13:55:47 [main] DEBUG c.s.a.aspect.LoggingAspect - Method arguments : [john]
2018-01-04 13:55:47 [main] DEBUG c.s.a.aspect.LoggingAspect - *********************************
2018-01-04 13:55:47 [main] INFO  c.s.a.aspect.LoggingAspect - ============@Before==========
2018-01-04 13:55:47 [main] DEBUG c.s.a.aspect.LoggingAspect - Method Name : get
2018-01-04 13:55:47 [main] DEBUG c.s.a.aspect.LoggingAspect - *********************************
2018-01-04 13:55:47 [main] DEBUG o.s.orm.jpa.JpaTransactionManager - Found thread-bound EntityManager [SessionImpl(PersistenceContext[entityKeys=[],collectionKeys=[]];ActionQueue[insertions=ExecutableList{size=0} updates=ExecutableList{size=0} deletions=ExecutableList{size=0} orphanRemovals=ExecutableList{size=0} collectionCreations=ExecutableList{size=0} collectionRemovals=ExecutableList{size=0} collectionUpdates=ExecutableList{size=0} collectionQueuedOps=ExecutableList{size=0} unresolvedInsertDependencies=null])] for JPA transaction
2018-01-04 13:55:47 [main] DEBUG o.s.orm.jpa.JpaTransactionManager - Participating in existing transaction
2018-01-04 13:55:47 [main] INFO  c.s.a.aspect.LoggingAspect - ============@After==========
2018-01-04 13:55:47 [main] DEBUG c.s.a.aspect.LoggingAspect - Method Name : get
2018-01-04 13:55:47 [main] DEBUG c.s.a.aspect.LoggingAspect - Method arguments : [will]
2018-01-04 13:55:47 [main] DEBUG c.s.a.aspect.LoggingAspect - *********************************
2018-01-04 13:55:47 [main] DEBUG c.s.a.aspect.LoggingAspect - ============@AfterReturning==========
2018-01-04 13:55:47 [main] DEBUG c.s.a.aspect.LoggingAspect - Method Name : get
2018-01-04 13:55:47 [main] DEBUG c.s.a.aspect.LoggingAspect - Method arguments : [will]
2018-01-04 13:55:47 [main] DEBUG c.s.a.aspect.LoggingAspect - *********************************
2018-01-04 13:55:47 [main] INFO  c.s.a.aspect.LoggingAspect - ============@Before==========
2018-01-04 13:55:47 [main] DEBUG c.s.a.aspect.LoggingAspect - Method Name : get
2018-01-04 13:55:47 [main] DEBUG c.s.a.aspect.LoggingAspect - *********************************
2018-01-04 13:55:47 [main] DEBUG o.s.orm.jpa.JpaTransactionManager - Found thread-bound EntityManager [SessionImpl(PersistenceContext[entityKeys=[],collectionKeys=[]];ActionQueue[insertions=ExecutableList{size=0} updates=ExecutableList{size=0} deletions=ExecutableList{size=0} orphanRemovals=ExecutableList{size=0} collectionCreations=ExecutableList{size=0} collectionRemovals=ExecutableList{size=0} collectionUpdates=ExecutableList{size=0} collectionQueuedOps=ExecutableList{size=0} unresolvedInsertDependencies=null])] for JPA transaction
2018-01-04 13:55:47 [main] DEBUG o.s.orm.jpa.JpaTransactionManager - Participating in existing transaction
2018-01-04 13:55:47 [main] INFO  c.s.a.aspect.LoggingAspect - ============@After==========
2018-01-04 13:55:47 [main] DEBUG c.s.a.aspect.LoggingAspect - Method Name : get
2018-01-04 13:55:47 [main] DEBUG c.s.a.aspect.LoggingAspect - Method arguments : [Java]
2018-01-04 13:55:47 [main] DEBUG c.s.a.aspect.LoggingAspect - *********************************
2018-01-04 13:55:47 [main] DEBUG c.s.a.aspect.LoggingAspect - ============@AfterReturning==========
2018-01-04 13:55:47 [main] DEBUG c.s.a.aspect.LoggingAspect - Method Name : get
2018-01-04 13:55:47 [main] DEBUG c.s.a.aspect.LoggingAspect - Method arguments : [Java]
2018-01-04 13:55:47 [main] DEBUG c.s.a.aspect.LoggingAspect - *********************************
2018-01-04 13:55:47 [main] INFO  c.s.a.aspect.LoggingAspect - ============@Before==========
2018-01-04 13:55:47 [main] DEBUG c.s.a.aspect.LoggingAspect - Method Name : get
2018-01-04 13:55:47 [main] DEBUG c.s.a.aspect.LoggingAspect - *********************************
2018-01-04 13:55:47 [main] DEBUG o.s.orm.jpa.JpaTransactionManager - Found thread-bound EntityManager [SessionImpl(PersistenceContext[entityKeys=[EntityKey[com.stackroute.activitystream.model.Circle#Java]],collectionKeys=[]];ActionQueue[insertions=ExecutableList{size=0} updates=ExecutableList{size=0} deletions=ExecutableList{size=0} orphanRemovals=ExecutableList{size=0} collectionCreations=ExecutableList{size=0} collectionRemovals=ExecutableList{size=0} collectionUpdates=ExecutableList{size=0} collectionQueuedOps=ExecutableList{size=0} unresolvedInsertDependencies=null])] for JPA transaction
2018-01-04 13:55:47 [main] DEBUG o.s.orm.jpa.JpaTransactionManager - Participating in existing transaction
2018-01-04 13:55:47 [main] INFO  c.s.a.aspect.LoggingAspect - ============@After==========
2018-01-04 13:55:47 [main] DEBUG c.s.a.aspect.LoggingAspect - Method Name : get
2018-01-04 13:55:47 [main] DEBUG c.s.a.aspect.LoggingAspect - Method arguments : [Java]
2018-01-04 13:55:47 [main] DEBUG c.s.a.aspect.LoggingAspect - *********************************
2018-01-04 13:55:47 [main] DEBUG c.s.a.aspect.LoggingAspect - ============@AfterReturning==========
2018-01-04 13:55:47 [main] DEBUG c.s.a.aspect.LoggingAspect - Method Name : get
2018-01-04 13:55:47 [main] DEBUG c.s.a.aspect.LoggingAspect - Method arguments : [Java]
2018-01-04 13:55:47 [main] DEBUG c.s.a.aspect.LoggingAspect - *********************************
2018-01-04 13:55:47 [main] INFO  c.s.a.aspect.LoggingAspect - ============@Before==========
2018-01-04 13:55:47 [main] DEBUG c.s.a.aspect.LoggingAspect - Method Name : delete
2018-01-04 13:55:47 [main] DEBUG c.s.a.aspect.LoggingAspect - *********************************
2018-01-04 13:55:47 [main] DEBUG o.s.orm.jpa.JpaTransactionManager - Found thread-bound EntityManager [SessionImpl(PersistenceContext[entityKeys=[EntityKey[com.stackroute.activitystream.model.Circle#Java]],collectionKeys=[]];ActionQueue[insertions=ExecutableList{size=0} updates=ExecutableList{size=0} deletions=ExecutableList{size=0} orphanRemovals=ExecutableList{size=0} collectionCreations=ExecutableList{size=0} collectionRemovals=ExecutableList{size=0} collectionUpdates=ExecutableList{size=0} collectionQueuedOps=ExecutableList{size=0} unresolvedInsertDependencies=null])] for JPA transaction
2018-01-04 13:55:47 [main] DEBUG o.s.orm.jpa.JpaTransactionManager - Participating in existing transaction
2018-01-04 13:55:47 [main] INFO  c.s.a.aspect.LoggingAspect - ============@After==========
2018-01-04 13:55:47 [main] DEBUG c.s.a.aspect.LoggingAspect - Method Name : delete
2018-01-04 13:55:47 [main] DEBUG c.s.a.aspect.LoggingAspect - Method arguments : [com.stackroute.activitystream.model.Circle@12a470dd]
2018-01-04 13:55:47 [main] DEBUG c.s.a.aspect.LoggingAspect - *********************************
2018-01-04 13:55:47 [main] DEBUG c.s.a.aspect.LoggingAspect - ============@AfterReturning==========
2018-01-04 13:55:47 [main] DEBUG c.s.a.aspect.LoggingAspect - Method Name : delete
2018-01-04 13:55:47 [main] DEBUG c.s.a.aspect.LoggingAspect - Method arguments : [com.stackroute.activitystream.model.Circle@12a470dd]
2018-01-04 13:55:47 [main] DEBUG c.s.a.aspect.LoggingAspect - *********************************
2018-01-04 13:55:47 [main] INFO  c.s.a.aspect.LoggingAspect - ============@Before==========
2018-01-04 13:55:47 [main] DEBUG c.s.a.aspect.LoggingAspect - Method Name : save
2018-01-04 13:55:47 [main] DEBUG c.s.a.aspect.LoggingAspect - *********************************
2018-01-04 13:55:47 [main] DEBUG o.s.orm.jpa.JpaTransactionManager - Found thread-bound EntityManager [SessionImpl(PersistenceContext[entityKeys=[EntityKey[com.stackroute.activitystream.model.Circle#Java]],collectionKeys=[]];ActionQueue[insertions=ExecutableList{size=0} updates=ExecutableList{size=0} deletions=ExecutableList{size=0} orphanRemovals=ExecutableList{size=0} collectionCreations=ExecutableList{size=0} collectionRemovals=ExecutableList{size=0} collectionUpdates=ExecutableList{size=0} collectionQueuedOps=ExecutableList{size=0} unresolvedInsertDependencies=null])] for JPA transaction
2018-01-04 13:55:47 [main] DEBUG o.s.orm.jpa.JpaTransactionManager - Participating in existing transaction
2018-01-04 13:55:47 [main] INFO  c.s.a.aspect.LoggingAspect - ============@After==========
2018-01-04 13:55:47 [main] DEBUG c.s.a.aspect.LoggingAspect - Method Name : save
2018-01-04 13:55:47 [main] DEBUG c.s.a.aspect.LoggingAspect - Method arguments : [com.stackroute.activitystream.model.User@6968bcec]
2018-01-04 13:55:47 [main] DEBUG c.s.a.aspect.LoggingAspect - *********************************
2018-01-04 13:55:47 [main] DEBUG c.s.a.aspect.LoggingAspect - ============@AfterReturning==========
2018-01-04 13:55:47 [main] DEBUG c.s.a.aspect.LoggingAspect - Method Name : save
2018-01-04 13:55:47 [main] DEBUG c.s.a.aspect.LoggingAspect - Method arguments : [com.stackroute.activitystream.model.User@6968bcec]
2018-01-04 13:55:47 [main] DEBUG c.s.a.aspect.LoggingAspect - *********************************
2018-01-04 13:55:47 [main] INFO  c.s.a.aspect.LoggingAspect - ============@Before==========
