2018-01-04 13:59:48 [main] INFO  c.s.a.aspect.LoggingAspect - ============@Before==========
2018-01-04 13:59:48 [main] DEBUG c.s.a.aspect.LoggingAspect - Method Name : sendMessageToCircle
2018-01-04 13:59:48 [main] DEBUG c.s.a.aspect.LoggingAspect - *********************************
2018-01-04 13:59:48 [main] DEBUG o.s.orm.jpa.JpaTransactionManager - Found thread-bound EntityManager [SessionImpl(PersistenceContext[entityKeys=[EntityKey[com.stackroute.activitystream.model.User#will], EntityKey[com.stackroute.activitystream.model.Circle#Java], EntityKey[com.stackroute.activitystream.model.UserCircle#82], EntityKey[com.stackroute.activitystream.model.User#john], EntityKey[com.stackroute.activitystream.model.UserCircle#30]],collectionKeys=[]];ActionQueue[insertions=ExecutableList{size=3} updates=ExecutableList{size=0} deletions=ExecutableList{size=0} orphanRemovals=ExecutableList{size=0} collectionCreations=ExecutableList{size=0} collectionRemovals=ExecutableList{size=0} collectionUpdates=ExecutableList{size=0} collectionQueuedOps=ExecutableList{size=0} unresolvedInsertDependencies=null])] for JPA transaction
2018-01-04 13:59:48 [main] DEBUG o.s.orm.jpa.JpaTransactionManager - Participating in existing transaction
2018-01-04 13:59:48 [main] DEBUG o.s.d.r.c.s.TransactionalRepositoryProxyPostProcessor$CustomAnnotationTransactionAttributeSource - Adding transactional method 'save' with attribute: PROPAGATION_REQUIRED,ISOLATION_DEFAULT; ''
2018-01-04 13:59:48 [main] DEBUG o.s.b.f.s.DefaultListableBeanFactory - Returning cached instance of singleton bean 'transactionManager'
2018-01-04 13:59:48 [main] DEBUG o.s.orm.jpa.JpaTransactionManager - Found thread-bound EntityManager [SessionImpl(PersistenceContext[entityKeys=[EntityKey[com.stackroute.activitystream.model.User#will], EntityKey[com.stackroute.activitystream.model.Circle#Java], EntityKey[com.stackroute.activitystream.model.UserCircle#82], EntityKey[com.stackroute.activitystream.model.User#john], EntityKey[com.stackroute.activitystream.model.UserCircle#30]],collectionKeys=[]];ActionQueue[insertions=ExecutableList{size=3} updates=ExecutableList{size=0} deletions=ExecutableList{size=0} orphanRemovals=ExecutableList{size=0} collectionCreations=ExecutableList{size=0} collectionRemovals=ExecutableList{size=0} collectionUpdates=ExecutableList{size=0} collectionQueuedOps=ExecutableList{size=0} unresolvedInsertDependencies=null])] for JPA transaction
2018-01-04 13:59:48 [main] DEBUG o.s.orm.jpa.JpaTransactionManager - Participating in existing transaction
2018-01-04 13:59:48 [main] DEBUG o.s.j.d.DriverManagerDataSource - Creating new JDBC DriverManager Connection to [jdbc:mysql://localhost:3306/activitystream_step5]
2018-01-04 13:59:48 [main] INFO  c.s.a.aspect.LoggingAspect - ============@After==========
2018-01-04 13:59:48 [main] DEBUG c.s.a.aspect.LoggingAspect - Method Name : sendMessageToCircle
2018-01-04 13:59:48 [main] DEBUG c.s.a.aspect.LoggingAspect - Method arguments : [Java, com.stackroute.activitystream.model.Message@4cb40e3b]
2018-01-04 13:59:48 [main] DEBUG c.s.a.aspect.LoggingAspect - *********************************
2018-01-04 13:59:48 [main] DEBUG c.s.a.aspect.LoggingAspect - ============@AfterReturning==========
2018-01-04 13:59:48 [main] DEBUG c.s.a.aspect.LoggingAspect - Method Name : sendMessageToCircle
2018-01-04 13:59:48 [main] DEBUG c.s.a.aspect.LoggingAspect - Method arguments : [Java, com.stackroute.activitystream.model.Message@4cb40e3b]
2018-01-04 13:59:48 [main] DEBUG c.s.a.aspect.LoggingAspect - *********************************
2018-01-04 13:59:48 [main] INFO  c.s.a.aspect.LoggingAspect - ============@Before==========
2018-01-04 13:59:48 [main] DEBUG c.s.a.aspect.LoggingAspect - Method Name : get
2018-01-04 13:59:48 [main] DEBUG c.s.a.aspect.LoggingAspect - *********************************
2018-01-04 13:59:48 [main] DEBUG o.s.orm.jpa.JpaTransactionManager - Found thread-bound EntityManager [SessionImpl(PersistenceContext[entityKeys=[EntityKey[com.stackroute.activitystream.model.User#will], EntityKey[com.stackroute.activitystream.model.Circle#Java], EntityKey[com.stackroute.activitystream.model.UserCircle#82], EntityKey[com.stackroute.activitystream.model.Message#83], EntityKey[com.stackroute.activitystream.model.User#john], EntityKey[com.stackroute.activitystream.model.UserCircle#30]],collectionKeys=[]];ActionQueue[insertions=ExecutableList{size=4} updates=ExecutableList{size=0} deletions=ExecutableList{size=0} orphanRemovals=ExecutableList{size=0} collectionCreations=ExecutableList{size=0} collectionRemovals=ExecutableList{size=0} collectionUpdates=ExecutableList{size=0} collectionQueuedOps=ExecutableList{size=0} unresolvedInsertDependencies=null])] for JPA transaction
2018-01-04 13:59:48 [main] DEBUG o.s.orm.jpa.JpaTransactionManager - Participating in existing transaction
2018-01-04 13:59:48 [main] INFO  c.s.a.aspect.LoggingAspect - ============@After==========
2018-01-04 13:59:48 [main] DEBUG c.s.a.aspect.LoggingAspect - Method Name : get
2018-01-04 13:59:48 [main] DEBUG c.s.a.aspect.LoggingAspect - Method arguments : [john]
2018-01-04 13:59:48 [main] DEBUG c.s.a.aspect.LoggingAspect - *********************************
2018-01-04 13:59:48 [main] DEBUG c.s.a.aspect.LoggingAspect - ============@AfterReturning==========
2018-01-04 13:59:48 [main] DEBUG c.s.a.aspect.LoggingAspect - Method Name : get
2018-01-04 13:59:48 [main] DEBUG c.s.a.aspect.LoggingAspect - Method arguments : [john]
2018-01-04 13:59:48 [main] DEBUG c.s.a.aspect.LoggingAspect - *********************************
2018-01-04 13:59:48 [main] INFO  c.s.a.aspect.LoggingAspect - ============@Before==========
2018-01-04 13:59:48 [main] DEBUG c.s.a.aspect.LoggingAspect - Method Name : get
2018-01-04 13:59:48 [main] DEBUG c.s.a.aspect.LoggingAspect - *********************************
2018-01-04 13:59:48 [main] DEBUG o.s.orm.jpa.JpaTransactionManager - Found thread-bound EntityManager [SessionImpl(PersistenceContext[entityKeys=[EntityKey[com.stackroute.activitystream.model.User#will], EntityKey[com.stackroute.activitystream.model.Circle#Java], EntityKey[com.stackroute.activitystream.model.UserCircle#82], EntityKey[com.stackroute.activitystream.model.Message#83], EntityKey[com.stackroute.activitystream.model.User#john], EntityKey[com.stackroute.activitystream.model.UserCircle#30]],collectionKeys=[]];ActionQueue[insertions=ExecutableList{size=4} updates=ExecutableList{size=0} deletions=ExecutableList{size=0} orphanRemovals=ExecutableList{size=0} collectionCreations=ExecutableList{size=0} collectionRemovals=ExecutableList{size=0} collectionUpdates=ExecutableList{size=0} collectionQueuedOps=ExecutableList{size=0} unresolvedInsertDependencies=null])] for JPA transaction
2018-01-04 13:59:48 [main] DEBUG o.s.orm.jpa.JpaTransactionManager - Participating in existing transaction
2018-01-04 13:59:48 [main] INFO  c.s.a.aspect.LoggingAspect - ============@After==========
2018-01-04 13:59:48 [main] DEBUG c.s.a.aspect.LoggingAspect - Method Name : get
2018-01-04 13:59:48 [main] DEBUG c.s.a.aspect.LoggingAspect - Method arguments : [john]
2018-01-04 13:59:48 [main] DEBUG c.s.a.aspect.LoggingAspect - *********************************
2018-01-04 13:59:48 [main] DEBUG c.s.a.aspect.LoggingAspect - ============@AfterReturning==========
2018-01-04 13:59:48 [main] DEBUG c.s.a.aspect.LoggingAspect - Method Name : get
2018-01-04 13:59:48 [main] DEBUG c.s.a.aspect.LoggingAspect - Method arguments : [john]
2018-01-04 13:59:48 [main] DEBUG c.s.a.aspect.LoggingAspect - *********************************
2018-01-04 13:59:48 [main] INFO  c.s.a.aspect.LoggingAspect - ============@Before==========
2018-01-04 13:59:48 [main] DEBUG c.s.a.aspect.LoggingAspect - Method Name : delete
2018-01-04 13:59:48 [main] DEBUG c.s.a.aspect.LoggingAspect - *********************************
2018-01-04 13:59:48 [main] DEBUG o.s.orm.jpa.JpaTransactionManager - Found thread-bound EntityManager [SessionImpl(PersistenceContext[entityKeys=[EntityKey[com.stackroute.activitystream.model.User#will], EntityKey[com.stackroute.activitystream.model.Circle#Java], EntityKey[com.stackroute.activitystream.model.UserCircle#82], EntityKey[com.stackroute.activitystream.model.Message#83], EntityKey[com.stackroute.activitystream.model.User#john], EntityKey[com.stackroute.activitystream.model.UserCircle#30]],collectionKeys=[]];ActionQueue[insertions=ExecutableList{size=4} updates=ExecutableList{size=0} deletions=ExecutableList{size=0} orphanRemovals=ExecutableList{size=0} collectionCreations=ExecutableList{size=0} collectionRemovals=ExecutableList{size=0} collectionUpdates=ExecutableList{size=0} collectionQueuedOps=ExecutableList{size=0} unresolvedInsertDependencies=null])] for JPA transaction
2018-01-04 13:59:48 [main] DEBUG o.s.orm.jpa.JpaTransactionManager - Participating in existing transaction
2018-01-04 13:59:48 [main] DEBUG o.s.orm.jpa.JpaTransactionManager - Found thread-bound EntityManager [SessionImpl(PersistenceContext[entityKeys=[EntityKey[com.stackroute.activitystream.model.User#will], EntityKey[com.stackroute.activitystream.model.Circle#Java], EntityKey[com.stackroute.activitystream.model.UserCircle#82], EntityKey[com.stackroute.activitystream.model.Message#83], EntityKey[com.stackroute.activitystream.model.User#john], EntityKey[com.stackroute.activitystream.model.UserCircle#30]],collectionKeys=[]];ActionQueue[insertions=ExecutableList{size=4} updates=ExecutableList{size=0} deletions=ExecutableList{size=1} orphanRemovals=ExecutableList{size=0} collectionCreations=ExecutableList{size=0} collectionRemovals=ExecutableList{size=0} collectionUpdates=ExecutableList{size=0} collectionQueuedOps=ExecutableList{size=0} unresolvedInsertDependencies=null])] for JPA transaction
2018-01-04 13:59:48 [main] DEBUG o.s.orm.jpa.JpaTransactionManager - Participating in existing transaction
2018-01-04 13:59:48 [main] INFO  c.s.a.aspect.LoggingAspect - ============@After==========
2018-01-04 13:59:48 [main] DEBUG c.s.a.aspect.LoggingAspect - Method Name : delete
2018-01-04 13:59:48 [main] DEBUG c.s.a.aspect.LoggingAspect - Method arguments : [com.stackroute.activitystream.model.User@3e36b7a0]
2018-01-04 13:59:48 [main] DEBUG c.s.a.aspect.LoggingAspect - *********************************
2018-01-04 13:59:48 [main] DEBUG c.s.a.aspect.LoggingAspect - ============@AfterReturning==========
2018-01-04 13:59:48 [main] DEBUG c.s.a.aspect.LoggingAspect - Method Name : delete
2018-01-04 13:59:48 [main] DEBUG c.s.a.aspect.LoggingAspect - Method arguments : [com.stackroute.activitystream.model.User@3e36b7a0]
2018-01-04 13:59:48 [main] DEBUG c.s.a.aspect.LoggingAspect - *********************************
2018-01-04 13:59:48 [main] INFO  c.s.a.aspect.LoggingAspect - ============@Before==========
2018-01-04 13:59:48 [main] DEBUG c.s.a.aspect.LoggingAspect - Method Name : get
2018-01-04 13:59:48 [main] DEBUG c.s.a.aspect.LoggingAspect - *********************************
2018-01-04 13:59:48 [main] DEBUG o.s.orm.jpa.JpaTransactionManager - Found thread-bound EntityManager [SessionImpl(PersistenceContext[entityKeys=[EntityKey[com.stackroute.activitystream.model.User#will], EntityKey[com.stackroute.activitystream.model.Circle#Java], EntityKey[com.stackroute.activitystream.model.UserCircle#82], EntityKey[com.stackroute.activitystream.model.Message#83], EntityKey[com.stackroute.activitystream.model.User#john], EntityKey[com.stackroute.activitystream.model.UserCircle#30]],collectionKeys=[]];ActionQueue[insertions=ExecutableList{size=4} updates=ExecutableList{size=0} deletions=ExecutableList{size=1} orphanRemovals=ExecutableList{size=0} collectionCreations=ExecutableList{size=0} collectionRemovals=ExecutableList{size=0} collectionUpdates=ExecutableList{size=0} collectionQueuedOps=ExecutableList{size=0} unresolvedInsertDependencies=null])] for JPA transaction
2018-01-04 13:59:48 [main] DEBUG o.s.orm.jpa.JpaTransactionManager - Participating in existing transaction
