2018-01-04 13:59:51 [main] DEBUG o.s.orm.jpa.JpaTransactionManager - Found thread-bound EntityManager [SessionImpl(PersistenceContext[entityKeys=[EntityKey[com.stackroute.activitystream.model.User#john]],collectionKeys=[]];ActionQueue[insertions=ExecutableList{size=0} updates=ExecutableList{size=0} deletions=ExecutableList{size=0} orphanRemovals=ExecutableList{size=0} collectionCreations=ExecutableList{size=0} collectionRemovals=ExecutableList{size=0} collectionUpdates=ExecutableList{size=0} collectionQueuedOps=ExecutableList{size=0} unresolvedInsertDependencies=null])] for JPA transaction
2018-01-04 13:59:51 [main] DEBUG o.s.orm.jpa.JpaTransactionManager - Participating in existing transaction
2018-01-04 13:59:51 [main] DEBUG o.s.orm.jpa.JpaTransactionManager - Found thread-bound EntityManager [SessionImpl(PersistenceContext[entityKeys=[EntityKey[com.stackroute.activitystream.model.User#john]],collectionKeys=[]];ActionQueue[insertions=ExecutableList{size=0} updates=ExecutableList{size=0} deletions=ExecutableList{size=1} orphanRemovals=ExecutableList{size=0} collectionCreations=ExecutableList{size=0} collectionRemovals=ExecutableList{size=0} collectionUpdates=ExecutableList{size=0} collectionQueuedOps=ExecutableList{size=0} unresolvedInsertDependencies=null])] for JPA transaction
2018-01-04 13:59:51 [main] DEBUG o.s.orm.jpa.JpaTransactionManager - Participating in existing transaction
2018-01-04 13:59:51 [main] INFO  c.s.a.aspect.LoggingAspect - ============@After==========
2018-01-04 13:59:51 [main] DEBUG c.s.a.aspect.LoggingAspect - Method Name : delete
2018-01-04 13:59:51 [main] DEBUG c.s.a.aspect.LoggingAspect - Method arguments : [com.stackroute.activitystream.model.User@23c767e6]
2018-01-04 13:59:51 [main] DEBUG c.s.a.aspect.LoggingAspect - *********************************
2018-01-04 13:59:51 [main] DEBUG c.s.a.aspect.LoggingAspect - ============@AfterReturning==========
2018-01-04 13:59:51 [main] DEBUG c.s.a.aspect.LoggingAspect - Method Name : delete
2018-01-04 13:59:51 [main] DEBUG c.s.a.aspect.LoggingAspect - Method arguments : [com.stackroute.activitystream.model.User@23c767e6]
2018-01-04 13:59:51 [main] DEBUG c.s.a.aspect.LoggingAspect - *********************************
2018-01-04 13:59:51 [main] INFO  c.s.a.aspect.LoggingAspect - ============@Before==========
2018-01-04 13:59:51 [main] DEBUG c.s.a.aspect.LoggingAspect - Method Name : get
2018-01-04 13:59:51 [main] DEBUG c.s.a.aspect.LoggingAspect - *********************************
2018-01-04 13:59:51 [main] DEBUG o.s.orm.jpa.JpaTransactionManager - Found thread-bound EntityManager [SessionImpl(PersistenceContext[entityKeys=[EntityKey[com.stackroute.activitystream.model.User#john]],collectionKeys=[]];ActionQueue[insertions=ExecutableList{size=0} updates=ExecutableList{size=0} deletions=ExecutableList{size=1} orphanRemovals=ExecutableList{size=0} collectionCreations=ExecutableList{size=0} collectionRemovals=ExecutableList{size=0} collectionUpdates=ExecutableList{size=0} collectionQueuedOps=ExecutableList{size=0} unresolvedInsertDependencies=null])] for JPA transaction
2018-01-04 13:59:51 [main] DEBUG o.s.orm.jpa.JpaTransactionManager - Participating in existing transaction
2018-01-04 13:59:51 [main] INFO  c.s.a.aspect.LoggingAspect - ============@After==========
2018-01-04 13:59:51 [main] DEBUG c.s.a.aspect.LoggingAspect - Method Name : get
2018-01-04 13:59:51 [main] DEBUG c.s.a.aspect.LoggingAspect - Method arguments : [will]
2018-01-04 13:59:51 [main] DEBUG c.s.a.aspect.LoggingAspect - *********************************
2018-01-04 13:59:51 [main] DEBUG c.s.a.aspect.LoggingAspect - ============@AfterReturning==========
2018-01-04 13:59:51 [main] DEBUG c.s.a.aspect.LoggingAspect - Method Name : get
2018-01-04 13:59:51 [main] DEBUG c.s.a.aspect.LoggingAspect - Method arguments : [will]
2018-01-04 13:59:51 [main] DEBUG c.s.a.aspect.LoggingAspect - *********************************
2018-01-04 13:59:51 [main] INFO  c.s.a.aspect.LoggingAspect - ============@Before==========
2018-01-04 13:59:51 [main] DEBUG c.s.a.aspect.LoggingAspect - Method Name : get
2018-01-04 13:59:51 [main] DEBUG c.s.a.aspect.LoggingAspect - *********************************
2018-01-04 13:59:51 [main] DEBUG o.s.orm.jpa.JpaTransactionManager - Found thread-bound EntityManager [SessionImpl(PersistenceContext[entityKeys=[EntityKey[com.stackroute.activitystream.model.User#will], EntityKey[com.stackroute.activitystream.model.User#john]],collectionKeys=[]];ActionQueue[insertions=ExecutableList{size=0} updates=ExecutableList{size=0} deletions=ExecutableList{size=1} orphanRemovals=ExecutableList{size=0} collectionCreations=ExecutableList{size=0} collectionRemovals=ExecutableList{size=0} collectionUpdates=ExecutableList{size=0} collectionQueuedOps=ExecutableList{size=0} unresolvedInsertDependencies=null])] for JPA transaction
2018-01-04 13:59:51 [main] DEBUG o.s.orm.jpa.JpaTransactionManager - Participating in existing transaction
2018-01-04 13:59:51 [main] INFO  c.s.a.aspect.LoggingAspect - ============@After==========
2018-01-04 13:59:51 [main] DEBUG c.s.a.aspect.LoggingAspect - Method Name : get
2018-01-04 13:59:51 [main] DEBUG c.s.a.aspect.LoggingAspect - Method arguments : [will]
2018-01-04 13:59:51 [main] DEBUG c.s.a.aspect.LoggingAspect - *********************************
2018-01-04 13:59:51 [main] DEBUG c.s.a.aspect.LoggingAspect - ============@AfterReturning==========
2018-01-04 13:59:51 [main] DEBUG c.s.a.aspect.LoggingAspect - Method Name : get
2018-01-04 13:59:51 [main] DEBUG c.s.a.aspect.LoggingAspect - Method arguments : [will]
2018-01-04 13:59:51 [main] DEBUG c.s.a.aspect.LoggingAspect - *********************************
2018-01-04 13:59:51 [main] INFO  c.s.a.aspect.LoggingAspect - ============@Before==========
2018-01-04 13:59:51 [main] DEBUG c.s.a.aspect.LoggingAspect - Method Name : delete
2018-01-04 13:59:51 [main] DEBUG c.s.a.aspect.LoggingAspect - *********************************
2018-01-04 13:59:51 [main] DEBUG o.s.orm.jpa.JpaTransactionManager - Found thread-bound EntityManager [SessionImpl(PersistenceContext[entityKeys=[EntityKey[com.stackroute.activitystream.model.User#will], EntityKey[com.stackroute.activitystream.model.User#john]],collectionKeys=[]];ActionQueue[insertions=ExecutableList{size=0} updates=ExecutableList{size=0} deletions=ExecutableList{size=1} orphanRemovals=ExecutableList{size=0} collectionCreations=ExecutableList{size=0} collectionRemovals=ExecutableList{size=0} collectionUpdates=ExecutableList{size=0} collectionQueuedOps=ExecutableList{size=0} unresolvedInsertDependencies=null])] for JPA transaction
2018-01-04 13:59:51 [main] DEBUG o.s.orm.jpa.JpaTransactionManager - Participating in existing transaction
2018-01-04 13:59:51 [main] DEBUG o.s.orm.jpa.JpaTransactionManager - Found thread-bound EntityManager [SessionImpl(PersistenceContext[entityKeys=[EntityKey[com.stackroute.activitystream.model.User#will], EntityKey[com.stackroute.activitystream.model.User#john]],collectionKeys=[]];ActionQueue[insertions=ExecutableList{size=0} updates=ExecutableList{size=0} deletions=ExecutableList{size=2} orphanRemovals=ExecutableList{size=0} collectionCreations=ExecutableList{size=0} collectionRemovals=ExecutableList{size=0} collectionUpdates=ExecutableList{size=0} collectionQueuedOps=ExecutableList{size=0} unresolvedInsertDependencies=null])] for JPA transaction
2018-01-04 13:59:51 [main] DEBUG o.s.orm.jpa.JpaTransactionManager - Participating in existing transaction
2018-01-04 13:59:51 [main] INFO  c.s.a.aspect.LoggingAspect - ============@After==========
2018-01-04 13:59:51 [main] DEBUG c.s.a.aspect.LoggingAspect - Method Name : delete
2018-01-04 13:59:51 [main] DEBUG c.s.a.aspect.LoggingAspect - Method arguments : [com.stackroute.activitystream.model.User@31e739bf]
2018-01-04 13:59:51 [main] DEBUG c.s.a.aspect.LoggingAspect - *********************************
2018-01-04 13:59:51 [main] DEBUG c.s.a.aspect.LoggingAspect - ============@AfterReturning==========
2018-01-04 13:59:51 [main] DEBUG c.s.a.aspect.LoggingAspect - Method Name : delete
2018-01-04 13:59:51 [main] DEBUG c.s.a.aspect.LoggingAspect - Method arguments : [com.stackroute.activitystream.model.User@31e739bf]
2018-01-04 13:59:51 [main] DEBUG c.s.a.aspect.LoggingAspect - *********************************
2018-01-04 13:59:51 [main] INFO  c.s.a.aspect.LoggingAspect - ============@Before==========
2018-01-04 13:59:51 [main] DEBUG c.s.a.aspect.LoggingAspect - Method Name : save
2018-01-04 13:59:51 [main] DEBUG c.s.a.aspect.LoggingAspect - *********************************
2018-01-04 13:59:51 [main] DEBUG o.s.orm.jpa.JpaTransactionManager - Found thread-bound EntityManager [SessionImpl(PersistenceContext[entityKeys=[EntityKey[com.stackroute.activitystream.model.User#will], EntityKey[com.stackroute.activitystream.model.User#john]],collectionKeys=[]];ActionQueue[insertions=ExecutableList{size=0} updates=ExecutableList{size=0} deletions=ExecutableList{size=2} orphanRemovals=ExecutableList{size=0} collectionCreations=ExecutableList{size=0} collectionRemovals=ExecutableList{size=0} collectionUpdates=ExecutableList{size=0} collectionQueuedOps=ExecutableList{size=0} unresolvedInsertDependencies=null])] for JPA transaction
2018-01-04 13:59:51 [main] DEBUG o.s.orm.jpa.JpaTransactionManager - Participating in existing transaction
2018-01-04 13:59:51 [main] INFO  c.s.a.aspect.LoggingAspect - ============@After==========
2018-01-04 13:59:51 [main] DEBUG c.s.a.aspect.LoggingAspect - Method Name : save
2018-01-04 13:59:51 [main] DEBUG c.s.a.aspect.LoggingAspect - Method arguments : [com.stackroute.activitystream.model.User@29079032]
2018-01-04 13:59:51 [main] DEBUG c.s.a.aspect.LoggingAspect - *********************************
2018-01-04 13:59:51 [main] DEBUG c.s.a.aspect.LoggingAspect - ============@AfterReturning==========
2018-01-04 13:59:51 [main] DEBUG c.s.a.aspect.LoggingAspect - Method Name : save
2018-01-04 13:59:51 [main] DEBUG c.s.a.aspect.LoggingAspect - Method arguments : [com.stackroute.activitystream.model.User@29079032]
2018-01-04 13:59:51 [main] DEBUG c.s.a.aspect.LoggingAspect - *********************************
2018-01-04 13:59:51 [main] INFO  c.s.a.aspect.LoggingAspect - ============@Before==========
2018-01-04 13:59:51 [main] DEBUG c.s.a.aspect.LoggingAspect - Method Name : save
2018-01-04 13:59:51 [main] DEBUG c.s.a.aspect.LoggingAspect - *********************************
2018-01-04 13:59:51 [main] DEBUG o.s.orm.jpa.JpaTransactionManager - Found thread-bound EntityManager [SessionImpl(PersistenceContext[entityKeys=[EntityKey[com.stackroute.activitystream.model.User#john]],collectionKeys=[]];ActionQueue[insertions=ExecutableList{size=1} updates=ExecutableList{size=0} deletions=ExecutableList{size=0} orphanRemovals=ExecutableList{size=0} collectionCreations=ExecutableList{size=0} collectionRemovals=ExecutableList{size=0} collectionUpdates=ExecutableList{size=0} collectionQueuedOps=ExecutableList{size=0} unresolvedInsertDependencies=null])] for JPA transaction
2018-01-04 13:59:51 [main] DEBUG o.s.orm.jpa.JpaTransactionManager - Participating in existing transaction
2018-01-04 13:59:51 [main] INFO  c.s.a.aspect.LoggingAspect - ============@After==========
2018-01-04 13:59:51 [main] DEBUG c.s.a.aspect.LoggingAspect - Method Name : save
2018-01-04 13:59:51 [main] DEBUG c.s.a.aspect.LoggingAspect - Method arguments : [com.stackroute.activitystream.model.User@6661d8c0]
2018-01-04 13:59:51 [main] DEBUG c.s.a.aspect.LoggingAspect - *********************************
2018-01-04 13:59:51 [main] DEBUG c.s.a.aspect.LoggingAspect - ============@AfterReturning==========
2018-01-04 13:59:51 [main] DEBUG c.s.a.aspect.LoggingAspect - Method Name : save
2018-01-04 13:59:51 [main] DEBUG c.s.a.aspect.LoggingAspect - Method arguments : [com.stackroute.activitystream.model.User@6661d8c0]
2018-01-04 13:59:51 [main] DEBUG c.s.a.aspect.LoggingAspect - *********************************
2018-01-04 13:59:51 [main] INFO  c.s.a.aspect.LoggingAspect - ============@Before==========
