2018-01-04 14:12:07 [Thread-1] INFO  o.s.w.c.s.GenericWebApplicationContext - Closing org.springframework.web.context.support.GenericWebApplicationContext@6279cee3: startup date [Thu Jan 04 14:11:59 IST 2018]; root of context hierarchy
2018-01-04 14:12:07 [Thread-1] DEBUG o.s.b.f.s.DefaultListableBeanFactory - Returning cached instance of singleton bean 'lifecycleProcessor'
2018-01-04 14:12:07 [Thread-1] DEBUG o.s.b.f.s.DefaultListableBeanFactory - Destroying singletons in org.springframework.beans.factory.support.DefaultListableBeanFactory@654f0d9c: defining beans [org.springframework.context.annotation.internalConfigurationAnnotationProcessor,org.springframework.context.annotation.internalAutowiredAnnotationProcessor,org.springframework.context.annotation.internalRequiredAnnotationProcessor,org.springframework.context.annotation.internalCommonAnnotationProcessor,org.springframework.context.annotation.internalPersistenceAnnotationProcessor,org.springframework.context.event.internalEventListenerProcessor,org.springframework.context.event.internalEventListenerFactory,applicationContextConfig,persistenceJPAConfig,circle,message,user,userCircle,userTag,circleServiceImpl,messageServiceImpl,userCircleServiceImpl,userServiceImpl,org.springframework.transaction.annotation.ProxyTransactionManagementConfiguration,org.springframework.transaction.config.internalTransactionAdvisor,transactionAttributeSource,transactionInterceptor,org.springframework.transaction.config.internalTransactionalEventListenerFactory,logAspect,org.springframework.aop.config.internalAutoProxyCreator,entityManagerFactory,dataSource,transactionManager,exceptionTranslation,org.springframework.data.jpa.repository.config.JpaRepositoryConfigExtension#0,org.springframework.data.repository.core.support.RepositoryFactoryBeanSupport_Predictor,emBeanDefinitionRegistrarPostProcessor,jpaMappingContext,jpaContext,userCircleRepository,circleRepository,userRepository,messageRepository,userTagRepository,org.springframework.orm.jpa.SharedEntityManagerCreator#0]; root of factory hierarchy
2018-01-04 14:12:07 [Thread-1] DEBUG o.s.b.f.s.DefaultListableBeanFactory - Retrieved dependent beans for bean 'jpaMappingContext': [circleRepository, userRepository, userTagRepository, userCircleRepository, messageRepository]
2018-01-04 14:12:07 [Thread-1] DEBUG o.s.b.f.s.DefaultListableBeanFactory - Retrieved dependent beans for bean 'circleRepository': [circleServiceImpl, messageServiceImpl, userCircleServiceImpl, com.stackroute.activitystream.commander.UserCircleTest, com.stackroute.activitystream.test.UserCircleTest]
2018-01-04 14:12:07 [Thread-1] DEBUG o.s.b.f.s.DefaultListableBeanFactory - Retrieved dependent beans for bean 'circleServiceImpl': [com.stackroute.activitystream.commander.CircleTest, com.stackroute.activitystream.commander.MessageTest, com.stackroute.activitystream.test.CircleTest, com.stackroute.activitystream.test.MessageTest]
2018-01-04 14:12:07 [Thread-1] DEBUG o.s.b.f.s.DefaultListableBeanFactory - Retrieved dependent beans for bean 'userCircleServiceImpl': [com.stackroute.activitystream.commander.UserCircleTest, com.stackroute.activitystream.test.UserCircleTest]
2018-01-04 14:12:07 [Thread-1] DEBUG o.s.b.f.s.DefaultListableBeanFactory - Retrieved dependent beans for bean '(inner bean)#43e1692f': [circleRepository]
2018-01-04 14:12:07 [Thread-1] DEBUG o.s.b.f.s.DefaultListableBeanFactory - Retrieved dependent beans for bean '(inner bean)#27df0f3d': [(inner bean)#43e1692f]
2018-01-04 14:12:07 [Thread-1] DEBUG o.s.b.f.s.DefaultListableBeanFactory - Retrieved dependent beans for bean 'userRepository': [userServiceImpl]
2018-01-04 14:12:07 [Thread-1] DEBUG o.s.b.f.s.DefaultListableBeanFactory - Retrieved dependent beans for bean 'userServiceImpl': [com.stackroute.activitystream.commander.UserAuthTest, com.stackroute.activitystream.commander.UserTest, com.stackroute.activitystream.test.UserAuthTest, com.stackroute.activitystream.test.UserTest]
2018-01-04 14:12:07 [Thread-1] DEBUG o.s.b.f.s.DefaultListableBeanFactory - Retrieved dependent beans for bean '(inner bean)#9b9a327': [userRepository]
2018-01-04 14:12:07 [Thread-1] DEBUG o.s.b.f.s.DefaultListableBeanFactory - Retrieved dependent beans for bean '(inner bean)#75a0c890': [(inner bean)#9b9a327]
2018-01-04 14:12:07 [Thread-1] DEBUG o.s.b.f.s.DefaultListableBeanFactory - Retrieved dependent beans for bean '(inner bean)#58d6b7b9': [userTagRepository]
2018-01-04 14:12:07 [Thread-1] DEBUG o.s.b.f.s.DefaultListableBeanFactory - Retrieved dependent beans for bean '(inner bean)#3f1a4795': [(inner bean)#58d6b7b9]
2018-01-04 14:12:07 [Thread-1] DEBUG o.s.b.f.s.DefaultListableBeanFactory - Retrieved dependent beans for bean '(inner bean)#2e73d5eb': [userCircleRepository]
2018-01-04 14:12:07 [Thread-1] DEBUG o.s.b.f.s.DefaultListableBeanFactory - Retrieved dependent beans for bean '(inner bean)#79c5460e': [(inner bean)#2e73d5eb]
2018-01-04 14:12:07 [Thread-1] DEBUG o.s.b.f.s.DefaultListableBeanFactory - Retrieved dependent beans for bean '(inner bean)#655a01d8': [messageRepository]
2018-01-04 14:12:07 [Thread-1] DEBUG o.s.b.f.s.DefaultListableBeanFactory - Retrieved dependent beans for bean '(inner bean)#c29fe36': [(inner bean)#655a01d8]
2018-01-04 14:12:07 [Thread-1] DEBUG o.s.b.f.s.DisposableBeanAdapter - Invoking destroy() on bean with name 'jpaMappingContext'
2018-01-04 14:12:07 [Thread-1] DEBUG o.s.b.f.s.DefaultListableBeanFactory - Retrieved dependent beans for bean 'entityManagerFactory': [transactionManager, org.springframework.orm.jpa.SharedEntityManagerCreator#0]
2018-01-04 14:12:07 [Thread-1] DEBUG o.s.b.f.s.DefaultListableBeanFactory - Retrieved dependent beans for bean 'org.springframework.orm.jpa.SharedEntityManagerCreator#0': [jpaContext]
2018-01-04 14:12:07 [Thread-1] DEBUG o.s.b.f.s.DisposableBeanAdapter - Invoking destroy() on bean with name 'entityManagerFactory'
2018-01-04 14:12:07 [Thread-1] INFO  o.s.o.j.LocalContainerEntityManagerFactoryBean - Closing JPA EntityManagerFactory for persistence unit 'default'
2018-01-04 14:29:00 [main] DEBUG o.s.t.c.j.SpringJUnit4ClassRunner - SpringJUnit4ClassRunner constructor called with [class com.stackroute.activitystream.commander.UserCircleTest]
2018-01-04 14:29:00 [main] DEBUG o.s.test.context.BootstrapUtils - Instantiating CacheAwareContextLoaderDelegate from class [org.springframework.test.context.cache.DefaultCacheAwareContextLoaderDelegate]
2018-01-04 14:29:00 [main] DEBUG o.s.test.context.BootstrapUtils - Instantiating BootstrapContext using constructor [public org.springframework.test.context.support.DefaultBootstrapContext(java.lang.Class,org.springframework.test.context.CacheAwareContextLoaderDelegate)]
2018-01-04 14:29:00 [main] DEBUG o.s.test.context.BootstrapUtils - Instantiating TestContextBootstrapper for test class [com.stackroute.activitystream.commander.UserCircleTest] from class [org.springframework.test.context.web.WebTestContextBootstrapper]
2018-01-04 14:29:00 [main] DEBUG o.s.t.c.s.AbstractDelegatingSmartContextLoader - Delegating to AnnotationConfigWebContextLoader to process context configuration [ContextConfigurationAttributes@fad74ee declaringClass = 'com.stackroute.activitystream.commander.UserCircleTest', classes = '{class com.stackroute.activitystream.config.ApplicationContextConfig, class com.stackroute.activitystream.config.PersistenceJPAConfig}', locations = '{}', inheritLocations = true, initializers = '{}', inheritInitializers = true, name = [null], contextLoaderClass = 'org.springframework.test.context.ContextLoader'].
2018-01-04 14:29:00 [main] DEBUG o.s.t.c.support.ActiveProfilesUtils - Could not find an 'annotation declaring class' for annotation type [org.springframework.test.context.ActiveProfiles] and class [com.stackroute.activitystream.commander.UserCircleTest]
2018-01-04 14:29:00 [main] DEBUG o.s.t.c.w.WebTestContextBootstrapper - @TestExecutionListeners is not present for class [com.stackroute.activitystream.commander.UserCircleTest]: using defaults.
2018-01-04 14:29:00 [main] INFO  o.s.t.c.w.WebTestContextBootstrapper - Loaded default TestExecutionListener class names from location [META-INF/spring.factories]: [org.springframework.test.context.web.ServletTestExecutionListener, org.springframework.test.context.support.DirtiesContextBeforeModesTestExecutionListener, org.springframework.test.context.support.DependencyInjectionTestExecutionListener, org.springframework.test.context.support.DirtiesContextTestExecutionListener, org.springframework.test.context.transaction.TransactionalTestExecutionListener, org.springframework.test.context.jdbc.SqlScriptsTestExecutionListener]
2018-01-04 14:29:00 [main] INFO  o.s.t.c.w.WebTestContextBootstrapper - Using TestExecutionListeners: [org.springframework.test.context.web.ServletTestExecutionListener@149494d8, org.springframework.test.context.support.DirtiesContextBeforeModesTestExecutionListener@710726a3, org.springframework.test.context.support.DependencyInjectionTestExecutionListener@646007f4, org.springframework.test.context.support.DirtiesContextTestExecutionListener@481a15ff, org.springframework.test.context.transaction.TransactionalTestExecutionListener@78186a70, org.springframework.test.context.jdbc.SqlScriptsTestExecutionListener@306279ee]
2018-01-04 14:29:00 [main] DEBUG o.s.t.annotation.ProfileValueUtils - Retrieved @ProfileValueSourceConfiguration [null] for test class [com.stackroute.activitystream.commander.UserCircleTest]
2018-01-04 14:29:00 [main] DEBUG o.s.t.annotation.ProfileValueUtils - Retrieved ProfileValueSource type [class org.springframework.test.annotation.SystemProfileValueSource] for class [com.stackroute.activitystream.commander.UserCircleTest]
2018-01-04 14:29:00 [main] DEBUG o.s.t.c.j.SpringJUnit4ClassRunner - SpringJUnit4ClassRunner constructor called with [class com.stackroute.activitystream.test.UserCircleTest]
2018-01-04 14:29:00 [main] DEBUG o.s.test.context.BootstrapUtils - Instantiating CacheAwareContextLoaderDelegate from class [org.springframework.test.context.cache.DefaultCacheAwareContextLoaderDelegate]
2018-01-04 14:29:00 [main] DEBUG o.s.test.context.BootstrapUtils - Instantiating BootstrapContext using constructor [public org.springframework.test.context.support.DefaultBootstrapContext(java.lang.Class,org.springframework.test.context.CacheAwareContextLoaderDelegate)]
