2018-01-04 13:59:50 [main] DEBUG o.springframework.test.context.cache - Spring test ApplicationContext cache statistics: [DefaultContextCache@5e922647 size = 1, maxSize = 32, parentContextCount = 0, hitCount = 91, missCount = 1]
2018-01-04 13:59:50 [main] DEBUG o.s.b.f.annotation.InjectionMetadata - Processing injected element of bean 'com.stackroute.activitystream.test.CircleTest': AutowiredFieldElement for private com.stackroute.activitystream.service.UserService com.stackroute.activitystream.test.CircleTest.userService
2018-01-04 13:59:50 [main] DEBUG o.s.b.f.s.DefaultListableBeanFactory - Returning cached instance of singleton bean 'userServiceImpl'
2018-01-04 13:59:50 [main] DEBUG o.s.b.f.annotation.InjectionMetadata - Processing injected element of bean 'com.stackroute.activitystream.test.CircleTest': AutowiredFieldElement for private com.stackroute.activitystream.service.CircleService com.stackroute.activitystream.test.CircleTest.circleService
2018-01-04 13:59:50 [main] DEBUG o.s.b.f.s.DefaultListableBeanFactory - Returning cached instance of singleton bean 'circleServiceImpl'
2018-01-04 13:59:50 [main] DEBUG o.s.b.f.annotation.InjectionMetadata - Processing injected element of bean 'com.stackroute.activitystream.test.CircleTest': AutowiredFieldElement for private com.stackroute.activitystream.model.Circle com.stackroute.activitystream.test.CircleTest.circle
2018-01-04 13:59:50 [main] DEBUG o.s.b.f.s.DefaultListableBeanFactory - Returning cached instance of singleton bean 'circle'
2018-01-04 13:59:50 [main] DEBUG o.s.b.f.s.DefaultListableBeanFactory - Returning cached instance of singleton bean 'org.springframework.transaction.config.internalTransactionAdvisor'
2018-01-04 13:59:50 [main] DEBUG o.s.b.f.s.DefaultListableBeanFactory - Returning cached instance of singleton bean 'org.springframework.transaction.config.internalTransactionAdvisor'
2018-01-04 13:59:50 [main] DEBUG o.s.a.a.a.AnnotationAwareAspectJAutoProxyCreator - Creating implicit proxy for bean 'com.stackroute.activitystream.test.CircleTest' with 0 common interceptors and 1 specific interceptors
2018-01-04 13:59:50 [main] DEBUG o.s.aop.framework.CglibAopProxy - Creating CGLIB proxy: target source is SingletonTargetSource for target object [com.stackroute.activitystream.test.CircleTest@75b38c36]
2018-01-04 13:59:50 [main] DEBUG o.s.t.c.s.AbstractDirtiesContextTestExecutionListener - Before test method: context [DefaultTestContext@79eeff87 testClass = CircleTest, testInstance = com.stackroute.activitystream.test.CircleTest@75b38c36, testMethod = testGetAllCircles@CircleTest, testException = [null], mergedContextConfiguration = [WebMergedContextConfiguration@6b4fc2d1 testClass = CircleTest, locations = '{}', classes = '{class com.stackroute.activitystream.config.ApplicationContextConfig, class com.stackroute.activitystream.config.PersistenceJPAConfig}', contextInitializerClasses = '[]', activeProfiles = '{}', propertySourceLocations = '{}', propertySourceProperties = '{}', contextCustomizers = set[[empty]], resourceBasePath = 'src/main/webapp', contextLoader = 'org.springframework.test.context.web.WebDelegatingSmartContextLoader', parent = [null]]], class annotated with @DirtiesContext [false] with mode [null], method annotated with @DirtiesContext [false] with mode [null].
2018-01-04 13:59:50 [main] DEBUG o.s.t.a.AnnotationTransactionAttributeSource - Adding transactional method 'com.stackroute.activitystream.test.CircleTest.testGetAllCircles' with attribute: PROPAGATION_REQUIRED,ISOLATION_DEFAULT
2018-01-04 13:59:50 [main] DEBUG o.s.t.c.t.TransactionalTestExecutionListener - Explicit transaction definition [PROPAGATION_REQUIRED,ISOLATION_DEFAULT] found for test context [DefaultTestContext@79eeff87 testClass = CircleTest, testInstance = com.stackroute.activitystream.test.CircleTest@75b38c36, testMethod = testGetAllCircles@CircleTest, testException = [null], mergedContextConfiguration = [WebMergedContextConfiguration@6b4fc2d1 testClass = CircleTest, locations = '{}', classes = '{class com.stackroute.activitystream.config.ApplicationContextConfig, class com.stackroute.activitystream.config.PersistenceJPAConfig}', contextInitializerClasses = '[]', activeProfiles = '{}', propertySourceLocations = '{}', propertySourceProperties = '{}', contextCustomizers = set[[empty]], resourceBasePath = 'src/main/webapp', contextLoader = 'org.springframework.test.context.web.WebDelegatingSmartContextLoader', parent = [null]]]
2018-01-04 13:59:50 [main] DEBUG o.s.t.c.c.DefaultCacheAwareContextLoaderDelegate - Retrieved ApplicationContext from cache with key [[WebMergedContextConfiguration@6b4fc2d1 testClass = CircleTest, locations = '{}', classes = '{class com.stackroute.activitystream.config.ApplicationContextConfig, class com.stackroute.activitystream.config.PersistenceJPAConfig}', contextInitializerClasses = '[]', activeProfiles = '{}', propertySourceLocations = '{}', propertySourceProperties = '{}', contextCustomizers = set[[empty]], resourceBasePath = 'src/main/webapp', contextLoader = 'org.springframework.test.context.web.WebDelegatingSmartContextLoader', parent = [null]]]
2018-01-04 13:59:50 [main] DEBUG o.springframework.test.context.cache - Spring test ApplicationContext cache statistics: [DefaultContextCache@5e922647 size = 1, maxSize = 32, parentContextCount = 0, hitCount = 92, missCount = 1]
2018-01-04 13:59:50 [main] DEBUG o.s.b.f.s.DefaultListableBeanFactory - Returning cached instance of singleton bean 'transactionManager'
2018-01-04 13:59:50 [main] DEBUG o.s.t.c.t.TransactionalTestExecutionListener - No method-level @Rollback override: using default rollback [true] for test context [DefaultTestContext@79eeff87 testClass = CircleTest, testInstance = com.stackroute.activitystream.test.CircleTest@75b38c36, testMethod = testGetAllCircles@CircleTest, testException = [null], mergedContextConfiguration = [WebMergedContextConfiguration@6b4fc2d1 testClass = CircleTest, locations = '{}', classes = '{class com.stackroute.activitystream.config.ApplicationContextConfig, class com.stackroute.activitystream.config.PersistenceJPAConfig}', contextInitializerClasses = '[]', activeProfiles = '{}', propertySourceLocations = '{}', propertySourceProperties = '{}', contextCustomizers = set[[empty]], resourceBasePath = 'src/main/webapp', contextLoader = 'org.springframework.test.context.web.WebDelegatingSmartContextLoader', parent = [null]]].
2018-01-04 13:59:50 [main] DEBUG o.s.orm.jpa.JpaTransactionManager - Creating new transaction with name [com.stackroute.activitystream.test.CircleTest.testGetAllCircles]: PROPAGATION_REQUIRED,ISOLATION_DEFAULT
2018-01-04 13:59:50 [main] DEBUG o.s.orm.jpa.JpaTransactionManager - Opened new EntityManager [SessionImpl(PersistenceContext[entityKeys=[],collectionKeys=[]];ActionQueue[insertions=ExecutableList{size=0} updates=ExecutableList{size=0} deletions=ExecutableList{size=0} orphanRemovals=ExecutableList{size=0} collectionCreations=ExecutableList{size=0} collectionRemovals=ExecutableList{size=0} collectionUpdates=ExecutableList{size=0} collectionQueuedOps=ExecutableList{size=0} unresolvedInsertDependencies=null])] for JPA transaction
2018-01-04 13:59:50 [main] DEBUG o.s.j.d.DriverManagerDataSource - Creating new JDBC DriverManager Connection to [jdbc:mysql://localhost:3306/activitystream_step5]
2018-01-04 13:59:50 [main] DEBUG o.s.orm.jpa.JpaTransactionManager - Exposing JPA transaction as JDBC transaction [org.springframework.orm.jpa.vendor.HibernateJpaDialect$HibernateConnectionHandle@1dcedc93]
2018-01-04 13:59:50 [main] INFO  o.s.t.c.t.TransactionContext - Began transaction (1) for test context [DefaultTestContext@79eeff87 testClass = CircleTest, testInstance = com.stackroute.activitystream.test.CircleTest@75b38c36, testMethod = testGetAllCircles@CircleTest, testException = [null], mergedContextConfiguration = [WebMergedContextConfiguration@6b4fc2d1 testClass = CircleTest, locations = '{}', classes = '{class com.stackroute.activitystream.config.ApplicationContextConfig, class com.stackroute.activitystream.config.PersistenceJPAConfig}', contextInitializerClasses = '[]', activeProfiles = '{}', propertySourceLocations = '{}', propertySourceProperties = '{}', contextCustomizers = set[[empty]], resourceBasePath = 'src/main/webapp', contextLoader = 'org.springframework.test.context.web.WebDelegatingSmartContextLoader', parent = [null]]]; transaction manager [org.springframework.orm.jpa.JpaTransactionManager@1f1e58ca]; rollback [true]
2018-01-04 13:59:50 [main] INFO  c.s.a.aspect.LoggingAspect - ============@Before==========
2018-01-04 13:59:50 [main] DEBUG c.s.a.aspect.LoggingAspect - Method Name : get
2018-01-04 13:59:50 [main] DEBUG c.s.a.aspect.LoggingAspect - *********************************
2018-01-04 13:59:50 [main] DEBUG o.s.orm.jpa.JpaTransactionManager - Found thread-bound EntityManager [SessionImpl(PersistenceContext[entityKeys=[],collectionKeys=[]];ActionQueue[insertions=ExecutableList{size=0} updates=ExecutableList{size=0} deletions=ExecutableList{size=0} orphanRemovals=ExecutableList{size=0} collectionCreations=ExecutableList{size=0} collectionRemovals=ExecutableList{size=0} collectionUpdates=ExecutableList{size=0} collectionQueuedOps=ExecutableList{size=0} unresolvedInsertDependencies=null])] for JPA transaction
2018-01-04 13:59:50 [main] DEBUG o.s.orm.jpa.JpaTransactionManager - Participating in existing transaction
2018-01-04 13:59:50 [main] INFO  c.s.a.aspect.LoggingAspect - ============@After==========
2018-01-04 13:59:50 [main] DEBUG c.s.a.aspect.LoggingAspect - Method Name : get
2018-01-04 13:59:50 [main] DEBUG c.s.a.aspect.LoggingAspect - Method arguments : [john]
2018-01-04 13:59:50 [main] DEBUG c.s.a.aspect.LoggingAspect - *********************************
2018-01-04 13:59:50 [main] DEBUG c.s.a.aspect.LoggingAspect - ============@AfterReturning==========
2018-01-04 13:59:50 [main] DEBUG c.s.a.aspect.LoggingAspect - Method Name : get
2018-01-04 13:59:50 [main] DEBUG c.s.a.aspect.LoggingAspect - Method arguments : [john]
2018-01-04 13:59:50 [main] DEBUG c.s.a.aspect.LoggingAspect - *********************************
2018-01-04 13:59:50 [main] INFO  c.s.a.aspect.LoggingAspect - ============@Before==========
2018-01-04 13:59:50 [main] DEBUG c.s.a.aspect.LoggingAspect - Method Name : get
2018-01-04 13:59:50 [main] DEBUG c.s.a.aspect.LoggingAspect - *********************************
2018-01-04 13:59:50 [main] DEBUG o.s.orm.jpa.JpaTransactionManager - Found thread-bound EntityManager [SessionImpl(PersistenceContext[entityKeys=[],collectionKeys=[]];ActionQueue[insertions=ExecutableList{size=0} updates=ExecutableList{size=0} deletions=ExecutableList{size=0} orphanRemovals=ExecutableList{size=0} collectionCreations=ExecutableList{size=0} collectionRemovals=ExecutableList{size=0} collectionUpdates=ExecutableList{size=0} collectionQueuedOps=ExecutableList{size=0} unresolvedInsertDependencies=null])] for JPA transaction
2018-01-04 13:59:50 [main] DEBUG o.s.orm.jpa.JpaTransactionManager - Participating in existing transaction
2018-01-04 13:59:50 [main] INFO  c.s.a.aspect.LoggingAspect - ============@After==========
2018-01-04 13:59:50 [main] DEBUG c.s.a.aspect.LoggingAspect - Method Name : get
2018-01-04 13:59:50 [main] DEBUG c.s.a.aspect.LoggingAspect - Method arguments : [Java]
2018-01-04 13:59:50 [main] DEBUG c.s.a.aspect.LoggingAspect - *********************************
2018-01-04 13:59:50 [main] DEBUG c.s.a.aspect.LoggingAspect - ============@AfterReturning==========
2018-01-04 13:59:50 [main] DEBUG c.s.a.aspect.LoggingAspect - Method Name : get
2018-01-04 13:59:50 [main] DEBUG c.s.a.aspect.LoggingAspect - Method arguments : [Java]
