2018-01-04 14:29:01 [main] DEBUG o.s.c.i.s.PathMatchingResourcePatternResolver - Searching directory [E:\ActivityStream\final\step5\step-5-solution\step-5-backend-solution\target\test-classes\com\stackroute\activitystream\commander] for files matching pattern [E:/ActivityStream/final/step5/step-5-solution/step-5-backend-solution/target/test-classes/com/stackroute/activitystream/**/*UserRepositoryImpl.class]
2018-01-04 14:29:01 [main] DEBUG o.s.c.i.s.PathMatchingResourcePatternResolver - Searching directory [E:\ActivityStream\final\step5\step-5-solution\step-5-backend-solution\target\test-classes\com\stackroute\activitystream\test] for files matching pattern [E:/ActivityStream/final/step5/step-5-solution/step-5-backend-solution/target/test-classes/com/stackroute/activitystream/**/*UserRepositoryImpl.class]
2018-01-04 14:29:01 [main] DEBUG o.s.c.i.s.PathMatchingResourcePatternResolver - Looking for matching resources in directory tree [E:\ActivityStream\final\step5\step-5-solution\step-5-backend-solution\target\classes\com\stackroute\activitystream]
2018-01-04 14:29:01 [main] DEBUG o.s.c.i.s.PathMatchingResourcePatternResolver - Searching directory [E:\ActivityStream\final\step5\step-5-solution\step-5-backend-solution\target\classes\com\stackroute\activitystream] for files matching pattern [E:/ActivityStream/final/step5/step-5-solution/step-5-backend-solution/target/classes/com/stackroute/activitystream/**/*UserRepositoryImpl.class]
2018-01-04 14:29:01 [main] DEBUG o.s.c.i.s.PathMatchingResourcePatternResolver - Searching directory [E:\ActivityStream\final\step5\step-5-solution\step-5-backend-solution\target\classes\com\stackroute\activitystream\aspect] for files matching pattern [E:/ActivityStream/final/step5/step-5-solution/step-5-backend-solution/target/classes/com/stackroute/activitystream/**/*UserRepositoryImpl.class]
2018-01-04 14:29:01 [main] DEBUG o.s.c.i.s.PathMatchingResourcePatternResolver - Searching directory [E:\ActivityStream\final\step5\step-5-solution\step-5-backend-solution\target\classes\com\stackroute\activitystream\config] for files matching pattern [E:/ActivityStream/final/step5/step-5-solution/step-5-backend-solution/target/classes/com/stackroute/activitystream/**/*UserRepositoryImpl.class]
2018-01-04 14:29:01 [main] DEBUG o.s.c.i.s.PathMatchingResourcePatternResolver - Searching directory [E:\ActivityStream\final\step5\step-5-solution\step-5-backend-solution\target\classes\com\stackroute\activitystream\model] for files matching pattern [E:/ActivityStream/final/step5/step-5-solution/step-5-backend-solution/target/classes/com/stackroute/activitystream/**/*UserRepositoryImpl.class]
2018-01-04 14:29:01 [main] DEBUG o.s.c.i.s.PathMatchingResourcePatternResolver - Searching directory [E:\ActivityStream\final\step5\step-5-solution\step-5-backend-solution\target\classes\com\stackroute\activitystream\repository] for files matching pattern [E:/ActivityStream/final/step5/step-5-solution/step-5-backend-solution/target/classes/com/stackroute/activitystream/**/*UserRepositoryImpl.class]
2018-01-04 14:29:01 [main] DEBUG o.s.c.i.s.PathMatchingResourcePatternResolver - Searching directory [E:\ActivityStream\final\step5\step-5-solution\step-5-backend-solution\target\classes\com\stackroute\activitystream\service] for files matching pattern [E:/ActivityStream/final/step5/step-5-solution/step-5-backend-solution/target/classes/com/stackroute/activitystream/**/*UserRepositoryImpl.class]
2018-01-04 14:29:01 [main] DEBUG o.s.c.i.s.PathMatchingResourcePatternResolver - Searching directory [E:\ActivityStream\final\step5\step-5-solution\step-5-backend-solution\target\classes\com\stackroute\activitystream\serviceimpl] for files matching pattern [E:/ActivityStream/final/step5/step-5-solution/step-5-backend-solution/target/classes/com/stackroute/activitystream/**/*UserRepositoryImpl.class]
2018-01-04 14:29:01 [main] DEBUG o.s.c.i.s.PathMatchingResourcePatternResolver - Resolved location pattern [classpath*:com/stackroute/activitystream/**/*UserRepositoryImpl.class] to resources []
2018-01-04 14:29:01 [main] DEBUG o.s.d.r.c.RepositoryConfigurationDelegate - Spring Data JPA - Registering repository: userRepository - Interface: com.stackroute.activitystream.repository.UserRepository - Factory: org.springframework.data.jpa.repository.support.JpaRepositoryFactoryBean
2018-01-04 14:29:01 [main] DEBUG o.s.c.a.ConfigurationClassEnhancer - Successfully enhanced com.stackroute.activitystream.config.ApplicationContextConfig; enhanced class name is: com.stackroute.activitystream.config.ApplicationContextConfig$$EnhancerBySpringCGLIB$$9668dbba
2018-01-04 14:29:01 [main] DEBUG o.s.c.a.ConfigurationClassPostProcessor - Replacing bean definition 'applicationContextConfig' existing class 'com.stackroute.activitystream.config.ApplicationContextConfig' with enhanced class 'com.stackroute.activitystream.config.ApplicationContextConfig$$EnhancerBySpringCGLIB$$9668dbba'
2018-01-04 14:29:01 [main] DEBUG o.s.c.a.ConfigurationClassEnhancer - Successfully enhanced com.stackroute.activitystream.config.PersistenceJPAConfig; enhanced class name is: com.stackroute.activitystream.config.PersistenceJPAConfig$$EnhancerBySpringCGLIB$$1963ed97
2018-01-04 14:29:01 [main] DEBUG o.s.c.a.ConfigurationClassPostProcessor - Replacing bean definition 'persistenceJPAConfig' existing class 'com.stackroute.activitystream.config.PersistenceJPAConfig' with enhanced class 'com.stackroute.activitystream.config.PersistenceJPAConfig$$EnhancerBySpringCGLIB$$1963ed97'
2018-01-04 14:29:01 [main] DEBUG o.s.c.a.ConfigurationClassEnhancer - Successfully enhanced org.springframework.transaction.annotation.ProxyTransactionManagementConfiguration; enhanced class name is: org.springframework.transaction.annotation.ProxyTransactionManagementConfiguration$$EnhancerBySpringCGLIB$$2fb9e0e7
2018-01-04 14:29:01 [main] DEBUG o.s.c.a.ConfigurationClassPostProcessor - Replacing bean definition 'org.springframework.transaction.annotation.ProxyTransactionManagementConfiguration' existing class 'org.springframework.transaction.annotation.ProxyTransactionManagementConfiguration' with enhanced class 'org.springframework.transaction.annotation.ProxyTransactionManagementConfiguration$$EnhancerBySpringCGLIB$$2fb9e0e7'
2018-01-04 14:29:01 [main] DEBUG o.s.b.f.s.DefaultListableBeanFactory - Creating shared instance of singleton bean 'emBeanDefinitionRegistrarPostProcessor'
2018-01-04 14:29:01 [main] DEBUG o.s.b.f.s.DefaultListableBeanFactory - Creating instance of bean 'emBeanDefinitionRegistrarPostProcessor'
2018-01-04 14:29:01 [main] DEBUG o.s.b.f.s.DefaultListableBeanFactory - Eagerly caching bean 'emBeanDefinitionRegistrarPostProcessor' to allow for resolving potential circular references
2018-01-04 14:29:01 [main] DEBUG o.s.b.f.s.DefaultListableBeanFactory - Finished creating instance of bean 'emBeanDefinitionRegistrarPostProcessor'
2018-01-04 14:29:01 [main] DEBUG o.s.b.f.s.DefaultListableBeanFactory - Creating shared instance of singleton bean 'org.springframework.context.annotation.internalAutowiredAnnotationProcessor'
2018-01-04 14:29:01 [main] DEBUG o.s.b.f.s.DefaultListableBeanFactory - Creating instance of bean 'org.springframework.context.annotation.internalAutowiredAnnotationProcessor'
2018-01-04 14:29:01 [main] DEBUG o.s.b.f.s.DefaultListableBeanFactory - Eagerly caching bean 'org.springframework.context.annotation.internalAutowiredAnnotationProcessor' to allow for resolving potential circular references
2018-01-04 14:29:01 [main] DEBUG o.s.b.f.s.DefaultListableBeanFactory - Finished creating instance of bean 'org.springframework.context.annotation.internalAutowiredAnnotationProcessor'
2018-01-04 14:29:01 [main] DEBUG o.s.b.f.s.DefaultListableBeanFactory - Creating shared instance of singleton bean 'org.springframework.context.annotation.internalRequiredAnnotationProcessor'
2018-01-04 14:29:01 [main] DEBUG o.s.b.f.s.DefaultListableBeanFactory - Creating instance of bean 'org.springframework.context.annotation.internalRequiredAnnotationProcessor'
2018-01-04 14:29:01 [main] DEBUG o.s.b.f.s.DefaultListableBeanFactory - Eagerly caching bean 'org.springframework.context.annotation.internalRequiredAnnotationProcessor' to allow for resolving potential circular references
2018-01-04 14:29:01 [main] DEBUG o.s.b.f.s.DefaultListableBeanFactory - Finished creating instance of bean 'org.springframework.context.annotation.internalRequiredAnnotationProcessor'
2018-01-04 14:29:01 [main] DEBUG o.s.b.f.s.DefaultListableBeanFactory - Creating shared instance of singleton bean 'org.springframework.context.annotation.internalCommonAnnotationProcessor'
2018-01-04 14:29:01 [main] DEBUG o.s.b.f.s.DefaultListableBeanFactory - Creating instance of bean 'org.springframework.context.annotation.internalCommonAnnotationProcessor'
2018-01-04 14:29:01 [main] DEBUG o.s.b.f.s.DefaultListableBeanFactory - Eagerly caching bean 'org.springframework.context.annotation.internalCommonAnnotationProcessor' to allow for resolving potential circular references
2018-01-04 14:29:01 [main] DEBUG o.s.b.f.s.DefaultListableBeanFactory - Finished creating instance of bean 'org.springframework.context.annotation.internalCommonAnnotationProcessor'
2018-01-04 14:29:01 [main] DEBUG o.s.b.f.s.DefaultListableBeanFactory - Creating shared instance of singleton bean 'org.springframework.context.annotation.internalPersistenceAnnotationProcessor'
2018-01-04 14:29:01 [main] DEBUG o.s.b.f.s.DefaultListableBeanFactory - Creating instance of bean 'org.springframework.context.annotation.internalPersistenceAnnotationProcessor'
2018-01-04 14:29:01 [main] DEBUG o.s.b.f.s.DefaultListableBeanFactory - Eagerly caching bean 'org.springframework.context.annotation.internalPersistenceAnnotationProcessor' to allow for resolving potential circular references
2018-01-04 14:29:01 [main] DEBUG o.s.b.f.s.DefaultListableBeanFactory - Finished creating instance of bean 'org.springframework.context.annotation.internalPersistenceAnnotationProcessor'
2018-01-04 14:29:01 [main] DEBUG o.s.b.f.s.DefaultListableBeanFactory - Creating shared instance of singleton bean 'org.springframework.data.repository.core.support.RepositoryFactoryBeanSupport_Predictor'
2018-01-04 14:29:01 [main] DEBUG o.s.b.f.s.DefaultListableBeanFactory - Creating instance of bean 'org.springframework.data.repository.core.support.RepositoryFactoryBeanSupport_Predictor'
2018-01-04 14:29:01 [main] DEBUG o.s.b.f.s.DefaultListableBeanFactory - Eagerly caching bean 'org.springframework.data.repository.core.support.RepositoryFactoryBeanSupport_Predictor' to allow for resolving potential circular references
2018-01-04 14:29:01 [main] DEBUG o.s.b.f.s.DefaultListableBeanFactory - Finished creating instance of bean 'org.springframework.data.repository.core.support.RepositoryFactoryBeanSupport_Predictor'
2018-01-04 14:29:01 [main] DEBUG o.s.b.f.s.DefaultListableBeanFactory - Creating shared instance of singleton bean 'org.springframework.aop.config.internalAutoProxyCreator'
2018-01-04 14:29:01 [main] DEBUG o.s.b.f.s.DefaultListableBeanFactory - Creating instance of bean 'org.springframework.aop.config.internalAutoProxyCreator'
2018-01-04 14:29:01 [main] DEBUG o.s.b.f.s.DefaultListableBeanFactory - Eagerly caching bean 'org.springframework.aop.config.internalAutoProxyCreator' to allow for resolving potential circular references
2018-01-04 14:29:01 [main] DEBUG o.s.b.f.s.DefaultListableBeanFactory - Finished creating instance of bean 'org.springframework.aop.config.internalAutoProxyCreator'
2018-01-04 14:29:01 [main] DEBUG o.s.b.f.s.DefaultListableBeanFactory - Creating shared instance of singleton bean 'exceptionTranslation'
2018-01-04 14:29:01 [main] DEBUG o.s.b.f.s.DefaultListableBeanFactory - Creating instance of bean 'exceptionTranslation'
