2018-01-04 14:29:08 [Thread-1] DEBUG o.s.b.f.s.DefaultListableBeanFactory - Retrieved dependent beans for bean 'jpaMappingContext': [circleRepository, userRepository, userTagRepository, userCircleRepository, messageRepository]
2018-01-04 14:29:08 [Thread-1] DEBUG o.s.b.f.s.DefaultListableBeanFactory - Retrieved dependent beans for bean 'circleRepository': [circleServiceImpl, messageServiceImpl, userCircleServiceImpl, com.stackroute.activitystream.commander.UserCircleTest, com.stackroute.activitystream.test.UserCircleTest]
2018-01-04 14:29:08 [Thread-1] DEBUG o.s.b.f.s.DefaultListableBeanFactory - Retrieved dependent beans for bean 'circleServiceImpl': [com.stackroute.activitystream.commander.MessageTest, com.stackroute.activitystream.test.CircleTest, com.stackroute.activitystream.test.MessageTest, com.stackroute.activitystream.commander.CircleTest]
2018-01-04 14:29:08 [Thread-1] DEBUG o.s.b.f.s.DefaultListableBeanFactory - Retrieved dependent beans for bean 'userCircleServiceImpl': [com.stackroute.activitystream.commander.UserCircleTest, com.stackroute.activitystream.test.UserCircleTest]
2018-01-04 14:29:08 [Thread-1] DEBUG o.s.b.f.s.DefaultListableBeanFactory - Retrieved dependent beans for bean '(inner bean)#a565cbd': [circleRepository]
2018-01-04 14:29:08 [Thread-1] DEBUG o.s.b.f.s.DefaultListableBeanFactory - Retrieved dependent beans for bean '(inner bean)#2f66f0d0': [(inner bean)#a565cbd]
2018-01-04 14:29:08 [Thread-1] DEBUG o.s.b.f.s.DefaultListableBeanFactory - Retrieved dependent beans for bean 'userRepository': [userServiceImpl]
2018-01-04 14:29:08 [Thread-1] DEBUG o.s.b.f.s.DefaultListableBeanFactory - Retrieved dependent beans for bean 'userServiceImpl': [com.stackroute.activitystream.test.UserTest, com.stackroute.activitystream.test.UserAuthTest, com.stackroute.activitystream.commander.UserAuthTest, com.stackroute.activitystream.commander.UserTest]
2018-01-04 14:29:08 [Thread-1] DEBUG o.s.b.f.s.DefaultListableBeanFactory - Retrieved dependent beans for bean '(inner bean)#5875de6a': [userRepository]
2018-01-04 14:29:08 [Thread-1] DEBUG o.s.b.f.s.DefaultListableBeanFactory - Retrieved dependent beans for bean '(inner bean)#608fe01f': [(inner bean)#5875de6a]
2018-01-04 14:29:08 [Thread-1] DEBUG o.s.b.f.s.DefaultListableBeanFactory - Retrieved dependent beans for bean '(inner bean)#2cde651b': [userTagRepository]
2018-01-04 14:29:08 [Thread-1] DEBUG o.s.b.f.s.DefaultListableBeanFactory - Retrieved dependent beans for bean '(inner bean)#534e58b6': [(inner bean)#2cde651b]
2018-01-04 14:29:08 [Thread-1] DEBUG o.s.b.f.s.DefaultListableBeanFactory - Retrieved dependent beans for bean '(inner bean)#625a4ff': [userCircleRepository]
2018-01-04 14:29:08 [Thread-1] DEBUG o.s.b.f.s.DefaultListableBeanFactory - Retrieved dependent beans for bean '(inner bean)#41dc0598': [(inner bean)#625a4ff]
2018-01-04 14:29:08 [Thread-1] DEBUG o.s.b.f.s.DefaultListableBeanFactory - Retrieved dependent beans for bean '(inner bean)#5349b246': [messageRepository]
2018-01-04 14:29:08 [Thread-1] DEBUG o.s.b.f.s.DefaultListableBeanFactory - Retrieved dependent beans for bean '(inner bean)#32b0876c': [(inner bean)#5349b246]
2018-01-04 14:29:08 [Thread-1] DEBUG o.s.b.f.s.DisposableBeanAdapter - Invoking destroy() on bean with name 'jpaMappingContext'
2018-01-04 14:29:08 [Thread-1] DEBUG o.s.b.f.s.DefaultListableBeanFactory - Retrieved dependent beans for bean 'entityManagerFactory': [transactionManager, org.springframework.orm.jpa.SharedEntityManagerCreator#0]
2018-01-04 14:29:08 [Thread-1] DEBUG o.s.b.f.s.DefaultListableBeanFactory - Retrieved dependent beans for bean 'org.springframework.orm.jpa.SharedEntityManagerCreator#0': [jpaContext]
2018-01-04 14:29:08 [Thread-1] DEBUG o.s.b.f.s.DisposableBeanAdapter - Invoking destroy() on bean with name 'entityManagerFactory'
2018-01-04 14:29:08 [Thread-1] INFO  o.s.o.j.LocalContainerEntityManagerFactoryBean - Closing JPA EntityManagerFactory for persistence unit 'default'
