2018-01-04 14:12:06 [main] DEBUG o.s.orm.jpa.JpaTransactionManager - Exposing JPA transaction as JDBC transaction [org.springframework.orm.jpa.vendor.HibernateJpaDialect$HibernateConnectionHandle@7741771e]
2018-01-04 14:12:06 [main] INFO  o.s.t.c.t.TransactionContext - Began transaction (1) for test context [DefaultTestContext@51e3d37e testClass = MessageTest, testInstance = com.stackroute.activitystream.test.MessageTest@2c748a15, testMethod = testSendMessageToCircleInvalidSenderFailure@MessageTest, testException = [null], mergedContextConfiguration = [WebMergedContextConfiguration@3a479fda testClass = MessageTest, locations = '{}', classes = '{class com.stackroute.activitystream.config.ApplicationContextConfig, class com.stackroute.activitystream.config.PersistenceJPAConfig}', contextInitializerClasses = '[]', activeProfiles = '{}', propertySourceLocations = '{}', propertySourceProperties = '{}', contextCustomizers = set[[empty]], resourceBasePath = 'src/main/webapp', contextLoader = 'org.springframework.test.context.web.WebDelegatingSmartContextLoader', parent = [null]]]; transaction manager [org.springframework.orm.jpa.JpaTransactionManager@1f1e58ca]; rollback [true]
2018-01-04 14:12:06 [main] INFO  c.s.a.aspect.LoggingAspect - ============@Before==========
2018-01-04 14:12:06 [main] DEBUG c.s.a.aspect.LoggingAspect - Method Name : get
2018-01-04 14:12:06 [main] DEBUG c.s.a.aspect.LoggingAspect - *********************************
2018-01-04 14:12:06 [main] DEBUG o.s.orm.jpa.JpaTransactionManager - Found thread-bound EntityManager [SessionImpl(PersistenceContext[entityKeys=[],collectionKeys=[]];ActionQueue[insertions=ExecutableList{size=0} updates=ExecutableList{size=0} deletions=ExecutableList{size=0} orphanRemovals=ExecutableList{size=0} collectionCreations=ExecutableList{size=0} collectionRemovals=ExecutableList{size=0} collectionUpdates=ExecutableList{size=0} collectionQueuedOps=ExecutableList{size=0} unresolvedInsertDependencies=null])] for JPA transaction
2018-01-04 14:12:06 [main] DEBUG o.s.orm.jpa.JpaTransactionManager - Participating in existing transaction
2018-01-04 14:12:06 [main] INFO  c.s.a.aspect.LoggingAspect - ============@After==========
2018-01-04 14:12:06 [main] DEBUG c.s.a.aspect.LoggingAspect - Method Name : get
2018-01-04 14:12:06 [main] DEBUG c.s.a.aspect.LoggingAspect - Method arguments : [john]
2018-01-04 14:12:06 [main] DEBUG c.s.a.aspect.LoggingAspect - *********************************
2018-01-04 14:12:06 [main] DEBUG c.s.a.aspect.LoggingAspect - ============@AfterReturning==========
2018-01-04 14:12:06 [main] DEBUG c.s.a.aspect.LoggingAspect - Method Name : get
2018-01-04 14:12:06 [main] DEBUG c.s.a.aspect.LoggingAspect - Method arguments : [john]
2018-01-04 14:12:06 [main] DEBUG c.s.a.aspect.LoggingAspect - *********************************
2018-01-04 14:12:06 [main] INFO  c.s.a.aspect.LoggingAspect - ============@Before==========
2018-01-04 14:12:06 [main] DEBUG c.s.a.aspect.LoggingAspect - Method Name : get
2018-01-04 14:12:06 [main] DEBUG c.s.a.aspect.LoggingAspect - *********************************
2018-01-04 14:12:06 [main] DEBUG o.s.orm.jpa.JpaTransactionManager - Found thread-bound EntityManager [SessionImpl(PersistenceContext[entityKeys=[],collectionKeys=[]];ActionQueue[insertions=ExecutableList{size=0} updates=ExecutableList{size=0} deletions=ExecutableList{size=0} orphanRemovals=ExecutableList{size=0} collectionCreations=ExecutableList{size=0} collectionRemovals=ExecutableList{size=0} collectionUpdates=ExecutableList{size=0} collectionQueuedOps=ExecutableList{size=0} unresolvedInsertDependencies=null])] for JPA transaction
2018-01-04 14:12:06 [main] DEBUG o.s.orm.jpa.JpaTransactionManager - Participating in existing transaction
2018-01-04 14:12:06 [main] INFO  c.s.a.aspect.LoggingAspect - ============@After==========
2018-01-04 14:12:06 [main] DEBUG c.s.a.aspect.LoggingAspect - Method Name : get
2018-01-04 14:12:06 [main] DEBUG c.s.a.aspect.LoggingAspect - Method arguments : [will]
2018-01-04 14:12:06 [main] DEBUG c.s.a.aspect.LoggingAspect - *********************************
2018-01-04 14:12:06 [main] DEBUG c.s.a.aspect.LoggingAspect - ============@AfterReturning==========
2018-01-04 14:12:06 [main] DEBUG c.s.a.aspect.LoggingAspect - Method Name : get
2018-01-04 14:12:06 [main] DEBUG c.s.a.aspect.LoggingAspect - Method arguments : [will]
2018-01-04 14:12:06 [main] DEBUG c.s.a.aspect.LoggingAspect - *********************************
2018-01-04 14:12:06 [main] INFO  c.s.a.aspect.LoggingAspect - ============@Before==========
2018-01-04 14:12:06 [main] DEBUG c.s.a.aspect.LoggingAspect - Method Name : get
2018-01-04 14:12:06 [main] DEBUG c.s.a.aspect.LoggingAspect - *********************************
2018-01-04 14:12:06 [main] DEBUG o.s.orm.jpa.JpaTransactionManager - Found thread-bound EntityManager [SessionImpl(PersistenceContext[entityKeys=[],collectionKeys=[]];ActionQueue[insertions=ExecutableList{size=0} updates=ExecutableList{size=0} deletions=ExecutableList{size=0} orphanRemovals=ExecutableList{size=0} collectionCreations=ExecutableList{size=0} collectionRemovals=ExecutableList{size=0} collectionUpdates=ExecutableList{size=0} collectionQueuedOps=ExecutableList{size=0} unresolvedInsertDependencies=null])] for JPA transaction
2018-01-04 14:12:06 [main] DEBUG o.s.orm.jpa.JpaTransactionManager - Participating in existing transaction
2018-01-04 14:12:06 [main] INFO  c.s.a.aspect.LoggingAspect - ============@After==========
2018-01-04 14:12:06 [main] DEBUG c.s.a.aspect.LoggingAspect - Method Name : get
2018-01-04 14:12:06 [main] DEBUG c.s.a.aspect.LoggingAspect - Method arguments : [Java]
2018-01-04 14:12:06 [main] DEBUG c.s.a.aspect.LoggingAspect - *********************************
2018-01-04 14:12:06 [main] DEBUG c.s.a.aspect.LoggingAspect - ============@AfterReturning==========
2018-01-04 14:12:06 [main] DEBUG c.s.a.aspect.LoggingAspect - Method Name : get
2018-01-04 14:12:06 [main] DEBUG c.s.a.aspect.LoggingAspect - Method arguments : [Java]
2018-01-04 14:12:06 [main] DEBUG c.s.a.aspect.LoggingAspect - *********************************
2018-01-04 14:12:06 [main] INFO  c.s.a.aspect.LoggingAspect - ============@Before==========
2018-01-04 14:12:06 [main] DEBUG c.s.a.aspect.LoggingAspect - Method Name : get
2018-01-04 14:12:06 [main] DEBUG c.s.a.aspect.LoggingAspect - *********************************
2018-01-04 14:12:06 [main] DEBUG o.s.orm.jpa.JpaTransactionManager - Found thread-bound EntityManager [SessionImpl(PersistenceContext[entityKeys=[EntityKey[com.stackroute.activitystream.model.Circle#Java]],collectionKeys=[]];ActionQueue[insertions=ExecutableList{size=0} updates=ExecutableList{size=0} deletions=ExecutableList{size=0} orphanRemovals=ExecutableList{size=0} collectionCreations=ExecutableList{size=0} collectionRemovals=ExecutableList{size=0} collectionUpdates=ExecutableList{size=0} collectionQueuedOps=ExecutableList{size=0} unresolvedInsertDependencies=null])] for JPA transaction
2018-01-04 14:12:06 [main] DEBUG o.s.orm.jpa.JpaTransactionManager - Participating in existing transaction
2018-01-04 14:12:06 [main] INFO  c.s.a.aspect.LoggingAspect - ============@After==========
2018-01-04 14:12:06 [main] DEBUG c.s.a.aspect.LoggingAspect - Method Name : get
2018-01-04 14:12:06 [main] DEBUG c.s.a.aspect.LoggingAspect - Method arguments : [Java]
2018-01-04 14:12:06 [main] DEBUG c.s.a.aspect.LoggingAspect - *********************************
2018-01-04 14:12:06 [main] DEBUG c.s.a.aspect.LoggingAspect - ============@AfterReturning==========
2018-01-04 14:12:06 [main] DEBUG c.s.a.aspect.LoggingAspect - Method Name : get
2018-01-04 14:12:06 [main] DEBUG c.s.a.aspect.LoggingAspect - Method arguments : [Java]
2018-01-04 14:12:06 [main] DEBUG c.s.a.aspect.LoggingAspect - *********************************
2018-01-04 14:12:06 [main] INFO  c.s.a.aspect.LoggingAspect - ============@Before==========
2018-01-04 14:12:06 [main] DEBUG c.s.a.aspect.LoggingAspect - Method Name : delete
2018-01-04 14:12:06 [main] DEBUG c.s.a.aspect.LoggingAspect - *********************************
2018-01-04 14:12:06 [main] DEBUG o.s.orm.jpa.JpaTransactionManager - Found thread-bound EntityManager [SessionImpl(PersistenceContext[entityKeys=[EntityKey[com.stackroute.activitystream.model.Circle#Java]],collectionKeys=[]];ActionQueue[insertions=ExecutableList{size=0} updates=ExecutableList{size=0} deletions=ExecutableList{size=0} orphanRemovals=ExecutableList{size=0} collectionCreations=ExecutableList{size=0} collectionRemovals=ExecutableList{size=0} collectionUpdates=ExecutableList{size=0} collectionQueuedOps=ExecutableList{size=0} unresolvedInsertDependencies=null])] for JPA transaction
2018-01-04 14:12:06 [main] DEBUG o.s.orm.jpa.JpaTransactionManager - Participating in existing transaction
2018-01-04 14:12:06 [main] INFO  c.s.a.aspect.LoggingAspect - ============@After==========
2018-01-04 14:12:06 [main] DEBUG c.s.a.aspect.LoggingAspect - Method Name : delete
2018-01-04 14:12:06 [main] DEBUG c.s.a.aspect.LoggingAspect - Method arguments : [com.stackroute.activitystream.model.Circle@2785db06]
2018-01-04 14:12:06 [main] DEBUG c.s.a.aspect.LoggingAspect - *********************************
2018-01-04 14:12:06 [main] DEBUG c.s.a.aspect.LoggingAspect - ============@AfterReturning==========
2018-01-04 14:12:06 [main] DEBUG c.s.a.aspect.LoggingAspect - Method Name : delete
2018-01-04 14:12:06 [main] DEBUG c.s.a.aspect.LoggingAspect - Method arguments : [com.stackroute.activitystream.model.Circle@2785db06]
2018-01-04 14:12:06 [main] DEBUG c.s.a.aspect.LoggingAspect - *********************************
2018-01-04 14:12:06 [main] INFO  c.s.a.aspect.LoggingAspect - ============@Before==========
2018-01-04 14:12:06 [main] DEBUG c.s.a.aspect.LoggingAspect - Method Name : save
2018-01-04 14:12:06 [main] DEBUG c.s.a.aspect.LoggingAspect - *********************************
2018-01-04 14:12:06 [main] DEBUG o.s.orm.jpa.JpaTransactionManager - Found thread-bound EntityManager [SessionImpl(PersistenceContext[entityKeys=[EntityKey[com.stackroute.activitystream.model.Circle#Java]],collectionKeys=[]];ActionQueue[insertions=ExecutableList{size=0} updates=ExecutableList{size=0} deletions=ExecutableList{size=0} orphanRemovals=ExecutableList{size=0} collectionCreations=ExecutableList{size=0} collectionRemovals=ExecutableList{size=0} collectionUpdates=ExecutableList{size=0} collectionQueuedOps=ExecutableList{size=0} unresolvedInsertDependencies=null])] for JPA transaction
2018-01-04 14:12:06 [main] DEBUG o.s.orm.jpa.JpaTransactionManager - Participating in existing transaction
2018-01-04 14:12:06 [main] INFO  c.s.a.aspect.LoggingAspect - ============@After==========
2018-01-04 14:12:06 [main] DEBUG c.s.a.aspect.LoggingAspect - Method Name : save
2018-01-04 14:12:06 [main] DEBUG c.s.a.aspect.LoggingAspect - Method arguments : [com.stackroute.activitystream.model.User@79980d8d]
2018-01-04 14:12:06 [main] DEBUG c.s.a.aspect.LoggingAspect - *********************************
2018-01-04 14:12:06 [main] DEBUG c.s.a.aspect.LoggingAspect - ============@AfterReturning==========
2018-01-04 14:12:06 [main] DEBUG c.s.a.aspect.LoggingAspect - Method Name : save
2018-01-04 14:12:06 [main] DEBUG c.s.a.aspect.LoggingAspect - Method arguments : [com.stackroute.activitystream.model.User@79980d8d]
2018-01-04 14:12:06 [main] DEBUG c.s.a.aspect.LoggingAspect - *********************************
