2018-01-04 14:12:05 [main] DEBUG c.s.a.aspect.LoggingAspect - Method arguments : []
2018-01-04 14:12:05 [main] DEBUG c.s.a.aspect.LoggingAspect - *********************************
2018-01-04 14:12:05 [main] DEBUG c.s.a.aspect.LoggingAspect - ============@AfterReturning==========
2018-01-04 14:12:05 [main] DEBUG c.s.a.aspect.LoggingAspect - Method Name : list
2018-01-04 14:12:05 [main] DEBUG c.s.a.aspect.LoggingAspect - Method arguments : []
2018-01-04 14:12:05 [main] DEBUG c.s.a.aspect.LoggingAspect - *********************************
2018-01-04 14:12:05 [main] INFO  c.s.a.aspect.LoggingAspect - ============@Before==========
2018-01-04 14:12:05 [main] DEBUG c.s.a.aspect.LoggingAspect - Method Name : get
2018-01-04 14:12:05 [main] DEBUG c.s.a.aspect.LoggingAspect - *********************************
2018-01-04 14:12:05 [main] DEBUG o.s.orm.jpa.JpaTransactionManager - Found thread-bound EntityManager [SessionImpl(PersistenceContext[entityKeys=[EntityKey[com.stackroute.activitystream.model.User#john], EntityKey[com.stackroute.activitystream.model.User#abc], EntityKey[com.stackroute.activitystream.model.User#xyz]],collectionKeys=[]];ActionQueue[insertions=ExecutableList{size=0} updates=ExecutableList{size=0} deletions=ExecutableList{size=0} orphanRemovals=ExecutableList{size=0} collectionCreations=ExecutableList{size=0} collectionRemovals=ExecutableList{size=0} collectionUpdates=ExecutableList{size=0} collectionQueuedOps=ExecutableList{size=0} unresolvedInsertDependencies=null])] for JPA transaction
2018-01-04 14:12:05 [main] DEBUG o.s.orm.jpa.JpaTransactionManager - Participating in existing transaction
2018-01-04 14:12:05 [main] INFO  c.s.a.aspect.LoggingAspect - ============@After==========
2018-01-04 14:12:05 [main] DEBUG c.s.a.aspect.LoggingAspect - Method Name : get
2018-01-04 14:12:05 [main] DEBUG c.s.a.aspect.LoggingAspect - Method arguments : [john]
2018-01-04 14:12:05 [main] DEBUG c.s.a.aspect.LoggingAspect - *********************************
2018-01-04 14:12:05 [main] DEBUG c.s.a.aspect.LoggingAspect - ============@AfterReturning==========
2018-01-04 14:12:05 [main] DEBUG c.s.a.aspect.LoggingAspect - Method Name : get
2018-01-04 14:12:05 [main] DEBUG c.s.a.aspect.LoggingAspect - Method arguments : [john]
2018-01-04 14:12:05 [main] DEBUG c.s.a.aspect.LoggingAspect - *********************************
2018-01-04 14:12:05 [main] INFO  c.s.a.aspect.LoggingAspect - ============@Before==========
2018-01-04 14:12:05 [main] DEBUG c.s.a.aspect.LoggingAspect - Method Name : get
2018-01-04 14:12:05 [main] DEBUG c.s.a.aspect.LoggingAspect - *********************************
2018-01-04 14:12:05 [main] DEBUG o.s.orm.jpa.JpaTransactionManager - Found thread-bound EntityManager [SessionImpl(PersistenceContext[entityKeys=[EntityKey[com.stackroute.activitystream.model.User#john], EntityKey[com.stackroute.activitystream.model.User#abc], EntityKey[com.stackroute.activitystream.model.User#xyz]],collectionKeys=[]];ActionQueue[insertions=ExecutableList{size=0} updates=ExecutableList{size=0} deletions=ExecutableList{size=0} orphanRemovals=ExecutableList{size=0} collectionCreations=ExecutableList{size=0} collectionRemovals=ExecutableList{size=0} collectionUpdates=ExecutableList{size=0} collectionQueuedOps=ExecutableList{size=0} unresolvedInsertDependencies=null])] for JPA transaction
2018-01-04 14:12:05 [main] DEBUG o.s.orm.jpa.JpaTransactionManager - Participating in existing transaction
2018-01-04 14:12:05 [main] INFO  c.s.a.aspect.LoggingAspect - ============@After==========
2018-01-04 14:12:05 [main] DEBUG c.s.a.aspect.LoggingAspect - Method Name : get
2018-01-04 14:12:05 [main] DEBUG c.s.a.aspect.LoggingAspect - Method arguments : [john]
2018-01-04 14:12:05 [main] DEBUG c.s.a.aspect.LoggingAspect - *********************************
2018-01-04 14:12:05 [main] DEBUG c.s.a.aspect.LoggingAspect - ============@AfterReturning==========
2018-01-04 14:12:05 [main] DEBUG c.s.a.aspect.LoggingAspect - Method Name : get
2018-01-04 14:12:05 [main] DEBUG c.s.a.aspect.LoggingAspect - Method arguments : [john]
2018-01-04 14:12:05 [main] DEBUG c.s.a.aspect.LoggingAspect - *********************************
2018-01-04 14:12:05 [main] INFO  c.s.a.aspect.LoggingAspect - ============@Before==========
2018-01-04 14:12:05 [main] DEBUG c.s.a.aspect.LoggingAspect - Method Name : delete
2018-01-04 14:12:05 [main] DEBUG c.s.a.aspect.LoggingAspect - *********************************
2018-01-04 14:12:05 [main] DEBUG o.s.orm.jpa.JpaTransactionManager - Found thread-bound EntityManager [SessionImpl(PersistenceContext[entityKeys=[EntityKey[com.stackroute.activitystream.model.User#john], EntityKey[com.stackroute.activitystream.model.User#abc], EntityKey[com.stackroute.activitystream.model.User#xyz]],collectionKeys=[]];ActionQueue[insertions=ExecutableList{size=0} updates=ExecutableList{size=0} deletions=ExecutableList{size=0} orphanRemovals=ExecutableList{size=0} collectionCreations=ExecutableList{size=0} collectionRemovals=ExecutableList{size=0} collectionUpdates=ExecutableList{size=0} collectionQueuedOps=ExecutableList{size=0} unresolvedInsertDependencies=null])] for JPA transaction
2018-01-04 14:12:05 [main] DEBUG o.s.orm.jpa.JpaTransactionManager - Participating in existing transaction
2018-01-04 14:12:05 [main] DEBUG o.s.orm.jpa.JpaTransactionManager - Found thread-bound EntityManager [SessionImpl(PersistenceContext[entityKeys=[EntityKey[com.stackroute.activitystream.model.User#john], EntityKey[com.stackroute.activitystream.model.User#abc], EntityKey[com.stackroute.activitystream.model.User#xyz]],collectionKeys=[]];ActionQueue[insertions=ExecutableList{size=0} updates=ExecutableList{size=0} deletions=ExecutableList{size=1} orphanRemovals=ExecutableList{size=0} collectionCreations=ExecutableList{size=0} collectionRemovals=ExecutableList{size=0} collectionUpdates=ExecutableList{size=0} collectionQueuedOps=ExecutableList{size=0} unresolvedInsertDependencies=null])] for JPA transaction
2018-01-04 14:12:05 [main] DEBUG o.s.orm.jpa.JpaTransactionManager - Participating in existing transaction
2018-01-04 14:12:05 [main] INFO  c.s.a.aspect.LoggingAspect - ============@After==========
2018-01-04 14:12:05 [main] DEBUG c.s.a.aspect.LoggingAspect - Method Name : delete
2018-01-04 14:12:05 [main] DEBUG c.s.a.aspect.LoggingAspect - Method arguments : [com.stackroute.activitystream.model.User@47148f3f]
2018-01-04 14:12:05 [main] DEBUG c.s.a.aspect.LoggingAspect - *********************************
2018-01-04 14:12:05 [main] DEBUG c.s.a.aspect.LoggingAspect - ============@AfterReturning==========
2018-01-04 14:12:05 [main] DEBUG c.s.a.aspect.LoggingAspect - Method Name : delete
2018-01-04 14:12:05 [main] DEBUG c.s.a.aspect.LoggingAspect - Method arguments : [com.stackroute.activitystream.model.User@47148f3f]
2018-01-04 14:12:05 [main] DEBUG c.s.a.aspect.LoggingAspect - *********************************
2018-01-04 14:12:05 [main] INFO  c.s.a.aspect.LoggingAspect - ============@Before==========
2018-01-04 14:12:05 [main] DEBUG c.s.a.aspect.LoggingAspect - Method Name : get
2018-01-04 14:12:05 [main] DEBUG c.s.a.aspect.LoggingAspect - *********************************
2018-01-04 14:12:05 [main] DEBUG o.s.orm.jpa.JpaTransactionManager - Found thread-bound EntityManager [SessionImpl(PersistenceContext[entityKeys=[EntityKey[com.stackroute.activitystream.model.User#john], EntityKey[com.stackroute.activitystream.model.User#abc], EntityKey[com.stackroute.activitystream.model.User#xyz]],collectionKeys=[]];ActionQueue[insertions=ExecutableList{size=0} updates=ExecutableList{size=0} deletions=ExecutableList{size=1} orphanRemovals=ExecutableList{size=0} collectionCreations=ExecutableList{size=0} collectionRemovals=ExecutableList{size=0} collectionUpdates=ExecutableList{size=0} collectionQueuedOps=ExecutableList{size=0} unresolvedInsertDependencies=null])] for JPA transaction
2018-01-04 14:12:05 [main] DEBUG o.s.orm.jpa.JpaTransactionManager - Participating in existing transaction
2018-01-04 14:12:05 [main] INFO  c.s.a.aspect.LoggingAspect - ============@After==========
2018-01-04 14:12:05 [main] DEBUG c.s.a.aspect.LoggingAspect - Method Name : get
2018-01-04 14:12:05 [main] DEBUG c.s.a.aspect.LoggingAspect - Method arguments : [will]
2018-01-04 14:12:05 [main] DEBUG c.s.a.aspect.LoggingAspect - *********************************
2018-01-04 14:12:05 [main] DEBUG c.s.a.aspect.LoggingAspect - ============@AfterReturning==========
2018-01-04 14:12:05 [main] DEBUG c.s.a.aspect.LoggingAspect - Method Name : get
2018-01-04 14:12:05 [main] DEBUG c.s.a.aspect.LoggingAspect - Method arguments : [will]
2018-01-04 14:12:05 [main] DEBUG c.s.a.aspect.LoggingAspect - *********************************
2018-01-04 14:12:05 [main] INFO  c.s.a.aspect.LoggingAspect - ============@Before==========
2018-01-04 14:12:05 [main] DEBUG c.s.a.aspect.LoggingAspect - Method Name : get
2018-01-04 14:12:05 [main] DEBUG c.s.a.aspect.LoggingAspect - *********************************
2018-01-04 14:12:05 [main] DEBUG o.s.orm.jpa.JpaTransactionManager - Found thread-bound EntityManager [SessionImpl(PersistenceContext[entityKeys=[EntityKey[com.stackroute.activitystream.model.User#john], EntityKey[com.stackroute.activitystream.model.User#abc], EntityKey[com.stackroute.activitystream.model.User#xyz]],collectionKeys=[]];ActionQueue[insertions=ExecutableList{size=0} updates=ExecutableList{size=0} deletions=ExecutableList{size=1} orphanRemovals=ExecutableList{size=0} collectionCreations=ExecutableList{size=0} collectionRemovals=ExecutableList{size=0} collectionUpdates=ExecutableList{size=0} collectionQueuedOps=ExecutableList{size=0} unresolvedInsertDependencies=null])] for JPA transaction
2018-01-04 14:12:05 [main] DEBUG o.s.orm.jpa.JpaTransactionManager - Participating in existing transaction
2018-01-04 14:12:05 [main] INFO  c.s.a.aspect.LoggingAspect - ============@After==========
2018-01-04 14:12:05 [main] DEBUG c.s.a.aspect.LoggingAspect - Method Name : get
2018-01-04 14:12:05 [main] DEBUG c.s.a.aspect.LoggingAspect - Method arguments : [chris]
2018-01-04 14:12:05 [main] DEBUG c.s.a.aspect.LoggingAspect - *********************************
2018-01-04 14:12:05 [main] DEBUG c.s.a.aspect.LoggingAspect - ============@AfterReturning==========
2018-01-04 14:12:05 [main] DEBUG c.s.a.aspect.LoggingAspect - Method Name : get
2018-01-04 14:12:05 [main] DEBUG c.s.a.aspect.LoggingAspect - Method arguments : [chris]
2018-01-04 14:12:05 [main] DEBUG c.s.a.aspect.LoggingAspect - *********************************
2018-01-04 14:12:05 [main] DEBUG o.s.orm.jpa.JpaTransactionManager - Initiating transaction rollback
2018-01-04 14:12:05 [main] DEBUG o.s.orm.jpa.JpaTransactionManager - Rolling back JPA transaction on EntityManager [SessionImpl(PersistenceContext[entityKeys=[EntityKey[com.stackroute.activitystream.model.User#john], EntityKey[com.stackroute.activitystream.model.User#abc], EntityKey[com.stackroute.activitystream.model.User#xyz]],collectionKeys=[]];ActionQueue[insertions=ExecutableList{size=0} updates=ExecutableList{size=0} deletions=ExecutableList{size=1} orphanRemovals=ExecutableList{size=0} collectionCreations=ExecutableList{size=0} collectionRemovals=ExecutableList{size=0} collectionUpdates=ExecutableList{size=0} collectionQueuedOps=ExecutableList{size=0} unresolvedInsertDependencies=null])]
2018-01-04 14:12:05 [main] DEBUG o.s.orm.jpa.JpaTransactionManager - Closing JPA EntityManager [SessionImpl(PersistenceContext[entityKeys=[],collectionKeys=[]];ActionQueue[insertions=ExecutableList{size=0} updates=ExecutableList{size=0} deletions=ExecutableList{size=0} orphanRemovals=ExecutableList{size=0} collectionCreations=ExecutableList{size=0} collectionRemovals=ExecutableList{size=0} collectionUpdates=ExecutableList{size=0} collectionQueuedOps=ExecutableList{size=0} unresolvedInsertDependencies=null])] after transaction
2018-01-04 14:12:05 [main] DEBUG o.s.o.jpa.EntityManagerFactoryUtils - Closing JPA EntityManager
2018-01-04 14:12:05 [main] INFO  o.s.t.c.t.TransactionContext - Rolled back transaction for test context [DefaultTestContext@3290b1a6 testClass = UserTest, testInstance = com.stackroute.activitystream.commander.UserTest@7f323b3a, testMethod = testGetListOfUsers@UserTest, testException = [null], mergedContextConfiguration = [WebMergedContextConfiguration@6fcd31c3 testClass = UserTest, locations = '{}', classes = '{class com.stackroute.activitystream.config.ApplicationContextConfig, class com.stackroute.activitystream.config.PersistenceJPAConfig}', contextInitializerClasses = '[]', activeProfiles = '{}', propertySourceLocations = '{}', propertySourceProperties = '{}', contextCustomizers = set[[empty]], resourceBasePath = 'src/main/webapp', contextLoader = 'org.springframework.test.context.web.WebDelegatingSmartContextLoader', parent = [null]]].
2018-01-04 14:12:05 [main] DEBUG o.s.t.c.s.AbstractDirtiesContextTestExecutionListener - After test method: context [DefaultTestContext@3290b1a6 testClass = UserTest, testInstance = com.stackroute.activitystream.commander.UserTest@7f323b3a, testMethod = testGetListOfUsers@UserTest, testException = [null], mergedContextConfiguration = [WebMergedContextConfiguration@6fcd31c3 testClass = UserTest, locations = '{}', classes = '{class com.stackroute.activitystream.config.ApplicationContextConfig, class com.stackroute.activitystream.config.PersistenceJPAConfig}', contextInitializerClasses = '[]', activeProfiles = '{}', propertySourceLocations = '{}', propertySourceProperties = '{}', contextCustomizers = set[[empty]], resourceBasePath = 'src/main/webapp', contextLoader = 'org.springframework.test.context.web.WebDelegatingSmartContextLoader', parent = [null]]], class annotated with @DirtiesContext [false] with mode [null], method annotated with @DirtiesContext [false] with mode [null].
2018-01-04 14:12:05 [main] DEBUG o.s.t.c.w.ServletTestExecutionListener - Resetting RequestContextHolder for test context [DefaultTestContext@3290b1a6 testClass = UserTest, testInstance = com.stackroute.activitystream.commander.UserTest@7f323b3a, testMethod = testGetListOfUsers@UserTest, testException = [null], mergedContextConfiguration = [WebMergedContextConfiguration@6fcd31c3 testClass = UserTest, locations = '{}', classes = '{class com.stackroute.activitystream.config.ApplicationContextConfig, class com.stackroute.activitystream.config.PersistenceJPAConfig}', contextInitializerClasses = '[]', activeProfiles = '{}', propertySourceLocations = '{}', propertySourceProperties = '{}', contextCustomizers = set[[empty]], resourceBasePath = 'src/main/webapp', contextLoader = 'org.springframework.test.context.web.WebDelegatingSmartContextLoader', parent = [null]]].
