2018-01-04 13:59:48 [main] DEBUG c.s.a.aspect.LoggingAspect - *********************************
2018-01-04 13:59:48 [main] DEBUG c.s.a.aspect.LoggingAspect - ============@AfterReturning==========
2018-01-04 13:59:48 [main] DEBUG c.s.a.aspect.LoggingAspect - Method Name : save
2018-01-04 13:59:48 [main] DEBUG c.s.a.aspect.LoggingAspect - Method arguments : [com.stackroute.activitystream.model.User@62b93086]
2018-01-04 13:59:48 [main] DEBUG c.s.a.aspect.LoggingAspect - *********************************
2018-01-04 13:59:48 [main] INFO  c.s.a.aspect.LoggingAspect - ============@Before==========
2018-01-04 13:59:48 [main] DEBUG c.s.a.aspect.LoggingAspect - Method Name : save
2018-01-04 13:59:48 [main] DEBUG c.s.a.aspect.LoggingAspect - *********************************
2018-01-04 13:59:48 [main] DEBUG o.s.orm.jpa.JpaTransactionManager - Found thread-bound EntityManager [SessionImpl(PersistenceContext[entityKeys=[EntityKey[com.stackroute.activitystream.model.User#john]],collectionKeys=[]];ActionQueue[insertions=ExecutableList{size=1} updates=ExecutableList{size=0} deletions=ExecutableList{size=0} orphanRemovals=ExecutableList{size=0} collectionCreations=ExecutableList{size=0} collectionRemovals=ExecutableList{size=0} collectionUpdates=ExecutableList{size=0} collectionQueuedOps=ExecutableList{size=0} unresolvedInsertDependencies=null])] for JPA transaction
2018-01-04 13:59:48 [main] DEBUG o.s.orm.jpa.JpaTransactionManager - Participating in existing transaction
2018-01-04 13:59:48 [main] DEBUG o.s.orm.jpa.JpaTransactionManager - Found thread-bound EntityManager [SessionImpl(PersistenceContext[entityKeys=[EntityKey[com.stackroute.activitystream.model.User#john]],collectionKeys=[]];ActionQueue[insertions=ExecutableList{size=1} updates=ExecutableList{size=0} deletions=ExecutableList{size=0} orphanRemovals=ExecutableList{size=0} collectionCreations=ExecutableList{size=0} collectionRemovals=ExecutableList{size=0} collectionUpdates=ExecutableList{size=0} collectionQueuedOps=ExecutableList{size=0} unresolvedInsertDependencies=null])] for JPA transaction
2018-01-04 13:59:48 [main] DEBUG o.s.orm.jpa.JpaTransactionManager - Participating in existing transaction
2018-01-04 13:59:48 [main] INFO  c.s.a.aspect.LoggingAspect - ============@After==========
2018-01-04 13:59:48 [main] DEBUG c.s.a.aspect.LoggingAspect - Method Name : save
2018-01-04 13:59:48 [main] DEBUG c.s.a.aspect.LoggingAspect - Method arguments : [com.stackroute.activitystream.model.Circle@70c69586]
2018-01-04 13:59:48 [main] DEBUG c.s.a.aspect.LoggingAspect - *********************************
2018-01-04 13:59:48 [main] DEBUG c.s.a.aspect.LoggingAspect - ============@AfterReturning==========
2018-01-04 13:59:48 [main] DEBUG c.s.a.aspect.LoggingAspect - Method Name : save
2018-01-04 13:59:48 [main] DEBUG c.s.a.aspect.LoggingAspect - Method arguments : [com.stackroute.activitystream.model.Circle@70c69586]
2018-01-04 13:59:48 [main] DEBUG c.s.a.aspect.LoggingAspect - *********************************
2018-01-04 13:59:48 [main] INFO  c.s.a.aspect.LoggingAspect - ============@Before==========
2018-01-04 13:59:48 [main] DEBUG c.s.a.aspect.LoggingAspect - Method Name : getAllCircles
2018-01-04 13:59:48 [main] DEBUG c.s.a.aspect.LoggingAspect - *********************************
2018-01-04 13:59:48 [main] DEBUG o.s.d.r.c.s.TransactionalRepositoryProxyPostProcessor$CustomAnnotationTransactionAttributeSource - Adding transactional method 'findAll' with attribute: PROPAGATION_REQUIRED,ISOLATION_DEFAULT,readOnly; ''
2018-01-04 13:59:48 [main] DEBUG o.s.orm.jpa.JpaTransactionManager - Found thread-bound EntityManager [SessionImpl(PersistenceContext[entityKeys=[EntityKey[com.stackroute.activitystream.model.User#john]],collectionKeys=[]];ActionQueue[insertions=ExecutableList{size=1} updates=ExecutableList{size=0} deletions=ExecutableList{size=0} orphanRemovals=ExecutableList{size=0} collectionCreations=ExecutableList{size=0} collectionRemovals=ExecutableList{size=0} collectionUpdates=ExecutableList{size=0} collectionQueuedOps=ExecutableList{size=0} unresolvedInsertDependencies=null])] for JPA transaction
2018-01-04 13:59:48 [main] DEBUG o.s.orm.jpa.JpaTransactionManager - Participating in existing transaction
2018-01-04 13:59:48 [main] INFO  c.s.a.aspect.LoggingAspect - ============@After==========
2018-01-04 13:59:48 [main] DEBUG c.s.a.aspect.LoggingAspect - Method Name : getAllCircles
2018-01-04 13:59:48 [main] DEBUG c.s.a.aspect.LoggingAspect - Method arguments : []
2018-01-04 13:59:48 [main] DEBUG c.s.a.aspect.LoggingAspect - *********************************
2018-01-04 13:59:48 [main] DEBUG c.s.a.aspect.LoggingAspect - ============@AfterReturning==========
2018-01-04 13:59:48 [main] DEBUG c.s.a.aspect.LoggingAspect - Method Name : getAllCircles
2018-01-04 13:59:48 [main] DEBUG c.s.a.aspect.LoggingAspect - Method arguments : []
2018-01-04 13:59:48 [main] DEBUG c.s.a.aspect.LoggingAspect - *********************************
2018-01-04 13:59:48 [main] INFO  c.s.a.aspect.LoggingAspect - ============@Before==========
2018-01-04 13:59:48 [main] DEBUG c.s.a.aspect.LoggingAspect - Method Name : get
2018-01-04 13:59:48 [main] DEBUG c.s.a.aspect.LoggingAspect - *********************************
2018-01-04 13:59:48 [main] DEBUG o.s.orm.jpa.JpaTransactionManager - Found thread-bound EntityManager [SessionImpl(PersistenceContext[entityKeys=[EntityKey[com.stackroute.activitystream.model.User#john]],collectionKeys=[]];ActionQueue[insertions=ExecutableList{size=1} updates=ExecutableList{size=0} deletions=ExecutableList{size=0} orphanRemovals=ExecutableList{size=0} collectionCreations=ExecutableList{size=0} collectionRemovals=ExecutableList{size=0} collectionUpdates=ExecutableList{size=0} collectionQueuedOps=ExecutableList{size=0} unresolvedInsertDependencies=null])] for JPA transaction
2018-01-04 13:59:48 [main] DEBUG o.s.orm.jpa.JpaTransactionManager - Participating in existing transaction
2018-01-04 13:59:48 [main] INFO  c.s.a.aspect.LoggingAspect - ============@After==========
2018-01-04 13:59:48 [main] DEBUG c.s.a.aspect.LoggingAspect - Method Name : get
2018-01-04 13:59:48 [main] DEBUG c.s.a.aspect.LoggingAspect - Method arguments : [john]
2018-01-04 13:59:48 [main] DEBUG c.s.a.aspect.LoggingAspect - *********************************
2018-01-04 13:59:48 [main] DEBUG c.s.a.aspect.LoggingAspect - ============@AfterReturning==========
2018-01-04 13:59:48 [main] DEBUG c.s.a.aspect.LoggingAspect - Method Name : get
2018-01-04 13:59:48 [main] DEBUG c.s.a.aspect.LoggingAspect - Method arguments : [john]
2018-01-04 13:59:48 [main] DEBUG c.s.a.aspect.LoggingAspect - *********************************
2018-01-04 13:59:48 [main] INFO  c.s.a.aspect.LoggingAspect - ============@Before==========
2018-01-04 13:59:48 [main] DEBUG c.s.a.aspect.LoggingAspect - Method Name : get
2018-01-04 13:59:48 [main] DEBUG c.s.a.aspect.LoggingAspect - *********************************
2018-01-04 13:59:48 [main] DEBUG o.s.orm.jpa.JpaTransactionManager - Found thread-bound EntityManager [SessionImpl(PersistenceContext[entityKeys=[EntityKey[com.stackroute.activitystream.model.User#john]],collectionKeys=[]];ActionQueue[insertions=ExecutableList{size=1} updates=ExecutableList{size=0} deletions=ExecutableList{size=0} orphanRemovals=ExecutableList{size=0} collectionCreations=ExecutableList{size=0} collectionRemovals=ExecutableList{size=0} collectionUpdates=ExecutableList{size=0} collectionQueuedOps=ExecutableList{size=0} unresolvedInsertDependencies=null])] for JPA transaction
2018-01-04 13:59:48 [main] DEBUG o.s.orm.jpa.JpaTransactionManager - Participating in existing transaction
2018-01-04 13:59:48 [main] INFO  c.s.a.aspect.LoggingAspect - ============@After==========
2018-01-04 13:59:48 [main] DEBUG c.s.a.aspect.LoggingAspect - Method Name : get
2018-01-04 13:59:48 [main] DEBUG c.s.a.aspect.LoggingAspect - Method arguments : [john]
2018-01-04 13:59:48 [main] DEBUG c.s.a.aspect.LoggingAspect - *********************************
2018-01-04 13:59:48 [main] DEBUG c.s.a.aspect.LoggingAspect - ============@AfterReturning==========
2018-01-04 13:59:48 [main] DEBUG c.s.a.aspect.LoggingAspect - Method Name : get
2018-01-04 13:59:48 [main] DEBUG c.s.a.aspect.LoggingAspect - Method arguments : [john]
2018-01-04 13:59:48 [main] DEBUG c.s.a.aspect.LoggingAspect - *********************************
2018-01-04 13:59:48 [main] INFO  c.s.a.aspect.LoggingAspect - ============@Before==========
2018-01-04 13:59:48 [main] DEBUG c.s.a.aspect.LoggingAspect - Method Name : delete
2018-01-04 13:59:48 [main] DEBUG c.s.a.aspect.LoggingAspect - *********************************
2018-01-04 13:59:48 [main] DEBUG o.s.orm.jpa.JpaTransactionManager - Found thread-bound EntityManager [SessionImpl(PersistenceContext[entityKeys=[EntityKey[com.stackroute.activitystream.model.User#john]],collectionKeys=[]];ActionQueue[insertions=ExecutableList{size=1} updates=ExecutableList{size=0} deletions=ExecutableList{size=0} orphanRemovals=ExecutableList{size=0} collectionCreations=ExecutableList{size=0} collectionRemovals=ExecutableList{size=0} collectionUpdates=ExecutableList{size=0} collectionQueuedOps=ExecutableList{size=0} unresolvedInsertDependencies=null])] for JPA transaction
2018-01-04 13:59:48 [main] DEBUG o.s.orm.jpa.JpaTransactionManager - Participating in existing transaction
2018-01-04 13:59:48 [main] DEBUG o.s.orm.jpa.JpaTransactionManager - Found thread-bound EntityManager [SessionImpl(PersistenceContext[entityKeys=[EntityKey[com.stackroute.activitystream.model.User#john]],collectionKeys=[]];ActionQueue[insertions=ExecutableList{size=1} updates=ExecutableList{size=0} deletions=ExecutableList{size=1} orphanRemovals=ExecutableList{size=0} collectionCreations=ExecutableList{size=0} collectionRemovals=ExecutableList{size=0} collectionUpdates=ExecutableList{size=0} collectionQueuedOps=ExecutableList{size=0} unresolvedInsertDependencies=null])] for JPA transaction
2018-01-04 13:59:48 [main] DEBUG o.s.orm.jpa.JpaTransactionManager - Participating in existing transaction
2018-01-04 13:59:48 [main] INFO  c.s.a.aspect.LoggingAspect - ============@After==========
2018-01-04 13:59:48 [main] DEBUG c.s.a.aspect.LoggingAspect - Method Name : delete
2018-01-04 13:59:48 [main] DEBUG c.s.a.aspect.LoggingAspect - Method arguments : [com.stackroute.activitystream.model.User@29ebbdf4]
2018-01-04 13:59:48 [main] DEBUG c.s.a.aspect.LoggingAspect - *********************************
2018-01-04 13:59:48 [main] DEBUG c.s.a.aspect.LoggingAspect - ============@AfterReturning==========
2018-01-04 13:59:48 [main] DEBUG c.s.a.aspect.LoggingAspect - Method Name : delete
2018-01-04 13:59:48 [main] DEBUG c.s.a.aspect.LoggingAspect - Method arguments : [com.stackroute.activitystream.model.User@29ebbdf4]
2018-01-04 13:59:48 [main] DEBUG c.s.a.aspect.LoggingAspect - *********************************
2018-01-04 13:59:48 [main] INFO  c.s.a.aspect.LoggingAspect - ============@Before==========
2018-01-04 13:59:48 [main] DEBUG c.s.a.aspect.LoggingAspect - Method Name : get
2018-01-04 13:59:48 [main] DEBUG c.s.a.aspect.LoggingAspect - *********************************
2018-01-04 13:59:48 [main] DEBUG o.s.orm.jpa.JpaTransactionManager - Found thread-bound EntityManager [SessionImpl(PersistenceContext[entityKeys=[EntityKey[com.stackroute.activitystream.model.User#john]],collectionKeys=[]];ActionQueue[insertions=ExecutableList{size=1} updates=ExecutableList{size=0} deletions=ExecutableList{size=1} orphanRemovals=ExecutableList{size=0} collectionCreations=ExecutableList{size=0} collectionRemovals=ExecutableList{size=0} collectionUpdates=ExecutableList{size=0} collectionQueuedOps=ExecutableList{size=0} unresolvedInsertDependencies=null])] for JPA transaction
2018-01-04 13:59:48 [main] DEBUG o.s.orm.jpa.JpaTransactionManager - Participating in existing transaction
