2018-01-04 13:59:45 [main] DEBUG o.s.b.f.s.DefaultListableBeanFactory - Returning cached instance of singleton bean 'org.springframework.transaction.config.internalTransactionAdvisor'
2018-01-04 13:59:45 [main] DEBUG o.s.b.f.s.DefaultListableBeanFactory - Finished creating instance of bean 'org.springframework.context.event.internalEventListenerProcessor'
2018-01-04 13:59:45 [main] DEBUG o.s.b.f.s.DefaultListableBeanFactory - Creating shared instance of singleton bean 'org.springframework.context.event.internalEventListenerFactory'
2018-01-04 13:59:45 [main] DEBUG o.s.b.f.s.DefaultListableBeanFactory - Creating instance of bean 'org.springframework.context.event.internalEventListenerFactory'
2018-01-04 13:59:45 [main] DEBUG o.s.b.f.s.DefaultListableBeanFactory - Returning cached instance of singleton bean 'org.springframework.transaction.config.internalTransactionAdvisor'
2018-01-04 13:59:45 [main] DEBUG o.s.b.f.s.DefaultListableBeanFactory - Eagerly caching bean 'org.springframework.context.event.internalEventListenerFactory' to allow for resolving potential circular references
2018-01-04 13:59:45 [main] DEBUG o.s.b.f.s.DefaultListableBeanFactory - Returning cached instance of singleton bean 'org.springframework.transaction.config.internalTransactionAdvisor'
2018-01-04 13:59:45 [main] DEBUG o.s.b.f.s.DefaultListableBeanFactory - Returning cached instance of singleton bean 'org.springframework.transaction.config.internalTransactionAdvisor'
2018-01-04 13:59:45 [main] DEBUG o.s.b.f.s.DefaultListableBeanFactory - Finished creating instance of bean 'org.springframework.context.event.internalEventListenerFactory'
2018-01-04 13:59:45 [main] DEBUG o.s.b.f.s.DefaultListableBeanFactory - Creating shared instance of singleton bean 'applicationContextConfig'
2018-01-04 13:59:45 [main] DEBUG o.s.b.f.s.DefaultListableBeanFactory - Creating instance of bean 'applicationContextConfig'
2018-01-04 13:59:45 [main] DEBUG o.s.b.f.s.DefaultListableBeanFactory - Returning cached instance of singleton bean 'org.springframework.transaction.config.internalTransactionAdvisor'
2018-01-04 13:59:45 [main] DEBUG o.s.b.f.s.DefaultListableBeanFactory - Eagerly caching bean 'applicationContextConfig' to allow for resolving potential circular references
2018-01-04 13:59:45 [main] DEBUG o.s.b.f.s.DefaultListableBeanFactory - Returning cached instance of singleton bean 'org.springframework.transaction.config.internalTransactionAdvisor'
2018-01-04 13:59:45 [main] DEBUG o.s.b.f.s.DefaultListableBeanFactory - Returning cached instance of singleton bean 'org.springframework.transaction.config.internalTransactionAdvisor'
2018-01-04 13:59:45 [main] DEBUG o.s.b.f.s.DefaultListableBeanFactory - Finished creating instance of bean 'applicationContextConfig'
2018-01-04 13:59:45 [main] DEBUG o.s.b.f.s.DefaultListableBeanFactory - Returning cached instance of singleton bean 'persistenceJPAConfig'
2018-01-04 13:59:45 [main] DEBUG o.s.b.f.s.DefaultListableBeanFactory - Creating shared instance of singleton bean 'circle'
2018-01-04 13:59:45 [main] DEBUG o.s.b.f.s.DefaultListableBeanFactory - Creating instance of bean 'circle'
2018-01-04 13:59:45 [main] DEBUG o.s.b.f.s.DefaultListableBeanFactory - Returning cached instance of singleton bean 'org.springframework.transaction.config.internalTransactionAdvisor'
2018-01-04 13:59:45 [main] DEBUG o.s.b.f.s.DefaultListableBeanFactory - Eagerly caching bean 'circle' to allow for resolving potential circular references
2018-01-04 13:59:45 [main] DEBUG o.s.b.f.s.DefaultListableBeanFactory - Returning cached instance of singleton bean 'org.springframework.transaction.config.internalTransactionAdvisor'
2018-01-04 13:59:45 [main] DEBUG o.s.b.f.s.DefaultListableBeanFactory - Returning cached instance of singleton bean 'org.springframework.transaction.config.internalTransactionAdvisor'
2018-01-04 13:59:45 [main] DEBUG o.s.b.f.s.DefaultListableBeanFactory - Finished creating instance of bean 'circle'
2018-01-04 13:59:45 [main] DEBUG o.s.b.f.s.DefaultListableBeanFactory - Creating shared instance of singleton bean 'message'
2018-01-04 13:59:45 [main] DEBUG o.s.b.f.s.DefaultListableBeanFactory - Creating instance of bean 'message'
2018-01-04 13:59:45 [main] DEBUG o.s.b.f.s.DefaultListableBeanFactory - Returning cached instance of singleton bean 'org.springframework.transaction.config.internalTransactionAdvisor'
2018-01-04 13:59:45 [main] DEBUG o.s.b.f.s.DefaultListableBeanFactory - Eagerly caching bean 'message' to allow for resolving potential circular references
2018-01-04 13:59:45 [main] DEBUG o.s.b.f.s.DefaultListableBeanFactory - Returning cached instance of singleton bean 'org.springframework.transaction.config.internalTransactionAdvisor'
2018-01-04 13:59:45 [main] DEBUG o.s.b.f.s.DefaultListableBeanFactory - Returning cached instance of singleton bean 'org.springframework.transaction.config.internalTransactionAdvisor'
2018-01-04 13:59:45 [main] DEBUG o.s.b.f.s.DefaultListableBeanFactory - Finished creating instance of bean 'message'
2018-01-04 13:59:45 [main] DEBUG o.s.b.f.s.DefaultListableBeanFactory - Creating shared instance of singleton bean 'user'
2018-01-04 13:59:45 [main] DEBUG o.s.b.f.s.DefaultListableBeanFactory - Creating instance of bean 'user'
2018-01-04 13:59:45 [main] DEBUG o.s.b.f.s.DefaultListableBeanFactory - Returning cached instance of singleton bean 'org.springframework.transaction.config.internalTransactionAdvisor'
2018-01-04 13:59:45 [main] DEBUG o.s.b.f.s.DefaultListableBeanFactory - Eagerly caching bean 'user' to allow for resolving potential circular references
2018-01-04 13:59:45 [main] DEBUG o.s.b.f.s.DefaultListableBeanFactory - Returning cached instance of singleton bean 'org.springframework.transaction.config.internalTransactionAdvisor'
2018-01-04 13:59:45 [main] DEBUG o.s.b.f.s.DefaultListableBeanFactory - Returning cached instance of singleton bean 'org.springframework.transaction.config.internalTransactionAdvisor'
2018-01-04 13:59:45 [main] DEBUG o.s.b.f.s.DefaultListableBeanFactory - Finished creating instance of bean 'user'
2018-01-04 13:59:45 [main] DEBUG o.s.b.f.s.DefaultListableBeanFactory - Creating shared instance of singleton bean 'userCircle'
2018-01-04 13:59:45 [main] DEBUG o.s.b.f.s.DefaultListableBeanFactory - Creating instance of bean 'userCircle'
2018-01-04 13:59:45 [main] DEBUG o.s.b.f.s.DefaultListableBeanFactory - Returning cached instance of singleton bean 'org.springframework.transaction.config.internalTransactionAdvisor'
2018-01-04 13:59:45 [main] DEBUG o.s.b.f.s.DefaultListableBeanFactory - Eagerly caching bean 'userCircle' to allow for resolving potential circular references
2018-01-04 13:59:45 [main] DEBUG o.s.b.f.s.DefaultListableBeanFactory - Returning cached instance of singleton bean 'org.springframework.transaction.config.internalTransactionAdvisor'
2018-01-04 13:59:45 [main] DEBUG o.s.b.f.s.DefaultListableBeanFactory - Returning cached instance of singleton bean 'org.springframework.transaction.config.internalTransactionAdvisor'
2018-01-04 13:59:45 [main] DEBUG o.s.b.f.s.DefaultListableBeanFactory - Finished creating instance of bean 'userCircle'
2018-01-04 13:59:45 [main] DEBUG o.s.b.f.s.DefaultListableBeanFactory - Creating shared instance of singleton bean 'userTag'
2018-01-04 13:59:45 [main] DEBUG o.s.b.f.s.DefaultListableBeanFactory - Creating instance of bean 'userTag'
2018-01-04 13:59:45 [main] DEBUG o.s.b.f.s.DefaultListableBeanFactory - Returning cached instance of singleton bean 'org.springframework.transaction.config.internalTransactionAdvisor'
2018-01-04 13:59:45 [main] DEBUG o.s.b.f.s.DefaultListableBeanFactory - Eagerly caching bean 'userTag' to allow for resolving potential circular references
2018-01-04 13:59:45 [main] DEBUG o.s.b.f.s.DefaultListableBeanFactory - Returning cached instance of singleton bean 'org.springframework.transaction.config.internalTransactionAdvisor'
2018-01-04 13:59:45 [main] DEBUG o.s.b.f.s.DefaultListableBeanFactory - Returning cached instance of singleton bean 'org.springframework.transaction.config.internalTransactionAdvisor'
2018-01-04 13:59:45 [main] DEBUG o.s.b.f.s.DefaultListableBeanFactory - Finished creating instance of bean 'userTag'
2018-01-04 13:59:45 [main] DEBUG o.s.b.f.s.DefaultListableBeanFactory - Creating shared instance of singleton bean 'circleServiceImpl'
2018-01-04 13:59:45 [main] DEBUG o.s.b.f.s.DefaultListableBeanFactory - Creating instance of bean 'circleServiceImpl'
2018-01-04 13:59:45 [main] DEBUG o.s.b.f.s.DefaultListableBeanFactory - Returning cached instance of singleton bean 'org.springframework.transaction.config.internalTransactionAdvisor'
2018-01-04 13:59:45 [main] DEBUG o.s.b.f.annotation.InjectionMetadata - Registered injected element on class [com.stackroute.activitystream.serviceimpl.CircleServiceImpl]: AutowiredFieldElement for private com.stackroute.activitystream.repository.CircleRepository com.stackroute.activitystream.serviceimpl.CircleServiceImpl.circleRepository
2018-01-04 13:59:45 [main] DEBUG o.s.b.f.annotation.InjectionMetadata - Registered injected element on class [com.stackroute.activitystream.serviceimpl.CircleServiceImpl]: AutowiredFieldElement for private com.stackroute.activitystream.repository.UserRepository com.stackroute.activitystream.serviceimpl.CircleServiceImpl.userRepository
2018-01-04 13:59:45 [main] DEBUG o.s.b.f.s.DefaultListableBeanFactory - Eagerly caching bean 'circleServiceImpl' to allow for resolving potential circular references
2018-01-04 13:59:45 [main] DEBUG o.s.b.f.annotation.InjectionMetadata - Processing injected element of bean 'circleServiceImpl': AutowiredFieldElement for private com.stackroute.activitystream.repository.CircleRepository com.stackroute.activitystream.serviceimpl.CircleServiceImpl.circleRepository
2018-01-04 13:59:45 [main] DEBUG o.s.b.f.s.DefaultListableBeanFactory - Creating shared instance of singleton bean 'circleRepository'
2018-01-04 13:59:45 [main] DEBUG o.s.b.f.s.DefaultListableBeanFactory - Creating instance of bean 'circleRepository'
2018-01-04 13:59:45 [main] DEBUG o.s.b.f.s.DefaultListableBeanFactory - Returning cached instance of singleton bean 'org.springframework.transaction.config.internalTransactionAdvisor'
2018-01-04 13:59:45 [main] DEBUG o.s.b.f.annotation.InjectionMetadata - Registered injected element on class [org.springframework.data.jpa.repository.support.JpaRepositoryFactoryBean]: PersistenceElement for public void org.springframework.data.jpa.repository.support.JpaRepositoryFactoryBean.setEntityManager(javax.persistence.EntityManager)
2018-01-04 13:59:45 [main] DEBUG o.s.b.f.s.DefaultListableBeanFactory - Eagerly caching bean 'circleRepository' to allow for resolving potential circular references
