2018-01-04 14:29:06 [main] DEBUG c.s.a.aspect.LoggingAspect - *********************************
2018-01-04 14:29:06 [main] DEBUG o.s.orm.jpa.JpaTransactionManager - Found thread-bound EntityManager [SessionImpl(PersistenceContext[entityKeys=[EntityKey[com.stackroute.activitystream.model.Circle#Java], EntityKey[com.stackroute.activitystream.model.User#john]],collectionKeys=[]];ActionQueue[insertions=ExecutableList{size=1} updates=ExecutableList{size=0} deletions=ExecutableList{size=0} orphanRemovals=ExecutableList{size=0} collectionCreations=ExecutableList{size=0} collectionRemovals=ExecutableList{size=0} collectionUpdates=ExecutableList{size=0} collectionQueuedOps=ExecutableList{size=0} unresolvedInsertDependencies=null])] for JPA transaction
2018-01-04 14:29:06 [main] DEBUG o.s.orm.jpa.JpaTransactionManager - Participating in existing transaction
2018-01-04 14:29:06 [main] INFO  c.s.a.aspect.LoggingAspect - ============@After==========
2018-01-04 14:29:06 [main] DEBUG c.s.a.aspect.LoggingAspect - Method Name : save
2018-01-04 14:29:06 [main] DEBUG c.s.a.aspect.LoggingAspect - Method arguments : [com.stackroute.activitystream.model.User@3af58f76]
2018-01-04 14:29:06 [main] DEBUG c.s.a.aspect.LoggingAspect - *********************************
2018-01-04 14:29:06 [main] DEBUG c.s.a.aspect.LoggingAspect - ============@AfterReturning==========
2018-01-04 14:29:06 [main] DEBUG c.s.a.aspect.LoggingAspect - Method Name : save
2018-01-04 14:29:06 [main] DEBUG c.s.a.aspect.LoggingAspect - Method arguments : [com.stackroute.activitystream.model.User@3af58f76]
2018-01-04 14:29:06 [main] DEBUG c.s.a.aspect.LoggingAspect - *********************************
2018-01-04 14:29:06 [main] INFO  c.s.a.aspect.LoggingAspect - ============@Before==========
2018-01-04 14:29:06 [main] DEBUG c.s.a.aspect.LoggingAspect - Method Name : save
2018-01-04 14:29:06 [main] DEBUG c.s.a.aspect.LoggingAspect - *********************************
2018-01-04 14:29:06 [main] DEBUG o.s.orm.jpa.JpaTransactionManager - Found thread-bound EntityManager [SessionImpl(PersistenceContext[entityKeys=[EntityKey[com.stackroute.activitystream.model.User#will], EntityKey[com.stackroute.activitystream.model.Circle#Java], EntityKey[com.stackroute.activitystream.model.User#john]],collectionKeys=[]];ActionQueue[insertions=ExecutableList{size=2} updates=ExecutableList{size=0} deletions=ExecutableList{size=0} orphanRemovals=ExecutableList{size=0} collectionCreations=ExecutableList{size=0} collectionRemovals=ExecutableList{size=0} collectionUpdates=ExecutableList{size=0} collectionQueuedOps=ExecutableList{size=0} unresolvedInsertDependencies=null])] for JPA transaction
2018-01-04 14:29:06 [main] DEBUG o.s.orm.jpa.JpaTransactionManager - Participating in existing transaction
2018-01-04 14:29:06 [main] INFO  c.s.a.aspect.LoggingAspect - ============@After==========
2018-01-04 14:29:06 [main] DEBUG c.s.a.aspect.LoggingAspect - Method Name : save
2018-01-04 14:29:06 [main] DEBUG c.s.a.aspect.LoggingAspect - Method arguments : [com.stackroute.activitystream.model.Circle@27a09971]
2018-01-04 14:29:06 [main] DEBUG c.s.a.aspect.LoggingAspect - *********************************
2018-01-04 14:29:06 [main] DEBUG c.s.a.aspect.LoggingAspect - ============@AfterReturning==========
2018-01-04 14:29:06 [main] DEBUG c.s.a.aspect.LoggingAspect - Method Name : save
2018-01-04 14:29:06 [main] DEBUG c.s.a.aspect.LoggingAspect - Method arguments : [com.stackroute.activitystream.model.Circle@27a09971]
2018-01-04 14:29:06 [main] DEBUG c.s.a.aspect.LoggingAspect - *********************************
2018-01-04 14:29:06 [main] INFO  c.s.a.aspect.LoggingAspect - ============@Before==========
2018-01-04 14:29:06 [main] DEBUG c.s.a.aspect.LoggingAspect - Method Name : addUser
2018-01-04 14:29:06 [main] DEBUG c.s.a.aspect.LoggingAspect - *********************************
2018-01-04 14:29:06 [main] DEBUG o.s.orm.jpa.JpaTransactionManager - Found thread-bound EntityManager [SessionImpl(PersistenceContext[entityKeys=[EntityKey[com.stackroute.activitystream.model.User#will], EntityKey[com.stackroute.activitystream.model.Circle#Java], EntityKey[com.stackroute.activitystream.model.User#john]],collectionKeys=[]];ActionQueue[insertions=ExecutableList{size=2} updates=ExecutableList{size=0} deletions=ExecutableList{size=0} orphanRemovals=ExecutableList{size=0} collectionCreations=ExecutableList{size=0} collectionRemovals=ExecutableList{size=0} collectionUpdates=ExecutableList{size=0} collectionQueuedOps=ExecutableList{size=0} unresolvedInsertDependencies=null])] for JPA transaction
2018-01-04 14:29:06 [main] DEBUG o.s.orm.jpa.JpaTransactionManager - Participating in existing transaction
2018-01-04 14:29:06 [main] DEBUG o.s.orm.jpa.JpaTransactionManager - Found thread-bound EntityManager [SessionImpl(PersistenceContext[entityKeys=[EntityKey[com.stackroute.activitystream.model.User#will], EntityKey[com.stackroute.activitystream.model.Circle#Java], EntityKey[com.stackroute.activitystream.model.User#john]],collectionKeys=[]];ActionQueue[insertions=ExecutableList{size=2} updates=ExecutableList{size=0} deletions=ExecutableList{size=0} orphanRemovals=ExecutableList{size=0} collectionCreations=ExecutableList{size=0} collectionRemovals=ExecutableList{size=0} collectionUpdates=ExecutableList{size=0} collectionQueuedOps=ExecutableList{size=0} unresolvedInsertDependencies=null])] for JPA transaction
2018-01-04 14:29:06 [main] DEBUG o.s.orm.jpa.JpaTransactionManager - Participating in existing transaction
2018-01-04 14:29:06 [main] DEBUG o.s.orm.jpa.JpaTransactionManager - Found thread-bound EntityManager [SessionImpl(PersistenceContext[entityKeys=[EntityKey[com.stackroute.activitystream.model.User#will], EntityKey[com.stackroute.activitystream.model.Circle#Java], EntityKey[com.stackroute.activitystream.model.User#john]],collectionKeys=[]];ActionQueue[insertions=ExecutableList{size=2} updates=ExecutableList{size=0} deletions=ExecutableList{size=0} orphanRemovals=ExecutableList{size=0} collectionCreations=ExecutableList{size=0} collectionRemovals=ExecutableList{size=0} collectionUpdates=ExecutableList{size=0} collectionQueuedOps=ExecutableList{size=0} unresolvedInsertDependencies=null])] for JPA transaction
2018-01-04 14:29:06 [main] DEBUG o.s.orm.jpa.JpaTransactionManager - Participating in existing transaction
2018-01-04 14:29:06 [main] DEBUG o.s.j.d.DriverManagerDataSource - Creating new JDBC DriverManager Connection to [jdbc:mysql://localhost:3306/step5]
2018-01-04 14:29:06 [main] INFO  c.s.a.aspect.LoggingAspect - ============@After==========
2018-01-04 14:29:06 [main] DEBUG c.s.a.aspect.LoggingAspect - Method Name : addUser
2018-01-04 14:29:06 [main] DEBUG c.s.a.aspect.LoggingAspect - Method arguments : [john, Java]
2018-01-04 14:29:06 [main] DEBUG c.s.a.aspect.LoggingAspect - *********************************
2018-01-04 14:29:06 [main] DEBUG c.s.a.aspect.LoggingAspect - ============@AfterReturning==========
2018-01-04 14:29:06 [main] DEBUG c.s.a.aspect.LoggingAspect - Method Name : addUser
2018-01-04 14:29:06 [main] DEBUG c.s.a.aspect.LoggingAspect - Method arguments : [john, Java]
2018-01-04 14:29:06 [main] DEBUG c.s.a.aspect.LoggingAspect - *********************************
2018-01-04 14:29:06 [main] INFO  c.s.a.aspect.LoggingAspect - ============@Before==========
2018-01-04 14:29:06 [main] DEBUG c.s.a.aspect.LoggingAspect - Method Name : addUser
2018-01-04 14:29:06 [main] DEBUG c.s.a.aspect.LoggingAspect - *********************************
2018-01-04 14:29:06 [main] DEBUG o.s.orm.jpa.JpaTransactionManager - Found thread-bound EntityManager [SessionImpl(PersistenceContext[entityKeys=[EntityKey[com.stackroute.activitystream.model.User#will], EntityKey[com.stackroute.activitystream.model.Circle#Java], EntityKey[com.stackroute.activitystream.model.User#john], EntityKey[com.stackroute.activitystream.model.UserCircle#6]],collectionKeys=[]];ActionQueue[insertions=ExecutableList{size=3} updates=ExecutableList{size=0} deletions=ExecutableList{size=0} orphanRemovals=ExecutableList{size=0} collectionCreations=ExecutableList{size=0} collectionRemovals=ExecutableList{size=0} collectionUpdates=ExecutableList{size=0} collectionQueuedOps=ExecutableList{size=0} unresolvedInsertDependencies=null])] for JPA transaction
2018-01-04 14:29:06 [main] DEBUG o.s.orm.jpa.JpaTransactionManager - Participating in existing transaction
2018-01-04 14:29:06 [main] DEBUG o.s.orm.jpa.JpaTransactionManager - Found thread-bound EntityManager [SessionImpl(PersistenceContext[entityKeys=[EntityKey[com.stackroute.activitystream.model.User#will], EntityKey[com.stackroute.activitystream.model.Circle#Java], EntityKey[com.stackroute.activitystream.model.User#john], EntityKey[com.stackroute.activitystream.model.UserCircle#6]],collectionKeys=[]];ActionQueue[insertions=ExecutableList{size=3} updates=ExecutableList{size=0} deletions=ExecutableList{size=0} orphanRemovals=ExecutableList{size=0} collectionCreations=ExecutableList{size=0} collectionRemovals=ExecutableList{size=0} collectionUpdates=ExecutableList{size=0} collectionQueuedOps=ExecutableList{size=0} unresolvedInsertDependencies=null])] for JPA transaction
2018-01-04 14:29:06 [main] DEBUG o.s.orm.jpa.JpaTransactionManager - Participating in existing transaction
2018-01-04 14:29:06 [main] INFO  c.s.a.aspect.LoggingAspect - ============@After==========
2018-01-04 14:29:06 [main] DEBUG c.s.a.aspect.LoggingAspect - Method Name : addUser
2018-01-04 14:29:06 [main] DEBUG c.s.a.aspect.LoggingAspect - Method arguments : [will, Java]
2018-01-04 14:29:06 [main] DEBUG c.s.a.aspect.LoggingAspect - *********************************
2018-01-04 14:29:06 [main] DEBUG c.s.a.aspect.LoggingAspect - ============@AfterReturning==========
2018-01-04 14:29:06 [main] DEBUG c.s.a.aspect.LoggingAspect - Method Name : addUser
2018-01-04 14:29:06 [main] DEBUG c.s.a.aspect.LoggingAspect - Method arguments : [will, Java]
2018-01-04 14:29:06 [main] DEBUG c.s.a.aspect.LoggingAspect - *********************************
2018-01-04 14:29:06 [main] INFO  c.s.a.aspect.LoggingAspect - ============@Before==========
2018-01-04 14:29:06 [main] DEBUG c.s.a.aspect.LoggingAspect - Method Name : sendMessageToCircle
2018-01-04 14:29:06 [main] DEBUG c.s.a.aspect.LoggingAspect - *********************************
2018-01-04 14:29:06 [main] DEBUG o.s.orm.jpa.JpaTransactionManager - Found thread-bound EntityManager [SessionImpl(PersistenceContext[entityKeys=[EntityKey[com.stackroute.activitystream.model.User#will], EntityKey[com.stackroute.activitystream.model.Circle#Java], EntityKey[com.stackroute.activitystream.model.UserCircle#2], EntityKey[com.stackroute.activitystream.model.User#john], EntityKey[com.stackroute.activitystream.model.UserCircle#6]],collectionKeys=[]];ActionQueue[insertions=ExecutableList{size=0} updates=ExecutableList{size=0} deletions=ExecutableList{size=0} orphanRemovals=ExecutableList{size=0} collectionCreations=ExecutableList{size=0} collectionRemovals=ExecutableList{size=0} collectionUpdates=ExecutableList{size=0} collectionQueuedOps=ExecutableList{size=0} unresolvedInsertDependencies=null])] for JPA transaction
2018-01-04 14:29:06 [main] DEBUG o.s.orm.jpa.JpaTransactionManager - Participating in existing transaction
2018-01-04 14:29:06 [main] INFO  c.s.a.aspect.LoggingAspect - ============@After==========
2018-01-04 14:29:06 [main] DEBUG c.s.a.aspect.LoggingAspect - Method Name : sendMessageToCircle
