2018-01-04 14:29:07 [main] DEBUG o.s.orm.jpa.JpaTransactionManager - Exposing JPA transaction as JDBC transaction [org.springframework.orm.jpa.vendor.HibernateJpaDialect$HibernateConnectionHandle@1235151c]
2018-01-04 14:29:07 [main] INFO  o.s.t.c.t.TransactionContext - Began transaction (1) for test context [DefaultTestContext@6dee8ae6 testClass = MessageTest, testInstance = com.stackroute.activitystream.test.MessageTest@36776c32, testMethod = testSendMessageToCircleInvalidCircleFailure@MessageTest, testException = [null], mergedContextConfiguration = [WebMergedContextConfiguration@5af64ce0 testClass = MessageTest, locations = '{}', classes = '{class com.stackroute.activitystream.config.ApplicationContextConfig, class com.stackroute.activitystream.config.PersistenceJPAConfig}', contextInitializerClasses = '[]', activeProfiles = '{}', propertySourceLocations = '{}', propertySourceProperties = '{}', contextCustomizers = set[[empty]], resourceBasePath = 'src/main/webapp', contextLoader = 'org.springframework.test.context.web.WebDelegatingSmartContextLoader', parent = [null]]]; transaction manager [org.springframework.orm.jpa.JpaTransactionManager@4ba6ec50]; rollback [true]
2018-01-04 14:29:07 [main] INFO  c.s.a.aspect.LoggingAspect - ============@Before==========
2018-01-04 14:29:07 [main] DEBUG c.s.a.aspect.LoggingAspect - Method Name : get
2018-01-04 14:29:07 [main] DEBUG c.s.a.aspect.LoggingAspect - *********************************
2018-01-04 14:29:07 [main] DEBUG o.s.orm.jpa.JpaTransactionManager - Found thread-bound EntityManager [SessionImpl(PersistenceContext[entityKeys=[],collectionKeys=[]];ActionQueue[insertions=ExecutableList{size=0} updates=ExecutableList{size=0} deletions=ExecutableList{size=0} orphanRemovals=ExecutableList{size=0} collectionCreations=ExecutableList{size=0} collectionRemovals=ExecutableList{size=0} collectionUpdates=ExecutableList{size=0} collectionQueuedOps=ExecutableList{size=0} unresolvedInsertDependencies=null])] for JPA transaction
2018-01-04 14:29:07 [main] DEBUG o.s.orm.jpa.JpaTransactionManager - Participating in existing transaction
2018-01-04 14:29:07 [main] INFO  c.s.a.aspect.LoggingAspect - ============@After==========
2018-01-04 14:29:07 [main] DEBUG c.s.a.aspect.LoggingAspect - Method Name : get
2018-01-04 14:29:07 [main] DEBUG c.s.a.aspect.LoggingAspect - Method arguments : [john]
2018-01-04 14:29:07 [main] DEBUG c.s.a.aspect.LoggingAspect - *********************************
2018-01-04 14:29:07 [main] DEBUG c.s.a.aspect.LoggingAspect - ============@AfterReturning==========
2018-01-04 14:29:07 [main] DEBUG c.s.a.aspect.LoggingAspect - Method Name : get
2018-01-04 14:29:07 [main] DEBUG c.s.a.aspect.LoggingAspect - Method arguments : [john]
2018-01-04 14:29:07 [main] DEBUG c.s.a.aspect.LoggingAspect - *********************************
2018-01-04 14:29:07 [main] INFO  c.s.a.aspect.LoggingAspect - ============@Before==========
2018-01-04 14:29:07 [main] DEBUG c.s.a.aspect.LoggingAspect - Method Name : get
2018-01-04 14:29:07 [main] DEBUG c.s.a.aspect.LoggingAspect - *********************************
2018-01-04 14:29:07 [main] DEBUG o.s.orm.jpa.JpaTransactionManager - Found thread-bound EntityManager [SessionImpl(PersistenceContext[entityKeys=[],collectionKeys=[]];ActionQueue[insertions=ExecutableList{size=0} updates=ExecutableList{size=0} deletions=ExecutableList{size=0} orphanRemovals=ExecutableList{size=0} collectionCreations=ExecutableList{size=0} collectionRemovals=ExecutableList{size=0} collectionUpdates=ExecutableList{size=0} collectionQueuedOps=ExecutableList{size=0} unresolvedInsertDependencies=null])] for JPA transaction
2018-01-04 14:29:07 [main] DEBUG o.s.orm.jpa.JpaTransactionManager - Participating in existing transaction
2018-01-04 14:29:07 [main] INFO  c.s.a.aspect.LoggingAspect - ============@After==========
2018-01-04 14:29:07 [main] DEBUG c.s.a.aspect.LoggingAspect - Method Name : get
2018-01-04 14:29:07 [main] DEBUG c.s.a.aspect.LoggingAspect - Method arguments : [will]
2018-01-04 14:29:07 [main] DEBUG c.s.a.aspect.LoggingAspect - *********************************
2018-01-04 14:29:07 [main] DEBUG c.s.a.aspect.LoggingAspect - ============@AfterReturning==========
2018-01-04 14:29:07 [main] DEBUG c.s.a.aspect.LoggingAspect - Method Name : get
2018-01-04 14:29:07 [main] DEBUG c.s.a.aspect.LoggingAspect - Method arguments : [will]
2018-01-04 14:29:07 [main] DEBUG c.s.a.aspect.LoggingAspect - *********************************
2018-01-04 14:29:07 [main] INFO  c.s.a.aspect.LoggingAspect - ============@Before==========
2018-01-04 14:29:07 [main] DEBUG c.s.a.aspect.LoggingAspect - Method Name : get
2018-01-04 14:29:07 [main] DEBUG c.s.a.aspect.LoggingAspect - *********************************
2018-01-04 14:29:07 [main] DEBUG o.s.orm.jpa.JpaTransactionManager - Found thread-bound EntityManager [SessionImpl(PersistenceContext[entityKeys=[],collectionKeys=[]];ActionQueue[insertions=ExecutableList{size=0} updates=ExecutableList{size=0} deletions=ExecutableList{size=0} orphanRemovals=ExecutableList{size=0} collectionCreations=ExecutableList{size=0} collectionRemovals=ExecutableList{size=0} collectionUpdates=ExecutableList{size=0} collectionQueuedOps=ExecutableList{size=0} unresolvedInsertDependencies=null])] for JPA transaction
2018-01-04 14:29:07 [main] DEBUG o.s.orm.jpa.JpaTransactionManager - Participating in existing transaction
2018-01-04 14:29:07 [main] INFO  c.s.a.aspect.LoggingAspect - ============@After==========
2018-01-04 14:29:07 [main] DEBUG c.s.a.aspect.LoggingAspect - Method Name : get
2018-01-04 14:29:07 [main] DEBUG c.s.a.aspect.LoggingAspect - Method arguments : [Java]
2018-01-04 14:29:07 [main] DEBUG c.s.a.aspect.LoggingAspect - *********************************
2018-01-04 14:29:07 [main] DEBUG c.s.a.aspect.LoggingAspect - ============@AfterReturning==========
2018-01-04 14:29:07 [main] DEBUG c.s.a.aspect.LoggingAspect - Method Name : get
2018-01-04 14:29:07 [main] DEBUG c.s.a.aspect.LoggingAspect - Method arguments : [Java]
2018-01-04 14:29:07 [main] DEBUG c.s.a.aspect.LoggingAspect - *********************************
2018-01-04 14:29:07 [main] INFO  c.s.a.aspect.LoggingAspect - ============@Before==========
2018-01-04 14:29:07 [main] DEBUG c.s.a.aspect.LoggingAspect - Method Name : get
2018-01-04 14:29:07 [main] DEBUG c.s.a.aspect.LoggingAspect - *********************************
2018-01-04 14:29:07 [main] DEBUG o.s.orm.jpa.JpaTransactionManager - Found thread-bound EntityManager [SessionImpl(PersistenceContext[entityKeys=[EntityKey[com.stackroute.activitystream.model.Circle#Java]],collectionKeys=[]];ActionQueue[insertions=ExecutableList{size=0} updates=ExecutableList{size=0} deletions=ExecutableList{size=0} orphanRemovals=ExecutableList{size=0} collectionCreations=ExecutableList{size=0} collectionRemovals=ExecutableList{size=0} collectionUpdates=ExecutableList{size=0} collectionQueuedOps=ExecutableList{size=0} unresolvedInsertDependencies=null])] for JPA transaction
2018-01-04 14:29:07 [main] DEBUG o.s.orm.jpa.JpaTransactionManager - Participating in existing transaction
2018-01-04 14:29:07 [main] INFO  c.s.a.aspect.LoggingAspect - ============@After==========
2018-01-04 14:29:07 [main] DEBUG c.s.a.aspect.LoggingAspect - Method Name : get
2018-01-04 14:29:07 [main] DEBUG c.s.a.aspect.LoggingAspect - Method arguments : [Java]
2018-01-04 14:29:07 [main] DEBUG c.s.a.aspect.LoggingAspect - *********************************
2018-01-04 14:29:07 [main] DEBUG c.s.a.aspect.LoggingAspect - ============@AfterReturning==========
2018-01-04 14:29:07 [main] DEBUG c.s.a.aspect.LoggingAspect - Method Name : get
2018-01-04 14:29:07 [main] DEBUG c.s.a.aspect.LoggingAspect - Method arguments : [Java]
2018-01-04 14:29:07 [main] DEBUG c.s.a.aspect.LoggingAspect - *********************************
2018-01-04 14:29:07 [main] INFO  c.s.a.aspect.LoggingAspect - ============@Before==========
2018-01-04 14:29:07 [main] DEBUG c.s.a.aspect.LoggingAspect - Method Name : delete
2018-01-04 14:29:07 [main] DEBUG c.s.a.aspect.LoggingAspect - *********************************
2018-01-04 14:29:07 [main] DEBUG o.s.orm.jpa.JpaTransactionManager - Found thread-bound EntityManager [SessionImpl(PersistenceContext[entityKeys=[EntityKey[com.stackroute.activitystream.model.Circle#Java]],collectionKeys=[]];ActionQueue[insertions=ExecutableList{size=0} updates=ExecutableList{size=0} deletions=ExecutableList{size=0} orphanRemovals=ExecutableList{size=0} collectionCreations=ExecutableList{size=0} collectionRemovals=ExecutableList{size=0} collectionUpdates=ExecutableList{size=0} collectionQueuedOps=ExecutableList{size=0} unresolvedInsertDependencies=null])] for JPA transaction
2018-01-04 14:29:07 [main] DEBUG o.s.orm.jpa.JpaTransactionManager - Participating in existing transaction
2018-01-04 14:29:07 [main] INFO  c.s.a.aspect.LoggingAspect - ============@After==========
2018-01-04 14:29:07 [main] DEBUG c.s.a.aspect.LoggingAspect - Method Name : delete
2018-01-04 14:29:07 [main] DEBUG c.s.a.aspect.LoggingAspect - Method arguments : [com.stackroute.activitystream.model.Circle@5529ff44]
2018-01-04 14:29:07 [main] DEBUG c.s.a.aspect.LoggingAspect - *********************************
2018-01-04 14:29:07 [main] DEBUG c.s.a.aspect.LoggingAspect - ============@AfterReturning==========
2018-01-04 14:29:07 [main] DEBUG c.s.a.aspect.LoggingAspect - Method Name : delete
2018-01-04 14:29:07 [main] DEBUG c.s.a.aspect.LoggingAspect - Method arguments : [com.stackroute.activitystream.model.Circle@5529ff44]
2018-01-04 14:29:07 [main] DEBUG c.s.a.aspect.LoggingAspect - *********************************
2018-01-04 14:29:07 [main] INFO  c.s.a.aspect.LoggingAspect - ============@Before==========
2018-01-04 14:29:07 [main] DEBUG c.s.a.aspect.LoggingAspect - Method Name : save
2018-01-04 14:29:07 [main] DEBUG c.s.a.aspect.LoggingAspect - *********************************
2018-01-04 14:29:07 [main] DEBUG o.s.orm.jpa.JpaTransactionManager - Found thread-bound EntityManager [SessionImpl(PersistenceContext[entityKeys=[EntityKey[com.stackroute.activitystream.model.Circle#Java]],collectionKeys=[]];ActionQueue[insertions=ExecutableList{size=0} updates=ExecutableList{size=0} deletions=ExecutableList{size=0} orphanRemovals=ExecutableList{size=0} collectionCreations=ExecutableList{size=0} collectionRemovals=ExecutableList{size=0} collectionUpdates=ExecutableList{size=0} collectionQueuedOps=ExecutableList{size=0} unresolvedInsertDependencies=null])] for JPA transaction
2018-01-04 14:29:07 [main] DEBUG o.s.orm.jpa.JpaTransactionManager - Participating in existing transaction
2018-01-04 14:29:07 [main] INFO  c.s.a.aspect.LoggingAspect - ============@After==========
2018-01-04 14:29:07 [main] DEBUG c.s.a.aspect.LoggingAspect - Method Name : save
2018-01-04 14:29:07 [main] DEBUG c.s.a.aspect.LoggingAspect - Method arguments : [com.stackroute.activitystream.model.User@14447be]
2018-01-04 14:29:07 [main] DEBUG c.s.a.aspect.LoggingAspect - *********************************
2018-01-04 14:29:07 [main] DEBUG c.s.a.aspect.LoggingAspect - ============@AfterReturning==========
2018-01-04 14:29:07 [main] DEBUG c.s.a.aspect.LoggingAspect - Method Name : save
2018-01-04 14:29:07 [main] DEBUG c.s.a.aspect.LoggingAspect - Method arguments : [com.stackroute.activitystream.model.User@14447be]
2018-01-04 14:29:07 [main] DEBUG c.s.a.aspect.LoggingAspect - *********************************
