2018-01-04 13:56:23 [main] DEBUG o.s.b.f.s.DefaultListableBeanFactory - Eagerly caching bean 'transactionAttributeSource' to allow for resolving potential circular references
2018-01-04 13:56:23 [main] DEBUG o.s.a.f.a.BeanFactoryAdvisorRetrievalHelper - Skipping currently created advisor 'org.springframework.transaction.config.internalTransactionAdvisor'
2018-01-04 13:56:23 [main] DEBUG o.s.b.f.s.DefaultListableBeanFactory - Finished creating instance of bean 'transactionAttributeSource'
2018-01-04 13:56:23 [main] DEBUG o.s.b.f.s.DefaultListableBeanFactory - Creating shared instance of singleton bean 'transactionInterceptor'
2018-01-04 13:56:23 [main] DEBUG o.s.b.f.s.DefaultListableBeanFactory - Creating instance of bean 'transactionInterceptor'
2018-01-04 13:56:23 [main] DEBUG o.s.b.f.s.DefaultListableBeanFactory - Returning cached instance of singleton bean 'org.springframework.transaction.annotation.ProxyTransactionManagementConfiguration'
2018-01-04 13:56:23 [main] DEBUG o.s.b.f.s.DefaultListableBeanFactory - Returning cached instance of singleton bean 'transactionAttributeSource'
2018-01-04 13:56:23 [main] DEBUG o.s.b.f.s.DefaultListableBeanFactory - Eagerly caching bean 'transactionInterceptor' to allow for resolving potential circular references
2018-01-04 13:56:23 [main] DEBUG o.s.b.f.s.DefaultListableBeanFactory - Invoking afterPropertiesSet() on bean with name 'transactionInterceptor'
2018-01-04 13:56:23 [main] DEBUG o.s.b.f.s.DefaultListableBeanFactory - Finished creating instance of bean 'transactionInterceptor'
2018-01-04 13:56:23 [main] DEBUG o.s.b.f.s.DefaultListableBeanFactory - Eagerly caching bean 'org.springframework.transaction.config.internalTransactionAdvisor' to allow for resolving potential circular references
2018-01-04 13:56:23 [main] DEBUG o.s.b.f.s.DefaultListableBeanFactory - Finished creating instance of bean 'org.springframework.transaction.config.internalTransactionAdvisor'
2018-01-04 13:56:23 [main] DEBUG o.s.b.f.s.DefaultListableBeanFactory - Finished creating instance of bean 'dataSource'
2018-01-04 13:56:23 [main] DEBUG o.s.b.f.s.DefaultListableBeanFactory - Eagerly caching bean 'entityManagerFactory' to allow for resolving potential circular references
2018-01-04 13:56:23 [main] DEBUG o.s.b.f.s.DefaultListableBeanFactory - Invoking afterPropertiesSet() on bean with name 'entityManagerFactory'
2018-01-04 13:56:23 [main] DEBUG o.s.c.i.s.PathMatchingResourcePatternResolver - Resolved classpath location [META-INF/persistence.xml] to resources []
2018-01-04 13:56:23 [main] DEBUG o.s.c.i.s.PathMatchingResourcePatternResolver - Resolved classpath location [com/stackroute/activitystream/model/] to resources [URL [jar:file:/C:/Users/Farook/.m2/repository/com/stackroute/activitystream/ActivityStream-step5-backend/0.0.1-SNAPSHOT/ActivityStream-step5-backend-0.0.1-SNAPSHOT.jar!/com/stackroute/activitystream/model/]]
2018-01-04 13:56:23 [main] DEBUG o.s.c.i.s.PathMatchingResourcePatternResolver - Looking for matching resources in jar file [file:/C:/Users/Farook/.m2/repository/com/stackroute/activitystream/ActivityStream-step5-backend/0.0.1-SNAPSHOT/ActivityStream-step5-backend-0.0.1-SNAPSHOT.jar]
2018-01-04 13:56:23 [main] DEBUG o.s.c.i.s.PathMatchingResourcePatternResolver - Resolved location pattern [classpath*:com/stackroute/activitystream/model/**/*.class] to resources [URL [jar:file:/C:/Users/Farook/.m2/repository/com/stackroute/activitystream/ActivityStream-step5-backend/0.0.1-SNAPSHOT/ActivityStream-step5-backend-0.0.1-SNAPSHOT.jar!/com/stackroute/activitystream/model/Circle.class], URL [jar:file:/C:/Users/Farook/.m2/repository/com/stackroute/activitystream/ActivityStream-step5-backend/0.0.1-SNAPSHOT/ActivityStream-step5-backend-0.0.1-SNAPSHOT.jar!/com/stackroute/activitystream/model/Message.class], URL [jar:file:/C:/Users/Farook/.m2/repository/com/stackroute/activitystream/ActivityStream-step5-backend/0.0.1-SNAPSHOT/ActivityStream-step5-backend-0.0.1-SNAPSHOT.jar!/com/stackroute/activitystream/model/User.class], URL [jar:file:/C:/Users/Farook/.m2/repository/com/stackroute/activitystream/ActivityStream-step5-backend/0.0.1-SNAPSHOT/ActivityStream-step5-backend-0.0.1-SNAPSHOT.jar!/com/stackroute/activitystream/model/UserCircle.class], URL [jar:file:/C:/Users/Farook/.m2/repository/com/stackroute/activitystream/ActivityStream-step5-backend/0.0.1-SNAPSHOT/ActivityStream-step5-backend-0.0.1-SNAPSHOT.jar!/com/stackroute/activitystream/model/UserTag.class]]
2018-01-04 13:56:23 [main] INFO  o.s.o.j.LocalContainerEntityManagerFactoryBean - Building JPA container EntityManagerFactory for persistence unit 'default'
2018-01-04 13:56:23 [main] DEBUG o.s.j.d.DriverManagerDataSource - Creating new JDBC DriverManager Connection to [jdbc:mysql://localhost:3306/activitystream_step5]
2018-01-04 13:56:23 [main] DEBUG o.s.j.d.DriverManagerDataSource - Creating new JDBC DriverManager Connection to [jdbc:mysql://localhost:3306/activitystream_step5]
2018-01-04 13:56:23 [main] INFO  o.s.o.j.LocalContainerEntityManagerFactoryBean - Initialized JPA EntityManagerFactory for persistence unit 'default'
2018-01-04 13:56:23 [main] DEBUG o.s.b.f.s.DefaultListableBeanFactory - Returning cached instance of singleton bean 'org.springframework.transaction.config.internalTransactionAdvisor'
2018-01-04 13:56:23 [main] DEBUG o.s.b.f.s.DefaultListableBeanFactory - Finished creating instance of bean 'entityManagerFactory'
2018-01-04 13:56:23 [main] DEBUG o.s.b.f.s.DefaultListableBeanFactory - Pre-instantiating singletons in org.springframework.beans.factory.support.DefaultListableBeanFactory@773c2214: defining beans [org.springframework.context.annotation.internalConfigurationAnnotationProcessor,org.springframework.context.annotation.internalAutowiredAnnotationProcessor,org.springframework.context.annotation.internalRequiredAnnotationProcessor,org.springframework.context.annotation.internalCommonAnnotationProcessor,org.springframework.context.annotation.internalPersistenceAnnotationProcessor,org.springframework.context.event.internalEventListenerProcessor,org.springframework.context.event.internalEventListenerFactory,applicationContextConfig,circleController,messageController,userAuthController,userCircleController,userController,persistenceJPAConfig,circle,message,user,userCircle,userTag,circleServiceImpl,messageServiceImpl,userCircleServiceImpl,userServiceImpl,org.springframework.transaction.annotation.ProxyTransactionManagementConfiguration,org.springframework.transaction.config.internalTransactionAdvisor,transactionAttributeSource,transactionInterceptor,org.springframework.transaction.config.internalTransactionalEventListenerFactory,entityManagerFactory,dataSource,transactionManager,exceptionTranslation,org.springframework.aop.config.internalAutoProxyCreator,org.springframework.data.jpa.repository.config.JpaRepositoryConfigExtension#0,org.springframework.data.repository.core.support.RepositoryFactoryBeanSupport_Predictor,emBeanDefinitionRegistrarPostProcessor,jpaMappingContext,jpaContext,userRepository,circleRepository,userTagRepository,userCircleRepository,messageRepository,org.springframework.web.servlet.config.annotation.DelegatingWebMvcConfiguration,requestMappingHandlerMapping,mvcPathMatcher,mvcUrlPathHelper,mvcContentNegotiationManager,viewControllerHandlerMapping,beanNameHandlerMapping,resourceHandlerMapping,mvcResourceUrlProvider,defaultServletHandlerMapping,requestMappingHandlerAdapter,mvcConversionService,mvcValidator,mvcUriComponentsContributor,httpRequestHandlerAdapter,simpleControllerHandlerAdapter,handlerExceptionResolver,mvcViewResolver,org.springframework.orm.jpa.SharedEntityManagerCreator#0]; root of factory hierarchy
2018-01-04 13:56:23 [main] DEBUG o.s.b.f.s.DefaultListableBeanFactory - Returning cached instance of singleton bean 'org.springframework.context.annotation.internalConfigurationAnnotationProcessor'
2018-01-04 13:56:23 [main] DEBUG o.s.b.f.s.DefaultListableBeanFactory - Returning cached instance of singleton bean 'org.springframework.context.annotation.internalAutowiredAnnotationProcessor'
2018-01-04 13:56:23 [main] DEBUG o.s.b.f.s.DefaultListableBeanFactory - Returning cached instance of singleton bean 'org.springframework.context.annotation.internalRequiredAnnotationProcessor'
2018-01-04 13:56:23 [main] DEBUG o.s.b.f.s.DefaultListableBeanFactory - Returning cached instance of singleton bean 'org.springframework.context.annotation.internalCommonAnnotationProcessor'
2018-01-04 13:56:23 [main] DEBUG o.s.b.f.s.DefaultListableBeanFactory - Returning cached instance of singleton bean 'org.springframework.context.annotation.internalPersistenceAnnotationProcessor'
2018-01-04 13:56:23 [main] DEBUG o.s.b.f.s.DefaultListableBeanFactory - Creating shared instance of singleton bean 'org.springframework.context.event.internalEventListenerProcessor'
2018-01-04 13:56:23 [main] DEBUG o.s.b.f.s.DefaultListableBeanFactory - Creating instance of bean 'org.springframework.context.event.internalEventListenerProcessor'
2018-01-04 13:56:23 [main] DEBUG o.s.b.f.s.DefaultListableBeanFactory - Eagerly caching bean 'org.springframework.context.event.internalEventListenerProcessor' to allow for resolving potential circular references
2018-01-04 13:56:23 [main] DEBUG o.s.b.f.s.DefaultListableBeanFactory - Returning cached instance of singleton bean 'org.springframework.transaction.config.internalTransactionAdvisor'
2018-01-04 13:56:23 [main] DEBUG o.s.b.f.s.DefaultListableBeanFactory - Finished creating instance of bean 'org.springframework.context.event.internalEventListenerProcessor'
2018-01-04 13:56:23 [main] DEBUG o.s.b.f.s.DefaultListableBeanFactory - Creating shared instance of singleton bean 'org.springframework.context.event.internalEventListenerFactory'
2018-01-04 13:56:23 [main] DEBUG o.s.b.f.s.DefaultListableBeanFactory - Creating instance of bean 'org.springframework.context.event.internalEventListenerFactory'
2018-01-04 13:56:23 [main] DEBUG o.s.b.f.s.DefaultListableBeanFactory - Eagerly caching bean 'org.springframework.context.event.internalEventListenerFactory' to allow for resolving potential circular references
2018-01-04 13:56:23 [main] DEBUG o.s.b.f.s.DefaultListableBeanFactory - Returning cached instance of singleton bean 'org.springframework.transaction.config.internalTransactionAdvisor'
2018-01-04 13:56:23 [main] DEBUG o.s.b.f.s.DefaultListableBeanFactory - Finished creating instance of bean 'org.springframework.context.event.internalEventListenerFactory'
2018-01-04 13:56:23 [main] DEBUG o.s.b.f.s.DefaultListableBeanFactory - Creating shared instance of singleton bean 'applicationContextConfig'
2018-01-04 13:56:23 [main] DEBUG o.s.b.f.s.DefaultListableBeanFactory - Creating instance of bean 'applicationContextConfig'
2018-01-04 13:56:23 [main] DEBUG o.s.b.f.s.DefaultListableBeanFactory - Eagerly caching bean 'applicationContextConfig' to allow for resolving potential circular references
2018-01-04 13:56:23 [main] DEBUG o.s.b.f.s.DefaultListableBeanFactory - Returning cached instance of singleton bean 'org.springframework.transaction.config.internalTransactionAdvisor'
2018-01-04 13:56:23 [main] DEBUG o.s.b.f.s.DefaultListableBeanFactory - Finished creating instance of bean 'applicationContextConfig'
2018-01-04 13:56:23 [main] DEBUG o.s.b.f.s.DefaultListableBeanFactory - Creating shared instance of singleton bean 'circleController'
2018-01-04 13:56:23 [main] DEBUG o.s.b.f.s.DefaultListableBeanFactory - Creating instance of bean 'circleController'
