2018-01-04 13:56:31 [main] DEBUG o.s.t.w.s.TestDispatcherServlet - Null ModelAndView returned to DispatcherServlet with name '': assuming HandlerAdapter completed request handling
2018-01-04 13:56:31 [main] DEBUG o.s.t.w.s.TestDispatcherServlet - Successfully completed request
2018-01-04 13:56:31 [main] DEBUG c.j.j.internal.path.CompiledPath - Evaluating path: $['username']
2018-01-04 13:56:31 [main] DEBUG c.j.j.internal.path.CompiledPath - Evaluating path: $['password']
2018-01-04 13:56:31 [main] DEBUG o.s.t.w.s.TestDispatcherServlet - DispatcherServlet with name '' processing GET request for [/api/user]
2018-01-04 13:56:31 [main] DEBUG o.s.t.w.s.s.StandaloneMockMvcBuilder$StaticRequestMappingHandlerMapping - Looking up handler method for path /api/user
2018-01-04 13:56:31 [main] DEBUG o.s.t.w.s.s.StandaloneMockMvcBuilder$StaticRequestMappingHandlerMapping - Returning handler method [public org.springframework.http.ResponseEntity<java.util.List<com.stackroute.activitystream.model.User>> com.stackroute.activitystream.controller.UserController.listAllUsers(javax.servlet.http.HttpSession)]
2018-01-04 13:56:31 [main] DEBUG o.s.t.w.s.TestDispatcherServlet - Last-Modified value for [/api/user] is: -1
2018-01-04 13:56:31 [main] DEBUG o.s.w.s.m.m.a.HttpEntityMethodProcessor - Written [[com.stackroute.activitystream.model.User@6f4d2294, com.stackroute.activitystream.model.User@22361e23]] as "application/json" using [org.springframework.http.converter.json.MappingJackson2HttpMessageConverter@2e0516a3]
2018-01-04 13:56:31 [main] DEBUG o.s.t.w.s.TestDispatcherServlet - Null ModelAndView returned to DispatcherServlet with name '': assuming HandlerAdapter completed request handling
2018-01-04 13:56:31 [main] DEBUG o.s.t.w.s.TestDispatcherServlet - Successfully completed request
2018-01-04 13:56:31 [main] DEBUG c.j.j.internal.path.CompiledPath - Evaluating path: $
2018-01-04 13:56:31 [main] DEBUG c.j.j.internal.path.CompiledPath - Evaluating path: $[0]['username']
2018-01-04 13:56:31 [main] DEBUG c.j.j.internal.path.CompiledPath - Evaluating path: $[0]['name']
2018-01-04 13:56:31 [main] DEBUG c.j.j.internal.path.CompiledPath - Evaluating path: $[0]['password']
2018-01-04 13:56:31 [main] DEBUG c.j.j.internal.path.CompiledPath - Evaluating path: $[1]['username']
2018-01-04 13:56:31 [main] DEBUG c.j.j.internal.path.CompiledPath - Evaluating path: $[1]['name']
2018-01-04 13:56:31 [main] DEBUG c.j.j.internal.path.CompiledPath - Evaluating path: $[1]['password']
2018-01-04 13:56:31 [main] DEBUG o.s.t.c.s.AbstractDirtiesContextTestExecutionListener - After test method: context [DefaultTestContext@3caa4d85 testClass = UserControllerTest, testInstance = com.stackroute.activitystream.test.UserControllerTest@36e3321e, testMethod = testGetAllUsers@UserControllerTest, testException = [null], mergedContextConfiguration = [WebMergedContextConfiguration@356fa0d1 testClass = UserControllerTest, locations = '{}', classes = '{class com.stackroute.activitystream.config.ApplicationContextConfig, class com.stackroute.activitystream.config.PersistenceJPAConfig}', contextInitializerClasses = '[]', activeProfiles = '{}', propertySourceLocations = '{}', propertySourceProperties = '{}', contextCustomizers = set[[empty]], resourceBasePath = 'src/main/webapp', contextLoader = 'org.springframework.test.context.web.WebDelegatingSmartContextLoader', parent = [null]]], class annotated with @DirtiesContext [false] with mode [null], method annotated with @DirtiesContext [false] with mode [null].
2018-01-04 13:56:31 [main] DEBUG o.s.t.c.w.ServletTestExecutionListener - Resetting RequestContextHolder for test context [DefaultTestContext@3caa4d85 testClass = UserControllerTest, testInstance = com.stackroute.activitystream.test.UserControllerTest@36e3321e, testMethod = testGetAllUsers@UserControllerTest, testException = [null], mergedContextConfiguration = [WebMergedContextConfiguration@356fa0d1 testClass = UserControllerTest, locations = '{}', classes = '{class com.stackroute.activitystream.config.ApplicationContextConfig, class com.stackroute.activitystream.config.PersistenceJPAConfig}', contextInitializerClasses = '[]', activeProfiles = '{}', propertySourceLocations = '{}', propertySourceProperties = '{}', contextCustomizers = set[[empty]], resourceBasePath = 'src/main/webapp', contextLoader = 'org.springframework.test.context.web.WebDelegatingSmartContextLoader', parent = [null]]].
2018-01-04 13:56:31 [main] DEBUG o.s.t.annotation.ProfileValueUtils - Retrieved @ProfileValueSourceConfiguration [null] for test class [com.stackroute.activitystream.test.UserControllerTest]
2018-01-04 13:56:31 [main] DEBUG o.s.t.annotation.ProfileValueUtils - Retrieved ProfileValueSource type [class org.springframework.test.annotation.SystemProfileValueSource] for class [com.stackroute.activitystream.test.UserControllerTest]
2018-01-04 13:56:31 [main] DEBUG o.s.t.c.c.DefaultCacheAwareContextLoaderDelegate - Retrieved ApplicationContext from cache with key [[WebMergedContextConfiguration@356fa0d1 testClass = UserControllerTest, locations = '{}', classes = '{class com.stackroute.activitystream.config.ApplicationContextConfig, class com.stackroute.activitystream.config.PersistenceJPAConfig}', contextInitializerClasses = '[]', activeProfiles = '{}', propertySourceLocations = '{}', propertySourceProperties = '{}', contextCustomizers = set[[empty]], resourceBasePath = 'src/main/webapp', contextLoader = 'org.springframework.test.context.web.WebDelegatingSmartContextLoader', parent = [null]]]
2018-01-04 13:56:31 [main] DEBUG o.springframework.test.context.cache - Spring test ApplicationContext cache statistics: [DefaultContextCache@45545e7a size = 2, maxSize = 32, parentContextCount = 0, hitCount = 157, missCount = 2]
2018-01-04 13:56:31 [main] DEBUG o.s.t.c.w.ServletTestExecutionListener - Setting up MockHttpServletRequest, MockHttpServletResponse, ServletWebRequest, and RequestContextHolder for test context [DefaultTestContext@3caa4d85 testClass = UserControllerTest, testInstance = com.stackroute.activitystream.test.UserControllerTest@32a4ea4e, testMethod = [null], testException = [null], mergedContextConfiguration = [WebMergedContextConfiguration@356fa0d1 testClass = UserControllerTest, locations = '{}', classes = '{class com.stackroute.activitystream.config.ApplicationContextConfig, class com.stackroute.activitystream.config.PersistenceJPAConfig}', contextInitializerClasses = '[]', activeProfiles = '{}', propertySourceLocations = '{}', propertySourceProperties = '{}', contextCustomizers = set[[empty]], resourceBasePath = 'src/main/webapp', contextLoader = 'org.springframework.test.context.web.WebDelegatingSmartContextLoader', parent = [null]]].
2018-01-04 13:56:31 [main] DEBUG o.s.t.c.s.DependencyInjectionTestExecutionListener - Performing dependency injection for test context [[DefaultTestContext@3caa4d85 testClass = UserControllerTest, testInstance = com.stackroute.activitystream.test.UserControllerTest@32a4ea4e, testMethod = [null], testException = [null], mergedContextConfiguration = [WebMergedContextConfiguration@356fa0d1 testClass = UserControllerTest, locations = '{}', classes = '{class com.stackroute.activitystream.config.ApplicationContextConfig, class com.stackroute.activitystream.config.PersistenceJPAConfig}', contextInitializerClasses = '[]', activeProfiles = '{}', propertySourceLocations = '{}', propertySourceProperties = '{}', contextCustomizers = set[[empty]], resourceBasePath = 'src/main/webapp', contextLoader = 'org.springframework.test.context.web.WebDelegatingSmartContextLoader', parent = [null]]]].
2018-01-04 13:56:31 [main] DEBUG o.s.t.c.c.DefaultCacheAwareContextLoaderDelegate - Retrieved ApplicationContext from cache with key [[WebMergedContextConfiguration@356fa0d1 testClass = UserControllerTest, locations = '{}', classes = '{class com.stackroute.activitystream.config.ApplicationContextConfig, class com.stackroute.activitystream.config.PersistenceJPAConfig}', contextInitializerClasses = '[]', activeProfiles = '{}', propertySourceLocations = '{}', propertySourceProperties = '{}', contextCustomizers = set[[empty]], resourceBasePath = 'src/main/webapp', contextLoader = 'org.springframework.test.context.web.WebDelegatingSmartContextLoader', parent = [null]]]
2018-01-04 13:56:31 [main] DEBUG o.springframework.test.context.cache - Spring test ApplicationContext cache statistics: [DefaultContextCache@45545e7a size = 2, maxSize = 32, parentContextCount = 0, hitCount = 158, missCount = 2]
2018-01-04 13:56:31 [main] DEBUG o.s.t.c.s.AbstractDirtiesContextTestExecutionListener - Before test method: context [DefaultTestContext@3caa4d85 testClass = UserControllerTest, testInstance = com.stackroute.activitystream.test.UserControllerTest@32a4ea4e, testMethod = testUpdateInvalidUser@UserControllerTest, testException = [null], mergedContextConfiguration = [WebMergedContextConfiguration@356fa0d1 testClass = UserControllerTest, locations = '{}', classes = '{class com.stackroute.activitystream.config.ApplicationContextConfig, class com.stackroute.activitystream.config.PersistenceJPAConfig}', contextInitializerClasses = '[]', activeProfiles = '{}', propertySourceLocations = '{}', propertySourceProperties = '{}', contextCustomizers = set[[empty]], resourceBasePath = 'src/main/webapp', contextLoader = 'org.springframework.test.context.web.WebDelegatingSmartContextLoader', parent = [null]]], class annotated with @DirtiesContext [false] with mode [null], method annotated with @DirtiesContext [false] with mode [null].
2018-01-04 13:56:31 [main] DEBUG o.s.core.env.StandardEnvironment - Adding [systemProperties] PropertySource with lowest search precedence
2018-01-04 13:56:31 [main] DEBUG o.s.core.env.StandardEnvironment - Adding [systemEnvironment] PropertySource with lowest search precedence
2018-01-04 13:56:31 [main] DEBUG o.s.core.env.StandardEnvironment - Initialized StandardEnvironment with PropertySources [systemProperties,systemEnvironment]
2018-01-04 13:56:31 [main] DEBUG o.s.t.w.s.s.StandaloneMockMvcBuilder$StaticRequestMappingHandlerMapping - Looking for request mappings in application context: org.springframework.test.web.servlet.setup.StubWebApplicationContext@3a9c11fb
2018-01-04 13:56:31 [main] DEBUG o.s.t.w.s.s.StandaloneMockMvcBuilder$StaticRequestMappingHandlerMapping - 4 request handler methods found on class com.stackroute.activitystream.controller.UserController: {public org.springframework.http.ResponseEntity com.stackroute.activitystream.controller.UserController.updateUser(java.lang.String,com.stackroute.activitystream.model.User,javax.servlet.http.HttpSession)={[/api/user/{username}],methods=[PUT]}, public org.springframework.http.ResponseEntity com.stackroute.activitystream.controller.UserController.listAllUsers(javax.servlet.http.HttpSession)={[/api/user],methods=[GET]}, public org.springframework.http.ResponseEntity com.stackroute.activitystream.controller.UserController.getUser(java.lang.String,javax.servlet.http.HttpSession)={[/api/user/{username}],methods=[GET],produces=[application/json]}, public org.springframework.http.ResponseEntity com.stackroute.activitystream.controller.UserController.createUser(com.stackroute.activitystream.model.User)={[/api/user],methods=[POST]}}
2018-01-04 13:56:31 [main] INFO  o.s.t.w.s.s.StandaloneMockMvcBuilder$StaticRequestMappingHandlerMapping - Mapped "{[/api/user/{username}],methods=[PUT]}" onto public org.springframework.http.ResponseEntity<com.stackroute.activitystream.model.User> com.stackroute.activitystream.controller.UserController.updateUser(java.lang.String,com.stackroute.activitystream.model.User,javax.servlet.http.HttpSession)
2018-01-04 13:56:31 [main] INFO  o.s.t.w.s.s.StandaloneMockMvcBuilder$StaticRequestMappingHandlerMapping - Mapped "{[/api/user],methods=[GET]}" onto public org.springframework.http.ResponseEntity<java.util.List<com.stackroute.activitystream.model.User>> com.stackroute.activitystream.controller.UserController.listAllUsers(javax.servlet.http.HttpSession)
2018-01-04 13:56:31 [main] INFO  o.s.t.w.s.s.StandaloneMockMvcBuilder$StaticRequestMappingHandlerMapping - Mapped "{[/api/user/{username}],methods=[GET],produces=[application/json]}" onto public org.springframework.http.ResponseEntity<com.stackroute.activitystream.model.User> com.stackroute.activitystream.controller.UserController.getUser(java.lang.String,javax.servlet.http.HttpSession)
2018-01-04 13:56:31 [main] INFO  o.s.t.w.s.s.StandaloneMockMvcBuilder$StaticRequestMappingHandlerMapping - Mapped "{[/api/user],methods=[POST]}" onto public org.springframework.http.ResponseEntity<com.stackroute.activitystream.model.User> com.stackroute.activitystream.controller.UserController.createUser(com.stackroute.activitystream.model.User)
2018-01-04 13:56:31 [main] INFO  o.s.w.s.m.m.a.RequestMappingHandlerAdapter - Looking for @ControllerAdvice: org.springframework.test.web.servlet.setup.StubWebApplicationContext@3a9c11fb
2018-01-04 13:56:31 [main] DEBUG o.s.w.s.m.m.a.ExceptionHandlerExceptionResolver - Looking for exception mappings: org.springframework.test.web.servlet.setup.StubWebApplicationContext@3a9c11fb
2018-01-04 13:56:31 [main] DEBUG o.s.t.w.s.TestDispatcherServlet - Initializing servlet ''
2018-01-04 13:56:31 [main] INFO  o.s.mock.web.MockServletContext - Initializing Spring FrameworkServlet ''
2018-01-04 13:56:31 [main] INFO  o.s.t.w.s.TestDispatcherServlet - FrameworkServlet '': initialization started
2018-01-04 13:56:31 [main] DEBUG o.s.t.w.s.TestDispatcherServlet - Unable to locate MultipartResolver with name 'multipartResolver': no multipart request handling provided
2018-01-04 13:56:31 [main] DEBUG o.s.t.w.s.TestDispatcherServlet - Using LocaleResolver [org.springframework.web.servlet.i18n.AcceptHeaderLocaleResolver@e994ca]
2018-01-04 13:56:31 [main] DEBUG o.s.t.w.s.TestDispatcherServlet - Using ThemeResolver [org.springframework.web.servlet.theme.FixedThemeResolver@5a205ee5]
2018-01-04 13:56:31 [main] DEBUG o.s.t.w.s.TestDispatcherServlet - Using RequestToViewNameTranslator [org.springframework.web.servlet.view.DefaultRequestToViewNameTranslator@7fb44737]
2018-01-04 13:56:31 [main] DEBUG o.s.t.w.s.TestDispatcherServlet - Using FlashMapManager [org.springframework.web.servlet.support.SessionFlashMapManager@11295cb1]
