2018-01-04 13:56:18 [main] DEBUG o.s.b.f.s.DefaultListableBeanFactory - Creating instance of bean '(inner bean)#1866da85'
2018-01-04 13:56:18 [main] DEBUG o.s.b.f.s.DefaultListableBeanFactory - Returning cached instance of singleton bean 'org.springframework.transaction.config.internalTransactionAdvisor'
2018-01-04 13:56:18 [main] DEBUG o.s.b.f.s.DefaultListableBeanFactory - Finished creating instance of bean '(inner bean)#1866da85'
2018-01-04 13:56:18 [main] DEBUG o.s.b.f.s.DefaultListableBeanFactory - Creating instance of bean '(inner bean)#15b82644'
2018-01-04 13:56:18 [main] DEBUG o.s.b.f.s.DefaultListableBeanFactory - Returning cached instance of singleton bean 'entityManagerFactory'
2018-01-04 13:56:18 [main] DEBUG o.s.b.f.s.DefaultListableBeanFactory - Returning cached instance of singleton bean 'org.springframework.transaction.config.internalTransactionAdvisor'
2018-01-04 13:56:18 [main] DEBUG o.s.b.f.s.DefaultListableBeanFactory - Returning cached instance of singleton bean 'org.springframework.transaction.config.internalTransactionAdvisor'
2018-01-04 13:56:18 [main] DEBUG o.s.b.f.s.DefaultListableBeanFactory - Finished creating instance of bean '(inner bean)#15b82644'
2018-01-04 13:56:18 [main] DEBUG o.s.b.f.s.DefaultListableBeanFactory - Creating shared instance of singleton bean 'jpaMappingContext'
2018-01-04 13:56:18 [main] DEBUG o.s.b.f.s.DefaultListableBeanFactory - Creating instance of bean 'jpaMappingContext'
2018-01-04 13:56:18 [main] DEBUG o.s.b.f.s.DefaultListableBeanFactory - Eagerly caching bean 'jpaMappingContext' to allow for resolving potential circular references
2018-01-04 13:56:18 [main] DEBUG o.s.b.f.s.DefaultListableBeanFactory - Invoking afterPropertiesSet() on bean with name 'jpaMappingContext'
2018-01-04 13:56:18 [main] DEBUG o.s.b.f.s.DefaultListableBeanFactory - Returning cached instance of singleton bean 'entityManagerFactory'
2018-01-04 13:56:18 [main] DEBUG o.s.b.f.s.DefaultListableBeanFactory - Returning cached instance of singleton bean 'org.springframework.transaction.config.internalTransactionAdvisor'
2018-01-04 13:56:18 [main] DEBUG o.s.b.f.s.DefaultListableBeanFactory - Finished creating instance of bean 'jpaMappingContext'
2018-01-04 13:56:18 [main] DEBUG o.s.b.f.s.DefaultListableBeanFactory - Returning cached instance of singleton bean 'org.springframework.transaction.config.internalTransactionAdvisor'
2018-01-04 13:56:18 [main] DEBUG o.s.b.f.s.DefaultListableBeanFactory - Invoking afterPropertiesSet() on bean with name 'circleRepository'
2018-01-04 13:56:18 [main] DEBUG o.s.o.j.SharedEntityManagerCreator$SharedEntityManagerInvocationHandler - Creating new EntityManager for shared EntityManager invocation
2018-01-04 13:56:18 [main] DEBUG o.s.o.jpa.EntityManagerFactoryUtils - Closing JPA EntityManager
2018-01-04 13:56:18 [main] DEBUG o.s.o.j.SharedEntityManagerCreator$SharedEntityManagerInvocationHandler - Creating new EntityManager for shared EntityManager invocation
2018-01-04 13:56:18 [main] DEBUG o.s.o.jpa.EntityManagerFactoryUtils - Closing JPA EntityManager
2018-01-04 13:56:18 [main] DEBUG o.s.o.j.SharedEntityManagerCreator$SharedEntityManagerInvocationHandler - Creating new EntityManager for shared EntityManager invocation
2018-01-04 13:56:18 [main] DEBUG o.s.o.jpa.EntityManagerFactoryUtils - Closing JPA EntityManager
2018-01-04 13:56:18 [main] DEBUG o.s.aop.framework.JdkDynamicAopProxy - Creating JDK dynamic proxy: target source is org.springframework.data.jpa.repository.support.CrudMethodMetadataPostProcessor$ThreadBoundTargetSource@6dfa915a
2018-01-04 13:56:18 [main] DEBUG o.s.o.j.SharedEntityManagerCreator$SharedEntityManagerInvocationHandler - Creating new EntityManager for shared EntityManager invocation
2018-01-04 13:56:18 [main] DEBUG o.s.o.jpa.EntityManagerFactoryUtils - Closing JPA EntityManager
2018-01-04 13:56:18 [main] DEBUG o.s.d.j.r.query.JpaQueryFactory - Looking up query for method findAll
2018-01-04 13:56:18 [main] DEBUG o.s.aop.framework.JdkDynamicAopProxy - Creating JDK dynamic proxy: target source is SingletonTargetSource for target object [org.springframework.data.jpa.repository.support.SimpleJpaRepository@2c05ff9d]
2018-01-04 13:56:18 [main] DEBUG o.s.b.f.s.DefaultListableBeanFactory - Returning cached instance of singleton bean 'org.springframework.transaction.config.internalTransactionAdvisor'
2018-01-04 13:56:18 [main] DEBUG o.s.b.f.s.DefaultListableBeanFactory - Finished creating instance of bean 'circleRepository'
2018-01-04 13:56:18 [main] DEBUG o.s.b.f.s.DefaultListableBeanFactory - Returning cached instance of singleton bean 'org.springframework.transaction.config.internalTransactionAdvisor'
2018-01-04 13:56:18 [main] DEBUG o.s.b.f.a.AutowiredAnnotationBeanPostProcessor - Autowiring by type from bean name 'circleServiceImpl' to bean named 'circleRepository'
2018-01-04 13:56:18 [main] DEBUG o.s.b.f.annotation.InjectionMetadata - Processing injected element of bean 'circleServiceImpl': AutowiredFieldElement for private com.stackroute.activitystream.repository.UserRepository com.stackroute.activitystream.serviceimpl.CircleServiceImpl.userRepository
2018-01-04 13:56:18 [main] DEBUG o.s.b.f.s.DefaultListableBeanFactory - Creating shared instance of singleton bean 'userRepository'
2018-01-04 13:56:18 [main] DEBUG o.s.b.f.s.DefaultListableBeanFactory - Creating instance of bean 'userRepository'
2018-01-04 13:56:18 [main] DEBUG o.s.b.f.annotation.InjectionMetadata - Registered injected element on class [org.springframework.data.jpa.repository.support.JpaRepositoryFactoryBean]: PersistenceElement for public void org.springframework.data.jpa.repository.support.JpaRepositoryFactoryBean.setEntityManager(javax.persistence.EntityManager)
2018-01-04 13:56:18 [main] DEBUG o.s.b.f.s.DefaultListableBeanFactory - Eagerly caching bean 'userRepository' to allow for resolving potential circular references
2018-01-04 13:56:18 [main] DEBUG o.s.b.f.annotation.InjectionMetadata - Processing injected element of bean 'userRepository': PersistenceElement for public void org.springframework.data.jpa.repository.support.JpaRepositoryFactoryBean.setEntityManager(javax.persistence.EntityManager)
2018-01-04 13:56:18 [main] DEBUG o.s.b.f.s.DefaultListableBeanFactory - Creating instance of bean '(inner bean)#5981f4a6'
2018-01-04 13:56:18 [main] DEBUG o.s.b.f.s.DefaultListableBeanFactory - Creating instance of bean '(inner bean)#63dfada0'
2018-01-04 13:56:19 [main] DEBUG o.s.c.i.s.PathMatchingResourcePatternResolver - Resolved classpath location [META-INF/jpa-named-queries.properties] to resources []
2018-01-04 13:56:19 [main] DEBUG o.s.b.f.s.DefaultListableBeanFactory - Invoking afterPropertiesSet() on bean with name '(inner bean)#63dfada0'
2018-01-04 13:56:19 [main] DEBUG o.s.b.f.s.DefaultListableBeanFactory - Returning cached instance of singleton bean 'org.springframework.transaction.config.internalTransactionAdvisor'
2018-01-04 13:56:19 [main] DEBUG o.s.b.f.s.DefaultListableBeanFactory - Finished creating instance of bean '(inner bean)#63dfada0'
2018-01-04 13:56:19 [main] DEBUG o.s.b.f.s.DefaultListableBeanFactory - Returning cached instance of singleton bean 'org.springframework.transaction.config.internalTransactionAdvisor'
2018-01-04 13:56:19 [main] DEBUG o.s.b.f.s.DefaultListableBeanFactory - Returning cached instance of singleton bean 'org.springframework.transaction.config.internalTransactionAdvisor'
2018-01-04 13:56:19 [main] DEBUG o.s.b.f.s.DefaultListableBeanFactory - Finished creating instance of bean '(inner bean)#5981f4a6'
2018-01-04 13:56:19 [main] DEBUG o.s.b.f.s.DefaultListableBeanFactory - Creating instance of bean '(inner bean)#7d78f3d5'
2018-01-04 13:56:19 [main] DEBUG o.s.b.f.s.DefaultListableBeanFactory - Returning cached instance of singleton bean 'org.springframework.transaction.config.internalTransactionAdvisor'
2018-01-04 13:56:19 [main] DEBUG o.s.b.f.s.DefaultListableBeanFactory - Finished creating instance of bean '(inner bean)#7d78f3d5'
2018-01-04 13:56:19 [main] DEBUG o.s.b.f.s.DefaultListableBeanFactory - Creating instance of bean '(inner bean)#f5b6e78'
2018-01-04 13:56:19 [main] DEBUG o.s.b.f.s.DefaultListableBeanFactory - Returning cached instance of singleton bean 'entityManagerFactory'
2018-01-04 13:56:19 [main] DEBUG o.s.b.f.s.DefaultListableBeanFactory - Returning cached instance of singleton bean 'org.springframework.transaction.config.internalTransactionAdvisor'
2018-01-04 13:56:19 [main] DEBUG o.s.b.f.s.DefaultListableBeanFactory - Finished creating instance of bean '(inner bean)#f5b6e78'
2018-01-04 13:56:19 [main] DEBUG o.s.b.f.s.DefaultListableBeanFactory - Returning cached instance of singleton bean 'jpaMappingContext'
2018-01-04 13:56:19 [main] DEBUG o.s.b.f.s.DefaultListableBeanFactory - Invoking afterPropertiesSet() on bean with name 'userRepository'
2018-01-04 13:56:19 [main] DEBUG o.s.o.j.SharedEntityManagerCreator$SharedEntityManagerInvocationHandler - Creating new EntityManager for shared EntityManager invocation
2018-01-04 13:56:19 [main] DEBUG o.s.o.jpa.EntityManagerFactoryUtils - Closing JPA EntityManager
2018-01-04 13:56:19 [main] DEBUG o.s.o.j.SharedEntityManagerCreator$SharedEntityManagerInvocationHandler - Creating new EntityManager for shared EntityManager invocation
2018-01-04 13:56:19 [main] DEBUG o.s.o.jpa.EntityManagerFactoryUtils - Closing JPA EntityManager
2018-01-04 13:56:19 [main] DEBUG o.s.aop.framework.JdkDynamicAopProxy - Creating JDK dynamic proxy: target source is org.springframework.data.jpa.repository.support.CrudMethodMetadataPostProcessor$ThreadBoundTargetSource@216e9ca3
2018-01-04 13:56:19 [main] DEBUG o.s.o.j.SharedEntityManagerCreator$SharedEntityManagerInvocationHandler - Creating new EntityManager for shared EntityManager invocation
2018-01-04 13:56:19 [main] DEBUG o.s.o.jpa.EntityManagerFactoryUtils - Closing JPA EntityManager
2018-01-04 13:56:19 [main] DEBUG o.s.d.j.r.query.JpaQueryFactory - Looking up query for method validate
2018-01-04 13:56:19 [main] DEBUG o.s.aop.framework.JdkDynamicAopProxy - Creating JDK dynamic proxy: target source is SingletonTargetSource for target object [org.springframework.data.jpa.repository.support.SimpleJpaRepository@2a367e93]
2018-01-04 13:56:19 [main] DEBUG o.s.b.f.s.DefaultListableBeanFactory - Returning cached instance of singleton bean 'org.springframework.transaction.config.internalTransactionAdvisor'
2018-01-04 13:56:19 [main] DEBUG o.s.b.f.s.DefaultListableBeanFactory - Finished creating instance of bean 'userRepository'
2018-01-04 13:56:19 [main] DEBUG o.s.b.f.s.DefaultListableBeanFactory - Returning cached instance of singleton bean 'org.springframework.transaction.config.internalTransactionAdvisor'
2018-01-04 13:56:19 [main] DEBUG o.s.b.f.a.AutowiredAnnotationBeanPostProcessor - Autowiring by type from bean name 'circleServiceImpl' to bean named 'userRepository'
2018-01-04 13:56:19 [main] DEBUG o.s.b.f.s.DefaultListableBeanFactory - Returning cached instance of singleton bean 'org.springframework.transaction.config.internalTransactionAdvisor'
2018-01-04 13:56:19 [main] DEBUG o.s.b.f.s.DefaultListableBeanFactory - Finished creating instance of bean 'circleServiceImpl'
2018-01-04 13:56:19 [main] DEBUG o.s.b.f.a.AutowiredAnnotationBeanPostProcessor - Autowiring by type from bean name 'circleController' to bean named 'circleServiceImpl'
2018-01-04 13:56:19 [main] DEBUG o.s.b.f.annotation.InjectionMetadata - Processing injected element of bean 'circleController': AutowiredFieldElement for com.stackroute.activitystream.model.UserCircle com.stackroute.activitystream.controller.CircleController.userCircle
2018-01-04 13:56:19 [main] DEBUG o.s.b.f.s.DefaultListableBeanFactory - Creating shared instance of singleton bean 'userCircle'
2018-01-04 13:56:19 [main] DEBUG o.s.b.f.s.DefaultListableBeanFactory - Creating instance of bean 'userCircle'
2018-01-04 13:56:19 [main] DEBUG o.s.b.f.s.DefaultListableBeanFactory - Eagerly caching bean 'userCircle' to allow for resolving potential circular references
2018-01-04 13:56:19 [main] DEBUG o.s.b.f.s.DefaultListableBeanFactory - Returning cached instance of singleton bean 'org.springframework.transaction.config.internalTransactionAdvisor'
2018-01-04 13:56:19 [main] DEBUG o.s.b.f.s.DefaultListableBeanFactory - Finished creating instance of bean 'userCircle'
2018-01-04 13:56:19 [main] DEBUG o.s.b.f.a.AutowiredAnnotationBeanPostProcessor - Autowiring by type from bean name 'circleController' to bean named 'userCircle'
2018-01-04 13:56:19 [main] DEBUG o.s.b.f.s.DefaultListableBeanFactory - Returning cached instance of singleton bean 'org.springframework.transaction.config.internalTransactionAdvisor'
