2018-01-04 14:00:27 [main] INFO  o.s.mock.web.MockServletContext - Initializing Spring FrameworkServlet ''
2018-01-04 14:00:27 [main] INFO  o.s.t.w.s.TestDispatcherServlet - FrameworkServlet '': initialization started
2018-01-04 14:00:27 [main] DEBUG o.s.t.w.s.TestDispatcherServlet - Unable to locate MultipartResolver with name 'multipartResolver': no multipart request handling provided
2018-01-04 14:00:27 [main] DEBUG o.s.t.w.s.TestDispatcherServlet - Using LocaleResolver [org.springframework.web.servlet.i18n.AcceptHeaderLocaleResolver@46c662f2]
2018-01-04 14:00:27 [main] DEBUG o.s.t.w.s.TestDispatcherServlet - Using ThemeResolver [org.springframework.web.servlet.theme.FixedThemeResolver@4afdfc0f]
2018-01-04 14:00:27 [main] DEBUG o.s.t.w.s.TestDispatcherServlet - Using RequestToViewNameTranslator [org.springframework.web.servlet.view.DefaultRequestToViewNameTranslator@10b67f54]
2018-01-04 14:00:27 [main] DEBUG o.s.t.w.s.TestDispatcherServlet - Using FlashMapManager [org.springframework.web.servlet.support.SessionFlashMapManager@30798137]
2018-01-04 14:00:27 [main] DEBUG o.s.t.w.s.TestDispatcherServlet - Published WebApplicationContext of servlet '' as ServletContext attribute with name [org.springframework.web.servlet.FrameworkServlet.CONTEXT.]
2018-01-04 14:00:27 [main] INFO  o.s.t.w.s.TestDispatcherServlet - FrameworkServlet '': initialization completed in 0 ms
2018-01-04 14:00:27 [main] DEBUG o.s.t.w.s.TestDispatcherServlet - Servlet '' configured successfully
2018-01-04 14:00:27 [main] DEBUG o.s.core.env.StandardEnvironment - Adding [systemProperties] PropertySource with lowest search precedence
2018-01-04 14:00:27 [main] DEBUG o.s.core.env.StandardEnvironment - Adding [systemEnvironment] PropertySource with lowest search precedence
2018-01-04 14:00:27 [main] DEBUG o.s.core.env.StandardEnvironment - Initialized StandardEnvironment with PropertySources [systemProperties,systemEnvironment]
2018-01-04 14:00:27 [main] DEBUG o.s.t.w.s.s.StandaloneMockMvcBuilder$StaticRequestMappingHandlerMapping - Looking for request mappings in application context: org.springframework.test.web.servlet.setup.StubWebApplicationContext@455da438
2018-01-04 14:00:27 [main] DEBUG o.s.t.w.s.s.StandaloneMockMvcBuilder$StaticRequestMappingHandlerMapping - 2 request handler methods found on class com.stackroute.activitystream.controller.UserAuthController: {public org.springframework.http.ResponseEntity com.stackroute.activitystream.controller.UserAuthController.authenticate(com.stackroute.activitystream.model.User,javax.servlet.http.HttpSession)={[/api/authenticate],methods=[POST]}, public org.springframework.http.ResponseEntity com.stackroute.activitystream.controller.UserAuthController.logout(javax.servlet.http.HttpSession)={[/api/logout],methods=[PUT]}}
2018-01-04 14:00:27 [main] INFO  o.s.t.w.s.s.StandaloneMockMvcBuilder$StaticRequestMappingHandlerMapping - Mapped "{[/api/authenticate],methods=[POST]}" onto public org.springframework.http.ResponseEntity<com.stackroute.activitystream.model.User> com.stackroute.activitystream.controller.UserAuthController.authenticate(com.stackroute.activitystream.model.User,javax.servlet.http.HttpSession)
2018-01-04 14:00:27 [main] INFO  o.s.t.w.s.s.StandaloneMockMvcBuilder$StaticRequestMappingHandlerMapping - Mapped "{[/api/logout],methods=[PUT]}" onto public org.springframework.http.ResponseEntity<com.stackroute.activitystream.model.User> com.stackroute.activitystream.controller.UserAuthController.logout(javax.servlet.http.HttpSession)
2018-01-04 14:00:27 [main] INFO  o.s.w.s.m.m.a.RequestMappingHandlerAdapter - Looking for @ControllerAdvice: org.springframework.test.web.servlet.setup.StubWebApplicationContext@455da438
2018-01-04 14:00:27 [main] DEBUG o.s.w.s.m.m.a.ExceptionHandlerExceptionResolver - Looking for exception mappings: org.springframework.test.web.servlet.setup.StubWebApplicationContext@455da438
2018-01-04 14:00:27 [main] DEBUG o.s.t.w.s.TestDispatcherServlet - Initializing servlet ''
2018-01-04 14:00:27 [main] INFO  o.s.mock.web.MockServletContext - Initializing Spring FrameworkServlet ''
2018-01-04 14:00:27 [main] INFO  o.s.t.w.s.TestDispatcherServlet - FrameworkServlet '': initialization started
2018-01-04 14:00:27 [main] DEBUG o.s.t.w.s.TestDispatcherServlet - Unable to locate MultipartResolver with name 'multipartResolver': no multipart request handling provided
2018-01-04 14:00:27 [main] DEBUG o.s.t.w.s.TestDispatcherServlet - Using LocaleResolver [org.springframework.web.servlet.i18n.AcceptHeaderLocaleResolver@3f06ebe0]
2018-01-04 14:00:27 [main] DEBUG o.s.t.w.s.TestDispatcherServlet - Using ThemeResolver [org.springframework.web.servlet.theme.FixedThemeResolver@1752e45c]
2018-01-04 14:00:27 [main] DEBUG o.s.t.w.s.TestDispatcherServlet - Using RequestToViewNameTranslator [org.springframework.web.servlet.view.DefaultRequestToViewNameTranslator@5ed65e4b]
2018-01-04 14:00:27 [main] DEBUG o.s.t.w.s.TestDispatcherServlet - Using FlashMapManager [org.springframework.web.servlet.support.SessionFlashMapManager@481ed95c]
2018-01-04 14:00:27 [main] DEBUG o.s.t.w.s.TestDispatcherServlet - Published WebApplicationContext of servlet '' as ServletContext attribute with name [org.springframework.web.servlet.FrameworkServlet.CONTEXT.]
2018-01-04 14:00:27 [main] INFO  o.s.t.w.s.TestDispatcherServlet - FrameworkServlet '': initialization completed in 1 ms
2018-01-04 14:00:27 [main] DEBUG o.s.t.w.s.TestDispatcherServlet - Servlet '' configured successfully
2018-01-04 14:00:27 [main] DEBUG o.s.t.w.s.TestDispatcherServlet - DispatcherServlet with name '' processing POST request for [/api/authenticate]
2018-01-04 14:00:27 [main] DEBUG o.s.t.w.s.s.StandaloneMockMvcBuilder$StaticRequestMappingHandlerMapping - Looking up handler method for path /api/authenticate
2018-01-04 14:00:27 [main] DEBUG o.s.t.w.s.s.StandaloneMockMvcBuilder$StaticRequestMappingHandlerMapping - Returning handler method [public org.springframework.http.ResponseEntity<com.stackroute.activitystream.model.User> com.stackroute.activitystream.controller.UserAuthController.authenticate(com.stackroute.activitystream.model.User,javax.servlet.http.HttpSession)]
2018-01-04 14:00:27 [main] DEBUG o.s.w.s.m.m.a.RequestResponseBodyMethodProcessor - Read [class com.stackroute.activitystream.model.User] as "application/json" with [org.springframework.http.converter.json.MappingJackson2HttpMessageConverter@40cf6254]
2018-01-04 14:00:27 [main] DEBUG o.s.w.s.m.m.a.HttpEntityMethodProcessor - Written [com.stackroute.activitystream.model.User@40bf0e15] as "application/json" using [org.springframework.http.converter.json.MappingJackson2HttpMessageConverter@40cf6254]
2018-01-04 14:00:27 [main] DEBUG o.s.t.w.s.TestDispatcherServlet - Null ModelAndView returned to DispatcherServlet with name '': assuming HandlerAdapter completed request handling
2018-01-04 14:00:27 [main] DEBUG o.s.t.w.s.TestDispatcherServlet - Successfully completed request
2018-01-04 14:00:27 [main] DEBUG c.j.j.internal.path.CompiledPath - Evaluating path: $['username']
2018-01-04 14:00:27 [main] DEBUG c.j.j.internal.path.CompiledPath - Evaluating path: $['password']
2018-01-04 14:00:27 [main] DEBUG o.s.t.w.s.TestDispatcherServlet - DispatcherServlet with name '' processing PUT request for [/api/message/subscribe/john/spring]
2018-01-04 14:00:27 [main] DEBUG o.s.t.w.s.s.StandaloneMockMvcBuilder$StaticRequestMappingHandlerMapping - Looking up handler method for path /api/message/subscribe/john/spring
2018-01-04 14:00:27 [main] DEBUG o.s.t.w.s.s.StandaloneMockMvcBuilder$StaticRequestMappingHandlerMapping - Returning handler method [public org.springframework.http.ResponseEntity<com.stackroute.activitystream.model.UserTag> com.stackroute.activitystream.controller.MessageController.subscribeUserToTag(java.lang.String,java.lang.String,javax.servlet.http.HttpSession)]
2018-01-04 14:00:27 [main] DEBUG o.s.t.w.s.TestDispatcherServlet - Null ModelAndView returned to DispatcherServlet with name '': assuming HandlerAdapter completed request handling
2018-01-04 14:00:27 [main] DEBUG o.s.t.w.s.TestDispatcherServlet - Successfully completed request
2018-01-04 14:00:27 [main] DEBUG o.s.t.c.s.AbstractDirtiesContextTestExecutionListener - After test method: context [DefaultTestContext@785a4557 testClass = MessageControllerTest, testInstance = com.stackroute.activitystream.test.MessageControllerTest@3b5da0b0, testMethod = testUserSubscriptionToCircle@MessageControllerTest, testException = [null], mergedContextConfiguration = [WebMergedContextConfiguration@2bf3ec4 testClass = MessageControllerTest, locations = '{}', classes = '{class com.stackroute.activitystream.config.ApplicationContextConfig}', contextInitializerClasses = '[]', activeProfiles = '{}', propertySourceLocations = '{}', propertySourceProperties = '{}', contextCustomizers = set[[empty]], resourceBasePath = 'src/main/webapp', contextLoader = 'org.springframework.test.context.web.WebDelegatingSmartContextLoader', parent = [null]]], class annotated with @DirtiesContext [false] with mode [null], method annotated with @DirtiesContext [false] with mode [null].
2018-01-04 14:00:27 [main] DEBUG o.s.t.c.w.ServletTestExecutionListener - Resetting RequestContextHolder for test context [DefaultTestContext@785a4557 testClass = MessageControllerTest, testInstance = com.stackroute.activitystream.test.MessageControllerTest@3b5da0b0, testMethod = testUserSubscriptionToCircle@MessageControllerTest, testException = [null], mergedContextConfiguration = [WebMergedContextConfiguration@2bf3ec4 testClass = MessageControllerTest, locations = '{}', classes = '{class com.stackroute.activitystream.config.ApplicationContextConfig}', contextInitializerClasses = '[]', activeProfiles = '{}', propertySourceLocations = '{}', propertySourceProperties = '{}', contextCustomizers = set[[empty]], resourceBasePath = 'src/main/webapp', contextLoader = 'org.springframework.test.context.web.WebDelegatingSmartContextLoader', parent = [null]]].
2018-01-04 14:00:27 [main] DEBUG o.s.t.annotation.ProfileValueUtils - Retrieved @ProfileValueSourceConfiguration [null] for test class [com.stackroute.activitystream.test.MessageControllerTest]
2018-01-04 14:00:27 [main] DEBUG o.s.t.annotation.ProfileValueUtils - Retrieved ProfileValueSource type [class org.springframework.test.annotation.SystemProfileValueSource] for class [com.stackroute.activitystream.test.MessageControllerTest]
