2018-01-04 14:19:56 [main] DEBUG o.s.w.s.m.m.a.RequestMappingHandlerMapping - 4 request handler methods found on class com.stackroute.activitystream.controller.UserController: {public org.springframework.http.ResponseEntity com.stackroute.activitystream.controller.UserController.createUser(com.stackroute.activitystream.model.User)={[/api/user],methods=[POST]}, public org.springframework.http.ResponseEntity com.stackroute.activitystream.controller.UserController.listAllUsers(javax.servlet.http.HttpSession)={[/api/user],methods=[GET]}, public org.springframework.http.ResponseEntity com.stackroute.activitystream.controller.UserController.getUser(java.lang.String,javax.servlet.http.HttpSession)={[/api/user/{username}],methods=[GET],produces=[application/json]}, public org.springframework.http.ResponseEntity com.stackroute.activitystream.controller.UserController.updateUser(java.lang.String,com.stackroute.activitystream.model.User,javax.servlet.http.HttpSession)={[/api/user/{username}],methods=[PUT]}}
2018-01-04 14:19:56 [main] INFO  o.s.w.s.m.m.a.RequestMappingHandlerMapping - Mapped "{[/api/user],methods=[POST]}" onto public org.springframework.http.ResponseEntity<com.stackroute.activitystream.model.User> com.stackroute.activitystream.controller.UserController.createUser(com.stackroute.activitystream.model.User)
2018-01-04 14:19:56 [main] INFO  o.s.w.s.m.m.a.RequestMappingHandlerMapping - Mapped "{[/api/user],methods=[GET]}" onto public org.springframework.http.ResponseEntity<java.util.List<com.stackroute.activitystream.model.User>> com.stackroute.activitystream.controller.UserController.listAllUsers(javax.servlet.http.HttpSession)
2018-01-04 14:19:56 [main] INFO  o.s.w.s.m.m.a.RequestMappingHandlerMapping - Mapped "{[/api/user/{username}],methods=[GET],produces=[application/json]}" onto public org.springframework.http.ResponseEntity<com.stackroute.activitystream.model.User> com.stackroute.activitystream.controller.UserController.getUser(java.lang.String,javax.servlet.http.HttpSession)
2018-01-04 14:19:56 [main] INFO  o.s.w.s.m.m.a.RequestMappingHandlerMapping - Mapped "{[/api/user/{username}],methods=[PUT]}" onto public org.springframework.http.ResponseEntity<com.stackroute.activitystream.model.User> com.stackroute.activitystream.controller.UserController.updateUser(java.lang.String,com.stackroute.activitystream.model.User,javax.servlet.http.HttpSession)
2018-01-04 14:19:56 [main] DEBUG o.s.b.f.s.DefaultListableBeanFactory - Returning cached instance of singleton bean 'org.springframework.transaction.config.internalTransactionAdvisor'
2018-01-04 14:19:56 [main] DEBUG o.s.b.f.s.DefaultListableBeanFactory - Finished creating instance of bean 'requestMappingHandlerMapping'
2018-01-04 14:19:56 [main] DEBUG o.s.b.f.s.DefaultListableBeanFactory - Creating shared instance of singleton bean 'mvcPathMatcher'
2018-01-04 14:19:56 [main] DEBUG o.s.b.f.s.DefaultListableBeanFactory - Creating instance of bean 'mvcPathMatcher'
2018-01-04 14:19:56 [main] DEBUG o.s.b.f.s.DefaultListableBeanFactory - Returning cached instance of singleton bean 'org.springframework.web.servlet.config.annotation.DelegatingWebMvcConfiguration'
2018-01-04 14:19:56 [main] DEBUG o.s.b.f.s.DefaultListableBeanFactory - Eagerly caching bean 'mvcPathMatcher' to allow for resolving potential circular references
2018-01-04 14:19:56 [main] DEBUG o.s.b.f.s.DefaultListableBeanFactory - Returning cached instance of singleton bean 'org.springframework.transaction.config.internalTransactionAdvisor'
2018-01-04 14:19:56 [main] DEBUG o.s.b.f.s.DefaultListableBeanFactory - Finished creating instance of bean 'mvcPathMatcher'
2018-01-04 14:19:56 [main] DEBUG o.s.b.f.s.DefaultListableBeanFactory - Creating shared instance of singleton bean 'mvcUrlPathHelper'
2018-01-04 14:19:56 [main] DEBUG o.s.b.f.s.DefaultListableBeanFactory - Creating instance of bean 'mvcUrlPathHelper'
2018-01-04 14:19:56 [main] DEBUG o.s.b.f.s.DefaultListableBeanFactory - Returning cached instance of singleton bean 'org.springframework.web.servlet.config.annotation.DelegatingWebMvcConfiguration'
2018-01-04 14:19:56 [main] DEBUG o.s.b.f.s.DefaultListableBeanFactory - Eagerly caching bean 'mvcUrlPathHelper' to allow for resolving potential circular references
2018-01-04 14:19:56 [main] DEBUG o.s.b.f.s.DefaultListableBeanFactory - Returning cached instance of singleton bean 'org.springframework.transaction.config.internalTransactionAdvisor'
2018-01-04 14:19:56 [main] DEBUG o.s.b.f.s.DefaultListableBeanFactory - Finished creating instance of bean 'mvcUrlPathHelper'
2018-01-04 14:19:56 [main] DEBUG o.s.b.f.s.DefaultListableBeanFactory - Returning cached instance of singleton bean 'mvcContentNegotiationManager'
2018-01-04 14:19:56 [main] DEBUG o.s.b.f.s.DefaultListableBeanFactory - Creating shared instance of singleton bean 'viewControllerHandlerMapping'
2018-01-04 14:19:56 [main] DEBUG o.s.b.f.s.DefaultListableBeanFactory - Creating instance of bean 'viewControllerHandlerMapping'
2018-01-04 14:19:56 [main] DEBUG o.s.b.f.s.DefaultListableBeanFactory - Returning cached instance of singleton bean 'org.springframework.web.servlet.config.annotation.DelegatingWebMvcConfiguration'
2018-01-04 14:19:56 [main] DEBUG o.s.b.f.s.DefaultListableBeanFactory - Returning cached instance of singleton bean 'mvcPathMatcher'
2018-01-04 14:19:56 [main] DEBUG o.s.b.f.s.DefaultListableBeanFactory - Returning cached instance of singleton bean 'mvcUrlPathHelper'
2018-01-04 14:19:56 [main] DEBUG o.s.b.f.s.DefaultListableBeanFactory - Eagerly caching bean 'viewControllerHandlerMapping' to allow for resolving potential circular references
2018-01-04 14:19:56 [main] DEBUG o.s.b.f.s.DefaultListableBeanFactory - Returning cached instance of singleton bean 'org.springframework.transaction.config.internalTransactionAdvisor'
2018-01-04 14:19:56 [main] DEBUG o.s.b.f.s.DefaultListableBeanFactory - Finished creating instance of bean 'viewControllerHandlerMapping'
2018-01-04 14:19:56 [main] DEBUG o.s.b.f.s.DefaultListableBeanFactory - Creating shared instance of singleton bean 'beanNameHandlerMapping'
2018-01-04 14:19:56 [main] DEBUG o.s.b.f.s.DefaultListableBeanFactory - Creating instance of bean 'beanNameHandlerMapping'
2018-01-04 14:19:56 [main] DEBUG o.s.b.f.s.DefaultListableBeanFactory - Returning cached instance of singleton bean 'org.springframework.web.servlet.config.annotation.DelegatingWebMvcConfiguration'
2018-01-04 14:19:56 [main] DEBUG o.s.b.f.s.DefaultListableBeanFactory - Eagerly caching bean 'beanNameHandlerMapping' to allow for resolving potential circular references
2018-01-04 14:19:56 [main] DEBUG o.s.w.s.h.BeanNameUrlHandlerMapping - Looking for URL mappings in application context: org.springframework.web.context.support.GenericWebApplicationContext@15e1f8fe: startup date [Thu Jan 04 14:19:55 IST 2018]; root of context hierarchy
2018-01-04 14:19:56 [main] DEBUG o.s.w.s.h.BeanNameUrlHandlerMapping - Rejected bean name 'org.springframework.context.annotation.internalConfigurationAnnotationProcessor': no URL paths identified
2018-01-04 14:19:56 [main] DEBUG o.s.w.s.h.BeanNameUrlHandlerMapping - Rejected bean name 'org.springframework.context.annotation.internalAutowiredAnnotationProcessor': no URL paths identified
2018-01-04 14:19:56 [main] DEBUG o.s.w.s.h.BeanNameUrlHandlerMapping - Rejected bean name 'org.springframework.context.annotation.internalRequiredAnnotationProcessor': no URL paths identified
2018-01-04 14:19:56 [main] DEBUG o.s.w.s.h.BeanNameUrlHandlerMapping - Rejected bean name 'org.springframework.context.annotation.internalCommonAnnotationProcessor': no URL paths identified
2018-01-04 14:19:56 [main] DEBUG o.s.w.s.h.BeanNameUrlHandlerMapping - Rejected bean name 'org.springframework.context.annotation.internalPersistenceAnnotationProcessor': no URL paths identified
2018-01-04 14:19:56 [main] DEBUG o.s.w.s.h.BeanNameUrlHandlerMapping - Rejected bean name 'org.springframework.context.event.internalEventListenerProcessor': no URL paths identified
2018-01-04 14:19:56 [main] DEBUG o.s.w.s.h.BeanNameUrlHandlerMapping - Rejected bean name 'org.springframework.context.event.internalEventListenerFactory': no URL paths identified
2018-01-04 14:19:56 [main] DEBUG o.s.w.s.h.BeanNameUrlHandlerMapping - Rejected bean name 'applicationContextConfig': no URL paths identified
2018-01-04 14:19:56 [main] DEBUG o.s.w.s.h.BeanNameUrlHandlerMapping - Rejected bean name 'circleController': no URL paths identified
2018-01-04 14:19:56 [main] DEBUG o.s.w.s.h.BeanNameUrlHandlerMapping - Rejected bean name 'messageController': no URL paths identified
2018-01-04 14:19:56 [main] DEBUG o.s.w.s.h.BeanNameUrlHandlerMapping - Rejected bean name 'userAuthController': no URL paths identified
2018-01-04 14:19:56 [main] DEBUG o.s.w.s.h.BeanNameUrlHandlerMapping - Rejected bean name 'userCircleController': no URL paths identified
2018-01-04 14:19:56 [main] DEBUG o.s.w.s.h.BeanNameUrlHandlerMapping - Rejected bean name 'userController': no URL paths identified
2018-01-04 14:19:56 [main] DEBUG o.s.w.s.h.BeanNameUrlHandlerMapping - Rejected bean name 'persistenceJPAConfig': no URL paths identified
2018-01-04 14:19:56 [main] DEBUG o.s.w.s.h.BeanNameUrlHandlerMapping - Rejected bean name 'circle': no URL paths identified
2018-01-04 14:19:56 [main] DEBUG o.s.w.s.h.BeanNameUrlHandlerMapping - Rejected bean name 'message': no URL paths identified
2018-01-04 14:19:56 [main] DEBUG o.s.w.s.h.BeanNameUrlHandlerMapping - Rejected bean name 'user': no URL paths identified
2018-01-04 14:19:56 [main] DEBUG o.s.w.s.h.BeanNameUrlHandlerMapping - Rejected bean name 'userCircle': no URL paths identified
2018-01-04 14:19:56 [main] DEBUG o.s.w.s.h.BeanNameUrlHandlerMapping - Rejected bean name 'userTag': no URL paths identified
2018-01-04 14:19:56 [main] DEBUG o.s.w.s.h.BeanNameUrlHandlerMapping - Rejected bean name 'circleServiceImpl': no URL paths identified
2018-01-04 14:19:56 [main] DEBUG o.s.w.s.h.BeanNameUrlHandlerMapping - Rejected bean name 'messageServiceImpl': no URL paths identified
2018-01-04 14:19:56 [main] DEBUG o.s.w.s.h.BeanNameUrlHandlerMapping - Rejected bean name 'userCircleServiceImpl': no URL paths identified
2018-01-04 14:19:56 [main] DEBUG o.s.w.s.h.BeanNameUrlHandlerMapping - Rejected bean name 'userServiceImpl': no URL paths identified
2018-01-04 14:19:56 [main] DEBUG o.s.w.s.h.BeanNameUrlHandlerMapping - Rejected bean name 'org.springframework.transaction.annotation.ProxyTransactionManagementConfiguration': no URL paths identified
2018-01-04 14:19:56 [main] DEBUG o.s.w.s.h.BeanNameUrlHandlerMapping - Rejected bean name 'org.springframework.transaction.config.internalTransactionAdvisor': no URL paths identified
2018-01-04 14:19:56 [main] DEBUG o.s.w.s.h.BeanNameUrlHandlerMapping - Rejected bean name 'transactionAttributeSource': no URL paths identified
2018-01-04 14:19:56 [main] DEBUG o.s.w.s.h.BeanNameUrlHandlerMapping - Rejected bean name 'transactionInterceptor': no URL paths identified
2018-01-04 14:19:56 [main] DEBUG o.s.w.s.h.BeanNameUrlHandlerMapping - Rejected bean name 'org.springframework.transaction.config.internalTransactionalEventListenerFactory': no URL paths identified
2018-01-04 14:19:56 [main] DEBUG o.s.w.s.h.BeanNameUrlHandlerMapping - Rejected bean name 'entityManagerFactory': no URL paths identified
2018-01-04 14:19:56 [main] DEBUG o.s.w.s.h.BeanNameUrlHandlerMapping - Rejected bean name 'dataSource': no URL paths identified
2018-01-04 14:19:56 [main] DEBUG o.s.w.s.h.BeanNameUrlHandlerMapping - Rejected bean name 'transactionManager': no URL paths identified
