2018-01-04 14:12:31 [main] DEBUG o.s.c.i.s.PathMatchingResourcePatternResolver - Looking for matching resources in jar file [file:/C:/Users/Farook/.m2/repository/com/stackroute/activitystream/ActivityStream-step5-backend/0.0.1-SNAPSHOT/ActivityStream-step5-backend-0.0.1-SNAPSHOT.jar]
2018-01-04 14:12:31 [main] DEBUG o.s.c.i.s.PathMatchingResourcePatternResolver - Resolved location pattern [classpath*:com/stackroute/activitystream/**/*MessageRepositoryImpl.class] to resources []
2018-01-04 14:12:31 [main] DEBUG o.s.d.r.c.RepositoryConfigurationDelegate - Spring Data JPA - Registering repository: messageRepository - Interface: com.stackroute.activitystream.repository.MessageRepository - Factory: org.springframework.data.jpa.repository.support.JpaRepositoryFactoryBean
2018-01-04 14:12:31 [main] DEBUG o.s.core.env.StandardEnvironment - Adding [systemProperties] PropertySource with lowest search precedence
2018-01-04 14:12:31 [main] DEBUG o.s.core.env.StandardEnvironment - Adding [systemEnvironment] PropertySource with lowest search precedence
2018-01-04 14:12:31 [main] DEBUG o.s.core.env.StandardEnvironment - Initialized StandardEnvironment with PropertySources [systemProperties,systemEnvironment]
2018-01-04 14:12:31 [main] DEBUG o.s.c.i.s.PathMatchingResourcePatternResolver - Resolved classpath location [com/stackroute/activitystream/] to resources [URL [file:/E:/ActivityStream/final/step5/step-5-solution/step5-rest-solution/target/test-classes/com/stackroute/activitystream/], URL [file:/E:/ActivityStream/final/step5/step-5-solution/step5-rest-solution/target/classes/com/stackroute/activitystream/], URL [jar:file:/C:/Users/Farook/.m2/repository/com/stackroute/activitystream/ActivityStream-step5-backend/0.0.1-SNAPSHOT/ActivityStream-step5-backend-0.0.1-SNAPSHOT.jar!/com/stackroute/activitystream/]]
2018-01-04 14:12:31 [main] DEBUG o.s.c.i.s.PathMatchingResourcePatternResolver - Looking for matching resources in directory tree [E:\ActivityStream\final\step5\step-5-solution\step5-rest-solution\target\test-classes\com\stackroute\activitystream]
2018-01-04 14:12:31 [main] DEBUG o.s.c.i.s.PathMatchingResourcePatternResolver - Searching directory [E:\ActivityStream\final\step5\step-5-solution\step5-rest-solution\target\test-classes\com\stackroute\activitystream] for files matching pattern [E:/ActivityStream/final/step5/step-5-solution/step5-rest-solution/target/test-classes/com/stackroute/activitystream/**/*UserTagRepositoryImpl.class]
2018-01-04 14:12:31 [main] DEBUG o.s.c.i.s.PathMatchingResourcePatternResolver - Searching directory [E:\ActivityStream\final\step5\step-5-solution\step5-rest-solution\target\test-classes\com\stackroute\activitystream\commander] for files matching pattern [E:/ActivityStream/final/step5/step-5-solution/step5-rest-solution/target/test-classes/com/stackroute/activitystream/**/*UserTagRepositoryImpl.class]
2018-01-04 14:12:31 [main] DEBUG o.s.c.i.s.PathMatchingResourcePatternResolver - Searching directory [E:\ActivityStream\final\step5\step-5-solution\step5-rest-solution\target\test-classes\com\stackroute\activitystream\test] for files matching pattern [E:/ActivityStream/final/step5/step-5-solution/step5-rest-solution/target/test-classes/com/stackroute/activitystream/**/*UserTagRepositoryImpl.class]
2018-01-04 14:12:31 [main] DEBUG o.s.c.i.s.PathMatchingResourcePatternResolver - Looking for matching resources in directory tree [E:\ActivityStream\final\step5\step-5-solution\step5-rest-solution\target\classes\com\stackroute\activitystream]
2018-01-04 14:12:31 [main] DEBUG o.s.c.i.s.PathMatchingResourcePatternResolver - Searching directory [E:\ActivityStream\final\step5\step-5-solution\step5-rest-solution\target\classes\com\stackroute\activitystream] for files matching pattern [E:/ActivityStream/final/step5/step-5-solution/step5-rest-solution/target/classes/com/stackroute/activitystream/**/*UserTagRepositoryImpl.class]
2018-01-04 14:12:31 [main] DEBUG o.s.c.i.s.PathMatchingResourcePatternResolver - Searching directory [E:\ActivityStream\final\step5\step-5-solution\step5-rest-solution\target\classes\com\stackroute\activitystream\config] for files matching pattern [E:/ActivityStream/final/step5/step-5-solution/step5-rest-solution/target/classes/com/stackroute/activitystream/**/*UserTagRepositoryImpl.class]
2018-01-04 14:12:31 [main] DEBUG o.s.c.i.s.PathMatchingResourcePatternResolver - Searching directory [E:\ActivityStream\final\step5\step-5-solution\step5-rest-solution\target\classes\com\stackroute\activitystream\controller] for files matching pattern [E:/ActivityStream/final/step5/step-5-solution/step5-rest-solution/target/classes/com/stackroute/activitystream/**/*UserTagRepositoryImpl.class]
2018-01-04 14:12:31 [main] DEBUG o.s.c.i.s.PathMatchingResourcePatternResolver - Looking for matching resources in jar file [file:/C:/Users/Farook/.m2/repository/com/stackroute/activitystream/ActivityStream-step5-backend/0.0.1-SNAPSHOT/ActivityStream-step5-backend-0.0.1-SNAPSHOT.jar]
2018-01-04 14:12:31 [main] DEBUG o.s.c.i.s.PathMatchingResourcePatternResolver - Resolved location pattern [classpath*:com/stackroute/activitystream/**/*UserTagRepositoryImpl.class] to resources []
2018-01-04 14:12:31 [main] DEBUG o.s.d.r.c.RepositoryConfigurationDelegate - Spring Data JPA - Registering repository: userTagRepository - Interface: com.stackroute.activitystream.repository.UserTagRepository - Factory: org.springframework.data.jpa.repository.support.JpaRepositoryFactoryBean
2018-01-04 14:12:32 [main] DEBUG o.s.c.a.ConfigurationClassEnhancer - Successfully enhanced com.stackroute.activitystream.config.ApplicationContextConfig; enhanced class name is: com.stackroute.activitystream.config.ApplicationContextConfig$$EnhancerBySpringCGLIB$$f6cc619
2018-01-04 14:12:32 [main] DEBUG o.s.c.a.ConfigurationClassPostProcessor - Replacing bean definition 'applicationContextConfig' existing class 'com.stackroute.activitystream.config.ApplicationContextConfig' with enhanced class 'com.stackroute.activitystream.config.ApplicationContextConfig$$EnhancerBySpringCGLIB$$f6cc619'
2018-01-04 14:12:32 [main] DEBUG o.s.c.a.ConfigurationClassEnhancer - Successfully enhanced com.stackroute.activitystream.config.PersistenceJPAConfig; enhanced class name is: com.stackroute.activitystream.config.PersistenceJPAConfig$$EnhancerBySpringCGLIB$$9267d7f6
2018-01-04 14:12:32 [main] DEBUG o.s.c.a.ConfigurationClassPostProcessor - Replacing bean definition 'persistenceJPAConfig' existing class 'com.stackroute.activitystream.config.PersistenceJPAConfig' with enhanced class 'com.stackroute.activitystream.config.PersistenceJPAConfig$$EnhancerBySpringCGLIB$$9267d7f6'
2018-01-04 14:12:32 [main] DEBUG o.s.c.a.ConfigurationClassEnhancer - Successfully enhanced org.springframework.transaction.annotation.ProxyTransactionManagementConfiguration; enhanced class name is: org.springframework.transaction.annotation.ProxyTransactionManagementConfiguration$$EnhancerBySpringCGLIB$$a8bdcb46
2018-01-04 14:12:32 [main] DEBUG o.s.c.a.ConfigurationClassPostProcessor - Replacing bean definition 'org.springframework.transaction.annotation.ProxyTransactionManagementConfiguration' existing class 'org.springframework.transaction.annotation.ProxyTransactionManagementConfiguration' with enhanced class 'org.springframework.transaction.annotation.ProxyTransactionManagementConfiguration$$EnhancerBySpringCGLIB$$a8bdcb46'
2018-01-04 14:12:32 [main] DEBUG o.s.c.a.ConfigurationClassEnhancer - Successfully enhanced org.springframework.web.servlet.config.annotation.DelegatingWebMvcConfiguration; enhanced class name is: org.springframework.web.servlet.config.annotation.DelegatingWebMvcConfiguration$$EnhancerBySpringCGLIB$$6d7eb07c
2018-01-04 14:12:32 [main] DEBUG o.s.c.a.ConfigurationClassPostProcessor - Replacing bean definition 'org.springframework.web.servlet.config.annotation.DelegatingWebMvcConfiguration' existing class 'org.springframework.web.servlet.config.annotation.DelegatingWebMvcConfiguration' with enhanced class 'org.springframework.web.servlet.config.annotation.DelegatingWebMvcConfiguration$$EnhancerBySpringCGLIB$$6d7eb07c'
2018-01-04 14:12:32 [main] DEBUG o.s.b.f.s.DefaultListableBeanFactory - Creating shared instance of singleton bean 'emBeanDefinitionRegistrarPostProcessor'
2018-01-04 14:12:32 [main] DEBUG o.s.b.f.s.DefaultListableBeanFactory - Creating instance of bean 'emBeanDefinitionRegistrarPostProcessor'
2018-01-04 14:12:32 [main] DEBUG o.s.b.f.s.DefaultListableBeanFactory - Eagerly caching bean 'emBeanDefinitionRegistrarPostProcessor' to allow for resolving potential circular references
2018-01-04 14:12:32 [main] DEBUG o.s.b.f.s.DefaultListableBeanFactory - Finished creating instance of bean 'emBeanDefinitionRegistrarPostProcessor'
2018-01-04 14:12:32 [main] DEBUG o.s.b.f.s.DefaultListableBeanFactory - Creating shared instance of singleton bean 'org.springframework.context.annotation.internalAutowiredAnnotationProcessor'
2018-01-04 14:12:32 [main] DEBUG o.s.b.f.s.DefaultListableBeanFactory - Creating instance of bean 'org.springframework.context.annotation.internalAutowiredAnnotationProcessor'
2018-01-04 14:12:32 [main] DEBUG o.s.b.f.s.DefaultListableBeanFactory - Eagerly caching bean 'org.springframework.context.annotation.internalAutowiredAnnotationProcessor' to allow for resolving potential circular references
2018-01-04 14:12:32 [main] DEBUG o.s.b.f.s.DefaultListableBeanFactory - Finished creating instance of bean 'org.springframework.context.annotation.internalAutowiredAnnotationProcessor'
2018-01-04 14:12:32 [main] DEBUG o.s.b.f.s.DefaultListableBeanFactory - Creating shared instance of singleton bean 'org.springframework.context.annotation.internalRequiredAnnotationProcessor'
2018-01-04 14:12:32 [main] DEBUG o.s.b.f.s.DefaultListableBeanFactory - Creating instance of bean 'org.springframework.context.annotation.internalRequiredAnnotationProcessor'
2018-01-04 14:12:32 [main] DEBUG o.s.b.f.s.DefaultListableBeanFactory - Eagerly caching bean 'org.springframework.context.annotation.internalRequiredAnnotationProcessor' to allow for resolving potential circular references
2018-01-04 14:12:32 [main] DEBUG o.s.b.f.s.DefaultListableBeanFactory - Finished creating instance of bean 'org.springframework.context.annotation.internalRequiredAnnotationProcessor'
2018-01-04 14:12:32 [main] DEBUG o.s.b.f.s.DefaultListableBeanFactory - Creating shared instance of singleton bean 'org.springframework.context.annotation.internalCommonAnnotationProcessor'
2018-01-04 14:12:32 [main] DEBUG o.s.b.f.s.DefaultListableBeanFactory - Creating instance of bean 'org.springframework.context.annotation.internalCommonAnnotationProcessor'
2018-01-04 14:12:32 [main] DEBUG o.s.b.f.s.DefaultListableBeanFactory - Eagerly caching bean 'org.springframework.context.annotation.internalCommonAnnotationProcessor' to allow for resolving potential circular references
2018-01-04 14:12:32 [main] DEBUG o.s.b.f.s.DefaultListableBeanFactory - Finished creating instance of bean 'org.springframework.context.annotation.internalCommonAnnotationProcessor'
2018-01-04 14:12:32 [main] DEBUG o.s.b.f.s.DefaultListableBeanFactory - Creating shared instance of singleton bean 'org.springframework.context.annotation.internalPersistenceAnnotationProcessor'
2018-01-04 14:12:32 [main] DEBUG o.s.b.f.s.DefaultListableBeanFactory - Creating instance of bean 'org.springframework.context.annotation.internalPersistenceAnnotationProcessor'
2018-01-04 14:12:32 [main] DEBUG o.s.b.f.s.DefaultListableBeanFactory - Eagerly caching bean 'org.springframework.context.annotation.internalPersistenceAnnotationProcessor' to allow for resolving potential circular references
2018-01-04 14:12:32 [main] DEBUG o.s.b.f.s.DefaultListableBeanFactory - Finished creating instance of bean 'org.springframework.context.annotation.internalPersistenceAnnotationProcessor'
2018-01-04 14:12:32 [main] DEBUG o.s.b.f.s.DefaultListableBeanFactory - Creating shared instance of singleton bean 'org.springframework.data.repository.core.support.RepositoryFactoryBeanSupport_Predictor'
2018-01-04 14:12:32 [main] DEBUG o.s.b.f.s.DefaultListableBeanFactory - Creating instance of bean 'org.springframework.data.repository.core.support.RepositoryFactoryBeanSupport_Predictor'
