2018-01-04 13:56:29 [main] INFO  o.s.t.w.s.s.StandaloneMockMvcBuilder$StaticRequestMappingHandlerMapping - Mapped "{[/api/circle],methods=[POST]}" onto public org.springframework.http.ResponseEntity<com.stackroute.activitystream.model.Circle> com.stackroute.activitystream.controller.CircleController.createCircle(com.stackroute.activitystream.model.Circle,javax.servlet.http.HttpSession)
2018-01-04 13:56:29 [main] INFO  o.s.w.s.m.m.a.RequestMappingHandlerAdapter - Looking for @ControllerAdvice: org.springframework.test.web.servlet.setup.StubWebApplicationContext@6be766d1
2018-01-04 13:56:29 [main] DEBUG o.s.w.s.m.m.a.ExceptionHandlerExceptionResolver - Looking for exception mappings: org.springframework.test.web.servlet.setup.StubWebApplicationContext@6be766d1
2018-01-04 13:56:29 [main] DEBUG o.s.t.w.s.TestDispatcherServlet - Initializing servlet ''
2018-01-04 13:56:29 [main] INFO  o.s.mock.web.MockServletContext - Initializing Spring FrameworkServlet ''
2018-01-04 13:56:29 [main] INFO  o.s.t.w.s.TestDispatcherServlet - FrameworkServlet '': initialization started
2018-01-04 13:56:29 [main] DEBUG o.s.t.w.s.TestDispatcherServlet - Unable to locate MultipartResolver with name 'multipartResolver': no multipart request handling provided
2018-01-04 13:56:29 [main] DEBUG o.s.t.w.s.TestDispatcherServlet - Using LocaleResolver [org.springframework.web.servlet.i18n.AcceptHeaderLocaleResolver@273aaab7]
2018-01-04 13:56:29 [main] DEBUG o.s.t.w.s.TestDispatcherServlet - Using ThemeResolver [org.springframework.web.servlet.theme.FixedThemeResolver@77bb916f]
2018-01-04 13:56:29 [main] DEBUG o.s.t.w.s.TestDispatcherServlet - Using RequestToViewNameTranslator [org.springframework.web.servlet.view.DefaultRequestToViewNameTranslator@5a48d186]
2018-01-04 13:56:29 [main] DEBUG o.s.t.w.s.TestDispatcherServlet - Using FlashMapManager [org.springframework.web.servlet.support.SessionFlashMapManager@521ba38f]
2018-01-04 13:56:29 [main] DEBUG o.s.t.w.s.TestDispatcherServlet - Published WebApplicationContext of servlet '' as ServletContext attribute with name [org.springframework.web.servlet.FrameworkServlet.CONTEXT.]
2018-01-04 13:56:29 [main] INFO  o.s.t.w.s.TestDispatcherServlet - FrameworkServlet '': initialization completed in 1 ms
2018-01-04 13:56:29 [main] DEBUG o.s.t.w.s.TestDispatcherServlet - Servlet '' configured successfully
2018-01-04 13:56:29 [main] DEBUG o.s.core.env.StandardEnvironment - Adding [systemProperties] PropertySource with lowest search precedence
2018-01-04 13:56:29 [main] DEBUG o.s.core.env.StandardEnvironment - Adding [systemEnvironment] PropertySource with lowest search precedence
2018-01-04 13:56:29 [main] DEBUG o.s.core.env.StandardEnvironment - Initialized StandardEnvironment with PropertySources [systemProperties,systemEnvironment]
2018-01-04 13:56:29 [main] DEBUG o.s.t.w.s.s.StandaloneMockMvcBuilder$StaticRequestMappingHandlerMapping - Looking for request mappings in application context: org.springframework.test.web.servlet.setup.StubWebApplicationContext@2086d469
2018-01-04 13:56:29 [main] DEBUG o.s.t.w.s.s.StandaloneMockMvcBuilder$StaticRequestMappingHandlerMapping - 2 request handler methods found on class com.stackroute.activitystream.controller.UserAuthController: {public org.springframework.http.ResponseEntity com.stackroute.activitystream.controller.UserAuthController.authenticate(com.stackroute.activitystream.model.User,javax.servlet.http.HttpSession)={[/api/authenticate],methods=[POST]}, public org.springframework.http.ResponseEntity com.stackroute.activitystream.controller.UserAuthController.logout(javax.servlet.http.HttpSession)={[/api/logout],methods=[PUT]}}
2018-01-04 13:56:29 [main] INFO  o.s.t.w.s.s.StandaloneMockMvcBuilder$StaticRequestMappingHandlerMapping - Mapped "{[/api/authenticate],methods=[POST]}" onto public org.springframework.http.ResponseEntity<com.stackroute.activitystream.model.User> com.stackroute.activitystream.controller.UserAuthController.authenticate(com.stackroute.activitystream.model.User,javax.servlet.http.HttpSession)
2018-01-04 13:56:29 [main] INFO  o.s.t.w.s.s.StandaloneMockMvcBuilder$StaticRequestMappingHandlerMapping - Mapped "{[/api/logout],methods=[PUT]}" onto public org.springframework.http.ResponseEntity<com.stackroute.activitystream.model.User> com.stackroute.activitystream.controller.UserAuthController.logout(javax.servlet.http.HttpSession)
2018-01-04 13:56:29 [main] INFO  o.s.w.s.m.m.a.RequestMappingHandlerAdapter - Looking for @ControllerAdvice: org.springframework.test.web.servlet.setup.StubWebApplicationContext@2086d469
2018-01-04 13:56:29 [main] DEBUG o.s.w.s.m.m.a.ExceptionHandlerExceptionResolver - Looking for exception mappings: org.springframework.test.web.servlet.setup.StubWebApplicationContext@2086d469
2018-01-04 13:56:29 [main] DEBUG o.s.t.w.s.TestDispatcherServlet - Initializing servlet ''
2018-01-04 13:56:29 [main] INFO  o.s.mock.web.MockServletContext - Initializing Spring FrameworkServlet ''
2018-01-04 13:56:29 [main] INFO  o.s.t.w.s.TestDispatcherServlet - FrameworkServlet '': initialization started
2018-01-04 13:56:29 [main] DEBUG o.s.t.w.s.TestDispatcherServlet - Unable to locate MultipartResolver with name 'multipartResolver': no multipart request handling provided
2018-01-04 13:56:29 [main] DEBUG o.s.t.w.s.TestDispatcherServlet - Using LocaleResolver [org.springframework.web.servlet.i18n.AcceptHeaderLocaleResolver@184de357]
2018-01-04 13:56:29 [main] DEBUG o.s.t.w.s.TestDispatcherServlet - Using ThemeResolver [org.springframework.web.servlet.theme.FixedThemeResolver@efe49ab]
2018-01-04 13:56:29 [main] DEBUG o.s.t.w.s.TestDispatcherServlet - Using RequestToViewNameTranslator [org.springframework.web.servlet.view.DefaultRequestToViewNameTranslator@6dcf7b6a]
2018-01-04 13:56:29 [main] DEBUG o.s.t.w.s.TestDispatcherServlet - Using FlashMapManager [org.springframework.web.servlet.support.SessionFlashMapManager@53dba9cd]
2018-01-04 13:56:29 [main] DEBUG o.s.t.w.s.TestDispatcherServlet - Published WebApplicationContext of servlet '' as ServletContext attribute with name [org.springframework.web.servlet.FrameworkServlet.CONTEXT.]
2018-01-04 13:56:29 [main] INFO  o.s.t.w.s.TestDispatcherServlet - FrameworkServlet '': initialization completed in 1 ms
2018-01-04 13:56:29 [main] DEBUG o.s.t.w.s.TestDispatcherServlet - Servlet '' configured successfully
2018-01-04 13:56:29 [main] DEBUG o.s.t.w.s.TestDispatcherServlet - DispatcherServlet with name '' processing POST request for [/api/authenticate]
2018-01-04 13:56:29 [main] DEBUG o.s.t.w.s.s.StandaloneMockMvcBuilder$StaticRequestMappingHandlerMapping - Looking up handler method for path /api/authenticate
2018-01-04 13:56:29 [main] DEBUG o.s.t.w.s.s.StandaloneMockMvcBuilder$StaticRequestMappingHandlerMapping - Returning handler method [public org.springframework.http.ResponseEntity<com.stackroute.activitystream.model.User> com.stackroute.activitystream.controller.UserAuthController.authenticate(com.stackroute.activitystream.model.User,javax.servlet.http.HttpSession)]
2018-01-04 13:56:29 [main] DEBUG o.s.w.s.m.m.a.RequestResponseBodyMethodProcessor - Read [class com.stackroute.activitystream.model.User] as "application/json" with [org.springframework.http.converter.json.MappingJackson2HttpMessageConverter@247bbfba]
2018-01-04 13:56:29 [main] DEBUG o.s.w.s.m.m.a.HttpEntityMethodProcessor - Written [com.stackroute.activitystream.model.User@5834198f] as "application/json" using [org.springframework.http.converter.json.MappingJackson2HttpMessageConverter@247bbfba]
2018-01-04 13:56:29 [main] DEBUG o.s.t.w.s.TestDispatcherServlet - Null ModelAndView returned to DispatcherServlet with name '': assuming HandlerAdapter completed request handling
2018-01-04 13:56:29 [main] DEBUG o.s.t.w.s.TestDispatcherServlet - Successfully completed request
2018-01-04 13:56:29 [main] DEBUG c.j.j.internal.path.CompiledPath - Evaluating path: $['username']
2018-01-04 13:56:29 [main] DEBUG c.j.j.internal.path.CompiledPath - Evaluating path: $['password']
2018-01-04 13:56:29 [main] DEBUG o.s.t.w.s.TestDispatcherServlet - DispatcherServlet with name '' processing POST request for [/api/circle]
2018-01-04 13:56:29 [main] DEBUG o.s.t.w.s.s.StandaloneMockMvcBuilder$StaticRequestMappingHandlerMapping - Looking up handler method for path /api/circle
2018-01-04 13:56:29 [main] DEBUG o.s.t.w.s.s.StandaloneMockMvcBuilder$StaticRequestMappingHandlerMapping - Returning handler method [public org.springframework.http.ResponseEntity<com.stackroute.activitystream.model.Circle> com.stackroute.activitystream.controller.CircleController.createCircle(com.stackroute.activitystream.model.Circle,javax.servlet.http.HttpSession)]
2018-01-04 13:56:29 [main] DEBUG o.s.w.s.m.m.a.RequestResponseBodyMethodProcessor - Read [class com.stackroute.activitystream.model.Circle] as "application/json" with [org.springframework.http.converter.json.MappingJackson2HttpMessageConverter@4eb63dc8]
2018-01-04 13:56:29 [main] DEBUG o.s.w.s.m.m.a.HttpEntityMethodProcessor - Written [com.stackroute.activitystream.model.Circle@3e753289] as "application/json" using [org.springframework.http.converter.json.MappingJackson2HttpMessageConverter@4eb63dc8]
2018-01-04 13:56:29 [main] DEBUG o.s.t.w.s.TestDispatcherServlet - Null ModelAndView returned to DispatcherServlet with name '': assuming HandlerAdapter completed request handling
2018-01-04 13:56:29 [main] DEBUG o.s.t.w.s.TestDispatcherServlet - Successfully completed request
2018-01-04 13:56:29 [main] DEBUG c.j.j.internal.path.CompiledPath - Evaluating path: $['circleName']
2018-01-04 13:56:29 [main] DEBUG c.j.j.internal.path.CompiledPath - Evaluating path: $['creatorId']
2018-01-04 13:56:29 [main] DEBUG o.s.t.c.s.AbstractDirtiesContextTestExecutionListener - After test method: context [DefaultTestContext@8383a14 testClass = CircleControllerTest, testInstance = com.stackroute.activitystream.test.CircleControllerTest@52cb52bd, testMethod = testCreateCircle@CircleControllerTest, testException = [null], mergedContextConfiguration = [WebMergedContextConfiguration@4b691611 testClass = CircleControllerTest, locations = '{}', classes = '{class com.stackroute.activitystream.config.ApplicationContextConfig, class com.stackroute.activitystream.config.PersistenceJPAConfig}', contextInitializerClasses = '[]', activeProfiles = '{}', propertySourceLocations = '{}', propertySourceProperties = '{}', contextCustomizers = set[[empty]], resourceBasePath = 'src/main/webapp', contextLoader = 'org.springframework.test.context.web.WebDelegatingSmartContextLoader', parent = [null]]], class annotated with @DirtiesContext [false] with mode [null], method annotated with @DirtiesContext [false] with mode [null].
2018-01-04 13:56:29 [main] DEBUG o.s.t.c.w.ServletTestExecutionListener - Resetting RequestContextHolder for test context [DefaultTestContext@8383a14 testClass = CircleControllerTest, testInstance = com.stackroute.activitystream.test.CircleControllerTest@52cb52bd, testMethod = testCreateCircle@CircleControllerTest, testException = [null], mergedContextConfiguration = [WebMergedContextConfiguration@4b691611 testClass = CircleControllerTest, locations = '{}', classes = '{class com.stackroute.activitystream.config.ApplicationContextConfig, class com.stackroute.activitystream.config.PersistenceJPAConfig}', contextInitializerClasses = '[]', activeProfiles = '{}', propertySourceLocations = '{}', propertySourceProperties = '{}', contextCustomizers = set[[empty]], resourceBasePath = 'src/main/webapp', contextLoader = 'org.springframework.test.context.web.WebDelegatingSmartContextLoader', parent = [null]]].
2018-01-04 13:56:29 [main] DEBUG o.s.t.c.s.AbstractDirtiesContextTestExecutionListener - After test class: context [DefaultTestContext@8383a14 testClass = CircleControllerTest, testInstance = [null], testMethod = [null], testException = [null], mergedContextConfiguration = [WebMergedContextConfiguration@4b691611 testClass = CircleControllerTest, locations = '{}', classes = '{class com.stackroute.activitystream.config.ApplicationContextConfig, class com.stackroute.activitystream.config.PersistenceJPAConfig}', contextInitializerClasses = '[]', activeProfiles = '{}', propertySourceLocations = '{}', propertySourceProperties = '{}', contextCustomizers = set[[empty]], resourceBasePath = 'src/main/webapp', contextLoader = 'org.springframework.test.context.web.WebDelegatingSmartContextLoader', parent = [null]]], class annotated with @DirtiesContext [false] with mode [null].
2018-01-04 13:56:29 [main] DEBUG o.s.t.c.j.SpringJUnit4ClassRunner - SpringJUnit4ClassRunner constructor called with [class com.stackroute.activitystream.test.MessageControllerTest]
2018-01-04 13:56:29 [main] DEBUG o.s.test.context.BootstrapUtils - Instantiating CacheAwareContextLoaderDelegate from class [org.springframework.test.context.cache.DefaultCacheAwareContextLoaderDelegate]
2018-01-04 13:56:29 [main] DEBUG o.s.test.context.BootstrapUtils - Instantiating BootstrapContext using constructor [public org.springframework.test.context.support.DefaultBootstrapContext(java.lang.Class,org.springframework.test.context.CacheAwareContextLoaderDelegate)]
2018-01-04 13:56:29 [main] DEBUG o.s.test.context.BootstrapUtils - Instantiating TestContextBootstrapper for test class [com.stackroute.activitystream.test.MessageControllerTest] from class [org.springframework.test.context.web.WebTestContextBootstrapper]
2018-01-04 13:56:29 [main] DEBUG o.s.t.c.s.AbstractDelegatingSmartContextLoader - Delegating to AnnotationConfigWebContextLoader to process context configuration [ContextConfigurationAttributes@59fea5f5 declaringClass = 'com.stackroute.activitystream.test.MessageControllerTest', classes = '{class com.stackroute.activitystream.config.ApplicationContextConfig}', locations = '{}', inheritLocations = true, initializers = '{}', inheritInitializers = true, name = [null], contextLoaderClass = 'org.springframework.test.context.ContextLoader'].
2018-01-04 13:56:29 [main] DEBUG o.s.t.c.support.ActiveProfilesUtils - Could not find an 'annotation declaring class' for annotation type [org.springframework.test.context.ActiveProfiles] and class [com.stackroute.activitystream.test.MessageControllerTest]
2018-01-04 13:56:29 [main] DEBUG o.s.t.c.w.WebTestContextBootstrapper - @TestExecutionListeners is not present for class [com.stackroute.activitystream.test.MessageControllerTest]: using defaults.
2018-01-04 13:56:29 [main] INFO  o.s.t.c.w.WebTestContextBootstrapper - Loaded default TestExecutionListener class names from location [META-INF/spring.factories]: [org.springframework.test.context.web.ServletTestExecutionListener, org.springframework.test.context.support.DirtiesContextBeforeModesTestExecutionListener, org.springframework.test.context.support.DependencyInjectionTestExecutionListener, org.springframework.test.context.support.DirtiesContextTestExecutionListener, org.springframework.test.context.transaction.TransactionalTestExecutionListener, org.springframework.test.context.jdbc.SqlScriptsTestExecutionListener]
2018-01-04 13:56:29 [main] INFO  o.s.t.c.w.WebTestContextBootstrapper - Using TestExecutionListeners: [org.springframework.test.context.web.ServletTestExecutionListener@20027c44, org.springframework.test.context.support.DirtiesContextBeforeModesTestExecutionListener@7eae55, org.springframework.test.context.support.DependencyInjectionTestExecutionListener@5d84e363, org.springframework.test.context.support.DirtiesContextTestExecutionListener@3ef0e576, org.springframework.test.context.transaction.TransactionalTestExecutionListener@da34eb0, org.springframework.test.context.jdbc.SqlScriptsTestExecutionListener@785a4557]
