2018-01-04 13:56:31 [main] INFO  o.s.t.w.s.s.StandaloneMockMvcBuilder$StaticRequestMappingHandlerMapping - Mapped "{[/api/user/{username}],methods=[GET],produces=[application/json]}" onto public org.springframework.http.ResponseEntity<com.stackroute.activitystream.model.User> com.stackroute.activitystream.controller.UserController.getUser(java.lang.String,javax.servlet.http.HttpSession)
2018-01-04 13:56:31 [main] INFO  o.s.t.w.s.s.StandaloneMockMvcBuilder$StaticRequestMappingHandlerMapping - Mapped "{[/api/user],methods=[POST]}" onto public org.springframework.http.ResponseEntity<com.stackroute.activitystream.model.User> com.stackroute.activitystream.controller.UserController.createUser(com.stackroute.activitystream.model.User)
2018-01-04 13:56:31 [main] INFO  o.s.w.s.m.m.a.RequestMappingHandlerAdapter - Looking for @ControllerAdvice: org.springframework.test.web.servlet.setup.StubWebApplicationContext@3ccfac29
2018-01-04 13:56:31 [main] DEBUG o.s.w.s.m.m.a.ExceptionHandlerExceptionResolver - Looking for exception mappings: org.springframework.test.web.servlet.setup.StubWebApplicationContext@3ccfac29
2018-01-04 13:56:31 [main] DEBUG o.s.t.w.s.TestDispatcherServlet - Initializing servlet ''
2018-01-04 13:56:31 [main] INFO  o.s.mock.web.MockServletContext - Initializing Spring FrameworkServlet ''
2018-01-04 13:56:31 [main] INFO  o.s.t.w.s.TestDispatcherServlet - FrameworkServlet '': initialization started
2018-01-04 13:56:31 [main] DEBUG o.s.t.w.s.TestDispatcherServlet - Unable to locate MultipartResolver with name 'multipartResolver': no multipart request handling provided
2018-01-04 13:56:31 [main] DEBUG o.s.t.w.s.TestDispatcherServlet - Using LocaleResolver [org.springframework.web.servlet.i18n.AcceptHeaderLocaleResolver@5f166f2e]
2018-01-04 13:56:31 [main] DEBUG o.s.t.w.s.TestDispatcherServlet - Using ThemeResolver [org.springframework.web.servlet.theme.FixedThemeResolver@1ef93e01]
2018-01-04 13:56:31 [main] DEBUG o.s.t.w.s.TestDispatcherServlet - Using RequestToViewNameTranslator [org.springframework.web.servlet.view.DefaultRequestToViewNameTranslator@4fafd27e]
2018-01-04 13:56:31 [main] DEBUG o.s.t.w.s.TestDispatcherServlet - Using FlashMapManager [org.springframework.web.servlet.support.SessionFlashMapManager@6cd66f6a]
2018-01-04 13:56:31 [main] DEBUG o.s.t.w.s.TestDispatcherServlet - Published WebApplicationContext of servlet '' as ServletContext attribute with name [org.springframework.web.servlet.FrameworkServlet.CONTEXT.]
2018-01-04 13:56:31 [main] INFO  o.s.t.w.s.TestDispatcherServlet - FrameworkServlet '': initialization completed in 0 ms
2018-01-04 13:56:31 [main] DEBUG o.s.t.w.s.TestDispatcherServlet - Servlet '' configured successfully
2018-01-04 13:56:31 [main] DEBUG o.s.core.env.StandardEnvironment - Adding [systemProperties] PropertySource with lowest search precedence
2018-01-04 13:56:31 [main] DEBUG o.s.core.env.StandardEnvironment - Adding [systemEnvironment] PropertySource with lowest search precedence
2018-01-04 13:56:31 [main] DEBUG o.s.core.env.StandardEnvironment - Initialized StandardEnvironment with PropertySources [systemProperties,systemEnvironment]
2018-01-04 13:56:31 [main] DEBUG o.s.t.w.s.s.StandaloneMockMvcBuilder$StaticRequestMappingHandlerMapping - Looking for request mappings in application context: org.springframework.test.web.servlet.setup.StubWebApplicationContext@d512c1
2018-01-04 13:56:31 [main] DEBUG o.s.t.w.s.s.StandaloneMockMvcBuilder$StaticRequestMappingHandlerMapping - 2 request handler methods found on class com.stackroute.activitystream.controller.UserAuthController: {public org.springframework.http.ResponseEntity com.stackroute.activitystream.controller.UserAuthController.authenticate(com.stackroute.activitystream.model.User,javax.servlet.http.HttpSession)={[/api/authenticate],methods=[POST]}, public org.springframework.http.ResponseEntity com.stackroute.activitystream.controller.UserAuthController.logout(javax.servlet.http.HttpSession)={[/api/logout],methods=[PUT]}}
2018-01-04 13:56:31 [main] INFO  o.s.t.w.s.s.StandaloneMockMvcBuilder$StaticRequestMappingHandlerMapping - Mapped "{[/api/authenticate],methods=[POST]}" onto public org.springframework.http.ResponseEntity<com.stackroute.activitystream.model.User> com.stackroute.activitystream.controller.UserAuthController.authenticate(com.stackroute.activitystream.model.User,javax.servlet.http.HttpSession)
2018-01-04 13:56:31 [main] INFO  o.s.t.w.s.s.StandaloneMockMvcBuilder$StaticRequestMappingHandlerMapping - Mapped "{[/api/logout],methods=[PUT]}" onto public org.springframework.http.ResponseEntity<com.stackroute.activitystream.model.User> com.stackroute.activitystream.controller.UserAuthController.logout(javax.servlet.http.HttpSession)
2018-01-04 13:56:31 [main] INFO  o.s.w.s.m.m.a.RequestMappingHandlerAdapter - Looking for @ControllerAdvice: org.springframework.test.web.servlet.setup.StubWebApplicationContext@d512c1
2018-01-04 13:56:31 [main] DEBUG o.s.w.s.m.m.a.ExceptionHandlerExceptionResolver - Looking for exception mappings: org.springframework.test.web.servlet.setup.StubWebApplicationContext@d512c1
2018-01-04 13:56:31 [main] DEBUG o.s.t.w.s.TestDispatcherServlet - Initializing servlet ''
2018-01-04 13:56:31 [main] INFO  o.s.mock.web.MockServletContext - Initializing Spring FrameworkServlet ''
2018-01-04 13:56:31 [main] INFO  o.s.t.w.s.TestDispatcherServlet - FrameworkServlet '': initialization started
2018-01-04 13:56:31 [main] DEBUG o.s.t.w.s.TestDispatcherServlet - Unable to locate MultipartResolver with name 'multipartResolver': no multipart request handling provided
2018-01-04 13:56:31 [main] DEBUG o.s.t.w.s.TestDispatcherServlet - Using LocaleResolver [org.springframework.web.servlet.i18n.AcceptHeaderLocaleResolver@39f4a7c4]
2018-01-04 13:56:31 [main] DEBUG o.s.t.w.s.TestDispatcherServlet - Using ThemeResolver [org.springframework.web.servlet.theme.FixedThemeResolver@111fe921]
2018-01-04 13:56:31 [main] DEBUG o.s.t.w.s.TestDispatcherServlet - Using RequestToViewNameTranslator [org.springframework.web.servlet.view.DefaultRequestToViewNameTranslator@1ff542a3]
2018-01-04 13:56:31 [main] DEBUG o.s.t.w.s.TestDispatcherServlet - Using FlashMapManager [org.springframework.web.servlet.support.SessionFlashMapManager@48ee3c2d]
2018-01-04 13:56:31 [main] DEBUG o.s.t.w.s.TestDispatcherServlet - Published WebApplicationContext of servlet '' as ServletContext attribute with name [org.springframework.web.servlet.FrameworkServlet.CONTEXT.]
2018-01-04 13:56:31 [main] INFO  o.s.t.w.s.TestDispatcherServlet - FrameworkServlet '': initialization completed in 1 ms
2018-01-04 13:56:31 [main] DEBUG o.s.t.w.s.TestDispatcherServlet - Servlet '' configured successfully
2018-01-04 13:56:31 [main] DEBUG o.s.t.w.s.TestDispatcherServlet - DispatcherServlet with name '' processing POST request for [/api/authenticate]
2018-01-04 13:56:31 [main] DEBUG o.s.t.w.s.s.StandaloneMockMvcBuilder$StaticRequestMappingHandlerMapping - Looking up handler method for path /api/authenticate
2018-01-04 13:56:31 [main] DEBUG o.s.t.w.s.s.StandaloneMockMvcBuilder$StaticRequestMappingHandlerMapping - Returning handler method [public org.springframework.http.ResponseEntity<com.stackroute.activitystream.model.User> com.stackroute.activitystream.controller.UserAuthController.authenticate(com.stackroute.activitystream.model.User,javax.servlet.http.HttpSession)]
2018-01-04 13:56:31 [main] DEBUG o.s.w.s.m.m.a.RequestResponseBodyMethodProcessor - Read [class com.stackroute.activitystream.model.User] as "application/json" with [org.springframework.http.converter.json.MappingJackson2HttpMessageConverter@54387873]
2018-01-04 13:56:31 [main] DEBUG o.s.w.s.m.m.a.HttpEntityMethodProcessor - Written [com.stackroute.activitystream.model.User@3a80c534] as "application/json" using [org.springframework.http.converter.json.MappingJackson2HttpMessageConverter@54387873]
2018-01-04 13:56:31 [main] DEBUG o.s.t.w.s.TestDispatcherServlet - Null ModelAndView returned to DispatcherServlet with name '': assuming HandlerAdapter completed request handling
2018-01-04 13:56:31 [main] DEBUG o.s.t.w.s.TestDispatcherServlet - Successfully completed request
2018-01-04 13:56:31 [main] DEBUG c.j.j.internal.path.CompiledPath - Evaluating path: $['username']
2018-01-04 13:56:31 [main] DEBUG c.j.j.internal.path.CompiledPath - Evaluating path: $['password']
2018-01-04 13:56:31 [main] DEBUG o.s.t.w.s.TestDispatcherServlet - DispatcherServlet with name '' processing PUT request for [/api/user/john]
2018-01-04 13:56:31 [main] DEBUG o.s.t.w.s.s.StandaloneMockMvcBuilder$StaticRequestMappingHandlerMapping - Looking up handler method for path /api/user/john
2018-01-04 13:56:31 [main] DEBUG o.s.t.w.s.s.StandaloneMockMvcBuilder$StaticRequestMappingHandlerMapping - Returning handler method [public org.springframework.http.ResponseEntity<com.stackroute.activitystream.model.User> com.stackroute.activitystream.controller.UserController.updateUser(java.lang.String,com.stackroute.activitystream.model.User,javax.servlet.http.HttpSession)]
2018-01-04 13:56:31 [main] DEBUG o.s.w.s.m.m.a.RequestResponseBodyMethodProcessor - Read [class com.stackroute.activitystream.model.User] as "application/json" with [org.springframework.http.converter.json.MappingJackson2HttpMessageConverter@fd5689d]
2018-01-04 13:56:31 [main] DEBUG o.s.w.s.m.m.a.HttpEntityMethodProcessor - Written [com.stackroute.activitystream.model.User@3a80c534] as "application/json" using [org.springframework.http.converter.json.MappingJackson2HttpMessageConverter@fd5689d]
2018-01-04 13:56:31 [main] DEBUG o.s.t.w.s.TestDispatcherServlet - Null ModelAndView returned to DispatcherServlet with name '': assuming HandlerAdapter completed request handling
2018-01-04 13:56:31 [main] DEBUG o.s.t.w.s.TestDispatcherServlet - Successfully completed request
2018-01-04 13:56:31 [main] DEBUG c.j.j.internal.path.CompiledPath - Evaluating path: $['username']
2018-01-04 13:56:31 [main] DEBUG c.j.j.internal.path.CompiledPath - Evaluating path: $['name']
2018-01-04 13:56:31 [main] DEBUG c.j.j.internal.path.CompiledPath - Evaluating path: $['password']
2018-01-04 13:56:31 [main] DEBUG o.s.t.c.s.AbstractDirtiesContextTestExecutionListener - After test method: context [DefaultTestContext@3caa4d85 testClass = UserControllerTest, testInstance = com.stackroute.activitystream.test.UserControllerTest@25b4754a, testMethod = testUpdateExistingUser@UserControllerTest, testException = [null], mergedContextConfiguration = [WebMergedContextConfiguration@356fa0d1 testClass = UserControllerTest, locations = '{}', classes = '{class com.stackroute.activitystream.config.ApplicationContextConfig, class com.stackroute.activitystream.config.PersistenceJPAConfig}', contextInitializerClasses = '[]', activeProfiles = '{}', propertySourceLocations = '{}', propertySourceProperties = '{}', contextCustomizers = set[[empty]], resourceBasePath = 'src/main/webapp', contextLoader = 'org.springframework.test.context.web.WebDelegatingSmartContextLoader', parent = [null]]], class annotated with @DirtiesContext [false] with mode [null], method annotated with @DirtiesContext [false] with mode [null].
2018-01-04 13:56:31 [main] DEBUG o.s.t.c.w.ServletTestExecutionListener - Resetting RequestContextHolder for test context [DefaultTestContext@3caa4d85 testClass = UserControllerTest, testInstance = com.stackroute.activitystream.test.UserControllerTest@25b4754a, testMethod = testUpdateExistingUser@UserControllerTest, testException = [null], mergedContextConfiguration = [WebMergedContextConfiguration@356fa0d1 testClass = UserControllerTest, locations = '{}', classes = '{class com.stackroute.activitystream.config.ApplicationContextConfig, class com.stackroute.activitystream.config.PersistenceJPAConfig}', contextInitializerClasses = '[]', activeProfiles = '{}', propertySourceLocations = '{}', propertySourceProperties = '{}', contextCustomizers = set[[empty]], resourceBasePath = 'src/main/webapp', contextLoader = 'org.springframework.test.context.web.WebDelegatingSmartContextLoader', parent = [null]]].
2018-01-04 13:56:31 [main] DEBUG o.s.t.annotation.ProfileValueUtils - Retrieved @ProfileValueSourceConfiguration [null] for test class [com.stackroute.activitystream.test.UserControllerTest]
2018-01-04 13:56:31 [main] DEBUG o.s.t.annotation.ProfileValueUtils - Retrieved ProfileValueSource type [class org.springframework.test.annotation.SystemProfileValueSource] for class [com.stackroute.activitystream.test.UserControllerTest]
2018-01-04 13:56:31 [main] DEBUG o.s.t.c.c.DefaultCacheAwareContextLoaderDelegate - Retrieved ApplicationContext from cache with key [[WebMergedContextConfiguration@356fa0d1 testClass = UserControllerTest, locations = '{}', classes = '{class com.stackroute.activitystream.config.ApplicationContextConfig, class com.stackroute.activitystream.config.PersistenceJPAConfig}', contextInitializerClasses = '[]', activeProfiles = '{}', propertySourceLocations = '{}', propertySourceProperties = '{}', contextCustomizers = set[[empty]], resourceBasePath = 'src/main/webapp', contextLoader = 'org.springframework.test.context.web.WebDelegatingSmartContextLoader', parent = [null]]]
2018-01-04 13:56:31 [main] DEBUG o.springframework.test.context.cache - Spring test ApplicationContext cache statistics: [DefaultContextCache@45545e7a size = 2, maxSize = 32, parentContextCount = 0, hitCount = 155, missCount = 2]
2018-01-04 13:56:31 [main] DEBUG o.s.t.c.w.ServletTestExecutionListener - Setting up MockHttpServletRequest, MockHttpServletResponse, ServletWebRequest, and RequestContextHolder for test context [DefaultTestContext@3caa4d85 testClass = UserControllerTest, testInstance = com.stackroute.activitystream.test.UserControllerTest@36e3321e, testMethod = [null], testException = [null], mergedContextConfiguration = [WebMergedContextConfiguration@356fa0d1 testClass = UserControllerTest, locations = '{}', classes = '{class com.stackroute.activitystream.config.ApplicationContextConfig, class com.stackroute.activitystream.config.PersistenceJPAConfig}', contextInitializerClasses = '[]', activeProfiles = '{}', propertySourceLocations = '{}', propertySourceProperties = '{}', contextCustomizers = set[[empty]], resourceBasePath = 'src/main/webapp', contextLoader = 'org.springframework.test.context.web.WebDelegatingSmartContextLoader', parent = [null]]].
2018-01-04 13:56:31 [main] DEBUG o.s.t.c.s.DependencyInjectionTestExecutionListener - Performing dependency injection for test context [[DefaultTestContext@3caa4d85 testClass = UserControllerTest, testInstance = com.stackroute.activitystream.test.UserControllerTest@36e3321e, testMethod = [null], testException = [null], mergedContextConfiguration = [WebMergedContextConfiguration@356fa0d1 testClass = UserControllerTest, locations = '{}', classes = '{class com.stackroute.activitystream.config.ApplicationContextConfig, class com.stackroute.activitystream.config.PersistenceJPAConfig}', contextInitializerClasses = '[]', activeProfiles = '{}', propertySourceLocations = '{}', propertySourceProperties = '{}', contextCustomizers = set[[empty]], resourceBasePath = 'src/main/webapp', contextLoader = 'org.springframework.test.context.web.WebDelegatingSmartContextLoader', parent = [null]]]].
2018-01-04 13:56:31 [main] DEBUG o.s.t.c.c.DefaultCacheAwareContextLoaderDelegate - Retrieved ApplicationContext from cache with key [[WebMergedContextConfiguration@356fa0d1 testClass = UserControllerTest, locations = '{}', classes = '{class com.stackroute.activitystream.config.ApplicationContextConfig, class com.stackroute.activitystream.config.PersistenceJPAConfig}', contextInitializerClasses = '[]', activeProfiles = '{}', propertySourceLocations = '{}', propertySourceProperties = '{}', contextCustomizers = set[[empty]], resourceBasePath = 'src/main/webapp', contextLoader = 'org.springframework.test.context.web.WebDelegatingSmartContextLoader', parent = [null]]]
2018-01-04 13:56:31 [main] DEBUG o.springframework.test.context.cache - Spring test ApplicationContext cache statistics: [DefaultContextCache@45545e7a size = 2, maxSize = 32, parentContextCount = 0, hitCount = 156, missCount = 2]
