2018-01-04 14:20:00 [main] DEBUG o.s.w.s.m.m.a.ExceptionHandlerExceptionResolver - Looking for exception mappings: org.springframework.test.web.servlet.setup.StubWebApplicationContext@6533629
2018-01-04 14:20:00 [main] DEBUG o.s.t.w.s.TestDispatcherServlet - Initializing servlet ''
2018-01-04 14:20:00 [main] INFO  o.s.mock.web.MockServletContext - Initializing Spring FrameworkServlet ''
2018-01-04 14:20:00 [main] INFO  o.s.t.w.s.TestDispatcherServlet - FrameworkServlet '': initialization started
2018-01-04 14:20:00 [main] DEBUG o.s.t.w.s.TestDispatcherServlet - Unable to locate MultipartResolver with name 'multipartResolver': no multipart request handling provided
2018-01-04 14:20:00 [main] DEBUG o.s.t.w.s.TestDispatcherServlet - Using LocaleResolver [org.springframework.web.servlet.i18n.AcceptHeaderLocaleResolver@459bf87c]
2018-01-04 14:20:00 [main] DEBUG o.s.t.w.s.TestDispatcherServlet - Using ThemeResolver [org.springframework.web.servlet.theme.FixedThemeResolver@5ae66c98]
2018-01-04 14:20:00 [main] DEBUG o.s.t.w.s.TestDispatcherServlet - Using RequestToViewNameTranslator [org.springframework.web.servlet.view.DefaultRequestToViewNameTranslator@1aaf46e6]
2018-01-04 14:20:00 [main] DEBUG o.s.t.w.s.TestDispatcherServlet - Using FlashMapManager [org.springframework.web.servlet.support.SessionFlashMapManager@391d28ea]
2018-01-04 14:20:00 [main] DEBUG o.s.t.w.s.TestDispatcherServlet - Published WebApplicationContext of servlet '' as ServletContext attribute with name [org.springframework.web.servlet.FrameworkServlet.CONTEXT.]
2018-01-04 14:20:00 [main] INFO  o.s.t.w.s.TestDispatcherServlet - FrameworkServlet '': initialization completed in 1 ms
2018-01-04 14:20:00 [main] DEBUG o.s.t.w.s.TestDispatcherServlet - Servlet '' configured successfully
2018-01-04 14:20:00 [main] DEBUG o.s.t.w.s.TestDispatcherServlet - DispatcherServlet with name '' processing POST request for [/api/authenticate]
2018-01-04 14:20:00 [main] DEBUG o.s.t.w.s.s.StandaloneMockMvcBuilder$StaticRequestMappingHandlerMapping - Looking up handler method for path /api/authenticate
2018-01-04 14:20:00 [main] DEBUG o.s.t.w.s.s.StandaloneMockMvcBuilder$StaticRequestMappingHandlerMapping - Returning handler method [public org.springframework.http.ResponseEntity<com.stackroute.activitystream.model.User> com.stackroute.activitystream.controller.UserAuthController.authenticate(com.stackroute.activitystream.model.User,javax.servlet.http.HttpSession)]
2018-01-04 14:20:00 [main] DEBUG o.s.w.s.m.m.a.RequestResponseBodyMethodProcessor - Read [class com.stackroute.activitystream.model.User] as "application/json" with [org.springframework.http.converter.json.MappingJackson2HttpMessageConverter@23df7fad]
2018-01-04 14:20:01 [main] DEBUG o.s.w.s.m.m.a.HttpEntityMethodProcessor - Written [com.stackroute.activitystream.model.User@4ab455e2] as "application/json" using [org.springframework.http.converter.json.MappingJackson2HttpMessageConverter@23df7fad]
2018-01-04 14:20:01 [main] DEBUG o.s.t.w.s.TestDispatcherServlet - Null ModelAndView returned to DispatcherServlet with name '': assuming HandlerAdapter completed request handling
2018-01-04 14:20:01 [main] DEBUG o.s.t.w.s.TestDispatcherServlet - Successfully completed request
2018-01-04 14:20:01 [main] DEBUG c.j.j.internal.path.CompiledPath - Evaluating path: $['username']
2018-01-04 14:20:01 [main] DEBUG c.j.j.internal.path.CompiledPath - Evaluating path: $['password']
2018-01-04 14:20:01 [main] DEBUG o.s.t.w.s.TestDispatcherServlet - DispatcherServlet with name '' processing GET request for [/api/message/getMessagesByUser/john/chris/1]
2018-01-04 14:20:01 [main] DEBUG o.s.t.w.s.s.StandaloneMockMvcBuilder$StaticRequestMappingHandlerMapping - Looking up handler method for path /api/message/getMessagesByUser/john/chris/1
2018-01-04 14:20:01 [main] DEBUG o.s.t.w.s.s.StandaloneMockMvcBuilder$StaticRequestMappingHandlerMapping - Returning handler method [public org.springframework.http.ResponseEntity<java.util.List<com.stackroute.activitystream.model.Message>> com.stackroute.activitystream.controller.MessageController.getMessagesByUser(java.lang.String,java.lang.String,int,javax.servlet.http.HttpSession)]
2018-01-04 14:20:01 [main] DEBUG o.s.t.w.s.TestDispatcherServlet - Last-Modified value for [/api/message/getMessagesByUser/john/chris/1] is: -1
2018-01-04 14:20:01 [main] DEBUG o.s.w.s.m.m.a.HttpEntityMethodProcessor - Written [[com.stackroute.activitystream.model.Message@2acca224, com.stackroute.activitystream.model.Message@7ac685ef, com.stackroute.activitystream.model.Message@223cbf0d]] as "application/json" using [org.springframework.http.converter.json.MappingJackson2HttpMessageConverter@4a4ff5ed]
2018-01-04 14:20:01 [main] DEBUG o.s.t.w.s.TestDispatcherServlet - Null ModelAndView returned to DispatcherServlet with name '': assuming HandlerAdapter completed request handling
2018-01-04 14:20:01 [main] DEBUG o.s.t.w.s.TestDispatcherServlet - Successfully completed request
2018-01-04 14:20:01 [main] DEBUG c.j.j.internal.path.CompiledPath - Evaluating path: $
2018-01-04 14:20:01 [main] DEBUG c.j.j.internal.path.CompiledPath - Evaluating path: $[0]['senderName']
2018-01-04 14:20:01 [main] DEBUG c.j.j.internal.path.CompiledPath - Evaluating path: $[0]['receiverId']
2018-01-04 14:20:01 [main] DEBUG c.j.j.internal.path.CompiledPath - Evaluating path: $[0]['streamType']
2018-01-04 14:20:01 [main] DEBUG c.j.j.internal.path.CompiledPath - Evaluating path: $[0]['message']
2018-01-04 14:20:01 [main] DEBUG c.j.j.internal.path.CompiledPath - Evaluating path: $[1]['senderName']
2018-01-04 14:20:01 [main] DEBUG c.j.j.internal.path.CompiledPath - Evaluating path: $[1]['receiverId']
2018-01-04 14:20:01 [main] DEBUG c.j.j.internal.path.CompiledPath - Evaluating path: $[1]['streamType']
2018-01-04 14:20:01 [main] DEBUG c.j.j.internal.path.CompiledPath - Evaluating path: $[1]['message']
2018-01-04 14:20:01 [main] DEBUG c.j.j.internal.path.CompiledPath - Evaluating path: $[2]['senderName']
2018-01-04 14:20:01 [main] DEBUG c.j.j.internal.path.CompiledPath - Evaluating path: $[2]['receiverId']
2018-01-04 14:20:01 [main] DEBUG c.j.j.internal.path.CompiledPath - Evaluating path: $[2]['streamType']
2018-01-04 14:20:01 [main] DEBUG c.j.j.internal.path.CompiledPath - Evaluating path: $[2]['message']
2018-01-04 14:20:01 [main] DEBUG o.s.t.c.s.AbstractDirtiesContextTestExecutionListener - After test method: context [DefaultTestContext@785a4557 testClass = MessageControllerTest, testInstance = com.stackroute.activitystream.test.MessageControllerTest@4e7eba9f, testMethod = testGetMessagesByUser@MessageControllerTest, testException = [null], mergedContextConfiguration = [WebMergedContextConfiguration@2bf3ec4 testClass = MessageControllerTest, locations = '{}', classes = '{class com.stackroute.activitystream.config.ApplicationContextConfig}', contextInitializerClasses = '[]', activeProfiles = '{}', propertySourceLocations = '{}', propertySourceProperties = '{}', contextCustomizers = set[[empty]], resourceBasePath = 'src/main/webapp', contextLoader = 'org.springframework.test.context.web.WebDelegatingSmartContextLoader', parent = [null]]], class annotated with @DirtiesContext [false] with mode [null], method annotated with @DirtiesContext [false] with mode [null].
2018-01-04 14:20:01 [main] DEBUG o.s.t.c.w.ServletTestExecutionListener - Resetting RequestContextHolder for test context [DefaultTestContext@785a4557 testClass = MessageControllerTest, testInstance = com.stackroute.activitystream.test.MessageControllerTest@4e7eba9f, testMethod = testGetMessagesByUser@MessageControllerTest, testException = [null], mergedContextConfiguration = [WebMergedContextConfiguration@2bf3ec4 testClass = MessageControllerTest, locations = '{}', classes = '{class com.stackroute.activitystream.config.ApplicationContextConfig}', contextInitializerClasses = '[]', activeProfiles = '{}', propertySourceLocations = '{}', propertySourceProperties = '{}', contextCustomizers = set[[empty]], resourceBasePath = 'src/main/webapp', contextLoader = 'org.springframework.test.context.web.WebDelegatingSmartContextLoader', parent = [null]]].
2018-01-04 14:20:01 [main] DEBUG o.s.t.c.s.AbstractDirtiesContextTestExecutionListener - After test class: context [DefaultTestContext@785a4557 testClass = MessageControllerTest, testInstance = [null], testMethod = [null], testException = [null], mergedContextConfiguration = [WebMergedContextConfiguration@2bf3ec4 testClass = MessageControllerTest, locations = '{}', classes = '{class com.stackroute.activitystream.config.ApplicationContextConfig}', contextInitializerClasses = '[]', activeProfiles = '{}', propertySourceLocations = '{}', propertySourceProperties = '{}', contextCustomizers = set[[empty]], resourceBasePath = 'src/main/webapp', contextLoader = 'org.springframework.test.context.web.WebDelegatingSmartContextLoader', parent = [null]]], class annotated with @DirtiesContext [false] with mode [null].
2018-01-04 14:20:01 [main] DEBUG o.s.t.c.j.SpringJUnit4ClassRunner - SpringJUnit4ClassRunner constructor called with [class com.stackroute.activitystream.test.UserAuthControllerTest]
2018-01-04 14:20:01 [main] DEBUG o.s.test.context.BootstrapUtils - Instantiating CacheAwareContextLoaderDelegate from class [org.springframework.test.context.cache.DefaultCacheAwareContextLoaderDelegate]
2018-01-04 14:20:01 [main] DEBUG o.s.test.context.BootstrapUtils - Instantiating BootstrapContext using constructor [public org.springframework.test.context.support.DefaultBootstrapContext(java.lang.Class,org.springframework.test.context.CacheAwareContextLoaderDelegate)]
2018-01-04 14:20:01 [main] DEBUG o.s.test.context.BootstrapUtils - Instantiating TestContextBootstrapper for test class [com.stackroute.activitystream.test.UserAuthControllerTest] from class [org.springframework.test.context.web.WebTestContextBootstrapper]
2018-01-04 14:20:01 [main] DEBUG o.s.t.c.s.AbstractDelegatingSmartContextLoader - Delegating to AnnotationConfigWebContextLoader to process context configuration [ContextConfigurationAttributes@39acd1f1 declaringClass = 'com.stackroute.activitystream.test.UserAuthControllerTest', classes = '{class com.stackroute.activitystream.config.ApplicationContextConfig, class com.stackroute.activitystream.config.PersistenceJPAConfig}', locations = '{}', inheritLocations = true, initializers = '{}', inheritInitializers = true, name = [null], contextLoaderClass = 'org.springframework.test.context.ContextLoader'].
2018-01-04 14:20:01 [main] DEBUG o.s.t.c.support.ActiveProfilesUtils - Could not find an 'annotation declaring class' for annotation type [org.springframework.test.context.ActiveProfiles] and class [com.stackroute.activitystream.test.UserAuthControllerTest]
2018-01-04 14:20:01 [main] DEBUG o.s.t.c.w.WebTestContextBootstrapper - @TestExecutionListeners is not present for class [com.stackroute.activitystream.test.UserAuthControllerTest]: using defaults.
2018-01-04 14:20:01 [main] INFO  o.s.t.c.w.WebTestContextBootstrapper - Loaded default TestExecutionListener class names from location [META-INF/spring.factories]: [org.springframework.test.context.web.ServletTestExecutionListener, org.springframework.test.context.support.DirtiesContextBeforeModesTestExecutionListener, org.springframework.test.context.support.DependencyInjectionTestExecutionListener, org.springframework.test.context.support.DirtiesContextTestExecutionListener, org.springframework.test.context.transaction.TransactionalTestExecutionListener, org.springframework.test.context.jdbc.SqlScriptsTestExecutionListener]
2018-01-04 14:20:01 [main] INFO  o.s.t.c.w.WebTestContextBootstrapper - Using TestExecutionListeners: [org.springframework.test.context.web.ServletTestExecutionListener@28f90752, org.springframework.test.context.support.DirtiesContextBeforeModesTestExecutionListener@4f20b022, org.springframework.test.context.support.DependencyInjectionTestExecutionListener@72a34537, org.springframework.test.context.support.DirtiesContextTestExecutionListener@24fef542, org.springframework.test.context.transaction.TransactionalTestExecutionListener@44ddb518, org.springframework.test.context.jdbc.SqlScriptsTestExecutionListener@e36bc01]
2018-01-04 14:20:01 [main] DEBUG o.s.t.annotation.ProfileValueUtils - Retrieved @ProfileValueSourceConfiguration [null] for test class [com.stackroute.activitystream.test.UserAuthControllerTest]
2018-01-04 14:20:01 [main] DEBUG o.s.t.annotation.ProfileValueUtils - Retrieved ProfileValueSource type [class org.springframework.test.annotation.SystemProfileValueSource] for class [com.stackroute.activitystream.test.UserAuthControllerTest]
2018-01-04 14:20:01 [main] DEBUG o.s.t.annotation.ProfileValueUtils - Retrieved @ProfileValueSourceConfiguration [null] for test class [com.stackroute.activitystream.test.UserAuthControllerTest]
2018-01-04 14:20:01 [main] DEBUG o.s.t.annotation.ProfileValueUtils - Retrieved ProfileValueSource type [class org.springframework.test.annotation.SystemProfileValueSource] for class [com.stackroute.activitystream.test.UserAuthControllerTest]
2018-01-04 14:20:01 [main] DEBUG o.s.t.c.s.AbstractDirtiesContextTestExecutionListener - Before test class: context [DefaultTestContext@6654ca0d testClass = UserAuthControllerTest, testInstance = [null], testMethod = [null], testException = [null], mergedContextConfiguration = [WebMergedContextConfiguration@35536760 testClass = UserAuthControllerTest, locations = '{}', classes = '{class com.stackroute.activitystream.config.ApplicationContextConfig, class com.stackroute.activitystream.config.PersistenceJPAConfig}', contextInitializerClasses = '[]', activeProfiles = '{}', propertySourceLocations = '{}', propertySourceProperties = '{}', contextCustomizers = set[[empty]], resourceBasePath = 'src/main/webapp', contextLoader = 'org.springframework.test.context.web.WebDelegatingSmartContextLoader', parent = [null]]], class annotated with @DirtiesContext [false] with mode [null].
2018-01-04 14:20:01 [main] DEBUG o.s.t.annotation.ProfileValueUtils - Retrieved @ProfileValueSourceConfiguration [null] for test class [com.stackroute.activitystream.test.UserAuthControllerTest]
2018-01-04 14:20:01 [main] DEBUG o.s.t.annotation.ProfileValueUtils - Retrieved ProfileValueSource type [class org.springframework.test.annotation.SystemProfileValueSource] for class [com.stackroute.activitystream.test.UserAuthControllerTest]
2018-01-04 14:20:01 [main] DEBUG o.s.t.c.c.DefaultCacheAwareContextLoaderDelegate - Retrieved ApplicationContext from cache with key [[WebMergedContextConfiguration@35536760 testClass = UserAuthControllerTest, locations = '{}', classes = '{class com.stackroute.activitystream.config.ApplicationContextConfig, class com.stackroute.activitystream.config.PersistenceJPAConfig}', contextInitializerClasses = '[]', activeProfiles = '{}', propertySourceLocations = '{}', propertySourceProperties = '{}', contextCustomizers = set[[empty]], resourceBasePath = 'src/main/webapp', contextLoader = 'org.springframework.test.context.web.WebDelegatingSmartContextLoader', parent = [null]]]
2018-01-04 14:20:01 [main] DEBUG o.springframework.test.context.cache - Spring test ApplicationContext cache statistics: [DefaultContextCache@1da4b3f9 size = 2, maxSize = 32, parentContextCount = 0, hitCount = 125, missCount = 2]
2018-01-04 14:20:01 [main] DEBUG o.s.t.c.w.ServletTestExecutionListener - Setting up MockHttpServletRequest, MockHttpServletResponse, ServletWebRequest, and RequestContextHolder for test context [DefaultTestContext@6654ca0d testClass = UserAuthControllerTest, testInstance = com.stackroute.activitystream.test.UserAuthControllerTest@1c8f71a7, testMethod = [null], testException = [null], mergedContextConfiguration = [WebMergedContextConfiguration@35536760 testClass = UserAuthControllerTest, locations = '{}', classes = '{class com.stackroute.activitystream.config.ApplicationContextConfig, class com.stackroute.activitystream.config.PersistenceJPAConfig}', contextInitializerClasses = '[]', activeProfiles = '{}', propertySourceLocations = '{}', propertySourceProperties = '{}', contextCustomizers = set[[empty]], resourceBasePath = 'src/main/webapp', contextLoader = 'org.springframework.test.context.web.WebDelegatingSmartContextLoader', parent = [null]]].
2018-01-04 14:20:01 [main] DEBUG o.s.t.c.s.DependencyInjectionTestExecutionListener - Performing dependency injection for test context [[DefaultTestContext@6654ca0d testClass = UserAuthControllerTest, testInstance = com.stackroute.activitystream.test.UserAuthControllerTest@1c8f71a7, testMethod = [null], testException = [null], mergedContextConfiguration = [WebMergedContextConfiguration@35536760 testClass = UserAuthControllerTest, locations = '{}', classes = '{class com.stackroute.activitystream.config.ApplicationContextConfig, class com.stackroute.activitystream.config.PersistenceJPAConfig}', contextInitializerClasses = '[]', activeProfiles = '{}', propertySourceLocations = '{}', propertySourceProperties = '{}', contextCustomizers = set[[empty]], resourceBasePath = 'src/main/webapp', contextLoader = 'org.springframework.test.context.web.WebDelegatingSmartContextLoader', parent = [null]]]].
