2018-01-04 14:29:22 [main] DEBUG o.s.b.f.s.DefaultListableBeanFactory - Creating instance of bean 'user'
2018-01-04 14:29:22 [main] DEBUG o.s.b.f.s.DefaultListableBeanFactory - Eagerly caching bean 'user' to allow for resolving potential circular references
2018-01-04 14:29:22 [main] DEBUG o.s.b.f.s.DefaultListableBeanFactory - Returning cached instance of singleton bean 'org.springframework.transaction.config.internalTransactionAdvisor'
2018-01-04 14:29:22 [main] DEBUG o.s.b.f.s.DefaultListableBeanFactory - Finished creating instance of bean 'user'
2018-01-04 14:29:22 [main] DEBUG o.s.b.f.s.DefaultListableBeanFactory - Returning cached instance of singleton bean 'userCircle'
2018-01-04 14:29:22 [main] DEBUG o.s.b.f.s.DefaultListableBeanFactory - Returning cached instance of singleton bean 'userTag'
2018-01-04 14:29:22 [main] DEBUG o.s.b.f.s.DefaultListableBeanFactory - Returning cached instance of singleton bean 'circleServiceImpl'
2018-01-04 14:29:22 [main] DEBUG o.s.b.f.s.DefaultListableBeanFactory - Returning cached instance of singleton bean 'messageServiceImpl'
2018-01-04 14:29:22 [main] DEBUG o.s.b.f.s.DefaultListableBeanFactory - Returning cached instance of singleton bean 'userCircleServiceImpl'
2018-01-04 14:29:22 [main] DEBUG o.s.b.f.s.DefaultListableBeanFactory - Returning cached instance of singleton bean 'userServiceImpl'
2018-01-04 14:29:22 [main] DEBUG o.s.b.f.s.DefaultListableBeanFactory - Returning cached instance of singleton bean 'org.springframework.transaction.annotation.ProxyTransactionManagementConfiguration'
2018-01-04 14:29:22 [main] DEBUG o.s.b.f.s.DefaultListableBeanFactory - Returning cached instance of singleton bean 'org.springframework.transaction.config.internalTransactionAdvisor'
2018-01-04 14:29:22 [main] DEBUG o.s.b.f.s.DefaultListableBeanFactory - Returning cached instance of singleton bean 'transactionAttributeSource'
2018-01-04 14:29:22 [main] DEBUG o.s.b.f.s.DefaultListableBeanFactory - Returning cached instance of singleton bean 'transactionInterceptor'
2018-01-04 14:29:22 [main] DEBUG o.s.b.f.s.DefaultListableBeanFactory - Creating shared instance of singleton bean 'org.springframework.transaction.config.internalTransactionalEventListenerFactory'
2018-01-04 14:29:22 [main] DEBUG o.s.b.f.s.DefaultListableBeanFactory - Creating instance of bean 'org.springframework.transaction.config.internalTransactionalEventListenerFactory'
2018-01-04 14:29:22 [main] DEBUG o.s.b.f.s.DefaultListableBeanFactory - Returning cached instance of singleton bean 'org.springframework.transaction.annotation.ProxyTransactionManagementConfiguration'
2018-01-04 14:29:22 [main] DEBUG o.s.b.f.s.DefaultListableBeanFactory - Eagerly caching bean 'org.springframework.transaction.config.internalTransactionalEventListenerFactory' to allow for resolving potential circular references
2018-01-04 14:29:22 [main] DEBUG o.s.b.f.s.DefaultListableBeanFactory - Returning cached instance of singleton bean 'org.springframework.transaction.config.internalTransactionAdvisor'
2018-01-04 14:29:22 [main] DEBUG o.s.b.f.s.DefaultListableBeanFactory - Finished creating instance of bean 'org.springframework.transaction.config.internalTransactionalEventListenerFactory'
2018-01-04 14:29:22 [main] DEBUG o.s.b.f.s.DefaultListableBeanFactory - Creating shared instance of singleton bean 'org.springframework.web.servlet.config.annotation.DelegatingWebMvcConfiguration'
2018-01-04 14:29:22 [main] DEBUG o.s.b.f.s.DefaultListableBeanFactory - Creating instance of bean 'org.springframework.web.servlet.config.annotation.DelegatingWebMvcConfiguration'
2018-01-04 14:29:22 [main] DEBUG o.s.b.f.annotation.InjectionMetadata - Registered injected element on class [org.springframework.web.servlet.config.annotation.DelegatingWebMvcConfiguration$$EnhancerBySpringCGLIB$$47af823a]: AutowiredMethodElement for public void org.springframework.web.servlet.config.annotation.DelegatingWebMvcConfiguration.setConfigurers(java.util.List)
2018-01-04 14:29:22 [main] DEBUG o.s.b.f.s.DefaultListableBeanFactory - Eagerly caching bean 'org.springframework.web.servlet.config.annotation.DelegatingWebMvcConfiguration' to allow for resolving potential circular references
2018-01-04 14:29:22 [main] DEBUG o.s.b.f.annotation.InjectionMetadata - Processing injected element of bean 'org.springframework.web.servlet.config.annotation.DelegatingWebMvcConfiguration': AutowiredMethodElement for public void org.springframework.web.servlet.config.annotation.DelegatingWebMvcConfiguration.setConfigurers(java.util.List)
2018-01-04 14:29:22 [main] DEBUG o.s.b.f.s.DefaultListableBeanFactory - Returning cached instance of singleton bean 'org.springframework.transaction.config.internalTransactionAdvisor'
2018-01-04 14:29:22 [main] DEBUG o.s.b.f.s.DefaultListableBeanFactory - Finished creating instance of bean 'org.springframework.web.servlet.config.annotation.DelegatingWebMvcConfiguration'
2018-01-04 14:29:22 [main] DEBUG o.s.b.f.s.DefaultListableBeanFactory - Creating shared instance of singleton bean 'requestMappingHandlerMapping'
2018-01-04 14:29:22 [main] DEBUG o.s.b.f.s.DefaultListableBeanFactory - Creating instance of bean 'requestMappingHandlerMapping'
2018-01-04 14:29:22 [main] DEBUG o.s.b.f.s.DefaultListableBeanFactory - Returning cached instance of singleton bean 'org.springframework.web.servlet.config.annotation.DelegatingWebMvcConfiguration'
2018-01-04 14:29:22 [main] DEBUG o.s.b.f.s.DefaultListableBeanFactory - Creating shared instance of singleton bean 'mvcConversionService'
2018-01-04 14:29:22 [main] DEBUG o.s.b.f.s.DefaultListableBeanFactory - Creating instance of bean 'mvcConversionService'
2018-01-04 14:29:22 [main] DEBUG o.s.b.f.s.DefaultListableBeanFactory - Returning cached instance of singleton bean 'org.springframework.web.servlet.config.annotation.DelegatingWebMvcConfiguration'
2018-01-04 14:29:22 [main] DEBUG o.s.b.f.s.DefaultListableBeanFactory - Eagerly caching bean 'mvcConversionService' to allow for resolving potential circular references
2018-01-04 14:29:22 [main] DEBUG o.s.b.f.s.DefaultListableBeanFactory - Returning cached instance of singleton bean 'org.springframework.transaction.config.internalTransactionAdvisor'
2018-01-04 14:29:22 [main] DEBUG o.s.b.f.s.DefaultListableBeanFactory - Finished creating instance of bean 'mvcConversionService'
2018-01-04 14:29:22 [main] DEBUG o.s.b.f.s.DefaultListableBeanFactory - Creating shared instance of singleton bean 'mvcResourceUrlProvider'
2018-01-04 14:29:22 [main] DEBUG o.s.b.f.s.DefaultListableBeanFactory - Creating instance of bean 'mvcResourceUrlProvider'
2018-01-04 14:29:22 [main] DEBUG o.s.b.f.s.DefaultListableBeanFactory - Returning cached instance of singleton bean 'org.springframework.web.servlet.config.annotation.DelegatingWebMvcConfiguration'
2018-01-04 14:29:22 [main] DEBUG o.s.b.f.s.DefaultListableBeanFactory - Eagerly caching bean 'mvcResourceUrlProvider' to allow for resolving potential circular references
2018-01-04 14:29:22 [main] DEBUG o.s.b.f.s.DefaultListableBeanFactory - Returning cached instance of singleton bean 'org.springframework.transaction.config.internalTransactionAdvisor'
2018-01-04 14:29:22 [main] DEBUG o.s.b.f.s.DefaultListableBeanFactory - Finished creating instance of bean 'mvcResourceUrlProvider'
2018-01-04 14:29:22 [main] DEBUG o.s.b.f.s.DefaultListableBeanFactory - Creating shared instance of singleton bean 'mvcContentNegotiationManager'
2018-01-04 14:29:22 [main] DEBUG o.s.b.f.s.DefaultListableBeanFactory - Creating instance of bean 'mvcContentNegotiationManager'
2018-01-04 14:29:22 [main] DEBUG o.s.b.f.s.DefaultListableBeanFactory - Returning cached instance of singleton bean 'org.springframework.web.servlet.config.annotation.DelegatingWebMvcConfiguration'
2018-01-04 14:29:22 [main] DEBUG o.s.b.f.s.DefaultListableBeanFactory - Eagerly caching bean 'mvcContentNegotiationManager' to allow for resolving potential circular references
2018-01-04 14:29:22 [main] DEBUG o.s.b.f.s.DefaultListableBeanFactory - Returning cached instance of singleton bean 'org.springframework.transaction.config.internalTransactionAdvisor'
2018-01-04 14:29:22 [main] DEBUG o.s.b.f.s.DefaultListableBeanFactory - Finished creating instance of bean 'mvcContentNegotiationManager'
2018-01-04 14:29:22 [main] DEBUG o.s.b.f.s.DefaultListableBeanFactory - Eagerly caching bean 'requestMappingHandlerMapping' to allow for resolving potential circular references
2018-01-04 14:29:22 [main] DEBUG o.s.b.f.s.DefaultListableBeanFactory - Invoking afterPropertiesSet() on bean with name 'requestMappingHandlerMapping'
2018-01-04 14:29:22 [main] DEBUG o.s.w.s.m.m.a.RequestMappingHandlerMapping - Looking for request mappings in application context: org.springframework.web.context.support.GenericWebApplicationContext@7d3a22a9: startup date [Thu Jan 04 14:29:18 IST 2018]; root of context hierarchy
2018-01-04 14:29:22 [main] DEBUG o.s.w.s.m.m.a.RequestMappingHandlerMapping - 3 request handler methods found on class com.stackroute.activitystream.controller.CircleController: {public org.springframework.http.ResponseEntity com.stackroute.activitystream.controller.CircleController.getAllCircles(java.lang.String,javax.servlet.http.HttpSession)={[/api/circle/search/{searchString}],methods=[GET]}, public org.springframework.http.ResponseEntity com.stackroute.activitystream.controller.CircleController.getAllCircles(javax.servlet.http.HttpSession)={[/api/circle],methods=[GET]}, public org.springframework.http.ResponseEntity com.stackroute.activitystream.controller.CircleController.createCircle(com.stackroute.activitystream.model.Circle,javax.servlet.http.HttpSession)={[/api/circle],methods=[POST]}}
2018-01-04 14:29:22 [main] INFO  o.s.w.s.m.m.a.RequestMappingHandlerMapping - Mapped "{[/api/circle/search/{searchString}],methods=[GET]}" onto public org.springframework.http.ResponseEntity<java.util.List<com.stackroute.activitystream.model.Circle>> com.stackroute.activitystream.controller.CircleController.getAllCircles(java.lang.String,javax.servlet.http.HttpSession)
2018-01-04 14:29:22 [main] INFO  o.s.w.s.m.m.a.RequestMappingHandlerMapping - Mapped "{[/api/circle],methods=[GET]}" onto public org.springframework.http.ResponseEntity<java.util.List<com.stackroute.activitystream.model.Circle>> com.stackroute.activitystream.controller.CircleController.getAllCircles(javax.servlet.http.HttpSession)
2018-01-04 14:29:22 [main] INFO  o.s.w.s.m.m.a.RequestMappingHandlerMapping - Mapped "{[/api/circle],methods=[POST]}" onto public org.springframework.http.ResponseEntity<com.stackroute.activitystream.model.Circle> com.stackroute.activitystream.controller.CircleController.createCircle(com.stackroute.activitystream.model.Circle,javax.servlet.http.HttpSession)
2018-01-04 14:29:22 [main] DEBUG o.s.w.s.m.m.a.RequestMappingHandlerMapping - 9 request handler methods found on class com.stackroute.activitystream.controller.MessageController: {public org.springframework.http.ResponseEntity com.stackroute.activitystream.controller.MessageController.subscribeUserToTag(java.lang.String,java.lang.String,javax.servlet.http.HttpSession)={[/api/message/subscribe/{username}/{tag}],methods=[PUT]}, public org.springframework.http.ResponseEntity com.stackroute.activitystream.controller.MessageController.showMessagesWithTag(java.lang.String,int,javax.servlet.http.HttpSession)={[/api/message/showMessagesWithTag/{tag}/{pageNumber}],methods=[GET]}, public org.springframework.http.ResponseEntity com.stackroute.activitystream.controller.MessageController.sendMessageToCircle(java.lang.String,com.stackroute.activitystream.model.Message,javax.servlet.http.HttpSession)={[/api/message/sendMessageToCircle/{circleName}],methods=[POST]}, public org.springframework.http.ResponseEntity com.stackroute.activitystream.controller.MessageController.sendMessageToUser(java.lang.String,com.stackroute.activitystream.model.Message,javax.servlet.http.HttpSession)={[/api/message/sendMessageToUser/{receiverId}],methods=[POST]}, public org.springframework.http.ResponseEntity com.stackroute.activitystream.controller.MessageController.unsubscribeUserToTag(java.lang.String,java.lang.String,javax.servlet.http.HttpSession)={[/api/message/unsubscribe/{username}/{tag}],methods=[PUT]}, public org.springframework.http.ResponseEntity com.stackroute.activitystream.controller.MessageController.getMessagesByUser(java.lang.String,java.lang.String,int,javax.servlet.http.HttpSession)={[/api/message/getMessagesByUser/{senderUsername}/{receiverUserName}/{pageNumber}],methods=[GET]}, public org.springframework.http.ResponseEntity com.stackroute.activitystream.controller.MessageController.getMessagesByCircle(java.lang.String,int,javax.servlet.http.HttpSession)={[/api/message/getMessagesByCircle/{circleName}/{pageNumber}],methods=[GET]}, public org.springframework.http.ResponseEntity com.stackroute.activitystream.controller.MessageController.getMyTags(java.lang.String,javax.servlet.http.HttpSession)={[/api/message/tags/search/user/{username}],methods=[GET]}, public org.springframework.http.ResponseEntity com.stackroute.activitystream.controller.MessageController.listAllTags(javax.servlet.http.HttpSession)={[/api/message/listAllTags],methods=[GET]}}
2018-01-04 14:29:22 [main] INFO  o.s.w.s.m.m.a.RequestMappingHandlerMapping - Mapped "{[/api/message/subscribe/{username}/{tag}],methods=[PUT]}" onto public org.springframework.http.ResponseEntity<com.stackroute.activitystream.model.UserTag> com.stackroute.activitystream.controller.MessageController.subscribeUserToTag(java.lang.String,java.lang.String,javax.servlet.http.HttpSession)
2018-01-04 14:29:22 [main] INFO  o.s.w.s.m.m.a.RequestMappingHandlerMapping - Mapped "{[/api/message/showMessagesWithTag/{tag}/{pageNumber}],methods=[GET]}" onto public org.springframework.http.ResponseEntity<java.util.List<com.stackroute.activitystream.model.Message>> com.stackroute.activitystream.controller.MessageController.showMessagesWithTag(java.lang.String,int,javax.servlet.http.HttpSession)
2018-01-04 14:29:22 [main] INFO  o.s.w.s.m.m.a.RequestMappingHandlerMapping - Mapped "{[/api/message/sendMessageToCircle/{circleName}],methods=[POST]}" onto public org.springframework.http.ResponseEntity<com.stackroute.activitystream.model.Message> com.stackroute.activitystream.controller.MessageController.sendMessageToCircle(java.lang.String,com.stackroute.activitystream.model.Message,javax.servlet.http.HttpSession)
2018-01-04 14:29:22 [main] INFO  o.s.w.s.m.m.a.RequestMappingHandlerMapping - Mapped "{[/api/message/sendMessageToUser/{receiverId}],methods=[POST]}" onto public org.springframework.http.ResponseEntity<com.stackroute.activitystream.model.Message> com.stackroute.activitystream.controller.MessageController.sendMessageToUser(java.lang.String,com.stackroute.activitystream.model.Message,javax.servlet.http.HttpSession)
2018-01-04 14:29:22 [main] INFO  o.s.w.s.m.m.a.RequestMappingHandlerMapping - Mapped "{[/api/message/unsubscribe/{username}/{tag}],methods=[PUT]}" onto public org.springframework.http.ResponseEntity<com.stackroute.activitystream.model.UserTag> com.stackroute.activitystream.controller.MessageController.unsubscribeUserToTag(java.lang.String,java.lang.String,javax.servlet.http.HttpSession)
2018-01-04 14:29:22 [main] INFO  o.s.w.s.m.m.a.RequestMappingHandlerMapping - Mapped "{[/api/message/getMessagesByUser/{senderUsername}/{receiverUserName}/{pageNumber}],methods=[GET]}" onto public org.springframework.http.ResponseEntity<java.util.List<com.stackroute.activitystream.model.Message>> com.stackroute.activitystream.controller.MessageController.getMessagesByUser(java.lang.String,java.lang.String,int,javax.servlet.http.HttpSession)
2018-01-04 14:29:22 [main] INFO  o.s.w.s.m.m.a.RequestMappingHandlerMapping - Mapped "{[/api/message/getMessagesByCircle/{circleName}/{pageNumber}],methods=[GET]}" onto public org.springframework.http.ResponseEntity<java.util.List<com.stackroute.activitystream.model.Message>> com.stackroute.activitystream.controller.MessageController.getMessagesByCircle(java.lang.String,int,javax.servlet.http.HttpSession)
2018-01-04 14:29:22 [main] INFO  o.s.w.s.m.m.a.RequestMappingHandlerMapping - Mapped "{[/api/message/tags/search/user/{username}],methods=[GET]}" onto public org.springframework.http.ResponseEntity<java.util.List<java.lang.String>> com.stackroute.activitystream.controller.MessageController.getMyTags(java.lang.String,javax.servlet.http.HttpSession)
