2018-01-04 14:19:56 [main] DEBUG o.s.b.f.s.DefaultListableBeanFactory - Returning cached instance of singleton bean 'org.springframework.transaction.config.internalTransactionAdvisor'
2018-01-04 14:19:56 [main] DEBUG o.s.b.f.s.DefaultListableBeanFactory - Finished creating instance of bean 'mvcUriComponentsContributor'
2018-01-04 14:19:56 [main] DEBUG o.s.b.f.s.DefaultListableBeanFactory - Creating shared instance of singleton bean 'httpRequestHandlerAdapter'
2018-01-04 14:19:56 [main] DEBUG o.s.b.f.s.DefaultListableBeanFactory - Creating instance of bean 'httpRequestHandlerAdapter'
2018-01-04 14:19:56 [main] DEBUG o.s.b.f.s.DefaultListableBeanFactory - Returning cached instance of singleton bean 'org.springframework.web.servlet.config.annotation.DelegatingWebMvcConfiguration'
2018-01-04 14:19:56 [main] DEBUG o.s.b.f.s.DefaultListableBeanFactory - Eagerly caching bean 'httpRequestHandlerAdapter' to allow for resolving potential circular references
2018-01-04 14:19:56 [main] DEBUG o.s.b.f.s.DefaultListableBeanFactory - Returning cached instance of singleton bean 'org.springframework.transaction.config.internalTransactionAdvisor'
2018-01-04 14:19:56 [main] DEBUG o.s.b.f.s.DefaultListableBeanFactory - Finished creating instance of bean 'httpRequestHandlerAdapter'
2018-01-04 14:19:56 [main] DEBUG o.s.b.f.s.DefaultListableBeanFactory - Creating shared instance of singleton bean 'simpleControllerHandlerAdapter'
2018-01-04 14:19:56 [main] DEBUG o.s.b.f.s.DefaultListableBeanFactory - Creating instance of bean 'simpleControllerHandlerAdapter'
2018-01-04 14:19:56 [main] DEBUG o.s.b.f.s.DefaultListableBeanFactory - Returning cached instance of singleton bean 'org.springframework.web.servlet.config.annotation.DelegatingWebMvcConfiguration'
2018-01-04 14:19:56 [main] DEBUG o.s.b.f.s.DefaultListableBeanFactory - Eagerly caching bean 'simpleControllerHandlerAdapter' to allow for resolving potential circular references
2018-01-04 14:19:56 [main] DEBUG o.s.b.f.s.DefaultListableBeanFactory - Returning cached instance of singleton bean 'org.springframework.transaction.config.internalTransactionAdvisor'
2018-01-04 14:19:56 [main] DEBUG o.s.b.f.s.DefaultListableBeanFactory - Finished creating instance of bean 'simpleControllerHandlerAdapter'
2018-01-04 14:19:56 [main] DEBUG o.s.b.f.s.DefaultListableBeanFactory - Creating shared instance of singleton bean 'handlerExceptionResolver'
2018-01-04 14:19:56 [main] DEBUG o.s.b.f.s.DefaultListableBeanFactory - Creating instance of bean 'handlerExceptionResolver'
2018-01-04 14:19:56 [main] DEBUG o.s.b.f.s.DefaultListableBeanFactory - Returning cached instance of singleton bean 'org.springframework.web.servlet.config.annotation.DelegatingWebMvcConfiguration'
2018-01-04 14:19:56 [main] DEBUG o.s.b.f.s.DefaultListableBeanFactory - Returning cached instance of singleton bean 'mvcContentNegotiationManager'
2018-01-04 14:19:56 [main] DEBUG o.s.w.s.m.m.a.ExceptionHandlerExceptionResolver - Looking for exception mappings: org.springframework.web.context.support.GenericWebApplicationContext@15e1f8fe: startup date [Thu Jan 04 14:19:55 IST 2018]; root of context hierarchy
2018-01-04 14:19:56 [main] DEBUG o.s.b.f.s.DefaultListableBeanFactory - Eagerly caching bean 'handlerExceptionResolver' to allow for resolving potential circular references
2018-01-04 14:19:56 [main] DEBUG o.s.b.f.s.DefaultListableBeanFactory - Returning cached instance of singleton bean 'org.springframework.transaction.config.internalTransactionAdvisor'
2018-01-04 14:19:56 [main] DEBUG o.s.b.f.s.DefaultListableBeanFactory - Finished creating instance of bean 'handlerExceptionResolver'
2018-01-04 14:19:56 [main] DEBUG o.s.b.f.s.DefaultListableBeanFactory - Creating shared instance of singleton bean 'mvcViewResolver'
2018-01-04 14:19:56 [main] DEBUG o.s.b.f.s.DefaultListableBeanFactory - Creating instance of bean 'mvcViewResolver'
2018-01-04 14:19:56 [main] DEBUG o.s.b.f.s.DefaultListableBeanFactory - Returning cached instance of singleton bean 'org.springframework.web.servlet.config.annotation.DelegatingWebMvcConfiguration'
2018-01-04 14:19:56 [main] DEBUG o.s.b.f.s.DefaultListableBeanFactory - Returning cached instance of singleton bean 'mvcContentNegotiationManager'
2018-01-04 14:19:56 [main] DEBUG o.s.b.f.s.DefaultListableBeanFactory - Eagerly caching bean 'mvcViewResolver' to allow for resolving potential circular references
2018-01-04 14:19:56 [main] DEBUG o.s.b.f.s.DefaultListableBeanFactory - Invoking afterPropertiesSet() on bean with name 'mvcViewResolver'
2018-01-04 14:19:56 [main] DEBUG o.s.b.f.s.DefaultListableBeanFactory - Returning cached instance of singleton bean 'org.springframework.transaction.config.internalTransactionAdvisor'
2018-01-04 14:19:56 [main] DEBUG o.s.b.f.s.DefaultListableBeanFactory - Finished creating instance of bean 'mvcViewResolver'
2018-01-04 14:19:56 [main] DEBUG o.s.b.f.s.DefaultListableBeanFactory - Returning cached instance of singleton bean 'org.springframework.orm.jpa.SharedEntityManagerCreator#0'
2018-01-04 14:19:56 [main] DEBUG o.s.b.f.s.DefaultListableBeanFactory - Returning cached instance of singleton bean 'org.springframework.context.event.internalEventListenerFactory'
2018-01-04 14:19:56 [main] DEBUG o.s.b.f.s.DefaultListableBeanFactory - Returning cached instance of singleton bean 'org.springframework.transaction.config.internalTransactionalEventListenerFactory'
2018-01-04 14:19:56 [main] DEBUG o.s.w.c.s.GenericWebApplicationContext - Unable to locate LifecycleProcessor with name 'lifecycleProcessor': using default [org.springframework.context.support.DefaultLifecycleProcessor@3111631d]
2018-01-04 14:19:56 [main] DEBUG o.s.b.f.s.DefaultListableBeanFactory - Returning cached instance of singleton bean 'lifecycleProcessor'
2018-01-04 14:19:56 [main] DEBUG o.s.b.f.s.DefaultListableBeanFactory - Returning cached instance of singleton bean 'mvcResourceUrlProvider'
2018-01-04 14:19:56 [main] DEBUG o.s.w.s.resource.ResourceUrlProvider - Looking for resource handler mappings
2018-01-04 14:19:56 [main] DEBUG o.s.w.s.resource.ResourceUrlProvider - No resource handling mappings found
2018-01-04 14:19:56 [main] DEBUG o.s.c.e.PropertySourcesPropertyResolver - Could not find key 'spring.liveBeansView.mbeanDomain' in any property source
2018-01-04 14:19:56 [main] DEBUG o.s.t.c.c.DefaultCacheAwareContextLoaderDelegate - Storing ApplicationContext in cache under key [[WebMergedContextConfiguration@773c2214 testClass = MessageControllerTest, locations = '{}', classes = '{class com.stackroute.activitystream.config.ApplicationContextConfig}', contextInitializerClasses = '[]', activeProfiles = '{}', propertySourceLocations = '{}', propertySourceProperties = '{}', contextCustomizers = set[[empty]], resourceBasePath = 'src/main/webapp', contextLoader = 'org.springframework.test.context.web.WebDelegatingSmartContextLoader', parent = [null]]]
2018-01-04 14:19:56 [main] DEBUG o.springframework.test.context.cache - Spring test ApplicationContext cache statistics: [DefaultContextCache@1da4b3f9 size = 2, maxSize = 32, parentContextCount = 0, hitCount = 13, missCount = 2]
2018-01-04 14:19:56 [main] DEBUG o.s.t.c.w.ServletTestExecutionListener - Setting up MockHttpServletRequest, MockHttpServletResponse, ServletWebRequest, and RequestContextHolder for test context [DefaultTestContext@2f9a10df testClass = MessageControllerTest, testInstance = com.stackroute.activitystream.commander.MessageControllerTest@4c7d7430, testMethod = [null], testException = [null], mergedContextConfiguration = [WebMergedContextConfiguration@773c2214 testClass = MessageControllerTest, locations = '{}', classes = '{class com.stackroute.activitystream.config.ApplicationContextConfig}', contextInitializerClasses = '[]', activeProfiles = '{}', propertySourceLocations = '{}', propertySourceProperties = '{}', contextCustomizers = set[[empty]], resourceBasePath = 'src/main/webapp', contextLoader = 'org.springframework.test.context.web.WebDelegatingSmartContextLoader', parent = [null]]].
2018-01-04 14:19:56 [main] DEBUG o.s.t.c.s.DependencyInjectionTestExecutionListener - Performing dependency injection for test context [[DefaultTestContext@2f9a10df testClass = MessageControllerTest, testInstance = com.stackroute.activitystream.commander.MessageControllerTest@4c7d7430, testMethod = [null], testException = [null], mergedContextConfiguration = [WebMergedContextConfiguration@773c2214 testClass = MessageControllerTest, locations = '{}', classes = '{class com.stackroute.activitystream.config.ApplicationContextConfig}', contextInitializerClasses = '[]', activeProfiles = '{}', propertySourceLocations = '{}', propertySourceProperties = '{}', contextCustomizers = set[[empty]], resourceBasePath = 'src/main/webapp', contextLoader = 'org.springframework.test.context.web.WebDelegatingSmartContextLoader', parent = [null]]]].
2018-01-04 14:19:56 [main] DEBUG o.s.t.c.c.DefaultCacheAwareContextLoaderDelegate - Retrieved ApplicationContext from cache with key [[WebMergedContextConfiguration@773c2214 testClass = MessageControllerTest, locations = '{}', classes = '{class com.stackroute.activitystream.config.ApplicationContextConfig}', contextInitializerClasses = '[]', activeProfiles = '{}', propertySourceLocations = '{}', propertySourceProperties = '{}', contextCustomizers = set[[empty]], resourceBasePath = 'src/main/webapp', contextLoader = 'org.springframework.test.context.web.WebDelegatingSmartContextLoader', parent = [null]]]
2018-01-04 14:19:56 [main] DEBUG o.springframework.test.context.cache - Spring test ApplicationContext cache statistics: [DefaultContextCache@1da4b3f9 size = 2, maxSize = 32, parentContextCount = 0, hitCount = 14, missCount = 2]
2018-01-04 14:19:56 [main] DEBUG o.s.b.f.s.DefaultListableBeanFactory - Returning cached instance of singleton bean 'org.springframework.transaction.config.internalTransactionAdvisor'
2018-01-04 14:19:56 [main] DEBUG o.s.t.c.s.AbstractDirtiesContextTestExecutionListener - Before test method: context [DefaultTestContext@2f9a10df testClass = MessageControllerTest, testInstance = com.stackroute.activitystream.commander.MessageControllerTest@4c7d7430, testMethod = testUserSubscriptionToCircle@MessageControllerTest, testException = [null], mergedContextConfiguration = [WebMergedContextConfiguration@773c2214 testClass = MessageControllerTest, locations = '{}', classes = '{class com.stackroute.activitystream.config.ApplicationContextConfig}', contextInitializerClasses = '[]', activeProfiles = '{}', propertySourceLocations = '{}', propertySourceProperties = '{}', contextCustomizers = set[[empty]], resourceBasePath = 'src/main/webapp', contextLoader = 'org.springframework.test.context.web.WebDelegatingSmartContextLoader', parent = [null]]], class annotated with @DirtiesContext [false] with mode [null], method annotated with @DirtiesContext [false] with mode [null].
2018-01-04 14:19:56 [main] DEBUG o.s.core.env.StandardEnvironment - Adding [systemProperties] PropertySource with lowest search precedence
