2018-01-04 13:56:23 [main] DEBUG o.s.c.i.s.PathMatchingResourcePatternResolver - Searching directory [E:\ActivityStream\final\step5\step-5-solution\step5-rest-solution\target\test-classes\com\stackroute\activitystream] for files matching pattern [E:/ActivityStream/final/step5/step-5-solution/step5-rest-solution/target/test-classes/com/stackroute/activitystream/**/*UserCircleRepositoryImpl.class]
2018-01-04 13:56:23 [main] DEBUG o.s.c.i.s.PathMatchingResourcePatternResolver - Searching directory [E:\ActivityStream\final\step5\step-5-solution\step5-rest-solution\target\test-classes\com\stackroute\activitystream\commander] for files matching pattern [E:/ActivityStream/final/step5/step-5-solution/step5-rest-solution/target/test-classes/com/stackroute/activitystream/**/*UserCircleRepositoryImpl.class]
2018-01-04 13:56:23 [main] DEBUG o.s.c.i.s.PathMatchingResourcePatternResolver - Searching directory [E:\ActivityStream\final\step5\step-5-solution\step5-rest-solution\target\test-classes\com\stackroute\activitystream\test] for files matching pattern [E:/ActivityStream/final/step5/step-5-solution/step5-rest-solution/target/test-classes/com/stackroute/activitystream/**/*UserCircleRepositoryImpl.class]
2018-01-04 13:56:23 [main] DEBUG o.s.c.i.s.PathMatchingResourcePatternResolver - Looking for matching resources in directory tree [E:\ActivityStream\final\step5\step-5-solution\step5-rest-solution\target\classes\com\stackroute\activitystream]
2018-01-04 13:56:23 [main] DEBUG o.s.c.i.s.PathMatchingResourcePatternResolver - Searching directory [E:\ActivityStream\final\step5\step-5-solution\step5-rest-solution\target\classes\com\stackroute\activitystream] for files matching pattern [E:/ActivityStream/final/step5/step-5-solution/step5-rest-solution/target/classes/com/stackroute/activitystream/**/*UserCircleRepositoryImpl.class]
2018-01-04 13:56:23 [main] DEBUG o.s.c.i.s.PathMatchingResourcePatternResolver - Searching directory [E:\ActivityStream\final\step5\step-5-solution\step5-rest-solution\target\classes\com\stackroute\activitystream\config] for files matching pattern [E:/ActivityStream/final/step5/step-5-solution/step5-rest-solution/target/classes/com/stackroute/activitystream/**/*UserCircleRepositoryImpl.class]
2018-01-04 13:56:23 [main] DEBUG o.s.c.i.s.PathMatchingResourcePatternResolver - Searching directory [E:\ActivityStream\final\step5\step-5-solution\step5-rest-solution\target\classes\com\stackroute\activitystream\controller] for files matching pattern [E:/ActivityStream/final/step5/step-5-solution/step5-rest-solution/target/classes/com/stackroute/activitystream/**/*UserCircleRepositoryImpl.class]
2018-01-04 13:56:23 [main] DEBUG o.s.c.i.s.PathMatchingResourcePatternResolver - Looking for matching resources in jar file [file:/C:/Users/Farook/.m2/repository/com/stackroute/activitystream/ActivityStream-step5-backend/0.0.1-SNAPSHOT/ActivityStream-step5-backend-0.0.1-SNAPSHOT.jar]
2018-01-04 13:56:23 [main] DEBUG o.s.c.i.s.PathMatchingResourcePatternResolver - Resolved location pattern [classpath*:com/stackroute/activitystream/**/*UserCircleRepositoryImpl.class] to resources []
2018-01-04 13:56:23 [main] DEBUG o.s.d.r.c.RepositoryConfigurationDelegate - Spring Data JPA - Registering repository: userCircleRepository - Interface: com.stackroute.activitystream.repository.UserCircleRepository - Factory: org.springframework.data.jpa.repository.support.JpaRepositoryFactoryBean
2018-01-04 13:56:23 [main] DEBUG o.s.core.env.StandardEnvironment - Adding [systemProperties] PropertySource with lowest search precedence
2018-01-04 13:56:23 [main] DEBUG o.s.core.env.StandardEnvironment - Adding [systemEnvironment] PropertySource with lowest search precedence
2018-01-04 13:56:23 [main] DEBUG o.s.core.env.StandardEnvironment - Initialized StandardEnvironment with PropertySources [systemProperties,systemEnvironment]
2018-01-04 13:56:23 [main] DEBUG o.s.c.i.s.PathMatchingResourcePatternResolver - Resolved classpath location [com/stackroute/activitystream/] to resources [URL [file:/E:/ActivityStream/final/step5/step-5-solution/step5-rest-solution/target/test-classes/com/stackroute/activitystream/], URL [file:/E:/ActivityStream/final/step5/step-5-solution/step5-rest-solution/target/classes/com/stackroute/activitystream/], URL [jar:file:/C:/Users/Farook/.m2/repository/com/stackroute/activitystream/ActivityStream-step5-backend/0.0.1-SNAPSHOT/ActivityStream-step5-backend-0.0.1-SNAPSHOT.jar!/com/stackroute/activitystream/]]
2018-01-04 13:56:23 [main] DEBUG o.s.c.i.s.PathMatchingResourcePatternResolver - Looking for matching resources in directory tree [E:\ActivityStream\final\step5\step-5-solution\step5-rest-solution\target\test-classes\com\stackroute\activitystream]
2018-01-04 13:56:23 [main] DEBUG o.s.c.i.s.PathMatchingResourcePatternResolver - Searching directory [E:\ActivityStream\final\step5\step-5-solution\step5-rest-solution\target\test-classes\com\stackroute\activitystream] for files matching pattern [E:/ActivityStream/final/step5/step-5-solution/step5-rest-solution/target/test-classes/com/stackroute/activitystream/**/*MessageRepositoryImpl.class]
2018-01-04 13:56:23 [main] DEBUG o.s.c.i.s.PathMatchingResourcePatternResolver - Searching directory [E:\ActivityStream\final\step5\step-5-solution\step5-rest-solution\target\test-classes\com\stackroute\activitystream\commander] for files matching pattern [E:/ActivityStream/final/step5/step-5-solution/step5-rest-solution/target/test-classes/com/stackroute/activitystream/**/*MessageRepositoryImpl.class]
2018-01-04 13:56:23 [main] DEBUG o.s.c.i.s.PathMatchingResourcePatternResolver - Searching directory [E:\ActivityStream\final\step5\step-5-solution\step5-rest-solution\target\test-classes\com\stackroute\activitystream\test] for files matching pattern [E:/ActivityStream/final/step5/step-5-solution/step5-rest-solution/target/test-classes/com/stackroute/activitystream/**/*MessageRepositoryImpl.class]
2018-01-04 13:56:23 [main] DEBUG o.s.c.i.s.PathMatchingResourcePatternResolver - Looking for matching resources in directory tree [E:\ActivityStream\final\step5\step-5-solution\step5-rest-solution\target\classes\com\stackroute\activitystream]
2018-01-04 13:56:23 [main] DEBUG o.s.c.i.s.PathMatchingResourcePatternResolver - Searching directory [E:\ActivityStream\final\step5\step-5-solution\step5-rest-solution\target\classes\com\stackroute\activitystream] for files matching pattern [E:/ActivityStream/final/step5/step-5-solution/step5-rest-solution/target/classes/com/stackroute/activitystream/**/*MessageRepositoryImpl.class]
2018-01-04 13:56:23 [main] DEBUG o.s.c.i.s.PathMatchingResourcePatternResolver - Searching directory [E:\ActivityStream\final\step5\step-5-solution\step5-rest-solution\target\classes\com\stackroute\activitystream\config] for files matching pattern [E:/ActivityStream/final/step5/step-5-solution/step5-rest-solution/target/classes/com/stackroute/activitystream/**/*MessageRepositoryImpl.class]
2018-01-04 13:56:23 [main] DEBUG o.s.c.i.s.PathMatchingResourcePatternResolver - Searching directory [E:\ActivityStream\final\step5\step-5-solution\step5-rest-solution\target\classes\com\stackroute\activitystream\controller] for files matching pattern [E:/ActivityStream/final/step5/step-5-solution/step5-rest-solution/target/classes/com/stackroute/activitystream/**/*MessageRepositoryImpl.class]
2018-01-04 13:56:23 [main] DEBUG o.s.c.i.s.PathMatchingResourcePatternResolver - Looking for matching resources in jar file [file:/C:/Users/Farook/.m2/repository/com/stackroute/activitystream/ActivityStream-step5-backend/0.0.1-SNAPSHOT/ActivityStream-step5-backend-0.0.1-SNAPSHOT.jar]
2018-01-04 13:56:23 [main] DEBUG o.s.c.i.s.PathMatchingResourcePatternResolver - Resolved location pattern [classpath*:com/stackroute/activitystream/**/*MessageRepositoryImpl.class] to resources []
2018-01-04 13:56:23 [main] DEBUG o.s.d.r.c.RepositoryConfigurationDelegate - Spring Data JPA - Registering repository: messageRepository - Interface: com.stackroute.activitystream.repository.MessageRepository - Factory: org.springframework.data.jpa.repository.support.JpaRepositoryFactoryBean
2018-01-04 13:56:23 [main] DEBUG o.s.c.a.ConfigurationClassBeanDefinitionReader - Registered bean definition for imported class 'org.springframework.web.servlet.config.annotation.DelegatingWebMvcConfiguration'
2018-01-04 13:56:23 [main] DEBUG o.s.c.a.ConfigurationClassBeanDefinitionReader - Registering bean definition for @Bean method org.springframework.web.servlet.config.annotation.DelegatingWebMvcConfiguration.requestMappingHandlerMapping()
2018-01-04 13:56:23 [main] DEBUG o.s.c.a.ConfigurationClassBeanDefinitionReader - Registering bean definition for @Bean method org.springframework.web.servlet.config.annotation.DelegatingWebMvcConfiguration.mvcPathMatcher()
2018-01-04 13:56:23 [main] DEBUG o.s.c.a.ConfigurationClassBeanDefinitionReader - Registering bean definition for @Bean method org.springframework.web.servlet.config.annotation.DelegatingWebMvcConfiguration.mvcUrlPathHelper()
2018-01-04 13:56:23 [main] DEBUG o.s.c.a.ConfigurationClassBeanDefinitionReader - Registering bean definition for @Bean method org.springframework.web.servlet.config.annotation.DelegatingWebMvcConfiguration.mvcContentNegotiationManager()
2018-01-04 13:56:23 [main] DEBUG o.s.c.a.ConfigurationClassBeanDefinitionReader - Registering bean definition for @Bean method org.springframework.web.servlet.config.annotation.DelegatingWebMvcConfiguration.viewControllerHandlerMapping()
2018-01-04 13:56:23 [main] DEBUG o.s.c.a.ConfigurationClassBeanDefinitionReader - Registering bean definition for @Bean method org.springframework.web.servlet.config.annotation.DelegatingWebMvcConfiguration.beanNameHandlerMapping()
2018-01-04 13:56:23 [main] DEBUG o.s.c.a.ConfigurationClassBeanDefinitionReader - Registering bean definition for @Bean method org.springframework.web.servlet.config.annotation.DelegatingWebMvcConfiguration.resourceHandlerMapping()
2018-01-04 13:56:23 [main] DEBUG o.s.c.a.ConfigurationClassBeanDefinitionReader - Registering bean definition for @Bean method org.springframework.web.servlet.config.annotation.DelegatingWebMvcConfiguration.mvcResourceUrlProvider()
2018-01-04 13:56:23 [main] DEBUG o.s.c.a.ConfigurationClassBeanDefinitionReader - Registering bean definition for @Bean method org.springframework.web.servlet.config.annotation.DelegatingWebMvcConfiguration.defaultServletHandlerMapping()
2018-01-04 13:56:23 [main] DEBUG o.s.c.a.ConfigurationClassBeanDefinitionReader - Registering bean definition for @Bean method org.springframework.web.servlet.config.annotation.DelegatingWebMvcConfiguration.requestMappingHandlerAdapter()
2018-01-04 13:56:23 [main] DEBUG o.s.c.a.ConfigurationClassBeanDefinitionReader - Registering bean definition for @Bean method org.springframework.web.servlet.config.annotation.DelegatingWebMvcConfiguration.mvcConversionService()
2018-01-04 13:56:23 [main] DEBUG o.s.c.a.ConfigurationClassBeanDefinitionReader - Registering bean definition for @Bean method org.springframework.web.servlet.config.annotation.DelegatingWebMvcConfiguration.mvcValidator()
2018-01-04 13:56:23 [main] DEBUG o.s.c.a.ConfigurationClassBeanDefinitionReader - Registering bean definition for @Bean method org.springframework.web.servlet.config.annotation.DelegatingWebMvcConfiguration.mvcUriComponentsContributor()
2018-01-04 13:56:23 [main] DEBUG o.s.c.a.ConfigurationClassBeanDefinitionReader - Registering bean definition for @Bean method org.springframework.web.servlet.config.annotation.DelegatingWebMvcConfiguration.httpRequestHandlerAdapter()
2018-01-04 13:56:23 [main] DEBUG o.s.c.a.ConfigurationClassBeanDefinitionReader - Registering bean definition for @Bean method org.springframework.web.servlet.config.annotation.DelegatingWebMvcConfiguration.simpleControllerHandlerAdapter()
2018-01-04 13:56:23 [main] DEBUG o.s.c.a.ConfigurationClassBeanDefinitionReader - Registering bean definition for @Bean method org.springframework.web.servlet.config.annotation.DelegatingWebMvcConfiguration.handlerExceptionResolver()
2018-01-04 13:56:23 [main] DEBUG o.s.c.a.ConfigurationClassBeanDefinitionReader - Registering bean definition for @Bean method org.springframework.web.servlet.config.annotation.DelegatingWebMvcConfiguration.mvcViewResolver()
2018-01-04 13:56:23 [main] DEBUG o.s.c.a.ConfigurationClassEnhancer - Successfully enhanced com.stackroute.activitystream.config.ApplicationContextConfig; enhanced class name is: com.stackroute.activitystream.config.ApplicationContextConfig$$EnhancerBySpringCGLIB$$1f55ea02
2018-01-04 13:56:23 [main] DEBUG o.s.c.a.ConfigurationClassPostProcessor - Replacing bean definition 'applicationContextConfig' existing class 'com.stackroute.activitystream.config.ApplicationContextConfig' with enhanced class 'com.stackroute.activitystream.config.ApplicationContextConfig$$EnhancerBySpringCGLIB$$1f55ea02'
2018-01-04 13:56:23 [main] DEBUG o.s.c.a.ConfigurationClassEnhancer - Successfully enhanced com.stackroute.activitystream.config.PersistenceJPAConfig; enhanced class name is: com.stackroute.activitystream.config.PersistenceJPAConfig$$EnhancerBySpringCGLIB$$a250fbdf
2018-01-04 13:56:23 [main] DEBUG o.s.c.a.ConfigurationClassPostProcessor - Replacing bean definition 'persistenceJPAConfig' existing class 'com.stackroute.activitystream.config.PersistenceJPAConfig' with enhanced class 'com.stackroute.activitystream.config.PersistenceJPAConfig$$EnhancerBySpringCGLIB$$a250fbdf'
2018-01-04 13:56:23 [main] DEBUG o.s.c.a.ConfigurationClassEnhancer - Successfully enhanced org.springframework.transaction.annotation.ProxyTransactionManagementConfiguration; enhanced class name is: org.springframework.transaction.annotation.ProxyTransactionManagementConfiguration$$EnhancerBySpringCGLIB$$b8a6ef2f
