2018-01-04 14:20:02 [Thread-1] DEBUG o.s.b.f.s.DefaultListableBeanFactory - Retrieved dependent beans for bean '(inner bean)#3fba233d': [userTagRepository]
2018-01-04 14:20:02 [Thread-2] DEBUG o.s.b.f.s.DefaultListableBeanFactory - Retrieved dependent beans for bean 'circleServiceImpl': [circleController, userCircleController]
2018-01-04 14:20:02 [Thread-1] DEBUG o.s.b.f.s.DefaultListableBeanFactory - Retrieved dependent beans for bean '(inner bean)#427ae189': [(inner bean)#3fba233d]
2018-01-04 14:20:02 [Thread-2] DEBUG o.s.b.f.s.DefaultListableBeanFactory - Retrieved dependent beans for bean 'messageServiceImpl': [messageController]
2018-01-04 14:20:02 [Thread-1] DEBUG o.s.b.f.s.DefaultListableBeanFactory - Retrieved dependent beans for bean '(inner bean)#1dbd580': [userCircleRepository]
2018-01-04 14:20:02 [Thread-2] DEBUG o.s.b.f.s.DefaultListableBeanFactory - Retrieved dependent beans for bean '(inner bean)#5b066c33': [circleRepository]
2018-01-04 14:20:02 [Thread-1] DEBUG o.s.b.f.s.DefaultListableBeanFactory - Retrieved dependent beans for bean '(inner bean)#6c101cc1': [(inner bean)#1dbd580]
2018-01-04 14:20:02 [Thread-2] DEBUG o.s.b.f.s.DefaultListableBeanFactory - Retrieved dependent beans for bean '(inner bean)#62ea8931': [(inner bean)#5b066c33]
2018-01-04 14:20:02 [Thread-1] DEBUG o.s.b.f.s.DefaultListableBeanFactory - Retrieved dependent beans for bean '(inner bean)#7d904ff1': [messageRepository]
2018-01-04 14:20:02 [Thread-1] DEBUG o.s.b.f.s.DefaultListableBeanFactory - Retrieved dependent beans for bean '(inner bean)#4f94e148': [(inner bean)#7d904ff1]
2018-01-04 14:20:02 [Thread-1] DEBUG o.s.b.f.s.DisposableBeanAdapter - Invoking destroy() on bean with name 'jpaMappingContext'
2018-01-04 14:20:02 [Thread-1] DEBUG o.s.b.f.s.DefaultListableBeanFactory - Retrieved dependent beans for bean 'entityManagerFactory': [transactionManager, org.springframework.orm.jpa.SharedEntityManagerCreator#0]
2018-01-04 14:20:02 [Thread-1] DEBUG o.s.b.f.s.DefaultListableBeanFactory - Retrieved dependent beans for bean 'org.springframework.orm.jpa.SharedEntityManagerCreator#0': [jpaContext]
2018-01-04 14:20:02 [Thread-1] DEBUG o.s.b.f.s.DisposableBeanAdapter - Invoking destroy() on bean with name 'entityManagerFactory'
2018-01-04 14:20:02 [Thread-1] INFO  o.s.o.j.LocalContainerEntityManagerFactoryBean - Closing JPA EntityManagerFactory for persistence unit 'default'
2018-01-04 14:20:02 [Thread-2] DEBUG o.s.b.f.s.DefaultListableBeanFactory - Retrieved dependent beans for bean 'userRepository': [userServiceImpl]
2018-01-04 14:20:02 [Thread-2] DEBUG o.s.b.f.s.DefaultListableBeanFactory - Retrieved dependent beans for bean 'userServiceImpl': [userAuthController, userController]
2018-01-04 14:20:02 [Thread-2] DEBUG o.s.b.f.s.DefaultListableBeanFactory - Retrieved dependent beans for bean '(inner bean)#632cf7d3': [userRepository]
2018-01-04 14:20:02 [Thread-2] DEBUG o.s.b.f.s.DefaultListableBeanFactory - Retrieved dependent beans for bean '(inner bean)#51b87df7': [(inner bean)#632cf7d3]
2018-01-04 14:20:02 [Thread-2] DEBUG o.s.b.f.s.DefaultListableBeanFactory - Retrieved dependent beans for bean '(inner bean)#4b93dd6a': [userTagRepository]
2018-01-04 14:20:02 [Thread-2] DEBUG o.s.b.f.s.DefaultListableBeanFactory - Retrieved dependent beans for bean '(inner bean)#582a3b19': [(inner bean)#4b93dd6a]
2018-01-04 14:20:02 [Thread-2] DEBUG o.s.b.f.s.DefaultListableBeanFactory - Retrieved dependent beans for bean '(inner bean)#787d1f9c': [userCircleRepository]
2018-01-04 14:20:02 [Thread-2] DEBUG o.s.b.f.s.DefaultListableBeanFactory - Retrieved dependent beans for bean '(inner bean)#2becfd4c': [(inner bean)#787d1f9c]
2018-01-04 14:20:02 [Thread-2] DEBUG o.s.b.f.s.DefaultListableBeanFactory - Retrieved dependent beans for bean '(inner bean)#3d1c933': [messageRepository]
2018-01-04 14:20:02 [Thread-2] DEBUG o.s.b.f.s.DefaultListableBeanFactory - Retrieved dependent beans for bean '(inner bean)#79be91eb': [(inner bean)#3d1c933]
2018-01-04 14:20:02 [Thread-2] DEBUG o.s.b.f.s.DisposableBeanAdapter - Invoking destroy() on bean with name 'jpaMappingContext'
2018-01-04 14:20:02 [Thread-2] DEBUG o.s.b.f.s.DefaultListableBeanFactory - Retrieved dependent beans for bean 'entityManagerFactory': [transactionManager, org.springframework.orm.jpa.SharedEntityManagerCreator#0]
2018-01-04 14:20:02 [Thread-2] DEBUG o.s.b.f.s.DefaultListableBeanFactory - Retrieved dependent beans for bean 'org.springframework.orm.jpa.SharedEntityManagerCreator#0': [jpaContext]
2018-01-04 14:20:02 [Thread-2] DEBUG o.s.b.f.s.DisposableBeanAdapter - Invoking destroy() on bean with name 'entityManagerFactory'
2018-01-04 14:20:02 [Thread-2] INFO  o.s.o.j.LocalContainerEntityManagerFactoryBean - Closing JPA EntityManagerFactory for persistence unit 'default'
2018-01-04 14:29:17 [main] DEBUG o.s.t.c.j.SpringJUnit4ClassRunner - SpringJUnit4ClassRunner constructor called with [class com.stackroute.activitystream.test.UserAuthControllerTest]
2018-01-04 14:29:17 [main] DEBUG o.s.test.context.BootstrapUtils - Instantiating CacheAwareContextLoaderDelegate from class [org.springframework.test.context.cache.DefaultCacheAwareContextLoaderDelegate]
2018-01-04 14:29:17 [main] DEBUG o.s.test.context.BootstrapUtils - Instantiating BootstrapContext using constructor [public org.springframework.test.context.support.DefaultBootstrapContext(java.lang.Class,org.springframework.test.context.CacheAwareContextLoaderDelegate)]
2018-01-04 14:29:17 [main] DEBUG o.s.test.context.BootstrapUtils - Instantiating TestContextBootstrapper for test class [com.stackroute.activitystream.test.UserAuthControllerTest] from class [org.springframework.test.context.web.WebTestContextBootstrapper]
2018-01-04 14:29:17 [main] DEBUG o.s.t.c.s.AbstractDelegatingSmartContextLoader - Delegating to AnnotationConfigWebContextLoader to process context configuration [ContextConfigurationAttributes@a74868d declaringClass = 'com.stackroute.activitystream.test.UserAuthControllerTest', classes = '{class com.stackroute.activitystream.config.ApplicationContextConfig, class com.stackroute.activitystream.config.PersistenceJPAConfig}', locations = '{}', inheritLocations = true, initializers = '{}', inheritInitializers = true, name = [null], contextLoaderClass = 'org.springframework.test.context.ContextLoader'].
2018-01-04 14:29:17 [main] DEBUG o.s.t.c.support.ActiveProfilesUtils - Could not find an 'annotation declaring class' for annotation type [org.springframework.test.context.ActiveProfiles] and class [com.stackroute.activitystream.test.UserAuthControllerTest]
2018-01-04 14:29:17 [main] DEBUG o.s.t.c.w.WebTestContextBootstrapper - @TestExecutionListeners is not present for class [com.stackroute.activitystream.test.UserAuthControllerTest]: using defaults.
2018-01-04 14:29:17 [main] INFO  o.s.t.c.w.WebTestContextBootstrapper - Loaded default TestExecutionListener class names from location [META-INF/spring.factories]: [org.springframework.test.context.web.ServletTestExecutionListener, org.springframework.test.context.support.DirtiesContextBeforeModesTestExecutionListener, org.springframework.test.context.support.DependencyInjectionTestExecutionListener, org.springframework.test.context.support.DirtiesContextTestExecutionListener, org.springframework.test.context.transaction.TransactionalTestExecutionListener, org.springframework.test.context.jdbc.SqlScriptsTestExecutionListener]
2018-01-04 14:29:17 [main] INFO  o.s.t.c.w.WebTestContextBootstrapper - Using TestExecutionListeners: [org.springframework.test.context.web.ServletTestExecutionListener@76a4d6c, org.springframework.test.context.support.DirtiesContextBeforeModesTestExecutionListener@517cd4b, org.springframework.test.context.support.DependencyInjectionTestExecutionListener@6cc7b4de, org.springframework.test.context.support.DirtiesContextTestExecutionListener@32cf48b7, org.springframework.test.context.transaction.TransactionalTestExecutionListener@679b62af, org.springframework.test.context.jdbc.SqlScriptsTestExecutionListener@5cdd8682]
2018-01-04 14:29:17 [main] DEBUG o.s.t.annotation.ProfileValueUtils - Retrieved @ProfileValueSourceConfiguration [null] for test class [com.stackroute.activitystream.test.UserAuthControllerTest]
2018-01-04 14:29:17 [main] DEBUG o.s.t.annotation.ProfileValueUtils - Retrieved ProfileValueSource type [class org.springframework.test.annotation.SystemProfileValueSource] for class [com.stackroute.activitystream.test.UserAuthControllerTest]
2018-01-04 14:29:17 [main] DEBUG o.s.t.c.j.SpringJUnit4ClassRunner - SpringJUnit4ClassRunner constructor called with [class com.stackroute.activitystream.commander.CircleControllerTest]
2018-01-04 14:29:17 [main] DEBUG o.s.test.context.BootstrapUtils - Instantiating CacheAwareContextLoaderDelegate from class [org.springframework.test.context.cache.DefaultCacheAwareContextLoaderDelegate]
2018-01-04 14:29:17 [main] DEBUG o.s.test.context.BootstrapUtils - Instantiating BootstrapContext using constructor [public org.springframework.test.context.support.DefaultBootstrapContext(java.lang.Class,org.springframework.test.context.CacheAwareContextLoaderDelegate)]
2018-01-04 14:29:17 [main] DEBUG o.s.test.context.BootstrapUtils - Instantiating TestContextBootstrapper for test class [com.stackroute.activitystream.commander.CircleControllerTest] from class [org.springframework.test.context.web.WebTestContextBootstrapper]
2018-01-04 14:29:17 [main] DEBUG o.s.t.c.s.AbstractDelegatingSmartContextLoader - Delegating to AnnotationConfigWebContextLoader to process context configuration [ContextConfigurationAttributes@76329302 declaringClass = 'com.stackroute.activitystream.commander.CircleControllerTest', classes = '{class com.stackroute.activitystream.config.ApplicationContextConfig, class com.stackroute.activitystream.config.PersistenceJPAConfig}', locations = '{}', inheritLocations = true, initializers = '{}', inheritInitializers = true, name = [null], contextLoaderClass = 'org.springframework.test.context.ContextLoader'].
2018-01-04 14:29:17 [main] DEBUG o.s.t.c.support.ActiveProfilesUtils - Could not find an 'annotation declaring class' for annotation type [org.springframework.test.context.ActiveProfiles] and class [com.stackroute.activitystream.commander.CircleControllerTest]
2018-01-04 14:29:17 [main] DEBUG o.s.t.c.w.WebTestContextBootstrapper - @TestExecutionListeners is not present for class [com.stackroute.activitystream.commander.CircleControllerTest]: using defaults.
2018-01-04 14:29:17 [main] INFO  o.s.t.c.w.WebTestContextBootstrapper - Loaded default TestExecutionListener class names from location [META-INF/spring.factories]: [org.springframework.test.context.web.ServletTestExecutionListener, org.springframework.test.context.support.DirtiesContextBeforeModesTestExecutionListener, org.springframework.test.context.support.DependencyInjectionTestExecutionListener, org.springframework.test.context.support.DirtiesContextTestExecutionListener, org.springframework.test.context.transaction.TransactionalTestExecutionListener, org.springframework.test.context.jdbc.SqlScriptsTestExecutionListener]
2018-01-04 14:29:17 [main] INFO  o.s.t.c.w.WebTestContextBootstrapper - Using TestExecutionListeners: [org.springframework.test.context.web.ServletTestExecutionListener@4ba2ca36, org.springframework.test.context.support.DirtiesContextBeforeModesTestExecutionListener@3444d69d, org.springframework.test.context.support.DependencyInjectionTestExecutionListener@1372ed45, org.springframework.test.context.support.DirtiesContextTestExecutionListener@6a79c292, org.springframework.test.context.transaction.TransactionalTestExecutionListener@37574691, org.springframework.test.context.jdbc.SqlScriptsTestExecutionListener@25359ed8]
2018-01-04 14:29:17 [main] DEBUG o.s.t.annotation.ProfileValueUtils - Retrieved @ProfileValueSourceConfiguration [null] for test class [com.stackroute.activitystream.commander.CircleControllerTest]
2018-01-04 14:29:17 [main] DEBUG o.s.t.annotation.ProfileValueUtils - Retrieved ProfileValueSource type [class org.springframework.test.annotation.SystemProfileValueSource] for class [com.stackroute.activitystream.commander.CircleControllerTest]
2018-01-04 14:29:17 [main] DEBUG o.s.t.c.j.SpringJUnit4ClassRunner - SpringJUnit4ClassRunner constructor called with [class com.stackroute.activitystream.test.MessageControllerTest]
2018-01-04 14:29:17 [main] DEBUG o.s.test.context.BootstrapUtils - Instantiating CacheAwareContextLoaderDelegate from class [org.springframework.test.context.cache.DefaultCacheAwareContextLoaderDelegate]
2018-01-04 14:29:17 [main] DEBUG o.s.test.context.BootstrapUtils - Instantiating BootstrapContext using constructor [public org.springframework.test.context.support.DefaultBootstrapContext(java.lang.Class,org.springframework.test.context.CacheAwareContextLoaderDelegate)]
2018-01-04 14:29:17 [main] DEBUG o.s.test.context.BootstrapUtils - Instantiating TestContextBootstrapper for test class [com.stackroute.activitystream.test.MessageControllerTest] from class [org.springframework.test.context.web.WebTestContextBootstrapper]
2018-01-04 14:29:17 [main] DEBUG o.s.t.c.s.AbstractDelegatingSmartContextLoader - Delegating to AnnotationConfigWebContextLoader to process context configuration [ContextConfigurationAttributes@16267862 declaringClass = 'com.stackroute.activitystream.test.MessageControllerTest', classes = '{class com.stackroute.activitystream.config.ApplicationContextConfig}', locations = '{}', inheritLocations = true, initializers = '{}', inheritInitializers = true, name = [null], contextLoaderClass = 'org.springframework.test.context.ContextLoader'].
2018-01-04 14:29:17 [main] DEBUG o.s.t.c.support.ActiveProfilesUtils - Could not find an 'annotation declaring class' for annotation type [org.springframework.test.context.ActiveProfiles] and class [com.stackroute.activitystream.test.MessageControllerTest]
2018-01-04 14:29:17 [main] DEBUG o.s.t.c.w.WebTestContextBootstrapper - @TestExecutionListeners is not present for class [com.stackroute.activitystream.test.MessageControllerTest]: using defaults.
2018-01-04 14:29:17 [main] INFO  o.s.t.c.w.WebTestContextBootstrapper - Loaded default TestExecutionListener class names from location [META-INF/spring.factories]: [org.springframework.test.context.web.ServletTestExecutionListener, org.springframework.test.context.support.DirtiesContextBeforeModesTestExecutionListener, org.springframework.test.context.support.DependencyInjectionTestExecutionListener, org.springframework.test.context.support.DirtiesContextTestExecutionListener, org.springframework.test.context.transaction.TransactionalTestExecutionListener, org.springframework.test.context.jdbc.SqlScriptsTestExecutionListener]
