2018-01-04 14:12:34 [main] DEBUG o.s.b.f.s.DefaultListableBeanFactory - Creating instance of bean 'mvcPathMatcher'
2018-01-04 14:12:34 [main] DEBUG o.s.b.f.s.DefaultListableBeanFactory - Returning cached instance of singleton bean 'org.springframework.web.servlet.config.annotation.DelegatingWebMvcConfiguration'
2018-01-04 14:12:34 [main] DEBUG o.s.b.f.s.DefaultListableBeanFactory - Eagerly caching bean 'mvcPathMatcher' to allow for resolving potential circular references
2018-01-04 14:12:34 [main] DEBUG o.s.b.f.s.DefaultListableBeanFactory - Returning cached instance of singleton bean 'org.springframework.transaction.config.internalTransactionAdvisor'
2018-01-04 14:12:34 [main] DEBUG o.s.b.f.s.DefaultListableBeanFactory - Finished creating instance of bean 'mvcPathMatcher'
2018-01-04 14:12:34 [main] DEBUG o.s.b.f.s.DefaultListableBeanFactory - Creating shared instance of singleton bean 'mvcUrlPathHelper'
2018-01-04 14:12:34 [main] DEBUG o.s.b.f.s.DefaultListableBeanFactory - Creating instance of bean 'mvcUrlPathHelper'
2018-01-04 14:12:34 [main] DEBUG o.s.b.f.s.DefaultListableBeanFactory - Returning cached instance of singleton bean 'org.springframework.web.servlet.config.annotation.DelegatingWebMvcConfiguration'
2018-01-04 14:12:34 [main] DEBUG o.s.b.f.s.DefaultListableBeanFactory - Eagerly caching bean 'mvcUrlPathHelper' to allow for resolving potential circular references
2018-01-04 14:12:34 [main] DEBUG o.s.b.f.s.DefaultListableBeanFactory - Returning cached instance of singleton bean 'org.springframework.transaction.config.internalTransactionAdvisor'
2018-01-04 14:12:34 [main] DEBUG o.s.b.f.s.DefaultListableBeanFactory - Finished creating instance of bean 'mvcUrlPathHelper'
2018-01-04 14:12:34 [main] DEBUG o.s.b.f.s.DefaultListableBeanFactory - Returning cached instance of singleton bean 'mvcContentNegotiationManager'
2018-01-04 14:12:34 [main] DEBUG o.s.b.f.s.DefaultListableBeanFactory - Creating shared instance of singleton bean 'viewControllerHandlerMapping'
2018-01-04 14:12:34 [main] DEBUG o.s.b.f.s.DefaultListableBeanFactory - Creating instance of bean 'viewControllerHandlerMapping'
2018-01-04 14:12:34 [main] DEBUG o.s.b.f.s.DefaultListableBeanFactory - Returning cached instance of singleton bean 'org.springframework.web.servlet.config.annotation.DelegatingWebMvcConfiguration'
2018-01-04 14:12:34 [main] DEBUG o.s.b.f.s.DefaultListableBeanFactory - Returning cached instance of singleton bean 'mvcPathMatcher'
2018-01-04 14:12:34 [main] DEBUG o.s.b.f.s.DefaultListableBeanFactory - Returning cached instance of singleton bean 'mvcUrlPathHelper'
2018-01-04 14:12:34 [main] DEBUG o.s.b.f.s.DefaultListableBeanFactory - Eagerly caching bean 'viewControllerHandlerMapping' to allow for resolving potential circular references
2018-01-04 14:12:34 [main] DEBUG o.s.b.f.s.DefaultListableBeanFactory - Returning cached instance of singleton bean 'org.springframework.transaction.config.internalTransactionAdvisor'
2018-01-04 14:12:34 [main] DEBUG o.s.b.f.s.DefaultListableBeanFactory - Finished creating instance of bean 'viewControllerHandlerMapping'
2018-01-04 14:12:34 [main] DEBUG o.s.b.f.s.DefaultListableBeanFactory - Creating shared instance of singleton bean 'beanNameHandlerMapping'
2018-01-04 14:12:34 [main] DEBUG o.s.b.f.s.DefaultListableBeanFactory - Creating instance of bean 'beanNameHandlerMapping'
2018-01-04 14:12:34 [main] DEBUG o.s.b.f.s.DefaultListableBeanFactory - Returning cached instance of singleton bean 'org.springframework.web.servlet.config.annotation.DelegatingWebMvcConfiguration'
2018-01-04 14:12:34 [main] DEBUG o.s.b.f.s.DefaultListableBeanFactory - Eagerly caching bean 'beanNameHandlerMapping' to allow for resolving potential circular references
2018-01-04 14:12:34 [main] DEBUG o.s.w.s.h.BeanNameUrlHandlerMapping - Looking for URL mappings in application context: org.springframework.web.context.support.GenericWebApplicationContext@3d299e3: startup date [Thu Jan 04 14:12:31 IST 2018]; root of context hierarchy
2018-01-04 14:12:34 [main] DEBUG o.s.w.s.h.BeanNameUrlHandlerMapping - Rejected bean name 'org.springframework.context.annotation.internalConfigurationAnnotationProcessor': no URL paths identified
2018-01-04 14:12:34 [main] DEBUG o.s.w.s.h.BeanNameUrlHandlerMapping - Rejected bean name 'org.springframework.context.annotation.internalAutowiredAnnotationProcessor': no URL paths identified
2018-01-04 14:12:34 [main] DEBUG o.s.w.s.h.BeanNameUrlHandlerMapping - Rejected bean name 'org.springframework.context.annotation.internalRequiredAnnotationProcessor': no URL paths identified
2018-01-04 14:12:34 [main] DEBUG o.s.w.s.h.BeanNameUrlHandlerMapping - Rejected bean name 'org.springframework.context.annotation.internalCommonAnnotationProcessor': no URL paths identified
2018-01-04 14:12:34 [main] DEBUG o.s.w.s.h.BeanNameUrlHandlerMapping - Rejected bean name 'org.springframework.context.annotation.internalPersistenceAnnotationProcessor': no URL paths identified
2018-01-04 14:12:34 [main] DEBUG o.s.w.s.h.BeanNameUrlHandlerMapping - Rejected bean name 'org.springframework.context.event.internalEventListenerProcessor': no URL paths identified
2018-01-04 14:12:34 [main] DEBUG o.s.w.s.h.BeanNameUrlHandlerMapping - Rejected bean name 'org.springframework.context.event.internalEventListenerFactory': no URL paths identified
2018-01-04 14:12:34 [main] DEBUG o.s.w.s.h.BeanNameUrlHandlerMapping - Rejected bean name 'applicationContextConfig': no URL paths identified
2018-01-04 14:12:34 [main] DEBUG o.s.w.s.h.BeanNameUrlHandlerMapping - Rejected bean name 'persistenceJPAConfig': no URL paths identified
2018-01-04 14:12:34 [main] DEBUG o.s.w.s.h.BeanNameUrlHandlerMapping - Rejected bean name 'circleController': no URL paths identified
2018-01-04 14:12:34 [main] DEBUG o.s.w.s.h.BeanNameUrlHandlerMapping - Rejected bean name 'messageController': no URL paths identified
2018-01-04 14:12:34 [main] DEBUG o.s.w.s.h.BeanNameUrlHandlerMapping - Rejected bean name 'userAuthController': no URL paths identified
2018-01-04 14:12:34 [main] DEBUG o.s.w.s.h.BeanNameUrlHandlerMapping - Rejected bean name 'userCircleController': no URL paths identified
2018-01-04 14:12:34 [main] DEBUG o.s.w.s.h.BeanNameUrlHandlerMapping - Rejected bean name 'userController': no URL paths identified
2018-01-04 14:12:34 [main] DEBUG o.s.w.s.h.BeanNameUrlHandlerMapping - Rejected bean name 'circle': no URL paths identified
2018-01-04 14:12:34 [main] DEBUG o.s.w.s.h.BeanNameUrlHandlerMapping - Rejected bean name 'message': no URL paths identified
2018-01-04 14:12:34 [main] DEBUG o.s.w.s.h.BeanNameUrlHandlerMapping - Rejected bean name 'user': no URL paths identified
2018-01-04 14:12:34 [main] DEBUG o.s.w.s.h.BeanNameUrlHandlerMapping - Rejected bean name 'userCircle': no URL paths identified
2018-01-04 14:12:34 [main] DEBUG o.s.w.s.h.BeanNameUrlHandlerMapping - Rejected bean name 'userTag': no URL paths identified
2018-01-04 14:12:34 [main] DEBUG o.s.w.s.h.BeanNameUrlHandlerMapping - Rejected bean name 'circleServiceImpl': no URL paths identified
2018-01-04 14:12:34 [main] DEBUG o.s.w.s.h.BeanNameUrlHandlerMapping - Rejected bean name 'messageServiceImpl': no URL paths identified
2018-01-04 14:12:34 [main] DEBUG o.s.w.s.h.BeanNameUrlHandlerMapping - Rejected bean name 'userCircleServiceImpl': no URL paths identified
2018-01-04 14:12:34 [main] DEBUG o.s.w.s.h.BeanNameUrlHandlerMapping - Rejected bean name 'userServiceImpl': no URL paths identified
2018-01-04 14:12:34 [main] DEBUG o.s.w.s.h.BeanNameUrlHandlerMapping - Rejected bean name 'org.springframework.transaction.annotation.ProxyTransactionManagementConfiguration': no URL paths identified
2018-01-04 14:12:34 [main] DEBUG o.s.w.s.h.BeanNameUrlHandlerMapping - Rejected bean name 'org.springframework.transaction.config.internalTransactionAdvisor': no URL paths identified
2018-01-04 14:12:34 [main] DEBUG o.s.w.s.h.BeanNameUrlHandlerMapping - Rejected bean name 'transactionAttributeSource': no URL paths identified
2018-01-04 14:12:34 [main] DEBUG o.s.w.s.h.BeanNameUrlHandlerMapping - Rejected bean name 'transactionInterceptor': no URL paths identified
2018-01-04 14:12:34 [main] DEBUG o.s.w.s.h.BeanNameUrlHandlerMapping - Rejected bean name 'org.springframework.transaction.config.internalTransactionalEventListenerFactory': no URL paths identified
2018-01-04 14:12:34 [main] DEBUG o.s.w.s.h.BeanNameUrlHandlerMapping - Rejected bean name 'org.springframework.web.servlet.config.annotation.DelegatingWebMvcConfiguration': no URL paths identified
2018-01-04 14:12:34 [main] DEBUG o.s.w.s.h.BeanNameUrlHandlerMapping - Rejected bean name 'requestMappingHandlerMapping': no URL paths identified
2018-01-04 14:12:34 [main] DEBUG o.s.w.s.h.BeanNameUrlHandlerMapping - Rejected bean name 'mvcPathMatcher': no URL paths identified
2018-01-04 14:12:34 [main] DEBUG o.s.w.s.h.BeanNameUrlHandlerMapping - Rejected bean name 'mvcUrlPathHelper': no URL paths identified
2018-01-04 14:12:34 [main] DEBUG o.s.w.s.h.BeanNameUrlHandlerMapping - Rejected bean name 'mvcContentNegotiationManager': no URL paths identified
2018-01-04 14:12:34 [main] DEBUG o.s.w.s.h.BeanNameUrlHandlerMapping - Rejected bean name 'viewControllerHandlerMapping': no URL paths identified
2018-01-04 14:12:34 [main] DEBUG o.s.w.s.h.BeanNameUrlHandlerMapping - Rejected bean name 'beanNameHandlerMapping': no URL paths identified
2018-01-04 14:12:34 [main] DEBUG o.s.w.s.h.BeanNameUrlHandlerMapping - Rejected bean name 'resourceHandlerMapping': no URL paths identified
2018-01-04 14:12:34 [main] DEBUG o.s.w.s.h.BeanNameUrlHandlerMapping - Rejected bean name 'mvcResourceUrlProvider': no URL paths identified
2018-01-04 14:12:34 [main] DEBUG o.s.w.s.h.BeanNameUrlHandlerMapping - Rejected bean name 'defaultServletHandlerMapping': no URL paths identified
2018-01-04 14:12:34 [main] DEBUG o.s.w.s.h.BeanNameUrlHandlerMapping - Rejected bean name 'requestMappingHandlerAdapter': no URL paths identified
2018-01-04 14:12:34 [main] DEBUG o.s.w.s.h.BeanNameUrlHandlerMapping - Rejected bean name 'mvcConversionService': no URL paths identified
2018-01-04 14:12:34 [main] DEBUG o.s.w.s.h.BeanNameUrlHandlerMapping - Rejected bean name 'mvcValidator': no URL paths identified
2018-01-04 14:12:34 [main] DEBUG o.s.w.s.h.BeanNameUrlHandlerMapping - Rejected bean name 'mvcUriComponentsContributor': no URL paths identified
2018-01-04 14:12:34 [main] DEBUG o.s.w.s.h.BeanNameUrlHandlerMapping - Rejected bean name 'httpRequestHandlerAdapter': no URL paths identified
2018-01-04 14:12:34 [main] DEBUG o.s.w.s.h.BeanNameUrlHandlerMapping - Rejected bean name 'simpleControllerHandlerAdapter': no URL paths identified
2018-01-04 14:12:34 [main] DEBUG o.s.w.s.h.BeanNameUrlHandlerMapping - Rejected bean name 'handlerExceptionResolver': no URL paths identified
2018-01-04 14:12:34 [main] DEBUG o.s.w.s.h.BeanNameUrlHandlerMapping - Rejected bean name 'mvcViewResolver': no URL paths identified
2018-01-04 14:12:34 [main] DEBUG o.s.w.s.h.BeanNameUrlHandlerMapping - Rejected bean name 'org.springframework.aop.config.internalAutoProxyCreator': no URL paths identified
2018-01-04 14:12:34 [main] DEBUG o.s.w.s.h.BeanNameUrlHandlerMapping - Rejected bean name 'entityManagerFactory': no URL paths identified
2018-01-04 14:12:34 [main] DEBUG o.s.w.s.h.BeanNameUrlHandlerMapping - Rejected bean name 'dataSource': no URL paths identified
2018-01-04 14:12:34 [main] DEBUG o.s.w.s.h.BeanNameUrlHandlerMapping - Rejected bean name 'transactionManager': no URL paths identified
2018-01-04 14:12:34 [main] DEBUG o.s.w.s.h.BeanNameUrlHandlerMapping - Rejected bean name 'exceptionTranslation': no URL paths identified
2018-01-04 14:12:34 [main] DEBUG o.s.w.s.h.BeanNameUrlHandlerMapping - Rejected bean name 'org.springframework.data.jpa.repository.config.JpaRepositoryConfigExtension#0': no URL paths identified
2018-01-04 14:12:34 [main] DEBUG o.s.w.s.h.BeanNameUrlHandlerMapping - Rejected bean name 'org.springframework.data.repository.core.support.RepositoryFactoryBeanSupport_Predictor': no URL paths identified
2018-01-04 14:12:34 [main] DEBUG o.s.w.s.h.BeanNameUrlHandlerMapping - Rejected bean name 'emBeanDefinitionRegistrarPostProcessor': no URL paths identified
2018-01-04 14:12:34 [main] DEBUG o.s.w.s.h.BeanNameUrlHandlerMapping - Rejected bean name 'jpaMappingContext': no URL paths identified
