2018-01-04 14:29:29 [main] INFO  o.s.t.w.s.s.StandaloneMockMvcBuilder$StaticRequestMappingHandlerMapping - Mapped "{[/api/message/getMessagesByUser/{senderUsername}/{receiverUserName}/{pageNumber}],methods=[GET]}" onto public org.springframework.http.ResponseEntity<java.util.List<com.stackroute.activitystream.model.Message>> com.stackroute.activitystream.controller.MessageController.getMessagesByUser(java.lang.String,java.lang.String,int,javax.servlet.http.HttpSession)
2018-01-04 14:29:29 [main] INFO  o.s.t.w.s.s.StandaloneMockMvcBuilder$StaticRequestMappingHandlerMapping - Mapped "{[/api/message/getMessagesByCircle/{circleName}/{pageNumber}],methods=[GET]}" onto public org.springframework.http.ResponseEntity<java.util.List<com.stackroute.activitystream.model.Message>> com.stackroute.activitystream.controller.MessageController.getMessagesByCircle(java.lang.String,int,javax.servlet.http.HttpSession)
2018-01-04 14:29:29 [main] INFO  o.s.t.w.s.s.StandaloneMockMvcBuilder$StaticRequestMappingHandlerMapping - Mapped "{[/api/message/tags/search/user/{username}],methods=[GET]}" onto public org.springframework.http.ResponseEntity<java.util.List<java.lang.String>> com.stackroute.activitystream.controller.MessageController.getMyTags(java.lang.String,javax.servlet.http.HttpSession)
2018-01-04 14:29:29 [main] INFO  o.s.t.w.s.s.StandaloneMockMvcBuilder$StaticRequestMappingHandlerMapping - Mapped "{[/api/message/listAllTags],methods=[GET]}" onto public org.springframework.http.ResponseEntity<java.util.List<java.lang.String>> com.stackroute.activitystream.controller.MessageController.listAllTags(javax.servlet.http.HttpSession)
2018-01-04 14:29:29 [main] INFO  o.s.w.s.m.m.a.RequestMappingHandlerAdapter - Looking for @ControllerAdvice: org.springframework.test.web.servlet.setup.StubWebApplicationContext@58e02359
2018-01-04 14:29:29 [main] DEBUG o.s.w.s.m.m.a.ExceptionHandlerExceptionResolver - Looking for exception mappings: org.springframework.test.web.servlet.setup.StubWebApplicationContext@58e02359
2018-01-04 14:29:29 [main] DEBUG o.s.t.w.s.TestDispatcherServlet - Initializing servlet ''
2018-01-04 14:29:29 [main] INFO  o.s.mock.web.MockServletContext - Initializing Spring FrameworkServlet ''
2018-01-04 14:29:29 [main] INFO  o.s.t.w.s.TestDispatcherServlet - FrameworkServlet '': initialization started
2018-01-04 14:29:29 [main] DEBUG o.s.t.w.s.TestDispatcherServlet - Unable to locate MultipartResolver with name 'multipartResolver': no multipart request handling provided
2018-01-04 14:29:29 [main] DEBUG o.s.t.w.s.TestDispatcherServlet - Using LocaleResolver [org.springframework.web.servlet.i18n.AcceptHeaderLocaleResolver@1f408ab6]
2018-01-04 14:29:29 [main] DEBUG o.s.t.w.s.TestDispatcherServlet - Using ThemeResolver [org.springframework.web.servlet.theme.FixedThemeResolver@46e388ec]
2018-01-04 14:29:29 [main] DEBUG o.s.t.w.s.TestDispatcherServlet - Using RequestToViewNameTranslator [org.springframework.web.servlet.view.DefaultRequestToViewNameTranslator@53f495f0]
2018-01-04 14:29:29 [main] DEBUG o.s.t.w.s.TestDispatcherServlet - Using FlashMapManager [org.springframework.web.servlet.support.SessionFlashMapManager@5efe5b25]
2018-01-04 14:29:29 [main] DEBUG o.s.t.w.s.TestDispatcherServlet - Published WebApplicationContext of servlet '' as ServletContext attribute with name [org.springframework.web.servlet.FrameworkServlet.CONTEXT.]
2018-01-04 14:29:29 [main] INFO  o.s.t.w.s.TestDispatcherServlet - FrameworkServlet '': initialization completed in 1 ms
2018-01-04 14:29:29 [main] DEBUG o.s.t.w.s.TestDispatcherServlet - Servlet '' configured successfully
2018-01-04 14:29:29 [main] DEBUG o.s.core.env.StandardEnvironment - Adding [systemProperties] PropertySource with lowest search precedence
2018-01-04 14:29:29 [main] DEBUG o.s.core.env.StandardEnvironment - Adding [systemEnvironment] PropertySource with lowest search precedence
2018-01-04 14:29:29 [main] DEBUG o.s.core.env.StandardEnvironment - Initialized StandardEnvironment with PropertySources [systemProperties,systemEnvironment]
2018-01-04 14:29:29 [main] DEBUG o.s.t.w.s.s.StandaloneMockMvcBuilder$StaticRequestMappingHandlerMapping - Looking for request mappings in application context: org.springframework.test.web.servlet.setup.StubWebApplicationContext@45707f76
2018-01-04 14:29:29 [main] DEBUG o.s.t.w.s.s.StandaloneMockMvcBuilder$StaticRequestMappingHandlerMapping - 2 request handler methods found on class com.stackroute.activitystream.controller.UserAuthController: {public org.springframework.http.ResponseEntity com.stackroute.activitystream.controller.UserAuthController.authenticate(com.stackroute.activitystream.model.User,javax.servlet.http.HttpSession)={[/api/authenticate],methods=[POST]}, public org.springframework.http.ResponseEntity com.stackroute.activitystream.controller.UserAuthController.logout(javax.servlet.http.HttpSession)={[/api/logout],methods=[PUT]}}
2018-01-04 14:29:29 [main] INFO  o.s.t.w.s.s.StandaloneMockMvcBuilder$StaticRequestMappingHandlerMapping - Mapped "{[/api/authenticate],methods=[POST]}" onto public org.springframework.http.ResponseEntity<com.stackroute.activitystream.model.User> com.stackroute.activitystream.controller.UserAuthController.authenticate(com.stackroute.activitystream.model.User,javax.servlet.http.HttpSession)
2018-01-04 14:29:29 [main] INFO  o.s.t.w.s.s.StandaloneMockMvcBuilder$StaticRequestMappingHandlerMapping - Mapped "{[/api/logout],methods=[PUT]}" onto public org.springframework.http.ResponseEntity<com.stackroute.activitystream.model.User> com.stackroute.activitystream.controller.UserAuthController.logout(javax.servlet.http.HttpSession)
2018-01-04 14:29:29 [main] INFO  o.s.w.s.m.m.a.RequestMappingHandlerAdapter - Looking for @ControllerAdvice: org.springframework.test.web.servlet.setup.StubWebApplicationContext@45707f76
2018-01-04 14:29:29 [main] DEBUG o.s.w.s.m.m.a.ExceptionHandlerExceptionResolver - Looking for exception mappings: org.springframework.test.web.servlet.setup.StubWebApplicationContext@45707f76
2018-01-04 14:29:29 [main] DEBUG o.s.t.w.s.TestDispatcherServlet - Initializing servlet ''
2018-01-04 14:29:29 [main] INFO  o.s.mock.web.MockServletContext - Initializing Spring FrameworkServlet ''
2018-01-04 14:29:29 [main] INFO  o.s.t.w.s.TestDispatcherServlet - FrameworkServlet '': initialization started
2018-01-04 14:29:29 [main] DEBUG o.s.t.w.s.TestDispatcherServlet - Unable to locate MultipartResolver with name 'multipartResolver': no multipart request handling provided
2018-01-04 14:29:29 [main] DEBUG o.s.t.w.s.TestDispatcherServlet - Using LocaleResolver [org.springframework.web.servlet.i18n.AcceptHeaderLocaleResolver@44a93f8a]
2018-01-04 14:29:29 [main] DEBUG o.s.t.w.s.TestDispatcherServlet - Using ThemeResolver [org.springframework.web.servlet.theme.FixedThemeResolver@26463a6]
2018-01-04 14:29:29 [main] DEBUG o.s.t.w.s.TestDispatcherServlet - Using RequestToViewNameTranslator [org.springframework.web.servlet.view.DefaultRequestToViewNameTranslator@6c5ae8fd]
2018-01-04 14:29:29 [main] DEBUG o.s.t.w.s.TestDispatcherServlet - Using FlashMapManager [org.springframework.web.servlet.support.SessionFlashMapManager@17354708]
2018-01-04 14:29:29 [main] DEBUG o.s.t.w.s.TestDispatcherServlet - Published WebApplicationContext of servlet '' as ServletContext attribute with name [org.springframework.web.servlet.FrameworkServlet.CONTEXT.]
2018-01-04 14:29:29 [main] INFO  o.s.t.w.s.TestDispatcherServlet - FrameworkServlet '': initialization completed in 0 ms
2018-01-04 14:29:29 [main] DEBUG o.s.t.w.s.TestDispatcherServlet - Servlet '' configured successfully
2018-01-04 14:29:29 [main] DEBUG o.s.t.w.s.TestDispatcherServlet - DispatcherServlet with name '' processing POST request for [/api/authenticate]
2018-01-04 14:29:29 [main] DEBUG o.s.t.w.s.s.StandaloneMockMvcBuilder$StaticRequestMappingHandlerMapping - Looking up handler method for path /api/authenticate
2018-01-04 14:29:29 [main] DEBUG o.s.t.w.s.s.StandaloneMockMvcBuilder$StaticRequestMappingHandlerMapping - Returning handler method [public org.springframework.http.ResponseEntity<com.stackroute.activitystream.model.User> com.stackroute.activitystream.controller.UserAuthController.authenticate(com.stackroute.activitystream.model.User,javax.servlet.http.HttpSession)]
2018-01-04 14:29:29 [main] DEBUG o.s.w.s.m.m.a.RequestResponseBodyMethodProcessor - Read [class com.stackroute.activitystream.model.User] as "application/json" with [org.springframework.http.converter.json.MappingJackson2HttpMessageConverter@1aed6f0b]
2018-01-04 14:29:29 [main] DEBUG o.s.t.w.s.TestDispatcherServlet - Null ModelAndView returned to DispatcherServlet with name '': assuming HandlerAdapter completed request handling
2018-01-04 14:29:29 [main] DEBUG o.s.t.w.s.TestDispatcherServlet - Successfully completed request
2018-01-04 14:29:29 [main] DEBUG o.s.t.w.s.TestDispatcherServlet - DispatcherServlet with name '' processing GET request for [/api/message/tags/search/user/john]
2018-01-04 14:29:29 [main] DEBUG o.s.t.w.s.s.StandaloneMockMvcBuilder$StaticRequestMappingHandlerMapping - Looking up handler method for path /api/message/tags/search/user/john
2018-01-04 14:29:29 [main] DEBUG o.s.t.w.s.s.StandaloneMockMvcBuilder$StaticRequestMappingHandlerMapping - Returning handler method [public org.springframework.http.ResponseEntity<java.util.List<java.lang.String>> com.stackroute.activitystream.controller.MessageController.getMyTags(java.lang.String,javax.servlet.http.HttpSession)]
2018-01-04 14:29:29 [main] DEBUG o.s.t.w.s.TestDispatcherServlet - Last-Modified value for [/api/message/tags/search/user/john] is: -1
2018-01-04 14:29:29 [main] DEBUG o.s.t.w.s.TestDispatcherServlet - Null ModelAndView returned to DispatcherServlet with name '': assuming HandlerAdapter completed request handling
2018-01-04 14:29:29 [main] DEBUG o.s.t.w.s.TestDispatcherServlet - Successfully completed request
2018-01-04 14:29:29 [main] DEBUG o.s.t.c.s.AbstractDirtiesContextTestExecutionListener - After test method: context [DefaultTestContext@794c5f5e testClass = MessageControllerTest, testInstance = com.stackroute.activitystream.commander.MessageControllerTest@2513155a, testMethod = testRetrieveSubscribedTagsFailure@MessageControllerTest, testException = [null], mergedContextConfiguration = [WebMergedContextConfiguration@4ab66127 testClass = MessageControllerTest, locations = '{}', classes = '{class com.stackroute.activitystream.config.ApplicationContextConfig}', contextInitializerClasses = '[]', activeProfiles = '{}', propertySourceLocations = '{}', propertySourceProperties = '{}', contextCustomizers = set[org.springframework.test.context.web.socket.MockServerContainerContextCustomizer@24a35978], resourceBasePath = 'src/main/webapp', contextLoader = 'org.springframework.test.context.web.WebDelegatingSmartContextLoader', parent = [null]]], class annotated with @DirtiesContext [false] with mode [null], method annotated with @DirtiesContext [false] with mode [null].
2018-01-04 14:29:29 [main] DEBUG o.s.t.c.w.ServletTestExecutionListener - Resetting RequestContextHolder for test context [DefaultTestContext@794c5f5e testClass = MessageControllerTest, testInstance = com.stackroute.activitystream.commander.MessageControllerTest@2513155a, testMethod = testRetrieveSubscribedTagsFailure@MessageControllerTest, testException = [null], mergedContextConfiguration = [WebMergedContextConfiguration@4ab66127 testClass = MessageControllerTest, locations = '{}', classes = '{class com.stackroute.activitystream.config.ApplicationContextConfig}', contextInitializerClasses = '[]', activeProfiles = '{}', propertySourceLocations = '{}', propertySourceProperties = '{}', contextCustomizers = set[org.springframework.test.context.web.socket.MockServerContainerContextCustomizer@24a35978], resourceBasePath = 'src/main/webapp', contextLoader = 'org.springframework.test.context.web.WebDelegatingSmartContextLoader', parent = [null]]].
2018-01-04 14:29:29 [main] DEBUG o.s.t.annotation.ProfileValueUtils - Retrieved @ProfileValueSourceConfiguration [null] for test class [com.stackroute.activitystream.commander.MessageControllerTest]
2018-01-04 14:29:29 [main] DEBUG o.s.t.annotation.ProfileValueUtils - Retrieved ProfileValueSource type [class org.springframework.test.annotation.SystemProfileValueSource] for class [com.stackroute.activitystream.commander.MessageControllerTest]
2018-01-04 14:29:29 [main] DEBUG o.s.t.c.c.DefaultCacheAwareContextLoaderDelegate - Retrieved ApplicationContext from cache with key [[WebMergedContextConfiguration@4ab66127 testClass = MessageControllerTest, locations = '{}', classes = '{class com.stackroute.activitystream.config.ApplicationContextConfig}', contextInitializerClasses = '[]', activeProfiles = '{}', propertySourceLocations = '{}', propertySourceProperties = '{}', contextCustomizers = set[org.springframework.test.context.web.socket.MockServerContainerContextCustomizer@24a35978], resourceBasePath = 'src/main/webapp', contextLoader = 'org.springframework.test.context.web.WebDelegatingSmartContextLoader', parent = [null]]]
2018-01-04 14:29:29 [main] DEBUG o.springframework.test.context.cache - Spring test ApplicationContext cache statistics: [DefaultContextCache@7235f92b size = 2, maxSize = 32, parentContextCount = 0, hitCount = 101, missCount = 2]
2018-01-04 14:29:29 [main] DEBUG o.s.t.c.w.ServletTestExecutionListener - Setting up MockHttpServletRequest, MockHttpServletResponse, ServletWebRequest, and RequestContextHolder for test context [DefaultTestContext@794c5f5e testClass = MessageControllerTest, testInstance = com.stackroute.activitystream.commander.MessageControllerTest@3b3546a3, testMethod = [null], testException = [null], mergedContextConfiguration = [WebMergedContextConfiguration@4ab66127 testClass = MessageControllerTest, locations = '{}', classes = '{class com.stackroute.activitystream.config.ApplicationContextConfig}', contextInitializerClasses = '[]', activeProfiles = '{}', propertySourceLocations = '{}', propertySourceProperties = '{}', contextCustomizers = set[org.springframework.test.context.web.socket.MockServerContainerContextCustomizer@24a35978], resourceBasePath = 'src/main/webapp', contextLoader = 'org.springframework.test.context.web.WebDelegatingSmartContextLoader', parent = [null]]].
2018-01-04 14:29:29 [main] DEBUG o.s.t.c.s.DependencyInjectionTestExecutionListener - Performing dependency injection for test context [[DefaultTestContext@794c5f5e testClass = MessageControllerTest, testInstance = com.stackroute.activitystream.commander.MessageControllerTest@3b3546a3, testMethod = [null], testException = [null], mergedContextConfiguration = [WebMergedContextConfiguration@4ab66127 testClass = MessageControllerTest, locations = '{}', classes = '{class com.stackroute.activitystream.config.ApplicationContextConfig}', contextInitializerClasses = '[]', activeProfiles = '{}', propertySourceLocations = '{}', propertySourceProperties = '{}', contextCustomizers = set[org.springframework.test.context.web.socket.MockServerContainerContextCustomizer@24a35978], resourceBasePath = 'src/main/webapp', contextLoader = 'org.springframework.test.context.web.WebDelegatingSmartContextLoader', parent = [null]]]].
2018-01-04 14:29:29 [main] DEBUG o.s.t.c.c.DefaultCacheAwareContextLoaderDelegate - Retrieved ApplicationContext from cache with key [[WebMergedContextConfiguration@4ab66127 testClass = MessageControllerTest, locations = '{}', classes = '{class com.stackroute.activitystream.config.ApplicationContextConfig}', contextInitializerClasses = '[]', activeProfiles = '{}', propertySourceLocations = '{}', propertySourceProperties = '{}', contextCustomizers = set[org.springframework.test.context.web.socket.MockServerContainerContextCustomizer@24a35978], resourceBasePath = 'src/main/webapp', contextLoader = 'org.springframework.test.context.web.WebDelegatingSmartContextLoader', parent = [null]]]
2018-01-04 14:29:29 [main] DEBUG o.springframework.test.context.cache - Spring test ApplicationContext cache statistics: [DefaultContextCache@7235f92b size = 2, maxSize = 32, parentContextCount = 0, hitCount = 102, missCount = 2]
2018-01-04 14:29:29 [main] DEBUG o.s.t.c.s.AbstractDirtiesContextTestExecutionListener - Before test method: context [DefaultTestContext@794c5f5e testClass = MessageControllerTest, testInstance = com.stackroute.activitystream.commander.MessageControllerTest@3b3546a3, testMethod = testSendMessageToUser@MessageControllerTest, testException = [null], mergedContextConfiguration = [WebMergedContextConfiguration@4ab66127 testClass = MessageControllerTest, locations = '{}', classes = '{class com.stackroute.activitystream.config.ApplicationContextConfig}', contextInitializerClasses = '[]', activeProfiles = '{}', propertySourceLocations = '{}', propertySourceProperties = '{}', contextCustomizers = set[org.springframework.test.context.web.socket.MockServerContainerContextCustomizer@24a35978], resourceBasePath = 'src/main/webapp', contextLoader = 'org.springframework.test.context.web.WebDelegatingSmartContextLoader', parent = [null]]], class annotated with @DirtiesContext [false] with mode [null], method annotated with @DirtiesContext [false] with mode [null].
2018-01-04 14:29:29 [main] DEBUG o.s.core.env.StandardEnvironment - Adding [systemProperties] PropertySource with lowest search precedence
2018-01-04 14:29:29 [main] DEBUG o.s.core.env.StandardEnvironment - Adding [systemEnvironment] PropertySource with lowest search precedence
2018-01-04 14:29:29 [main] DEBUG o.s.core.env.StandardEnvironment - Initialized StandardEnvironment with PropertySources [systemProperties,systemEnvironment]
2018-01-04 14:29:29 [main] DEBUG o.s.t.w.s.s.StandaloneMockMvcBuilder$StaticRequestMappingHandlerMapping - Looking for request mappings in application context: org.springframework.test.web.servlet.setup.StubWebApplicationContext@278de2b2
