2018-01-04 14:00:30 [Thread-1] DEBUG o.s.b.f.s.DefaultListableBeanFactory - Retrieved dependent beans for bean 'userServiceImpl': [userAuthController, userController]
2018-01-04 14:00:30 [Thread-2] DEBUG o.s.b.f.s.DefaultListableBeanFactory - Retrieved dependent beans for bean '(inner bean)#62ea8931': [(inner bean)#5b066c33]
2018-01-04 14:00:30 [Thread-1] DEBUG o.s.b.f.s.DefaultListableBeanFactory - Retrieved dependent beans for bean '(inner bean)#6f231ced': [userRepository]
2018-01-04 14:00:30 [Thread-1] DEBUG o.s.b.f.s.DefaultListableBeanFactory - Retrieved dependent beans for bean '(inner bean)#35a60674': [(inner bean)#6f231ced]
2018-01-04 14:00:30 [Thread-2] DEBUG o.s.b.f.s.DefaultListableBeanFactory - Retrieved dependent beans for bean 'userRepository': [userServiceImpl]
2018-01-04 14:00:30 [Thread-1] DEBUG o.s.b.f.s.DefaultListableBeanFactory - Retrieved dependent beans for bean '(inner bean)#3fba233d': [userTagRepository]
2018-01-04 14:00:30 [Thread-2] DEBUG o.s.b.f.s.DefaultListableBeanFactory - Retrieved dependent beans for bean 'userServiceImpl': [userAuthController, userController]
2018-01-04 14:00:30 [Thread-1] DEBUG o.s.b.f.s.DefaultListableBeanFactory - Retrieved dependent beans for bean '(inner bean)#427ae189': [(inner bean)#3fba233d]
2018-01-04 14:00:30 [Thread-2] DEBUG o.s.b.f.s.DefaultListableBeanFactory - Retrieved dependent beans for bean '(inner bean)#632cf7d3': [userRepository]
2018-01-04 14:00:30 [Thread-2] DEBUG o.s.b.f.s.DefaultListableBeanFactory - Retrieved dependent beans for bean '(inner bean)#51b87df7': [(inner bean)#632cf7d3]
2018-01-04 14:00:30 [Thread-1] DEBUG o.s.b.f.s.DefaultListableBeanFactory - Retrieved dependent beans for bean '(inner bean)#1dbd580': [userCircleRepository]
2018-01-04 14:00:30 [Thread-1] DEBUG o.s.b.f.s.DefaultListableBeanFactory - Retrieved dependent beans for bean '(inner bean)#6c101cc1': [(inner bean)#1dbd580]
2018-01-04 14:00:30 [Thread-1] DEBUG o.s.b.f.s.DefaultListableBeanFactory - Retrieved dependent beans for bean '(inner bean)#7d904ff1': [messageRepository]
2018-01-04 14:00:30 [Thread-1] DEBUG o.s.b.f.s.DefaultListableBeanFactory - Retrieved dependent beans for bean '(inner bean)#4f94e148': [(inner bean)#7d904ff1]
2018-01-04 14:00:30 [Thread-1] DEBUG o.s.b.f.s.DisposableBeanAdapter - Invoking destroy() on bean with name 'jpaMappingContext'
2018-01-04 14:00:30 [Thread-1] DEBUG o.s.b.f.s.DefaultListableBeanFactory - Retrieved dependent beans for bean 'entityManagerFactory': [transactionManager, org.springframework.orm.jpa.SharedEntityManagerCreator#0]
2018-01-04 14:00:30 [Thread-1] DEBUG o.s.b.f.s.DefaultListableBeanFactory - Retrieved dependent beans for bean 'org.springframework.orm.jpa.SharedEntityManagerCreator#0': [jpaContext]
2018-01-04 14:00:30 [Thread-1] DEBUG o.s.b.f.s.DisposableBeanAdapter - Invoking destroy() on bean with name 'entityManagerFactory'
2018-01-04 14:00:30 [Thread-1] INFO  o.s.o.j.LocalContainerEntityManagerFactoryBean - Closing JPA EntityManagerFactory for persistence unit 'default'
2018-01-04 14:00:30 [Thread-2] DEBUG o.s.b.f.s.DefaultListableBeanFactory - Retrieved dependent beans for bean '(inner bean)#4b93dd6a': [userTagRepository]
2018-01-04 14:00:30 [Thread-2] DEBUG o.s.b.f.s.DefaultListableBeanFactory - Retrieved dependent beans for bean '(inner bean)#582a3b19': [(inner bean)#4b93dd6a]
2018-01-04 14:00:30 [Thread-2] DEBUG o.s.b.f.s.DefaultListableBeanFactory - Retrieved dependent beans for bean '(inner bean)#787d1f9c': [userCircleRepository]
2018-01-04 14:00:30 [Thread-2] DEBUG o.s.b.f.s.DefaultListableBeanFactory - Retrieved dependent beans for bean '(inner bean)#2becfd4c': [(inner bean)#787d1f9c]
2018-01-04 14:00:30 [Thread-2] DEBUG o.s.b.f.s.DefaultListableBeanFactory - Retrieved dependent beans for bean '(inner bean)#3d1c933': [messageRepository]
2018-01-04 14:00:30 [Thread-2] DEBUG o.s.b.f.s.DefaultListableBeanFactory - Retrieved dependent beans for bean '(inner bean)#79be91eb': [(inner bean)#3d1c933]
2018-01-04 14:00:30 [Thread-2] DEBUG o.s.b.f.s.DisposableBeanAdapter - Invoking destroy() on bean with name 'jpaMappingContext'
2018-01-04 14:00:30 [Thread-2] DEBUG o.s.b.f.s.DefaultListableBeanFactory - Retrieved dependent beans for bean 'entityManagerFactory': [transactionManager, org.springframework.orm.jpa.SharedEntityManagerCreator#0]
2018-01-04 14:00:30 [Thread-2] DEBUG o.s.b.f.s.DefaultListableBeanFactory - Retrieved dependent beans for bean 'org.springframework.orm.jpa.SharedEntityManagerCreator#0': [jpaContext]
2018-01-04 14:00:30 [Thread-2] DEBUG o.s.b.f.s.DisposableBeanAdapter - Invoking destroy() on bean with name 'entityManagerFactory'
2018-01-04 14:00:30 [Thread-2] INFO  o.s.o.j.LocalContainerEntityManagerFactoryBean - Closing JPA EntityManagerFactory for persistence unit 'default'
2018-01-04 14:12:31 [main] DEBUG o.s.t.c.j.SpringJUnit4ClassRunner - SpringJUnit4ClassRunner constructor called with [class com.stackroute.activitystream.commander.CircleControllerTest]
2018-01-04 14:12:31 [main] DEBUG o.s.test.context.BootstrapUtils - Instantiating CacheAwareContextLoaderDelegate from class [org.springframework.test.context.cache.DefaultCacheAwareContextLoaderDelegate]
2018-01-04 14:12:31 [main] DEBUG o.s.test.context.BootstrapUtils - Instantiating BootstrapContext using constructor [public org.springframework.test.context.support.DefaultBootstrapContext(java.lang.Class,org.springframework.test.context.CacheAwareContextLoaderDelegate)]
2018-01-04 14:12:31 [main] DEBUG o.s.test.context.BootstrapUtils - Instantiating TestContextBootstrapper for test class [com.stackroute.activitystream.commander.CircleControllerTest] from class [org.springframework.test.context.web.WebTestContextBootstrapper]
2018-01-04 14:12:31 [main] DEBUG o.s.t.c.s.AbstractDelegatingSmartContextLoader - Delegating to AnnotationConfigWebContextLoader to process context configuration [ContextConfigurationAttributes@7181ae3f declaringClass = 'com.stackroute.activitystream.commander.CircleControllerTest', classes = '{class com.stackroute.activitystream.config.ApplicationContextConfig, class com.stackroute.activitystream.config.PersistenceJPAConfig}', locations = '{}', inheritLocations = true, initializers = '{}', inheritInitializers = true, name = [null], contextLoaderClass = 'org.springframework.test.context.ContextLoader'].
2018-01-04 14:12:31 [main] DEBUG o.s.t.c.support.ActiveProfilesUtils - Could not find an 'annotation declaring class' for annotation type [org.springframework.test.context.ActiveProfiles] and class [com.stackroute.activitystream.commander.CircleControllerTest]
2018-01-04 14:12:31 [main] DEBUG o.s.t.c.w.WebTestContextBootstrapper - @TestExecutionListeners is not present for class [com.stackroute.activitystream.commander.CircleControllerTest]: using defaults.
2018-01-04 14:12:31 [main] INFO  o.s.t.c.w.WebTestContextBootstrapper - Loaded default TestExecutionListener class names from location [META-INF/spring.factories]: [org.springframework.test.context.web.ServletTestExecutionListener, org.springframework.test.context.support.DirtiesContextBeforeModesTestExecutionListener, org.springframework.test.context.support.DependencyInjectionTestExecutionListener, org.springframework.test.context.support.DirtiesContextTestExecutionListener, org.springframework.test.context.transaction.TransactionalTestExecutionListener, org.springframework.test.context.jdbc.SqlScriptsTestExecutionListener]
2018-01-04 14:12:31 [main] INFO  o.s.t.c.w.WebTestContextBootstrapper - Using TestExecutionListeners: [org.springframework.test.context.web.ServletTestExecutionListener@4d826d77, org.springframework.test.context.support.DirtiesContextBeforeModesTestExecutionListener@61009542, org.springframework.test.context.support.DependencyInjectionTestExecutionListener@77e9807f, org.springframework.test.context.support.DirtiesContextTestExecutionListener@448ff1a8, org.springframework.test.context.transaction.TransactionalTestExecutionListener@1a38c59b, org.springframework.test.context.jdbc.SqlScriptsTestExecutionListener@7f77e91b]
2018-01-04 14:12:31 [main] DEBUG o.s.t.annotation.ProfileValueUtils - Retrieved @ProfileValueSourceConfiguration [null] for test class [com.stackroute.activitystream.commander.CircleControllerTest]
2018-01-04 14:12:31 [main] DEBUG o.s.t.annotation.ProfileValueUtils - Retrieved ProfileValueSource type [class org.springframework.test.annotation.SystemProfileValueSource] for class [com.stackroute.activitystream.commander.CircleControllerTest]
2018-01-04 14:12:31 [main] DEBUG o.s.t.annotation.ProfileValueUtils - Retrieved @ProfileValueSourceConfiguration [null] for test class [com.stackroute.activitystream.commander.CircleControllerTest]
2018-01-04 14:12:31 [main] DEBUG o.s.t.annotation.ProfileValueUtils - Retrieved ProfileValueSource type [class org.springframework.test.annotation.SystemProfileValueSource] for class [com.stackroute.activitystream.commander.CircleControllerTest]
2018-01-04 14:12:31 [main] DEBUG o.s.t.c.s.AbstractDirtiesContextTestExecutionListener - Before test class: context [DefaultTestContext@525f1e4e testClass = CircleControllerTest, testInstance = [null], testMethod = [null], testException = [null], mergedContextConfiguration = [WebMergedContextConfiguration@75f9eccc testClass = CircleControllerTest, locations = '{}', classes = '{class com.stackroute.activitystream.config.ApplicationContextConfig, class com.stackroute.activitystream.config.PersistenceJPAConfig}', contextInitializerClasses = '[]', activeProfiles = '{}', propertySourceLocations = '{}', propertySourceProperties = '{}', contextCustomizers = set[[empty]], resourceBasePath = 'src/main/webapp', contextLoader = 'org.springframework.test.context.web.WebDelegatingSmartContextLoader', parent = [null]]], class annotated with @DirtiesContext [false] with mode [null].
2018-01-04 14:12:31 [main] DEBUG o.s.t.annotation.ProfileValueUtils - Retrieved @ProfileValueSourceConfiguration [null] for test class [com.stackroute.activitystream.commander.CircleControllerTest]
2018-01-04 14:12:31 [main] DEBUG o.s.t.annotation.ProfileValueUtils - Retrieved ProfileValueSource type [class org.springframework.test.annotation.SystemProfileValueSource] for class [com.stackroute.activitystream.commander.CircleControllerTest]
2018-01-04 14:12:31 [main] DEBUG o.s.t.c.s.AbstractDelegatingSmartContextLoader - Delegating to AnnotationConfigWebContextLoader to load context from [WebMergedContextConfiguration@75f9eccc testClass = CircleControllerTest, locations = '{}', classes = '{class com.stackroute.activitystream.config.ApplicationContextConfig, class com.stackroute.activitystream.config.PersistenceJPAConfig}', contextInitializerClasses = '[]', activeProfiles = '{}', propertySourceLocations = '{}', propertySourceProperties = '{}', contextCustomizers = set[[empty]], resourceBasePath = 'src/main/webapp', contextLoader = 'org.springframework.test.context.web.WebDelegatingSmartContextLoader', parent = [null]].
2018-01-04 14:12:31 [main] DEBUG o.s.t.c.w.AbstractGenericWebContextLoader - Loading WebApplicationContext for merged context configuration [WebMergedContextConfiguration@75f9eccc testClass = CircleControllerTest, locations = '{}', classes = '{class com.stackroute.activitystream.config.ApplicationContextConfig, class com.stackroute.activitystream.config.PersistenceJPAConfig}', contextInitializerClasses = '[]', activeProfiles = '{}', propertySourceLocations = '{}', propertySourceProperties = '{}', contextCustomizers = set[[empty]], resourceBasePath = 'src/main/webapp', contextLoader = 'org.springframework.test.context.web.WebDelegatingSmartContextLoader', parent = [null]].
2018-01-04 14:12:31 [main] DEBUG o.s.w.c.s.StandardServletEnvironment - Adding [servletConfigInitParams] PropertySource with lowest search precedence
2018-01-04 14:12:31 [main] DEBUG o.s.w.c.s.StandardServletEnvironment - Adding [servletContextInitParams] PropertySource with lowest search precedence
2018-01-04 14:12:31 [main] DEBUG o.s.w.c.s.StandardServletEnvironment - Adding [systemProperties] PropertySource with lowest search precedence
2018-01-04 14:12:31 [main] DEBUG o.s.w.c.s.StandardServletEnvironment - Adding [systemEnvironment] PropertySource with lowest search precedence
2018-01-04 14:12:31 [main] DEBUG o.s.w.c.s.StandardServletEnvironment - Initialized StandardServletEnvironment with PropertySources [servletConfigInitParams,servletContextInitParams,systemProperties,systemEnvironment]
2018-01-04 14:12:31 [main] DEBUG o.s.t.c.w.AnnotationConfigWebContextLoader - Registering annotated classes: {class com.stackroute.activitystream.config.ApplicationContextConfig, class com.stackroute.activitystream.config.PersistenceJPAConfig}
2018-01-04 14:12:31 [main] INFO  o.s.w.c.s.GenericWebApplicationContext - Refreshing org.springframework.web.context.support.GenericWebApplicationContext@3d299e3: startup date [Thu Jan 04 14:12:31 IST 2018]; root of context hierarchy
2018-01-04 14:12:31 [main] DEBUG o.s.w.c.s.StandardServletEnvironment - Replacing [servletContextInitParams] PropertySource with [servletContextInitParams]
2018-01-04 14:12:31 [main] DEBUG o.s.w.c.s.GenericWebApplicationContext - Bean factory for org.springframework.web.context.support.GenericWebApplicationContext@3d299e3: org.springframework.beans.factory.support.DefaultListableBeanFactory@158da8e: defining beans [org.springframework.context.annotation.internalConfigurationAnnotationProcessor,org.springframework.context.annotation.internalAutowiredAnnotationProcessor,org.springframework.context.annotation.internalRequiredAnnotationProcessor,org.springframework.context.annotation.internalCommonAnnotationProcessor,org.springframework.context.annotation.internalPersistenceAnnotationProcessor,org.springframework.context.event.internalEventListenerProcessor,org.springframework.context.event.internalEventListenerFactory,applicationContextConfig,persistenceJPAConfig]; root of factory hierarchy
2018-01-04 14:12:31 [main] DEBUG o.s.b.f.s.DefaultListableBeanFactory - Registering scope 'request' with implementation [org.springframework.web.context.request.RequestScope@77847718]
2018-01-04 14:12:31 [main] DEBUG o.s.b.f.s.DefaultListableBeanFactory - Registering scope 'session' with implementation [org.springframework.web.context.request.SessionScope@2b662a77]
2018-01-04 14:12:31 [main] DEBUG o.s.b.f.s.DefaultListableBeanFactory - Registering scope 'globalSession' with implementation [org.springframework.web.context.request.SessionScope@7f0eb4b4]
