2018-01-04 14:19:52 [main] DEBUG o.s.b.f.a.AutowiredAnnotationBeanPostProcessor - Autowiring by type from bean name 'messageServiceImpl' to bean named 'userTag'
2018-01-04 14:19:52 [main] DEBUG o.s.b.f.s.DefaultListableBeanFactory - Returning cached instance of singleton bean 'org.springframework.transaction.config.internalTransactionAdvisor'
2018-01-04 14:19:52 [main] DEBUG o.s.b.f.s.DefaultListableBeanFactory - Finished creating instance of bean 'messageServiceImpl'
2018-01-04 14:19:52 [main] DEBUG o.s.b.f.a.AutowiredAnnotationBeanPostProcessor - Autowiring by type from bean name 'messageController' to bean named 'messageServiceImpl'
2018-01-04 14:19:52 [main] DEBUG o.s.b.f.s.DefaultListableBeanFactory - Returning cached instance of singleton bean 'org.springframework.transaction.config.internalTransactionAdvisor'
2018-01-04 14:19:52 [main] DEBUG o.s.b.f.s.DefaultListableBeanFactory - Finished creating instance of bean 'messageController'
2018-01-04 14:19:52 [main] DEBUG o.s.b.f.s.DefaultListableBeanFactory - Creating shared instance of singleton bean 'userAuthController'
2018-01-04 14:19:52 [main] DEBUG o.s.b.f.s.DefaultListableBeanFactory - Creating instance of bean 'userAuthController'
2018-01-04 14:19:52 [main] DEBUG o.s.b.f.annotation.InjectionMetadata - Registered injected element on class [com.stackroute.activitystream.controller.UserAuthController]: AutowiredFieldElement for com.stackroute.activitystream.service.UserService com.stackroute.activitystream.controller.UserAuthController.userService
2018-01-04 14:19:52 [main] DEBUG o.s.b.f.s.DefaultListableBeanFactory - Eagerly caching bean 'userAuthController' to allow for resolving potential circular references
2018-01-04 14:19:52 [main] DEBUG o.s.b.f.annotation.InjectionMetadata - Processing injected element of bean 'userAuthController': AutowiredFieldElement for com.stackroute.activitystream.service.UserService com.stackroute.activitystream.controller.UserAuthController.userService
2018-01-04 14:19:52 [main] DEBUG o.s.b.f.s.DefaultListableBeanFactory - Creating shared instance of singleton bean 'userServiceImpl'
2018-01-04 14:19:52 [main] DEBUG o.s.b.f.s.DefaultListableBeanFactory - Creating instance of bean 'userServiceImpl'
2018-01-04 14:19:52 [main] DEBUG o.s.b.f.annotation.InjectionMetadata - Registered injected element on class [com.stackroute.activitystream.serviceimpl.UserServiceImpl]: AutowiredFieldElement for private com.stackroute.activitystream.repository.UserRepository com.stackroute.activitystream.serviceimpl.UserServiceImpl.userRepository
2018-01-04 14:19:52 [main] DEBUG o.s.b.f.s.DefaultListableBeanFactory - Eagerly caching bean 'userServiceImpl' to allow for resolving potential circular references
2018-01-04 14:19:52 [main] DEBUG o.s.b.f.annotation.InjectionMetadata - Processing injected element of bean 'userServiceImpl': AutowiredFieldElement for private com.stackroute.activitystream.repository.UserRepository com.stackroute.activitystream.serviceimpl.UserServiceImpl.userRepository
2018-01-04 14:19:52 [main] DEBUG o.s.b.f.s.DefaultListableBeanFactory - Returning cached instance of singleton bean 'userRepository'
2018-01-04 14:19:52 [main] DEBUG o.s.b.f.a.AutowiredAnnotationBeanPostProcessor - Autowiring by type from bean name 'userServiceImpl' to bean named 'userRepository'
2018-01-04 14:19:52 [main] DEBUG o.s.b.f.s.DefaultListableBeanFactory - Returning cached instance of singleton bean 'org.springframework.transaction.config.internalTransactionAdvisor'
2018-01-04 14:19:52 [main] DEBUG o.s.b.f.s.DefaultListableBeanFactory - Finished creating instance of bean 'userServiceImpl'
2018-01-04 14:19:52 [main] DEBUG o.s.b.f.a.AutowiredAnnotationBeanPostProcessor - Autowiring by type from bean name 'userAuthController' to bean named 'userServiceImpl'
2018-01-04 14:19:52 [main] DEBUG o.s.b.f.s.DefaultListableBeanFactory - Returning cached instance of singleton bean 'org.springframework.transaction.config.internalTransactionAdvisor'
2018-01-04 14:19:52 [main] DEBUG o.s.b.f.s.DefaultListableBeanFactory - Finished creating instance of bean 'userAuthController'
2018-01-04 14:19:52 [main] DEBUG o.s.b.f.s.DefaultListableBeanFactory - Creating shared instance of singleton bean 'userCircleController'
2018-01-04 14:19:52 [main] DEBUG o.s.b.f.s.DefaultListableBeanFactory - Creating instance of bean 'userCircleController'
2018-01-04 14:19:52 [main] DEBUG o.s.b.f.annotation.InjectionMetadata - Registered injected element on class [com.stackroute.activitystream.controller.UserCircleController]: AutowiredFieldElement for com.stackroute.activitystream.service.UserCircleService com.stackroute.activitystream.controller.UserCircleController.userCircleService
2018-01-04 14:19:52 [main] DEBUG o.s.b.f.annotation.InjectionMetadata - Registered injected element on class [com.stackroute.activitystream.controller.UserCircleController]: AutowiredFieldElement for private com.stackroute.activitystream.service.UserService com.stackroute.activitystream.controller.UserCircleController.userService
2018-01-04 14:19:52 [main] DEBUG o.s.b.f.annotation.InjectionMetadata - Registered injected element on class [com.stackroute.activitystream.controller.UserCircleController]: AutowiredFieldElement for private com.stackroute.activitystream.service.CircleService com.stackroute.activitystream.controller.UserCircleController.circleService
2018-01-04 14:19:52 [main] DEBUG o.s.b.f.annotation.InjectionMetadata - Registered injected element on class [com.stackroute.activitystream.controller.UserCircleController]: AutowiredFieldElement for com.stackroute.activitystream.model.UserCircle com.stackroute.activitystream.controller.UserCircleController.userCircle
2018-01-04 14:19:52 [main] DEBUG o.s.b.f.s.DefaultListableBeanFactory - Eagerly caching bean 'userCircleController' to allow for resolving potential circular references
2018-01-04 14:19:52 [main] DEBUG o.s.b.f.annotation.InjectionMetadata - Processing injected element of bean 'userCircleController': AutowiredFieldElement for com.stackroute.activitystream.service.UserCircleService com.stackroute.activitystream.controller.UserCircleController.userCircleService
2018-01-04 14:19:52 [main] DEBUG o.s.b.f.s.DefaultListableBeanFactory - Creating shared instance of singleton bean 'userCircleServiceImpl'
2018-01-04 14:19:52 [main] DEBUG o.s.b.f.s.DefaultListableBeanFactory - Creating instance of bean 'userCircleServiceImpl'
2018-01-04 14:19:52 [main] DEBUG o.s.b.f.annotation.InjectionMetadata - Registered injected element on class [com.stackroute.activitystream.serviceimpl.UserCircleServiceImpl]: AutowiredFieldElement for private com.stackroute.activitystream.repository.UserRepository com.stackroute.activitystream.serviceimpl.UserCircleServiceImpl.userRepository
2018-01-04 14:19:52 [main] DEBUG o.s.b.f.annotation.InjectionMetadata - Registered injected element on class [com.stackroute.activitystream.serviceimpl.UserCircleServiceImpl]: AutowiredFieldElement for private com.stackroute.activitystream.repository.CircleRepository com.stackroute.activitystream.serviceimpl.UserCircleServiceImpl.circleRepository
2018-01-04 14:19:52 [main] DEBUG o.s.b.f.annotation.InjectionMetadata - Registered injected element on class [com.stackroute.activitystream.serviceimpl.UserCircleServiceImpl]: AutowiredFieldElement for private com.stackroute.activitystream.repository.UserCircleRepository com.stackroute.activitystream.serviceimpl.UserCircleServiceImpl.userCircleRepository
2018-01-04 14:19:52 [main] DEBUG o.s.b.f.s.DefaultListableBeanFactory - Eagerly caching bean 'userCircleServiceImpl' to allow for resolving potential circular references
2018-01-04 14:19:52 [main] DEBUG o.s.b.f.annotation.InjectionMetadata - Processing injected element of bean 'userCircleServiceImpl': AutowiredFieldElement for private com.stackroute.activitystream.repository.UserRepository com.stackroute.activitystream.serviceimpl.UserCircleServiceImpl.userRepository
2018-01-04 14:19:52 [main] DEBUG o.s.b.f.s.DefaultListableBeanFactory - Returning cached instance of singleton bean 'userRepository'
2018-01-04 14:19:52 [main] DEBUG o.s.b.f.a.AutowiredAnnotationBeanPostProcessor - Autowiring by type from bean name 'userCircleServiceImpl' to bean named 'userRepository'
2018-01-04 14:19:52 [main] DEBUG o.s.b.f.annotation.InjectionMetadata - Processing injected element of bean 'userCircleServiceImpl': AutowiredFieldElement for private com.stackroute.activitystream.repository.CircleRepository com.stackroute.activitystream.serviceimpl.UserCircleServiceImpl.circleRepository
2018-01-04 14:19:52 [main] DEBUG o.s.b.f.s.DefaultListableBeanFactory - Returning cached instance of singleton bean 'circleRepository'
2018-01-04 14:19:52 [main] DEBUG o.s.b.f.a.AutowiredAnnotationBeanPostProcessor - Autowiring by type from bean name 'userCircleServiceImpl' to bean named 'circleRepository'
2018-01-04 14:19:52 [main] DEBUG o.s.b.f.annotation.InjectionMetadata - Processing injected element of bean 'userCircleServiceImpl': AutowiredFieldElement for private com.stackroute.activitystream.repository.UserCircleRepository com.stackroute.activitystream.serviceimpl.UserCircleServiceImpl.userCircleRepository
2018-01-04 14:19:52 [main] DEBUG o.s.b.f.s.DefaultListableBeanFactory - Returning cached instance of singleton bean 'userCircleRepository'
2018-01-04 14:19:52 [main] DEBUG o.s.b.f.a.AutowiredAnnotationBeanPostProcessor - Autowiring by type from bean name 'userCircleServiceImpl' to bean named 'userCircleRepository'
2018-01-04 14:19:52 [main] DEBUG o.s.b.f.s.DefaultListableBeanFactory - Returning cached instance of singleton bean 'org.springframework.transaction.config.internalTransactionAdvisor'
2018-01-04 14:19:52 [main] DEBUG o.s.b.f.s.DefaultListableBeanFactory - Finished creating instance of bean 'userCircleServiceImpl'
2018-01-04 14:19:52 [main] DEBUG o.s.b.f.a.AutowiredAnnotationBeanPostProcessor - Autowiring by type from bean name 'userCircleController' to bean named 'userCircleServiceImpl'
2018-01-04 14:19:52 [main] DEBUG o.s.b.f.annotation.InjectionMetadata - Processing injected element of bean 'userCircleController': AutowiredFieldElement for private com.stackroute.activitystream.service.UserService com.stackroute.activitystream.controller.UserCircleController.userService
2018-01-04 14:19:52 [main] DEBUG o.s.b.f.s.DefaultListableBeanFactory - Returning cached instance of singleton bean 'userServiceImpl'
2018-01-04 14:19:52 [main] DEBUG o.s.b.f.a.AutowiredAnnotationBeanPostProcessor - Autowiring by type from bean name 'userCircleController' to bean named 'userServiceImpl'
2018-01-04 14:19:52 [main] DEBUG o.s.b.f.annotation.InjectionMetadata - Processing injected element of bean 'userCircleController': AutowiredFieldElement for private com.stackroute.activitystream.service.CircleService com.stackroute.activitystream.controller.UserCircleController.circleService
2018-01-04 14:19:52 [main] DEBUG o.s.b.f.s.DefaultListableBeanFactory - Returning cached instance of singleton bean 'circleServiceImpl'
2018-01-04 14:19:52 [main] DEBUG o.s.b.f.a.AutowiredAnnotationBeanPostProcessor - Autowiring by type from bean name 'userCircleController' to bean named 'circleServiceImpl'
2018-01-04 14:19:52 [main] DEBUG o.s.b.f.annotation.InjectionMetadata - Processing injected element of bean 'userCircleController': AutowiredFieldElement for com.stackroute.activitystream.model.UserCircle com.stackroute.activitystream.controller.UserCircleController.userCircle
2018-01-04 14:19:52 [main] DEBUG o.s.b.f.s.DefaultListableBeanFactory - Returning cached instance of singleton bean 'userCircle'
2018-01-04 14:19:52 [main] DEBUG o.s.b.f.a.AutowiredAnnotationBeanPostProcessor - Autowiring by type from bean name 'userCircleController' to bean named 'userCircle'
2018-01-04 14:19:52 [main] DEBUG o.s.b.f.s.DefaultListableBeanFactory - Returning cached instance of singleton bean 'org.springframework.transaction.config.internalTransactionAdvisor'
2018-01-04 14:19:52 [main] DEBUG o.s.b.f.s.DefaultListableBeanFactory - Finished creating instance of bean 'userCircleController'
2018-01-04 14:19:52 [main] DEBUG o.s.b.f.s.DefaultListableBeanFactory - Creating shared instance of singleton bean 'userController'
2018-01-04 14:19:52 [main] DEBUG o.s.b.f.s.DefaultListableBeanFactory - Creating instance of bean 'userController'
2018-01-04 14:19:52 [main] DEBUG o.s.b.f.annotation.InjectionMetadata - Registered injected element on class [com.stackroute.activitystream.controller.UserController]: AutowiredFieldElement for com.stackroute.activitystream.service.UserService com.stackroute.activitystream.controller.UserController.userService
2018-01-04 14:19:52 [main] DEBUG o.s.b.f.s.DefaultListableBeanFactory - Eagerly caching bean 'userController' to allow for resolving potential circular references
