2018-01-04 14:12:33 [main] DEBUG o.s.b.f.s.DefaultListableBeanFactory - Pre-instantiating singletons in org.springframework.beans.factory.support.DefaultListableBeanFactory@158da8e: defining beans [org.springframework.context.annotation.internalConfigurationAnnotationProcessor,org.springframework.context.annotation.internalAutowiredAnnotationProcessor,org.springframework.context.annotation.internalRequiredAnnotationProcessor,org.springframework.context.annotation.internalCommonAnnotationProcessor,org.springframework.context.annotation.internalPersistenceAnnotationProcessor,org.springframework.context.event.internalEventListenerProcessor,org.springframework.context.event.internalEventListenerFactory,applicationContextConfig,persistenceJPAConfig,circleController,messageController,userAuthController,userCircleController,userController,circle,message,user,userCircle,userTag,circleServiceImpl,messageServiceImpl,userCircleServiceImpl,userServiceImpl,org.springframework.transaction.annotation.ProxyTransactionManagementConfiguration,org.springframework.transaction.config.internalTransactionAdvisor,transactionAttributeSource,transactionInterceptor,org.springframework.transaction.config.internalTransactionalEventListenerFactory,org.springframework.web.servlet.config.annotation.DelegatingWebMvcConfiguration,requestMappingHandlerMapping,mvcPathMatcher,mvcUrlPathHelper,mvcContentNegotiationManager,viewControllerHandlerMapping,beanNameHandlerMapping,resourceHandlerMapping,mvcResourceUrlProvider,defaultServletHandlerMapping,requestMappingHandlerAdapter,mvcConversionService,mvcValidator,mvcUriComponentsContributor,httpRequestHandlerAdapter,simpleControllerHandlerAdapter,handlerExceptionResolver,mvcViewResolver,org.springframework.aop.config.internalAutoProxyCreator,entityManagerFactory,dataSource,transactionManager,exceptionTranslation,org.springframework.data.jpa.repository.config.JpaRepositoryConfigExtension#0,org.springframework.data.repository.core.support.RepositoryFactoryBeanSupport_Predictor,emBeanDefinitionRegistrarPostProcessor,jpaMappingContext,jpaContext,userCircleRepository,userRepository,circleRepository,messageRepository,userTagRepository,org.springframework.orm.jpa.SharedEntityManagerCreator#0]; root of factory hierarchy
2018-01-04 14:12:33 [main] DEBUG o.s.b.f.s.DefaultListableBeanFactory - Returning cached instance of singleton bean 'org.springframework.context.annotation.internalConfigurationAnnotationProcessor'
2018-01-04 14:12:33 [main] DEBUG o.s.b.f.s.DefaultListableBeanFactory - Returning cached instance of singleton bean 'org.springframework.context.annotation.internalAutowiredAnnotationProcessor'
2018-01-04 14:12:33 [main] DEBUG o.s.b.f.s.DefaultListableBeanFactory - Returning cached instance of singleton bean 'org.springframework.context.annotation.internalRequiredAnnotationProcessor'
2018-01-04 14:12:33 [main] DEBUG o.s.b.f.s.DefaultListableBeanFactory - Returning cached instance of singleton bean 'org.springframework.context.annotation.internalCommonAnnotationProcessor'
2018-01-04 14:12:33 [main] DEBUG o.s.b.f.s.DefaultListableBeanFactory - Returning cached instance of singleton bean 'org.springframework.context.annotation.internalPersistenceAnnotationProcessor'
2018-01-04 14:12:33 [main] DEBUG o.s.b.f.s.DefaultListableBeanFactory - Creating shared instance of singleton bean 'org.springframework.context.event.internalEventListenerProcessor'
2018-01-04 14:12:33 [main] DEBUG o.s.b.f.s.DefaultListableBeanFactory - Creating instance of bean 'org.springframework.context.event.internalEventListenerProcessor'
2018-01-04 14:12:33 [main] DEBUG o.s.b.f.s.DefaultListableBeanFactory - Eagerly caching bean 'org.springframework.context.event.internalEventListenerProcessor' to allow for resolving potential circular references
2018-01-04 14:12:33 [main] DEBUG o.s.b.f.s.DefaultListableBeanFactory - Returning cached instance of singleton bean 'org.springframework.transaction.config.internalTransactionAdvisor'
2018-01-04 14:12:33 [main] DEBUG o.s.b.f.s.DefaultListableBeanFactory - Finished creating instance of bean 'org.springframework.context.event.internalEventListenerProcessor'
2018-01-04 14:12:33 [main] DEBUG o.s.b.f.s.DefaultListableBeanFactory - Creating shared instance of singleton bean 'org.springframework.context.event.internalEventListenerFactory'
2018-01-04 14:12:33 [main] DEBUG o.s.b.f.s.DefaultListableBeanFactory - Creating instance of bean 'org.springframework.context.event.internalEventListenerFactory'
2018-01-04 14:12:33 [main] DEBUG o.s.b.f.s.DefaultListableBeanFactory - Eagerly caching bean 'org.springframework.context.event.internalEventListenerFactory' to allow for resolving potential circular references
2018-01-04 14:12:33 [main] DEBUG o.s.b.f.s.DefaultListableBeanFactory - Returning cached instance of singleton bean 'org.springframework.transaction.config.internalTransactionAdvisor'
2018-01-04 14:12:33 [main] DEBUG o.s.b.f.s.DefaultListableBeanFactory - Finished creating instance of bean 'org.springframework.context.event.internalEventListenerFactory'
2018-01-04 14:12:33 [main] DEBUG o.s.b.f.s.DefaultListableBeanFactory - Creating shared instance of singleton bean 'applicationContextConfig'
2018-01-04 14:12:33 [main] DEBUG o.s.b.f.s.DefaultListableBeanFactory - Creating instance of bean 'applicationContextConfig'
2018-01-04 14:12:33 [main] DEBUG o.s.b.f.s.DefaultListableBeanFactory - Eagerly caching bean 'applicationContextConfig' to allow for resolving potential circular references
2018-01-04 14:12:33 [main] DEBUG o.s.b.f.s.DefaultListableBeanFactory - Returning cached instance of singleton bean 'org.springframework.transaction.config.internalTransactionAdvisor'
2018-01-04 14:12:33 [main] DEBUG o.s.b.f.s.DefaultListableBeanFactory - Finished creating instance of bean 'applicationContextConfig'
2018-01-04 14:12:33 [main] DEBUG o.s.b.f.s.DefaultListableBeanFactory - Returning cached instance of singleton bean 'persistenceJPAConfig'
2018-01-04 14:12:33 [main] DEBUG o.s.b.f.s.DefaultListableBeanFactory - Creating shared instance of singleton bean 'circleController'
2018-01-04 14:12:33 [main] DEBUG o.s.b.f.s.DefaultListableBeanFactory - Creating instance of bean 'circleController'
2018-01-04 14:12:33 [main] DEBUG o.s.b.f.annotation.InjectionMetadata - Registered injected element on class [com.stackroute.activitystream.controller.CircleController]: AutowiredFieldElement for com.stackroute.activitystream.service.CircleService com.stackroute.activitystream.controller.CircleController.circleService
2018-01-04 14:12:33 [main] DEBUG o.s.b.f.annotation.InjectionMetadata - Registered injected element on class [com.stackroute.activitystream.controller.CircleController]: AutowiredFieldElement for com.stackroute.activitystream.model.UserCircle com.stackroute.activitystream.controller.CircleController.userCircle
2018-01-04 14:12:33 [main] DEBUG o.s.b.f.s.DefaultListableBeanFactory - Eagerly caching bean 'circleController' to allow for resolving potential circular references
2018-01-04 14:12:33 [main] DEBUG o.s.b.f.annotation.InjectionMetadata - Processing injected element of bean 'circleController': AutowiredFieldElement for com.stackroute.activitystream.service.CircleService com.stackroute.activitystream.controller.CircleController.circleService
2018-01-04 14:12:33 [main] DEBUG o.s.b.f.s.DefaultListableBeanFactory - Creating shared instance of singleton bean 'circleServiceImpl'
2018-01-04 14:12:33 [main] DEBUG o.s.b.f.s.DefaultListableBeanFactory - Creating instance of bean 'circleServiceImpl'
2018-01-04 14:12:33 [main] DEBUG o.s.b.f.annotation.InjectionMetadata - Registered injected element on class [com.stackroute.activitystream.serviceimpl.CircleServiceImpl]: AutowiredFieldElement for private com.stackroute.activitystream.repository.CircleRepository com.stackroute.activitystream.serviceimpl.CircleServiceImpl.circleRepository
2018-01-04 14:12:33 [main] DEBUG o.s.b.f.annotation.InjectionMetadata - Registered injected element on class [com.stackroute.activitystream.serviceimpl.CircleServiceImpl]: AutowiredFieldElement for private com.stackroute.activitystream.repository.UserRepository com.stackroute.activitystream.serviceimpl.CircleServiceImpl.userRepository
2018-01-04 14:12:33 [main] DEBUG o.s.b.f.s.DefaultListableBeanFactory - Eagerly caching bean 'circleServiceImpl' to allow for resolving potential circular references
2018-01-04 14:12:33 [main] DEBUG o.s.b.f.annotation.InjectionMetadata - Processing injected element of bean 'circleServiceImpl': AutowiredFieldElement for private com.stackroute.activitystream.repository.CircleRepository com.stackroute.activitystream.serviceimpl.CircleServiceImpl.circleRepository
2018-01-04 14:12:33 [main] DEBUG o.s.b.f.s.DefaultListableBeanFactory - Creating shared instance of singleton bean 'circleRepository'
2018-01-04 14:12:33 [main] DEBUG o.s.b.f.s.DefaultListableBeanFactory - Creating instance of bean 'circleRepository'
2018-01-04 14:12:33 [main] DEBUG o.s.b.f.annotation.InjectionMetadata - Registered injected element on class [org.springframework.data.jpa.repository.support.JpaRepositoryFactoryBean]: PersistenceElement for public void org.springframework.data.jpa.repository.support.JpaRepositoryFactoryBean.setEntityManager(javax.persistence.EntityManager)
2018-01-04 14:12:33 [main] DEBUG o.s.b.f.s.DefaultListableBeanFactory - Eagerly caching bean 'circleRepository' to allow for resolving potential circular references
2018-01-04 14:12:33 [main] DEBUG o.s.b.f.annotation.InjectionMetadata - Processing injected element of bean 'circleRepository': PersistenceElement for public void org.springframework.data.jpa.repository.support.JpaRepositoryFactoryBean.setEntityManager(javax.persistence.EntityManager)
2018-01-04 14:12:33 [main] DEBUG o.s.b.f.s.DefaultListableBeanFactory - Creating instance of bean '(inner bean)#5e1fc2aa'
2018-01-04 14:12:33 [main] DEBUG o.s.b.f.s.DefaultListableBeanFactory - Creating instance of bean '(inner bean)#382c90c2'
2018-01-04 14:12:33 [main] DEBUG o.s.c.i.s.PathMatchingResourcePatternResolver - Resolved classpath location [META-INF/jpa-named-queries.properties] to resources []
2018-01-04 14:12:33 [main] DEBUG o.s.b.f.s.DefaultListableBeanFactory - Invoking afterPropertiesSet() on bean with name '(inner bean)#382c90c2'
2018-01-04 14:12:33 [main] DEBUG o.s.b.f.s.DefaultListableBeanFactory - Returning cached instance of singleton bean 'org.springframework.transaction.config.internalTransactionAdvisor'
2018-01-04 14:12:33 [main] DEBUG o.s.b.f.s.DefaultListableBeanFactory - Finished creating instance of bean '(inner bean)#382c90c2'
2018-01-04 14:12:33 [main] DEBUG o.s.b.f.s.DefaultListableBeanFactory - Returning cached instance of singleton bean 'org.springframework.transaction.config.internalTransactionAdvisor'
2018-01-04 14:12:33 [main] DEBUG o.s.b.f.s.DefaultListableBeanFactory - Returning cached instance of singleton bean 'org.springframework.transaction.config.internalTransactionAdvisor'
2018-01-04 14:12:33 [main] DEBUG o.s.b.f.s.DefaultListableBeanFactory - Finished creating instance of bean '(inner bean)#5e1fc2aa'
